
*** Running vivado
    with args -log top_tactico.vdi -applog -m64 -product Vivado -messageDb vivado.pb -mode batch -source top_tactico.tcl -notrace


****** Vivado v2019.1 (64-bit)
  **** SW Build 2552052 on Fri May 24 14:49:42 MDT 2019
  **** IP Build 2548770 on Fri May 24 18:01:18 MDT 2019
    ** Copyright 1986-2019 Xilinx, Inc. All Rights Reserved.

Sourcing tcl script 'C:/Users/carlo/AppData/Roaming/Xilinx/Vivado/Vivado_init.tcl'
source top_tactico.tcl -notrace
Command: link_design -top top_tactico -part xc7a100tcsg324-1
Design is defaulting to srcset: sources_1
Design is defaulting to constrset: constrs_1
INFO: [Device 21-403] Loading part xc7a100tcsg324-1
INFO: [Project 1-454] Reading design checkpoint 'c:/Users/carlo/Andrey/TEC/Semestre_II_2022/Taller_Digitales/Laboratorios/Lab3/Repo/lab03spi-g03/Ejercicios/scr/xci/WCLK/WCLK.dcp' for cell 'generate_clock_10Mhz'
INFO: [Netlist 29-17] Analyzing 249 Unisim elements for replacement
INFO: [Netlist 29-28] Unisim Transformation completed in 0 CPU seconds
INFO: [Project 1-479] Netlist was created with Vivado 2019.1
INFO: [Project 1-570] Preparing netlist for logic optimization
Parsing XDC File [c:/Users/carlo/Andrey/TEC/Semestre_II_2022/Taller_Digitales/Laboratorios/Lab3/Repo/lab03spi-g03/Ejercicios/scr/xci/WCLK/WCLK_board.xdc] for cell 'generate_clock_10Mhz/inst'
Finished Parsing XDC File [c:/Users/carlo/Andrey/TEC/Semestre_II_2022/Taller_Digitales/Laboratorios/Lab3/Repo/lab03spi-g03/Ejercicios/scr/xci/WCLK/WCLK_board.xdc] for cell 'generate_clock_10Mhz/inst'
Parsing XDC File [c:/Users/carlo/Andrey/TEC/Semestre_II_2022/Taller_Digitales/Laboratorios/Lab3/Repo/lab03spi-g03/Ejercicios/scr/xci/WCLK/WCLK.xdc] for cell 'generate_clock_10Mhz/inst'
INFO: [Timing 38-35] Done setting XDC timing constraints. [c:/Users/carlo/Andrey/TEC/Semestre_II_2022/Taller_Digitales/Laboratorios/Lab3/Repo/lab03spi-g03/Ejercicios/scr/xci/WCLK/WCLK.xdc:57]
INFO: [Timing 38-2] Deriving generated clocks [c:/Users/carlo/Andrey/TEC/Semestre_II_2022/Taller_Digitales/Laboratorios/Lab3/Repo/lab03spi-g03/Ejercicios/scr/xci/WCLK/WCLK.xdc:57]
get_clocks: Time (s): cpu = 00:00:11 ; elapsed = 00:00:12 . Memory (MB): peak = 1236.426 ; gain = 582.051
Finished Parsing XDC File [c:/Users/carlo/Andrey/TEC/Semestre_II_2022/Taller_Digitales/Laboratorios/Lab3/Repo/lab03spi-g03/Ejercicios/scr/xci/WCLK/WCLK.xdc] for cell 'generate_clock_10Mhz/inst'
Parsing XDC File [C:/Users/carlo/Andrey/TEC/Semestre_II_2022/Taller_Digitales/Laboratorios/Lab3/Repo/lab03spi-g03/Ejercicios/Constraints/contraints_spi_master_race.xdc]
WARNING: [Vivado 12-508] No pins matched 'generate_clock_10Mhz/clk_10Mhz'. [C:/Users/carlo/Andrey/TEC/Semestre_II_2022/Taller_Digitales/Laboratorios/Lab3/Repo/lab03spi-g03/Ejercicios/Constraints/contraints_spi_master_race.xdc:695]
CRITICAL WARNING: [Vivado 12-4739] create_generated_clock:No valid object(s) found for '-objects [get_pins generate_clock_10Mhz/clk_10Mhz]'. [C:/Users/carlo/Andrey/TEC/Semestre_II_2022/Taller_Digitales/Laboratorios/Lab3/Repo/lab03spi-g03/Ejercicios/Constraints/contraints_spi_master_race.xdc:695]
Resolution: Check if the specified object(s) exists in the current design. If it does, ensure that the correct design hierarchy was specified for the object. If you are working with clocks, make sure create_clock was used to create the clock object before it is referenced.
INFO: [Timing 38-2] Deriving generated clocks [C:/Users/carlo/Andrey/TEC/Semestre_II_2022/Taller_Digitales/Laboratorios/Lab3/Repo/lab03spi-g03/Ejercicios/Constraints/contraints_spi_master_race.xdc:696]
WARNING: [Vivado 12-627] No clocks matched 'pllclk'. [C:/Users/carlo/Andrey/TEC/Semestre_II_2022/Taller_Digitales/Laboratorios/Lab3/Repo/lab03spi-g03/Ejercicios/Constraints/contraints_spi_master_race.xdc:696]
INFO: [Vivado 12-626] No clocks found. Please use 'create_clock' or 'create_generated_clock' command to create clocks. [C:/Users/carlo/Andrey/TEC/Semestre_II_2022/Taller_Digitales/Laboratorios/Lab3/Repo/lab03spi-g03/Ejercicios/Constraints/contraints_spi_master_race.xdc:696]
CRITICAL WARNING: [Vivado 12-4739] set_output_delay:No valid object(s) found for '-clock [get_clocks pllclk]'. [C:/Users/carlo/Andrey/TEC/Semestre_II_2022/Taller_Digitales/Laboratorios/Lab3/Repo/lab03spi-g03/Ejercicios/Constraints/contraints_spi_master_race.xdc:696]
Resolution: Check if the specified object(s) exists in the current design. If it does, ensure that the correct design hierarchy was specified for the object. If you are working with clocks, make sure create_clock was used to create the clock object before it is referenced.
Finished Parsing XDC File [C:/Users/carlo/Andrey/TEC/Semestre_II_2022/Taller_Digitales/Laboratorios/Lab3/Repo/lab03spi-g03/Ejercicios/Constraints/contraints_spi_master_race.xdc]
INFO: [Opt 31-138] Pushed 0 inverter(s) to 0 load pin(s).
Netlist sorting complete. Time (s): cpu = 00:00:00 ; elapsed = 00:00:00 . Memory (MB): peak = 1236.426 ; gain = 0.000
INFO: [Project 1-111] Unisim Transformation Summary:
No Unisim elements were transformed.

12 Infos, 2 Warnings, 2 Critical Warnings and 0 Errors encountered.
link_design completed successfully
link_design: Time (s): cpu = 00:00:18 ; elapsed = 00:00:19 . Memory (MB): peak = 1236.426 ; gain = 945.277
Command: opt_design
Attempting to get a license for feature 'Implementation' and/or device 'xc7a100t'
INFO: [Common 17-349] Got license for feature 'Implementation' and/or device 'xc7a100t'
Running DRC as a precondition to command opt_design

Starting DRC Task
INFO: [DRC 23-27] Running DRC with 2 threads
INFO: [Project 1-461] DRC finished with 0 Errors
INFO: [Project 1-462] Please refer to the DRC report (report_drc) for more information.

Time (s): cpu = 00:00:02 ; elapsed = 00:00:00.935 . Memory (MB): peak = 1236.426 ; gain = 0.000

Starting Cache Timing Information Task
INFO: [Timing 38-35] Done setting XDC timing constraints.
Ending Cache Timing Information Task | Checksum: 11e00a9ad

Time (s): cpu = 00:00:00 ; elapsed = 00:00:00.113 . Memory (MB): peak = 1250.488 ; gain = 14.062

Starting Logic Optimization Task

Phase 1 Retarget
INFO: [Opt 31-138] Pushed 0 inverter(s) to 0 load pin(s).
INFO: [Opt 31-49] Retargeted 0 cell(s).
Phase 1 Retarget | Checksum: 11e00a9ad

Time (s): cpu = 00:00:01 ; elapsed = 00:00:00.189 . Memory (MB): peak = 1385.246 ; gain = 0.000
INFO: [Opt 31-389] Phase Retarget created 0 cells and removed 0 cells
INFO: [Opt 31-1021] In phase Retarget, 1 netlist objects are constrained preventing optimization. Please run opt_design with -debug_log to get more detail. 

Phase 2 Constant propagation
INFO: [Opt 31-138] Pushed 0 inverter(s) to 0 load pin(s).
Phase 2 Constant propagation | Checksum: 11e00a9ad

Time (s): cpu = 00:00:01 ; elapsed = 00:00:00.206 . Memory (MB): peak = 1385.246 ; gain = 0.000
INFO: [Opt 31-389] Phase Constant propagation created 0 cells and removed 0 cells

Phase 3 Sweep
Phase 3 Sweep | Checksum: 1a4760d3a

Time (s): cpu = 00:00:01 ; elapsed = 00:00:00.244 . Memory (MB): peak = 1385.246 ; gain = 0.000
INFO: [Opt 31-389] Phase Sweep created 0 cells and removed 0 cells

Phase 4 BUFG optimization
Phase 4 BUFG optimization | Checksum: 1a4760d3a

Time (s): cpu = 00:00:01 ; elapsed = 00:00:00.316 . Memory (MB): peak = 1385.246 ; gain = 0.000
INFO: [Opt 31-662] Phase BUFG optimization created 0 cells of which 0 are BUFGs and removed 0 cells.

Phase 5 Shift Register Optimization
INFO: [Opt 31-1064] SRL Remap converted 0 SRLs to 0 registers and converted 0 registers of register chains to 0 SRLs
Phase 5 Shift Register Optimization | Checksum: 1a4760d3a

Time (s): cpu = 00:00:01 ; elapsed = 00:00:00.347 . Memory (MB): peak = 1385.246 ; gain = 0.000
INFO: [Opt 31-389] Phase Shift Register Optimization created 0 cells and removed 0 cells

Phase 6 Post Processing Netlist
Phase 6 Post Processing Netlist | Checksum: 1a4760d3a

Time (s): cpu = 00:00:01 ; elapsed = 00:00:00.356 . Memory (MB): peak = 1385.246 ; gain = 0.000
INFO: [Opt 31-389] Phase Post Processing Netlist created 0 cells and removed 0 cells
Opt_design Change Summary
=========================


-------------------------------------------------------------------------------------------------------------------------
|  Phase                        |  #Cells created  |  #Cells Removed  |  #Constrained objects preventing optimizations  |
-------------------------------------------------------------------------------------------------------------------------
|  Retarget                     |               0  |               0  |                                              1  |
|  Constant propagation         |               0  |               0  |                                              0  |
|  Sweep                        |               0  |               0  |                                              0  |
|  BUFG optimization            |               0  |               0  |                                              0  |
|  Shift Register Optimization  |               0  |               0  |                                              0  |
|  Post Processing Netlist      |               0  |               0  |                                              0  |
-------------------------------------------------------------------------------------------------------------------------



Starting Connectivity Check Task

Time (s): cpu = 00:00:00 ; elapsed = 00:00:00.003 . Memory (MB): peak = 1385.246 ; gain = 0.000
Ending Logic Optimization Task | Checksum: 1df42e5da

Time (s): cpu = 00:00:01 ; elapsed = 00:00:00.385 . Memory (MB): peak = 1385.246 ; gain = 0.000

Starting Power Optimization Task
INFO: [Pwropt 34-132] Skipping clock gating for clocks with a period < 2.00 ns.
Ending Power Optimization Task | Checksum: 1df42e5da

Time (s): cpu = 00:00:00 ; elapsed = 00:00:00.010 . Memory (MB): peak = 1385.246 ; gain = 0.000

Starting Final Cleanup Task
Ending Final Cleanup Task | Checksum: 1df42e5da

Time (s): cpu = 00:00:00 ; elapsed = 00:00:00 . Memory (MB): peak = 1385.246 ; gain = 0.000

Starting Netlist Obfuscation Task
Netlist sorting complete. Time (s): cpu = 00:00:00 ; elapsed = 00:00:00.001 . Memory (MB): peak = 1385.246 ; gain = 0.000
Ending Netlist Obfuscation Task | Checksum: 1df42e5da

Time (s): cpu = 00:00:00 ; elapsed = 00:00:00.001 . Memory (MB): peak = 1385.246 ; gain = 0.000
INFO: [Common 17-83] Releasing license: Implementation
30 Infos, 2 Warnings, 2 Critical Warnings and 0 Errors encountered.
opt_design completed successfully
Netlist sorting complete. Time (s): cpu = 00:00:00 ; elapsed = 00:00:00.001 . Memory (MB): peak = 1385.246 ; gain = 0.000
INFO: [Timing 38-480] Writing timing data to binary archive.
Writing placer database...
Writing XDEF routing.
Writing XDEF routing logical nets.
Writing XDEF routing special nets.
Write XDEF Complete: Time (s): cpu = 00:00:00 ; elapsed = 00:00:00.047 . Memory (MB): peak = 1385.246 ; gain = 0.000
INFO: [Common 17-1381] The checkpoint 'C:/Users/carlo/Andrey/TEC/Semestre_II_2022/Taller_Digitales/Laboratorios/Lab3/Repo/lab03spi-g03/Ejercicios/Proyectos/Ejercicio2/vivado_project.runs/impl_1/top_tactico_opt.dcp' has been generated.
INFO: [runtcl-4] Executing : report_drc -file top_tactico_drc_opted.rpt -pb top_tactico_drc_opted.pb -rpx top_tactico_drc_opted.rpx
Command: report_drc -file top_tactico_drc_opted.rpt -pb top_tactico_drc_opted.pb -rpx top_tactico_drc_opted.rpx
INFO: [IP_Flow 19-1839] IP Catalog is up to date.
INFO: [DRC 23-27] Running DRC with 2 threads
INFO: [Coretcl 2-168] The results of DRC are in file C:/Users/carlo/Andrey/TEC/Semestre_II_2022/Taller_Digitales/Laboratorios/Lab3/Repo/lab03spi-g03/Ejercicios/Proyectos/Ejercicio2/vivado_project.runs/impl_1/top_tactico_drc_opted.rpt.
report_drc completed successfully
Command: place_design
Attempting to get a license for feature 'Implementation' and/or device 'xc7a100t'
INFO: [Common 17-349] Got license for feature 'Implementation' and/or device 'xc7a100t'
INFO: [DRC 23-27] Running DRC with 2 threads
INFO: [Vivado_Tcl 4-198] DRC finished with 0 Errors
INFO: [Vivado_Tcl 4-199] Please refer to the DRC report (report_drc) for more information.
Running DRC as a precondition to command place_design
INFO: [DRC 23-27] Running DRC with 2 threads
INFO: [Vivado_Tcl 4-198] DRC finished with 0 Errors
INFO: [Vivado_Tcl 4-199] Please refer to the DRC report (report_drc) for more information.

Starting Placer Task
INFO: [Place 30-611] Multithreading enabled for place_design using a maximum of 2 CPUs

Phase 1 Placer Initialization

Phase 1.1 Placer Initialization Netlist Sorting
Netlist sorting complete. Time (s): cpu = 00:00:00 ; elapsed = 00:00:00 . Memory (MB): peak = 1385.246 ; gain = 0.000
Phase 1.1 Placer Initialization Netlist Sorting | Checksum: f749d58a

Time (s): cpu = 00:00:00 ; elapsed = 00:00:00.006 . Memory (MB): peak = 1385.246 ; gain = 0.000
Netlist sorting complete. Time (s): cpu = 00:00:00 ; elapsed = 00:00:00.001 . Memory (MB): peak = 1385.246 ; gain = 0.000

Phase 1.2 IO Placement/ Clock Placement/ Build Placer Device
INFO: [Timing 38-35] Done setting XDC timing constraints.
Phase 1.2 IO Placement/ Clock Placement/ Build Placer Device | Checksum: 1ceb5e763

Time (s): cpu = 00:00:02 ; elapsed = 00:00:01 . Memory (MB): peak = 1385.246 ; gain = 0.000

Phase 1.3 Build Placer Netlist Model
Phase 1.3 Build Placer Netlist Model | Checksum: 20497ebfe

Time (s): cpu = 00:00:03 ; elapsed = 00:00:02 . Memory (MB): peak = 1385.246 ; gain = 0.000

Phase 1.4 Constrain Clocks/Macros
Phase 1.4 Constrain Clocks/Macros | Checksum: 20497ebfe

Time (s): cpu = 00:00:03 ; elapsed = 00:00:02 . Memory (MB): peak = 1385.246 ; gain = 0.000
Phase 1 Placer Initialization | Checksum: 20497ebfe

Time (s): cpu = 00:00:03 ; elapsed = 00:00:02 . Memory (MB): peak = 1385.246 ; gain = 0.000

Phase 2 Global Placement

Phase 2.1 Floorplanning
Phase 2.1 Floorplanning | Checksum: 2cb0d42b6

Time (s): cpu = 00:00:03 ; elapsed = 00:00:02 . Memory (MB): peak = 1385.246 ; gain = 0.000

Phase 2.2 Global Placement Core

Phase 2.2.1 Physical Synthesis In Placer
INFO: [Physopt 32-65] No nets found for high-fanout optimization.
INFO: [Physopt 32-232] Optimized 0 net. Created 0 new instance.
INFO: [Physopt 32-775] End 1 Pass. Optimized 0 net or cell. Created 0 new cell, deleted 0 existing cell and moved 0 existing cell
INFO: [Physopt 32-670] No setup violation found.  DSP Register Optimization was not performed.
INFO: [Physopt 32-670] No setup violation found.  Shift Register Optimization was not performed.
INFO: [Physopt 32-670] No setup violation found.  BRAM Register Optimization was not performed.
INFO: [Physopt 32-949] No candidate nets found for HD net replication
INFO: [Physopt 32-775] End 1 Pass. Optimized 0 net or cell. Created 0 new cell, deleted 0 existing cell and moved 0 existing cell
Netlist sorting complete. Time (s): cpu = 00:00:00 ; elapsed = 00:00:00.001 . Memory (MB): peak = 1385.246 ; gain = 0.000

Summary of Physical Synthesis Optimizations
============================================


----------------------------------------------------------------------------------------------------------------------------------------
|  Optimization                  |  Added Cells  |  Removed Cells  |  Optimized Cells/Nets  |  Dont Touch  |  Iterations  |  Elapsed   |
----------------------------------------------------------------------------------------------------------------------------------------
|  Very High Fanout              |            0  |              0  |                     0  |           0  |           1  |  00:00:00  |
|  DSP Register                  |            0  |              0  |                     0  |           0  |           0  |  00:00:00  |
|  Shift Register                |            0  |              0  |                     0  |           0  |           0  |  00:00:00  |
|  BRAM Register                 |            0  |              0  |                     0  |           0  |           0  |  00:00:00  |
|  HD Interface Net Replication  |            0  |              0  |                     0  |           0  |           1  |  00:00:00  |
|  Total                         |            0  |              0  |                     0  |           0  |           2  |  00:00:00  |
----------------------------------------------------------------------------------------------------------------------------------------


Phase 2.2.1 Physical Synthesis In Placer | Checksum: 291ee4e0f

Time (s): cpu = 00:00:08 ; elapsed = 00:00:06 . Memory (MB): peak = 1385.246 ; gain = 0.000
Phase 2.2 Global Placement Core | Checksum: 20979651b

Time (s): cpu = 00:00:08 ; elapsed = 00:00:06 . Memory (MB): peak = 1385.246 ; gain = 0.000
Phase 2 Global Placement | Checksum: 20979651b

Time (s): cpu = 00:00:08 ; elapsed = 00:00:06 . Memory (MB): peak = 1385.246 ; gain = 0.000

Phase 3 Detail Placement

Phase 3.1 Commit Multi Column Macros
Phase 3.1 Commit Multi Column Macros | Checksum: 1f06ca30c

Time (s): cpu = 00:00:09 ; elapsed = 00:00:06 . Memory (MB): peak = 1385.246 ; gain = 0.000

Phase 3.2 Commit Most Macros & LUTRAMs
Phase 3.2 Commit Most Macros & LUTRAMs | Checksum: 21ceb9d81

Time (s): cpu = 00:00:09 ; elapsed = 00:00:06 . Memory (MB): peak = 1385.246 ; gain = 0.000

Phase 3.3 Area Swap Optimization
Phase 3.3 Area Swap Optimization | Checksum: 1cde2bdc3

Time (s): cpu = 00:00:09 ; elapsed = 00:00:06 . Memory (MB): peak = 1385.246 ; gain = 0.000

Phase 3.4 Pipeline Register Optimization
Phase 3.4 Pipeline Register Optimization | Checksum: 1f499bff5

Time (s): cpu = 00:00:09 ; elapsed = 00:00:06 . Memory (MB): peak = 1385.246 ; gain = 0.000

Phase 3.5 Small Shape Detail Placement
Phase 3.5 Small Shape Detail Placement | Checksum: 22a720320

Time (s): cpu = 00:00:10 ; elapsed = 00:00:07 . Memory (MB): peak = 1385.246 ; gain = 0.000

Phase 3.6 Re-assign LUT pins
Phase 3.6 Re-assign LUT pins | Checksum: 18730f673

Time (s): cpu = 00:00:11 ; elapsed = 00:00:08 . Memory (MB): peak = 1385.246 ; gain = 0.000

Phase 3.7 Pipeline Register Optimization
Phase 3.7 Pipeline Register Optimization | Checksum: 19e5ff841

Time (s): cpu = 00:00:11 ; elapsed = 00:00:08 . Memory (MB): peak = 1385.246 ; gain = 0.000
Phase 3 Detail Placement | Checksum: 19e5ff841

Time (s): cpu = 00:00:11 ; elapsed = 00:00:08 . Memory (MB): peak = 1385.246 ; gain = 0.000

Phase 4 Post Placement Optimization and Clean-Up

Phase 4.1 Post Commit Optimization
INFO: [Timing 38-35] Done setting XDC timing constraints.

Phase 4.1.1 Post Placement Optimization
Post Placement Optimization Initialization | Checksum: 19df8a857

Phase 4.1.1.1 BUFG Insertion
INFO: [Place 46-33] Processed net rst_pi_IBUF, BUFG insertion was skipped due to placement/routing conflicts.
INFO: [Place 46-56] BUFG insertion identified 1 candidate nets. Inserted BUFG: 0, Replicated BUFG Driver: 0, Skipped due to Placement/Routing Conflicts: 1, Skipped due to Timing Degradation: 0, Skipped due to Illegal Netlist: 0.
Phase 4.1.1.1 BUFG Insertion | Checksum: 19df8a857

Time (s): cpu = 00:00:12 ; elapsed = 00:00:08 . Memory (MB): peak = 1395.582 ; gain = 10.336
INFO: [Place 30-746] Post Placement Timing Summary WNS=93.530. For the most accurate timing information please run report_timing.
Phase 4.1.1 Post Placement Optimization | Checksum: 10c8eee15

Time (s): cpu = 00:00:12 ; elapsed = 00:00:08 . Memory (MB): peak = 1395.582 ; gain = 10.336
Phase 4.1 Post Commit Optimization | Checksum: 10c8eee15

Time (s): cpu = 00:00:12 ; elapsed = 00:00:08 . Memory (MB): peak = 1395.582 ; gain = 10.336

Phase 4.2 Post Placement Cleanup
Phase 4.2 Post Placement Cleanup | Checksum: 10c8eee15

Time (s): cpu = 00:00:12 ; elapsed = 00:00:08 . Memory (MB): peak = 1395.582 ; gain = 10.336

Phase 4.3 Placer Reporting
Phase 4.3 Placer Reporting | Checksum: 10c8eee15

Time (s): cpu = 00:00:12 ; elapsed = 00:00:08 . Memory (MB): peak = 1395.582 ; gain = 10.336

Phase 4.4 Final Placement Cleanup
Netlist sorting complete. Time (s): cpu = 00:00:00 ; elapsed = 00:00:00.001 . Memory (MB): peak = 1395.582 ; gain = 0.000
Phase 4.4 Final Placement Cleanup | Checksum: 12c56010d

Time (s): cpu = 00:00:12 ; elapsed = 00:00:08 . Memory (MB): peak = 1395.582 ; gain = 10.336
Phase 4 Post Placement Optimization and Clean-Up | Checksum: 12c56010d

Time (s): cpu = 00:00:12 ; elapsed = 00:00:08 . Memory (MB): peak = 1395.582 ; gain = 10.336
Ending Placer Task | Checksum: d1b07ca7

Time (s): cpu = 00:00:12 ; elapsed = 00:00:08 . Memory (MB): peak = 1395.582 ; gain = 10.336
INFO: [Common 17-83] Releasing license: Implementation
58 Infos, 2 Warnings, 2 Critical Warnings and 0 Errors encountered.
place_design completed successfully
place_design: Time (s): cpu = 00:00:14 ; elapsed = 00:00:10 . Memory (MB): peak = 1395.582 ; gain = 10.336
Netlist sorting complete. Time (s): cpu = 00:00:00 ; elapsed = 00:00:00.001 . Memory (MB): peak = 1395.582 ; gain = 0.000
INFO: [Timing 38-480] Writing timing data to binary archive.
Writing placer database...
Writing XDEF routing.
Writing XDEF routing logical nets.
Writing XDEF routing special nets.
Write XDEF Complete: Time (s): cpu = 00:00:01 ; elapsed = 00:00:00.332 . Memory (MB): peak = 1396.547 ; gain = 0.965
INFO: [Common 17-1381] The checkpoint 'C:/Users/carlo/Andrey/TEC/Semestre_II_2022/Taller_Digitales/Laboratorios/Lab3/Repo/lab03spi-g03/Ejercicios/Proyectos/Ejercicio2/vivado_project.runs/impl_1/top_tactico_placed.dcp' has been generated.
INFO: [runtcl-4] Executing : report_io -file top_tactico_io_placed.rpt
report_io: Time (s): cpu = 00:00:00 ; elapsed = 00:00:00.065 . Memory (MB): peak = 1396.547 ; gain = 0.000
INFO: [runtcl-4] Executing : report_utilization -file top_tactico_utilization_placed.rpt -pb top_tactico_utilization_placed.pb
INFO: [runtcl-4] Executing : report_control_sets -verbose -file top_tactico_control_sets_placed.rpt
report_control_sets: Time (s): cpu = 00:00:00 ; elapsed = 00:00:00.043 . Memory (MB): peak = 1396.547 ; gain = 0.000
Command: route_design
Attempting to get a license for feature 'Implementation' and/or device 'xc7a100t'
INFO: [Common 17-349] Got license for feature 'Implementation' and/or device 'xc7a100t'
Running DRC as a precondition to command route_design
INFO: [DRC 23-27] Running DRC with 2 threads
INFO: [Vivado_Tcl 4-198] DRC finished with 0 Errors
INFO: [Vivado_Tcl 4-199] Please refer to the DRC report (report_drc) for more information.


Starting Routing Task
INFO: [Route 35-254] Multithreading enabled for route_design using a maximum of 2 CPUs
Checksum: PlaceDB: 45a2fb66 ConstDB: 0 ShapeSum: 8c0d8141 RouteDB: 0

Phase 1 Build RT Design
Phase 1 Build RT Design | Checksum: e27c2992

Time (s): cpu = 00:00:43 ; elapsed = 00:00:38 . Memory (MB): peak = 1518.949 ; gain = 111.344
Post Restoration Checksum: NetGraph: 5218dc35 NumContArr: 90634d5d Constraints: 0 Timing: 0

Phase 2 Router Initialization

Phase 2.1 Create Timer
Phase 2.1 Create Timer | Checksum: e27c2992

Time (s): cpu = 00:00:43 ; elapsed = 00:00:38 . Memory (MB): peak = 1551.172 ; gain = 143.566

Phase 2.2 Fix Topology Constraints
Phase 2.2 Fix Topology Constraints | Checksum: e27c2992

Time (s): cpu = 00:00:43 ; elapsed = 00:00:39 . Memory (MB): peak = 1557.801 ; gain = 150.195

Phase 2.3 Pre Route Cleanup
Phase 2.3 Pre Route Cleanup | Checksum: e27c2992

Time (s): cpu = 00:00:43 ; elapsed = 00:00:39 . Memory (MB): peak = 1557.801 ; gain = 150.195
 Number of Nodes with overlaps = 0

Phase 2.4 Update Timing
Phase 2.4 Update Timing | Checksum: 1b2a88c7c

Time (s): cpu = 00:00:45 ; elapsed = 00:00:40 . Memory (MB): peak = 1565.883 ; gain = 158.277
INFO: [Route 35-416] Intermediate Timing Summary | WNS=93.595 | TNS=0.000  | WHS=-0.327 | THS=-46.080|

Phase 2 Router Initialization | Checksum: 1104fc845

Time (s): cpu = 00:00:45 ; elapsed = 00:00:40 . Memory (MB): peak = 1565.883 ; gain = 158.277

Router Utilization Summary
  Global Vertical Routing Utilization    = 0 %
  Global Horizontal Routing Utilization  = 0 %
  Routable Net Status*
  *Does not include unroutable nets such as driverless and loadless.
  Run report_route_status for detailed report.
  Number of Failed Nets               = 1789
    (Failed Nets is the sum of unrouted and partially routed nets)
  Number of Unrouted Nets             = 1789
  Number of Partially Routed Nets     = 0
  Number of Node Overlaps             = 0


Phase 3 Initial Routing
Phase 3 Initial Routing | Checksum: 191169842

Time (s): cpu = 00:00:47 ; elapsed = 00:00:41 . Memory (MB): peak = 1570.457 ; gain = 162.852

Phase 4 Rip-up And Reroute

Phase 4.1 Global Iteration 0
 Number of Nodes with overlaps = 122
 Number of Nodes with overlaps = 0
INFO: [Route 35-416] Intermediate Timing Summary | WNS=87.103 | TNS=0.000  | WHS=N/A    | THS=N/A    |

Phase 4.1 Global Iteration 0 | Checksum: 1fd17abe8

Time (s): cpu = 00:00:48 ; elapsed = 00:00:42 . Memory (MB): peak = 1570.457 ; gain = 162.852

Phase 4.2 Global Iteration 1
 Number of Nodes with overlaps = 1
 Number of Nodes with overlaps = 0
INFO: [Route 35-416] Intermediate Timing Summary | WNS=87.103 | TNS=0.000  | WHS=N/A    | THS=N/A    |

Phase 4.2 Global Iteration 1 | Checksum: 10b7ce026

Time (s): cpu = 00:00:48 ; elapsed = 00:00:42 . Memory (MB): peak = 1570.457 ; gain = 162.852
Phase 4 Rip-up And Reroute | Checksum: 10b7ce026

Time (s): cpu = 00:00:48 ; elapsed = 00:00:42 . Memory (MB): peak = 1570.457 ; gain = 162.852

Phase 5 Delay and Skew Optimization

Phase 5.1 Delay CleanUp
Phase 5.1 Delay CleanUp | Checksum: 10b7ce026

Time (s): cpu = 00:00:48 ; elapsed = 00:00:42 . Memory (MB): peak = 1570.457 ; gain = 162.852

Phase 5.2 Clock Skew Optimization
Phase 5.2 Clock Skew Optimization | Checksum: 10b7ce026

Time (s): cpu = 00:00:48 ; elapsed = 00:00:42 . Memory (MB): peak = 1570.457 ; gain = 162.852
Phase 5 Delay and Skew Optimization | Checksum: 10b7ce026

Time (s): cpu = 00:00:48 ; elapsed = 00:00:42 . Memory (MB): peak = 1570.457 ; gain = 162.852

Phase 6 Post Hold Fix

Phase 6.1 Hold Fix Iter

Phase 6.1.1 Update Timing
Phase 6.1.1 Update Timing | Checksum: e37793dd

Time (s): cpu = 00:00:49 ; elapsed = 00:00:42 . Memory (MB): peak = 1570.457 ; gain = 162.852
INFO: [Route 35-416] Intermediate Timing Summary | WNS=87.182 | TNS=0.000  | WHS=0.020  | THS=0.000  |

Phase 6.1 Hold Fix Iter | Checksum: e429f3df

Time (s): cpu = 00:00:49 ; elapsed = 00:00:42 . Memory (MB): peak = 1570.457 ; gain = 162.852
Phase 6 Post Hold Fix | Checksum: e429f3df

Time (s): cpu = 00:00:49 ; elapsed = 00:00:42 . Memory (MB): peak = 1570.457 ; gain = 162.852

Phase 7 Route finalize

Router Utilization Summary
  Global Vertical Routing Utilization    = 0.268703 %
  Global Horizontal Routing Utilization  = 0.338306 %
  Routable Net Status*
  *Does not include unroutable nets such as driverless and loadless.
  Run report_route_status for detailed report.
  Number of Failed Nets               = 0
    (Failed Nets is the sum of unrouted and partially routed nets)
  Number of Unrouted Nets             = 0
  Number of Partially Routed Nets     = 0
  Number of Node Overlaps             = 0

Phase 7 Route finalize | Checksum: 174eaf9fa

Time (s): cpu = 00:00:49 ; elapsed = 00:00:42 . Memory (MB): peak = 1570.457 ; gain = 162.852

Phase 8 Verifying routed nets

 Verification completed successfully
Phase 8 Verifying routed nets | Checksum: 174eaf9fa

Time (s): cpu = 00:00:49 ; elapsed = 00:00:42 . Memory (MB): peak = 1570.488 ; gain = 162.883

Phase 9 Depositing Routes
Phase 9 Depositing Routes | Checksum: 1d8d283e5

Time (s): cpu = 00:00:49 ; elapsed = 00:00:42 . Memory (MB): peak = 1570.488 ; gain = 162.883

Phase 10 Post Router Timing
INFO: [Route 35-57] Estimated Timing Summary | WNS=87.182 | TNS=0.000  | WHS=0.020  | THS=0.000  |

INFO: [Route 35-327] The final timing numbers are based on the router estimated timing analysis. For a complete and accurate timing signoff, please run report_timing_summary.
Phase 10 Post Router Timing | Checksum: 1d8d283e5

Time (s): cpu = 00:00:49 ; elapsed = 00:00:42 . Memory (MB): peak = 1570.488 ; gain = 162.883
INFO: [Route 35-16] Router Completed Successfully

Time (s): cpu = 00:00:49 ; elapsed = 00:00:42 . Memory (MB): peak = 1570.488 ; gain = 162.883

Routing Is Done.
INFO: [Common 17-83] Releasing license: Implementation
76 Infos, 2 Warnings, 2 Critical Warnings and 0 Errors encountered.
route_design completed successfully
route_design: Time (s): cpu = 00:00:52 ; elapsed = 00:00:44 . Memory (MB): peak = 1570.488 ; gain = 173.941
Netlist sorting complete. Time (s): cpu = 00:00:00 ; elapsed = 00:00:00.001 . Memory (MB): peak = 1570.488 ; gain = 0.000
INFO: [Timing 38-480] Writing timing data to binary archive.
Writing placer database...
Writing XDEF routing.
Writing XDEF routing logical nets.
Writing XDEF routing special nets.
Write XDEF Complete: Time (s): cpu = 00:00:01 ; elapsed = 00:00:00.354 . Memory (MB): peak = 1580.324 ; gain = 9.836
INFO: [Common 17-1381] The checkpoint 'C:/Users/carlo/Andrey/TEC/Semestre_II_2022/Taller_Digitales/Laboratorios/Lab3/Repo/lab03spi-g03/Ejercicios/Proyectos/Ejercicio2/vivado_project.runs/impl_1/top_tactico_routed.dcp' has been generated.
INFO: [runtcl-4] Executing : report_drc -file top_tactico_drc_routed.rpt -pb top_tactico_drc_routed.pb -rpx top_tactico_drc_routed.rpx
Command: report_drc -file top_tactico_drc_routed.rpt -pb top_tactico_drc_routed.pb -rpx top_tactico_drc_routed.rpx
INFO: [IP_Flow 19-1839] IP Catalog is up to date.
INFO: [DRC 23-27] Running DRC with 2 threads
INFO: [Coretcl 2-168] The results of DRC are in file C:/Users/carlo/Andrey/TEC/Semestre_II_2022/Taller_Digitales/Laboratorios/Lab3/Repo/lab03spi-g03/Ejercicios/Proyectos/Ejercicio2/vivado_project.runs/impl_1/top_tactico_drc_routed.rpt.
report_drc completed successfully
INFO: [runtcl-4] Executing : report_methodology -file top_tactico_methodology_drc_routed.rpt -pb top_tactico_methodology_drc_routed.pb -rpx top_tactico_methodology_drc_routed.rpx
Command: report_methodology -file top_tactico_methodology_drc_routed.rpt -pb top_tactico_methodology_drc_routed.pb -rpx top_tactico_methodology_drc_routed.rpx
INFO: [Timing 38-35] Done setting XDC timing constraints.
INFO: [DRC 23-133] Running Methodology with 2 threads
INFO: [Coretcl 2-1520] The results of Report Methodology are in file C:/Users/carlo/Andrey/TEC/Semestre_II_2022/Taller_Digitales/Laboratorios/Lab3/Repo/lab03spi-g03/Ejercicios/Proyectos/Ejercicio2/vivado_project.runs/impl_1/top_tactico_methodology_drc_routed.rpt.
report_methodology completed successfully
INFO: [runtcl-4] Executing : report_power -file top_tactico_power_routed.rpt -pb top_tactico_power_summary_routed.pb -rpx top_tactico_power_routed.rpx
Command: report_power -file top_tactico_power_routed.rpt -pb top_tactico_power_summary_routed.pb -rpx top_tactico_power_routed.rpx
INFO: [Timing 38-35] Done setting XDC timing constraints.
Running Vector-less Activity Propagation...

Finished Running Vector-less Activity Propagation
88 Infos, 2 Warnings, 2 Critical Warnings and 0 Errors encountered.
report_power completed successfully
INFO: [runtcl-4] Executing : report_route_status -file top_tactico_route_status.rpt -pb top_tactico_route_status.pb
INFO: [runtcl-4] Executing : report_timing_summary -max_paths 10 -file top_tactico_timing_summary_routed.rpt -pb top_tactico_timing_summary_routed.pb -rpx top_tactico_timing_summary_routed.rpx -warn_on_violation 
INFO: [Timing 38-91] UpdateTimingParams: Speed grade: -1, Delay Type: min_max.
INFO: [Timing 38-191] Multithreading enabled for timing update using a maximum of 2 CPUs
INFO: [runtcl-4] Executing : report_incremental_reuse -file top_tactico_incremental_reuse_routed.rpt
INFO: [Vivado_Tcl 4-1062] Incremental flow is disabled. No incremental reuse Info to report.
INFO: [runtcl-4] Executing : report_clock_utilization -file top_tactico_clock_utilization_routed.rpt
INFO: [runtcl-4] Executing : report_bus_skew -warn_on_violation -file top_tactico_bus_skew_routed.rpt -pb top_tactico_bus_skew_routed.pb -rpx top_tactico_bus_skew_routed.rpx
INFO: [Timing 38-91] UpdateTimingParams: Speed grade: -1, Delay Type: min_max.
INFO: [Timing 38-191] Multithreading enabled for timing update using a maximum of 2 CPUs
Command: write_bitstream -force top_tactico.bit
Attempting to get a license for feature 'Implementation' and/or device 'xc7a100t'
INFO: [Common 17-349] Got license for feature 'Implementation' and/or device 'xc7a100t'
Running DRC as a precondition to command write_bitstream
INFO: [IP_Flow 19-1839] IP Catalog is up to date.
INFO: [DRC 23-27] Running DRC with 2 threads
WARNING: [DRC CFGBVS-1] Missing CFGBVS and CONFIG_VOLTAGE Design Properties: Neither the CFGBVS nor CONFIG_VOLTAGE voltage property is set in the current_design.  Configuration bank voltage select (CFGBVS) must be set to VCCO or GND, and CONFIG_VOLTAGE must be set to the correct configuration voltage, in order to determine the I/O voltage support for the pins in bank 0.  It is suggested to specify these either using the 'Edit Device Properties' function in the GUI or directly in the XDC file using the following syntax:

 set_property CFGBVS value1 [current_design]
 #where value1 is either VCCO or GND

 set_property CONFIG_VOLTAGE value2 [current_design]
 #where value2 is the voltage provided to configuration bank 0

Refer to the device configuration user guide for more information.
INFO: [Vivado 12-3199] DRC finished with 0 Errors, 1 Warnings
INFO: [Vivado 12-3200] Please refer to the DRC report (report_drc) for more information.
INFO: [Designutils 20-2272] Running write_bitstream with 2 threads.
Loading data files...
Loading site data...
Loading route data...
Processing options...
Creating bitmap...
Creating bitstream...
Writing bitstream ./top_tactico.bit...
INFO: [Vivado 12-1842] Bitgen Completed Successfully.
INFO: [Project 1-120] WebTalk data collection is mandatory when using a WebPACK part without a full Vivado license. To see the specific WebTalk data collected for your design, open the usage_statistics_webtalk.html or usage_statistics_webtalk.xml file in the implementation directory.
INFO: [Common 17-186] 'C:/Users/carlo/Andrey/TEC/Semestre_II_2022/Taller_Digitales/Laboratorios/Lab3/Repo/lab03spi-g03/Ejercicios/Proyectos/Ejercicio2/vivado_project.runs/impl_1/usage_statistics_webtalk.xml' has been successfully sent to Xilinx on Thu Sep 22 10:26:34 2022. For additional details about this file, please refer to the WebTalk help file at C:/Xilinx/Vivado/2019.1/doc/webtalk_introduction.html.
INFO: [Common 17-83] Releasing license: Implementation
108 Infos, 3 Warnings, 2 Critical Warnings and 0 Errors encountered.
write_bitstream completed successfully
write_bitstream: Time (s): cpu = 00:00:21 ; elapsed = 00:00:22 . Memory (MB): peak = 2035.309 ; gain = 412.137
INFO: [Common 17-206] Exiting Vivado at Thu Sep 22 10:26:34 2022...
