#
# A fatal error has been detected by the Java Runtime Environment:
#
#  EXCEPTION_ACCESS_VIOLATION (0xc0000005) at pc=0x00007ffb500b3370, pid=17124, tid=18376
#
# JRE version: Java(TM) SE Runtime Environment (9.0+11) (build 9.0.4+11)
# Java VM: Java HotSpot(TM) 64-Bit Server VM (9.0.4+11, mixed mode, tiered, compressed oops, g1 gc, windows-amd64)
# Problematic frame:
# C  [librdi_wavedata.dll+0x453370]
#
# No core dump will be written. Minidumps are not enabled by default on client versions of Windows
#
# If you would like to submit a bug report, please visit:
#   http://bugreport.java.com/bugreport/crash.jsp
# The crash happened outside the Java Virtual Machine in native code.
# See problematic frame for where to report the bug.
#

---------------  S U M M A R Y ------------

Command Line: -Dsun.java2d.pmoffscreen=false -Dsun.java2d.xrender=false -Dsun.java2d.d3d=false -Dsun.awt.nopixfmt=true -Dsun.java2d.dpiaware=true -Dsun.java2d.uiScale.enabled=false -Xverify:none -Dswing.aatext=true -XX:-UsePerfData -Djdk.map.althashing.threshold=512 -XX:StringTableSize=4072 --add-opens=java.base/java.nio=ALL-UNNAMED --add-opens=java.desktop/sun.swing=ALL-UNNAMED --add-opens=java.desktop/javax.swing=ALL-UNNAMED --add-opens=java.desktop/javax.swing.tree=ALL-UNNAMED --add-opens=java.desktop/javax.swing.plaf.basic=ALL-UNNAMED --add-opens=java.desktop/javax.swing.plaf.synth=ALL-UNNAMED --add-opens=java.desktop/com.sun.awt=ALL-UNNAMED -XX:NewSize=60m -XX:MaxNewSize=60m -Xms128m -Xmx3072m -Xss5m 

Host: Intel(R) Core(TM) i5-10210U CPU @ 1.60GHz, 8 cores, 7G,  Windows 10 , 64 bit Build 22000 (10.0.22000.708)
Time: Tue Sep 13 09:55:07 2022 Hora estándar, América Central elapsed time: 2390 seconds (0d 0h 39m 50s)

---------------  T H R E A D  ---------------

Current thread (0x00000262e6560000):  JavaThread "AWT-EventQueue-1" [_thread_in_native, id=18376, stack(0x000000da50900000,0x000000da50e00000)]

Stack: [0x000000da50900000,0x000000da50e00000],  sp=0x000000da50df3a78,  free space=5070k
Native frames: (J=compiled Java code, j=interpreted, Vv=VM code, C=native code)
C  [librdi_wavedata.dll+0x453370]

Java frames: (J=compiled Java code, j=interpreted, Vv=VM code)
J 27127  ui.views.waveform.waveformi.WVExecutive_getGraphicsDataSize(J)J (0 bytes) @ 0x00000262d89a93a1 [0x00000262d89a9360+0x0000000000000041]
J 27126 c1 ui.views.waveform.executive.a.gEt()Ljava/io/ByteArrayInputStream; (93 bytes) @ 0x00000262d1cd2bac [0x00000262d1cd2ac0+0x00000000000000ec]
J 27299 c1 ui.views.waveform.b.a.gEf()V (142 bytes) @ 0x00000262d21751b4 [0x00000262d21750a0+0x0000000000000114]
J 26820 c1 ui.views.waveform.w.cRi()V (38 bytes) @ 0x00000262d3d7b7e4 [0x00000262d3d7b000+0x00000000000007e4]
J 25866 c1 ui.views.waveform.c.b.j(Lui/frmwork/b/i;)V (603 bytes) @ 0x00000262d28fa3c4 [0x00000262d28f0a20+0x00000000000099a4]
J 25865 c1 ui.views.waveform.w.a(Lui/frmwork/b/i;)V (17 bytes) @ 0x00000262d0ef0c14 [0x00000262d0ef0b40+0x00000000000000d4]
J 26954 c2 ui.frmwork.b.l.d(Lui/frmwork/b/i;)V (61 bytes) @ 0x00000262d9995f60 [0x00000262d9995d40+0x0000000000000220]
J 26384 c2 ui.frmwork.HTclEventBroker.i(JZ)V (471 bytes) @ 0x00000262d98737a0 [0x00000262d98722a0+0x0000000000001500]
J 27062 c2 ui.frmwork.HTclEventBroker.fireTclEvent(J)I (113 bytes) @ 0x00000262d8ae4698 [0x00000262d8ae36c0+0x0000000000000fd8]
v  ~StubRoutines::call_stub
j  ui.views.waveform.waveformi.WVExecutive_processModelEvent(JJ)V+0
J 27445 c1 ui.views.waveform.c.b.eD(J)V (109 bytes) @ 0x00000262d26ab044 [0x00000262d26aaf00+0x0000000000000144]
J 25866 c1 ui.views.waveform.c.b.j(Lui/frmwork/b/i;)V (603 bytes) @ 0x00000262d28fb244 [0x00000262d28f0a20+0x000000000000a824]
J 25865 c1 ui.views.waveform.w.a(Lui/frmwork/b/i;)V (17 bytes) @ 0x00000262d0ef0c14 [0x00000262d0ef0b40+0x00000000000000d4]
J 26954 c2 ui.frmwork.b.l.d(Lui/frmwork/b/i;)V (61 bytes) @ 0x00000262d9995f60 [0x00000262d9995d40+0x0000000000000220]
J 26384 c2 ui.frmwork.HTclEventBroker.i(JZ)V (471 bytes) @ 0x00000262d98737a0 [0x00000262d98722a0+0x0000000000001500]
J 27062 c2 ui.frmwork.HTclEventBroker.fireTclEvent(J)I (113 bytes) @ 0x00000262d8ae4698 [0x00000262d8ae36c0+0x0000000000000fd8]
v  ~StubRoutines::call_stub
j  ui.views.waveform.waveformi.WVExecutive_processModelEvent(JJ)V+0
J 27445 c1 ui.views.waveform.c.b.eD(J)V (109 bytes) @ 0x00000262d26ab044 [0x00000262d26aaf00+0x0000000000000144]
j  ui.views.waveform.c.e.actionPerformed(Ljava/awt/event/ActionEvent;)V+8
J 19368 c2 javax.swing.Timer.fireActionPerformed(Ljava/awt/event/ActionEvent;)V java.desktop@9.0.4 (46 bytes) @ 0x00000262d85d83d8 [0x00000262d85d82c0+0x0000000000000118]
J 19418 c2 javax.swing.Timer$DoPostEvent.run()V java.desktop@9.0.4 (82 bytes) @ 0x00000262d8601eec [0x00000262d8601be0+0x000000000000030c]
J 16780 c2 java.awt.EventQueue$3.run()Ljava/lang/Object; java.desktop@9.0.4 (5 bytes) @ 0x00000262d8d414cc [0x00000262d8d40f80+0x000000000000054c]
v  ~StubRoutines::call_stub
J 3790  java.security.AccessController.doPrivileged(Ljava/security/PrivilegedAction;Ljava/security/AccessControlContext;)Ljava/lang/Object; java.base@9.0.4 (0 bytes) @ 0x00000262d80798c6 [0x00000262d8079860+0x0000000000000066]
J 14592 c2 ui.frmwork.b.d.dispatchEvent(Ljava/awt/AWTEvent;)V (34 bytes) @ 0x00000262d848eba4 [0x00000262d848e580+0x0000000000000624]
J 21457 c2 java.awt.EventDispatchThread.pumpOneEventForFilters(I)V java.desktop@9.0.4 (218 bytes) @ 0x00000262d929b7f4 [0x00000262d929b320+0x00000000000004d4]
J 23255 c2 java.awt.EventDispatchThread.pumpEventsForFilter(ILjava/awt/Conditional;Ljava/awt/EventFilter;)V java.desktop@9.0.4 (47 bytes) @ 0x00000262d951c1cc [0x00000262d951bfe0+0x00000000000001ec]
j  java.awt.EventDispatchThread.pumpEventsForFilter(Ljava/awt/Conditional;Ljava/awt/EventFilter;)V+4 java.desktop@9.0.4
j  java.awt.WaitDispatchSupport$2.run()V+59 java.desktop@9.0.4
j  java.awt.WaitDispatchSupport$4.run()Ljava/lang/Void;+4 java.desktop@9.0.4
j  java.awt.WaitDispatchSupport$4.run()Ljava/lang/Object;+1 java.desktop@9.0.4
v  ~StubRoutines::call_stub
J 1032  java.security.AccessController.doPrivileged(Ljava/security/PrivilegedAction;)Ljava/lang/Object; java.base@9.0.4 (0 bytes) @ 0x00000262d7ecb632 [0x00000262d7ecb5e0+0x0000000000000052]
j  java.awt.WaitDispatchSupport.enter()Z+260 java.desktop@9.0.4
j  java.awt.Dialog.show()V+225 java.desktop@9.0.4
J 27187 c1 java.awt.Window.setVisible(Z)V java.desktop@9.0.4 (6 bytes) @ 0x00000262d1677784 [0x00000262d1677560+0x0000000000000224]
j  java.awt.Dialog.setVisible(Z)V+2 java.desktop@9.0.4
j  ui.b.c.g.setVisible(Z)V+2
j  ui.b.c.by.showDialog()V+64
j  ui.b.c.bF.actionPerformed(Ljava/awt/event/ActionEvent;)V+8
j  ui.b.c.by.cJI()V+396
j  ui.views.c.t.b.a.run()V+60
j  ui.frmwork.a.dWF()Z+66
j  ui.frmwork.V.dYl()V+42
j  ui.bk.actionPerformed(Ljava/awt/event/ActionEvent;)V+25
j  javax.swing.AbstractButton.fireActionPerformed(Ljava/awt/event/ActionEvent;)V+84 java.desktop@9.0.4
j  ui.utils.o.b.B.fireActionPerformed(Ljava/awt/event/ActionEvent;)V+7
j  javax.swing.AbstractButton$Handler.actionPerformed(Ljava/awt/event/ActionEvent;)V+5 java.desktop@9.0.4
j  javax.swing.DefaultButtonModel.fireActionPerformed(Ljava/awt/event/ActionEvent;)V+34 java.desktop@9.0.4
J 26443 c1 javax.swing.DefaultButtonModel.setPressed(Z)V java.desktop@9.0.4 (125 bytes) @ 0x00000262d2b5a8c4 [0x00000262d2b59a00+0x0000000000000ec4]
j  javax.swing.plaf.basic.BasicButtonListener.mouseReleased(Ljava/awt/event/MouseEvent;)V+35 java.desktop@9.0.4
j  com.jidesoft.plaf.basic.BasicJideButtonListener.mouseReleased(Ljava/awt/event/MouseEvent;)V+61
J 20549 c1 java.awt.AWTEventMulticaster.mouseReleased(Ljava/awt/event/MouseEvent;)V java.desktop@9.0.4 (27 bytes) @ 0x00000262d0ec0a0c [0x00000262d0ec0800+0x000000000000020c]
J 20549 c1 java.awt.AWTEventMulticaster.mouseReleased(Ljava/awt/event/MouseEvent;)V java.desktop@9.0.4 (27 bytes) @ 0x00000262d0ec0a0c [0x00000262d0ec0800+0x000000000000020c]
J 20549 c1 java.awt.AWTEventMulticaster.mouseReleased(Ljava/awt/event/MouseEvent;)V java.desktop@9.0.4 (27 bytes) @ 0x00000262d0ec0a0c [0x00000262d0ec0800+0x000000000000020c]
J 20549 c1 java.awt.AWTEventMulticaster.mouseReleased(Ljava/awt/event/MouseEvent;)V java.desktop@9.0.4 (27 bytes) @ 0x00000262d0ec0a0c [0x00000262d0ec0800+0x000000000000020c]
J 16395 c1 java.awt.Component.processMouseEvent(Ljava/awt/event/MouseEvent;)V java.desktop@9.0.4 (100 bytes) @ 0x00000262d1c017b4 [0x00000262d1c01420+0x0000000000000394]
J 16394 c1 javax.swing.JComponent.processMouseEvent(Ljava/awt/event/MouseEvent;)V java.desktop@9.0.4 (27 bytes) @ 0x00000262d1c021ec [0x00000262d1c01fe0+0x000000000000020c]
J 13295 c2 java.awt.Container.processEvent(Ljava/awt/AWTEvent;)V java.desktop@9.0.4 (22 bytes) @ 0x00000262d7f9f440 [0x00000262d7f9f320+0x0000000000000120]
J 26600 c2 java.awt.Component.dispatchEventImpl(Ljava/awt/AWTEvent;)V java.desktop@9.0.4 (739 bytes) @ 0x00000262d9901bb8 [0x00000262d9900c20+0x0000000000000f98]
J 18636 c2 java.awt.Container.dispatchEventImpl(Ljava/awt/AWTEvent;)V java.desktop@9.0.4 (129 bytes) @ 0x00000262d8f84458 [0x00000262d8f84400+0x0000000000000058]
J 18646 c2 java.awt.LightweightDispatcher.retargetMouseEvent(Ljava/awt/Component;ILjava/awt/event/MouseEvent;)V java.desktop@9.0.4 (350 bytes) @ 0x00000262d8f86c54 [0x00000262d8f866a0+0x00000000000005b4]
J 19488 c2 java.awt.LightweightDispatcher.processMouseEvent(Ljava/awt/event/MouseEvent;)Z java.desktop@9.0.4 (265 bytes) @ 0x00000262d8b6f0e8 [0x00000262d8b6ec60+0x0000000000000488]
J 18636 c2 java.awt.Container.dispatchEventImpl(Ljava/awt/AWTEvent;)V java.desktop@9.0.4 (129 bytes) @ 0x00000262d8f849e4 [0x00000262d8f84400+0x00000000000005e4]
J 19453 c2 java.awt.Window.dispatchEventImpl(Ljava/awt/AWTEvent;)V java.desktop@9.0.4 (23 bytes) @ 0x00000262d867f70c [0x00000262d867f6c0+0x000000000000004c]
J 16780 c2 java.awt.EventQueue$3.run()Ljava/lang/Object; java.desktop@9.0.4 (5 bytes) @ 0x00000262d8d4157c [0x00000262d8d40f80+0x00000000000005fc]
v  ~StubRoutines::call_stub
J 3790  java.security.AccessController.doPrivileged(Ljava/security/PrivilegedAction;Ljava/security/AccessControlContext;)Ljava/lang/Object; java.base@9.0.4 (0 bytes) @ 0x00000262d80798c6 [0x00000262d8079860+0x0000000000000066]
J 17463 c2 java.awt.EventQueue$4.run()Ljava/lang/Object; java.desktop@9.0.4 (5 bytes) @ 0x00000262d89a75c0 [0x00000262d89a7360+0x0000000000000260]
v  ~StubRoutines::call_stub
J 3790  java.security.AccessController.doPrivileged(Ljava/security/PrivilegedAction;Ljava/security/AccessControlContext;)Ljava/lang/Object; java.base@9.0.4 (0 bytes) @ 0x00000262d80798c6 [0x00000262d8079860+0x0000000000000066]
J 14592 c2 ui.frmwork.b.d.dispatchEvent(Ljava/awt/AWTEvent;)V (34 bytes) @ 0x00000262d848e9cc [0x00000262d848e580+0x000000000000044c]
J 21457 c2 java.awt.EventDispatchThread.pumpOneEventForFilters(I)V java.desktop@9.0.4 (218 bytes) @ 0x00000262d929b7f4 [0x00000262d929b320+0x00000000000004d4]
J 23012% c2 java.awt.EventDispatchThread.pumpEventsForFilter(ILjava/awt/Conditional;Ljava/awt/EventFilter;)V java.desktop@9.0.4 (47 bytes) @ 0x00000262d94b4bf8 [0x00000262d94b4ae0+0x0000000000000118]
j  java.awt.EventDispatchThread.pumpEventsForHierarchy(ILjava/awt/Conditional;Ljava/awt/Component;)V+11 java.desktop@9.0.4
j  java.awt.EventDispatchThread.pumpEvents(ILjava/awt/Conditional;)V+4 java.desktop@9.0.4
j  java.awt.EventDispatchThread.pumpEvents(Ljava/awt/Conditional;)V+3 java.desktop@9.0.4
j  java.awt.EventDispatchThread.run()V+9 java.desktop@9.0.4
v  ~StubRoutines::call_stub

siginfo: EXCEPTION_ACCESS_VIOLATION (0xc0000005), data execution prevention violation at address 0x00007ffb500b3370


Register to memory mapping:

RIP=0x00007ffb500b3370 librdi_wavedata.dll
RAX=0x00007ffb500585e0 librdi_wavedata.dll
RBX=0x000000da50df3be0 is pointing into the stack for thread: 0x00000262e6560000
RCX=0x0000026302150620 is an unknown value
RDX=0x000002630178f8d0 is an unknown value
RSP=0x000000da50df3a78 is pointing into the stack for thread: 0x00000262e6560000
RBP=0x000000da50df3ba0 is pointing into the stack for thread: 0x00000262e6560000
RSI=0x000002630178f8d0 is an unknown value
RDI=0x0000026302150620 is an unknown value
R8 =0x000000da50df3ba0 is pointing into the stack for thread: 0x00000262e6560000
R9 =0x000000da50df3be0 is pointing into the stack for thread: 0x00000262e6560000
R10=0x000002630178f8e0 is an unknown value
R11=0xd0f5ebffbf8f7d70 is an unknown value
R12=0x0000000000000000 is an unknown value
R13=0x0000000000000000 is an unknown value
R14=0x000002630178f8d0 is an unknown value
R15=0x0000000000000001 is an unknown value


Registers:
RAX=0x00007ffb500585e0, RBX=0x000000da50df3be0, RCX=0x0000026302150620, RDX=0x000002630178f8d0
RSP=0x000000da50df3a78, RBP=0x000000da50df3ba0, RSI=0x000002630178f8d0, RDI=0x0000026302150620
R8 =0x000000da50df3ba0, R9 =0x000000da50df3be0, R10=0x000002630178f8e0, R11=0xd0f5ebffbf8f7d70
R12=0x0000000000000000, R13=0x0000000000000000, R14=0x000002630178f8d0, R15=0x0000000000000001
RIP=0x00007ffb500b3370, EFLAGS=0x0000000000010206

Top of Stack: (sp=0x000000da50df3a78)
0x000000da50df3a78:   00007ffb4fd8eedc 0000000700000000
0x000000da50df3a88:   0000000000000143 0000026200000000
0x000000da50df3a98:   00000262ba9dac80 00000262ed9b7dc0
0x000000da50df3aa8:   000000da50df3be0 000000da50df3ba0
0x000000da50df3ab8:   000002630178f8d0 fffffffffffffffe
0x000000da50df3ac8:   0000026300abb440 00007ffb44f2e8f0
0x000000da50df3ad8:   0000000000000008 0000000000000000
0x000000da50df3ae8:   0000000000000010 0000000000000000
0x000000da50df3af8:   0000000000000001 0000000000000000
0x000000da50df3b08:   000000da50df3bb9 00000262bab60000
0x000000da50df3b18:   00007ffbe4ec901a 00000262ba9d0000
0x000000da50df3b28:   0000000000000003 0000f9f6169640ed
0x000000da50df3b38:   0000026200000000 00000262e6560000
0x000000da50df3b48:   000000da50df3cb8 00000263021e4b30
0x000000da50df3b58:   000000da50df3be9 000000da50df3ca0
0x000000da50df3b68:   00007ffb4fd85fc7 000000000000004f 

Instructions: (pc=0x00007ffb500b3370)
0x00007ffb500b3350:   00 00 00 00 ff ff ff ff 00 00 00 00 40 00 00 00
0x00007ffb500b3360:   20 33 45 00 00 00 00 00 00 00 00 00 00 00 00 00
0x00007ffb500b3370:   01 00 00 00 00 00 00 00 00 00 00 00 10 8a 58 00
0x00007ffb500b3380:   98 33 45 00 70 33 45 00 00 00 00 00 00 00 00 00 



---------------  P R O C E S S  ---------------

Java Threads: ( => current thread )
  0x00000262f493e800 JavaThread "Relaunch Simulation" [_thread_blocked, id=2380, stack(0x000000da57e00000,0x000000da58300000)]
  0x00000262f4944800 JavaThread "Monitor File Timestamp Swing Worker" [_thread_blocked, id=14848, stack(0x000000da59300000,0x000000da59800000)]
  0x00000262f4944000 JavaThread "Timer-10" [_thread_blocked, id=8536, stack(0x000000da58e00000,0x000000da59300000)]
  0x00000262e9b4c800 JavaThread "Monitor File Timestamp Swing Worker" [_thread_blocked, id=12384, stack(0x000000da57900000,0x000000da57e00000)]
  0x00000262e9b42000 JavaThread "Timer-6" [_thread_blocked, id=6764, stack(0x000000da56f00000,0x000000da57400000)]
  0x00000262e9b40800 JavaThread "Monitor File Timestamp Swing Worker" [_thread_blocked, id=10708, stack(0x000000da54c00000,0x000000da55100000)]
  0x00000262e9b45000 JavaThread "Timer-5" [_thread_blocked, id=15736, stack(0x000000da53e00000,0x000000da54300000)]
  0x00000262e9b4f800 JavaThread "Image Animator 3" daemon [_thread_blocked, id=9008, stack(0x000000da57400000,0x000000da57900000)]
  0x00000262e9b4b800 JavaThread "Monitor File Timestamp Swing Worker" [_thread_blocked, id=13700, stack(0x000000da56500000,0x000000da56a00000)]
  0x00000262e9b44000 JavaThread "Timer-4" [_thread_blocked, id=13472, stack(0x000000da55b00000,0x000000da56000000)]
  0x00000262e9b4b000 JavaThread "Update Runs Swing Worker" [_thread_blocked, id=9060, stack(0x000000da56000000,0x000000da56500000)]
  0x00000262e9b48000 JavaThread "Refresh Filesets Swing Worker" [_thread_blocked, id=11968, stack(0x000000da54700000,0x000000da54c00000)]
  0x00000262e9b42800 JavaThread "Monitor File Timestamp Swing Worker" [_thread_blocked, id=7368, stack(0x000000da55600000,0x000000da55b00000)]
  0x00000262e9b49800 JavaThread "Timer-1" [_thread_blocked, id=6644, stack(0x000000da55100000,0x000000da55600000)]
  0x00000262e9b41000 JavaThread "Swing-Shell" daemon [_thread_blocked, id=11244, stack(0x000000da52f00000,0x000000da53400000)]
  0x00000262e9b47000 JavaThread "SyntheticaAnimation 50" daemon [_thread_blocked, id=6372, stack(0x000000da53900000,0x000000da53e00000)]
  0x00000262e9b48800 JavaThread "SyntheticaAnimation 50" daemon [_thread_blocked, id=9412, stack(0x000000da50e00000,0x000000da51300000)]
  0x00000262e9b46800 JavaThread "hw_ila_monitor" [_thread_blocked, id=15544, stack(0x000000da53400000,0x000000da53900000)]
  0x00000262c27d4000 JavaThread "SyntheticaAnimation 70" daemon [_thread_blocked, id=17728, stack(0x000000da51800000,0x000000da51d00000)]
  0x00000262c27da000 JavaThread "SyntheticaAnimation 25" daemon [_thread_blocked, id=17892, stack(0x000000da52a00000,0x000000da52f00000)]
  0x00000262c27d7800 JavaThread "SyntheticaAnimation 50" daemon [_thread_blocked, id=17860, stack(0x000000da52500000,0x000000da52a00000)]
  0x00000262c27d8800 JavaThread "Monitor HEventQueue" [_thread_blocked, id=17856, stack(0x000000da52000000,0x000000da52500000)]
  0x00000262c27d4800 JavaThread "SyntheticaCleanerThread" daemon [_thread_blocked, id=17376, stack(0x000000da51300000,0x000000da51800000)]
  0x00000262c27d6000 JavaThread "Batik CleanerThread" daemon [_thread_blocked, id=3500, stack(0x000000da4ff00000,0x000000da50400000)]
=>0x00000262e6560000 JavaThread "AWT-EventQueue-1" [_thread_in_native, id=18376, stack(0x000000da50900000,0x000000da50e00000)]
  0x00000262e666b000 JavaThread "AWT-Shutdown" [_thread_blocked, id=16904, stack(0x000000da50400000,0x000000da50900000)]
  0x00000262e641d000 JavaThread "Process Messages" [_thread_blocked, id=18244, stack(0x000000da4eb00000,0x000000da4f000000)]
  0x00000262e620e800 JavaThread "Thread-1" [_thread_in_native, id=17404, stack(0x000000da49200000,0x000000da4a600000)]
  0x00000262e6368000 JavaThread "TimerQueue" daemon [_thread_blocked, id=17988, stack(0x000000da4f500000,0x000000da4fa00000)]
  0x00000262e621a000 JavaThread "AWT-Windows" daemon [_thread_in_native, id=11116, stack(0x000000da4f000000,0x000000da4f500000)]
  0x00000262e620c800 JavaThread "Java2D Disposer" daemon [_thread_blocked, id=17928, stack(0x000000da4e600000,0x000000da4eb00000)]
  0x00000262e5be1000 JavaThread "Service Thread" daemon [_thread_blocked, id=17632, stack(0x000000da4e000000,0x000000da4e500000)]
  0x00000262c27ed800 JavaThread "Common-Cleaner" daemon [_thread_blocked, id=1772, stack(0x000000da4db00000,0x000000da4e000000)]
  0x00000262c27d5800 JavaThread "Sweeper thread" daemon [_thread_blocked, id=15680, stack(0x000000da4d600000,0x000000da4db00000)]
  0x00000262c8deb000 JavaThread "C1 CompilerThread3" daemon [_thread_blocked, id=18428, stack(0x000000da4d500000,0x000000da4d600000)]
  0x00000262c8dea000 JavaThread "C2 CompilerThread2" daemon [_thread_blocked, id=18424, stack(0x000000da4d400000,0x000000da4d500000)]
  0x00000262c27d1000 JavaThread "C2 CompilerThread1" daemon [_thread_blocked, id=18420, stack(0x000000da4d300000,0x000000da4d400000)]
  0x00000262c27d0000 JavaThread "C2 CompilerThread0" daemon [_thread_blocked, id=18416, stack(0x000000da4d200000,0x000000da4d300000)]
  0x00000262c620b800 JavaThread "Attach Listener" daemon [_thread_blocked, id=18412, stack(0x000000da4cd00000,0x000000da4d200000)]
  0x00000262c620a000 JavaThread "Signal Dispatcher" daemon [_thread_blocked, id=18408, stack(0x000000da4c800000,0x000000da4cd00000)]
  0x00000262c27c5800 JavaThread "Finalizer" daemon [_thread_blocked, id=18396, stack(0x000000da4c300000,0x000000da4c800000)]
  0x00000262c9224800 JavaThread "Reference Handler" daemon [_thread_blocked, id=18392, stack(0x000000da4be00000,0x000000da4c300000)]
  0x00000262bef0c000 JavaThread "main" [_thread_blocked, id=18212, stack(0x000000da49100000,0x000000da49200000)]

Other Threads:
  0x00000262c9223000 VMThread "VM Thread" [stack: 0x000000da4bd00000,0x000000da4be00000] [id=18364]
  0x00000262c2b2f000 WatcherThread [stack: 0x000000da4e500000,0x000000da4e600000] [id=17640]
  0x00000262c8b9d800 GCTaskThread "GC Thread#0" [stack: 0x000000da4a900000,0x000000da4aa00000] [id=18280]
  0x00000262c8e74800 GCTaskThread "GC Thread#1" [stack: 0x000000da4aa00000,0x000000da4ab00000] [id=18284]
  0x00000262c8e72800 GCTaskThread "GC Thread#2" [stack: 0x000000da4ab00000,0x000000da4ac00000] [id=18288]
  0x00000262c8e75800 GCTaskThread "GC Thread#3" [stack: 0x000000da4ac00000,0x000000da4ad00000] [id=18292]
  0x00000262c8e73800 GCTaskThread "GC Thread#4" [stack: 0x000000da4ad00000,0x000000da4ae00000] [id=18296]
  0x00000262c8e73000 GCTaskThread "GC Thread#5" [stack: 0x000000da4ae00000,0x000000da4af00000] [id=18300]
  0x00000262c8e76000 GCTaskThread "GC Thread#6" [stack: 0x000000da4af00000,0x000000da4b000000] [id=18304]
  0x00000262c8e75000 GCTaskThread "GC Thread#7" [stack: 0x000000da4b000000,0x000000da4b100000] [id=18308]
  0x00000262c9219800 ConcurrentGCThread "G1 Main Marker" [stack: 0x000000da4ba00000,0x000000da4bb00000] [id=18348]
  0x00000262c8e6f800 ConcurrentGCThread "G1 Marker#0" [stack: 0x000000da4bb00000,0x000000da4bc00000] [id=18352]
  0x00000262c8e70000 ConcurrentGCThread "G1 Marker#1" [stack: 0x000000da4bc00000,0x000000da4bd00000] [id=18356]
  0x00000262beefc800 ConcurrentGCThread "G1 Refine#0" [stack: 0x000000da4b800000,0x000000da4b900000] [id=18340]
  0x00000262beefa000 ConcurrentGCThread "G1 Refine#1" [stack: 0x000000da4b700000,0x000000da4b800000] [id=18336]
  0x00000262beef9800 ConcurrentGCThread "G1 Refine#2" [stack: 0x000000da4b600000,0x000000da4b700000] [id=18332]
  0x00000262beef8000 ConcurrentGCThread "G1 Refine#3" [stack: 0x000000da4b500000,0x000000da4b600000] [id=18328]
  0x00000262c5efb000 ConcurrentGCThread "G1 Refine#4" [stack: 0x000000da4b400000,0x000000da4b500000] [id=18324]
  0x00000262c5ef9000 ConcurrentGCThread "G1 Refine#5" [stack: 0x000000da4b300000,0x000000da4b400000] [id=18320]
  0x00000262c579c000 ConcurrentGCThread "G1 Refine#6" [stack: 0x000000da4b200000,0x000000da4b300000] [id=18316]
  0x00000262c579a800 ConcurrentGCThread "G1 Refine#7" [stack: 0x000000da4b100000,0x000000da4b200000] [id=18312]
  0x00000262beefc000 ConcurrentGCThread "G1 Young RemSet Sampling" [stack: 0x000000da4b900000,0x000000da4ba00000] [id=18344]

Threads with active compile tasks:

VM state:not at safepoint (normal execution)

VM Mutex/Monitor currently owned by a thread: None

Heap address: 0x0000000700000000, size: 3072 MB, Compressed Oops mode: Zero based, Oop shift amount: 3
Narrow klass base: 0x0000000000000000, Narrow klass shift: 3
Compressed class space size: 1073741824 Address: 0x00000007c0000000

Heap:
 garbage-first heap   total 324608K, used 117758K [0x0000000700000000, 0x00000007001009e8, 0x00000007c0000000)
  region size 1024K, 9 young (9216K), 1 survivors (1024K)
 Metaspace       used 93168K, capacity 99919K, committed 100044K, reserved 1136640K
  class space    used 12636K, capacity 13774K, committed 13824K, reserved 1048576K
Heap Regions: E=young(eden), S=young(survivor), O=old, HS=humongous(starts), HC=humongous(continues), CS=collection set, F=free, A=archive, TS=gc time stamp, AC=allocation context, TAMS=top-at-mark-start (previous, next)
|   0|0x0000000700000000, 0x00000007000febc0, 0x0000000700100000| 99%| O|  |TS  0|AC  0|TAMS 0x0000000700000000, 0x0000000700000000|
|   1|0x0000000700100000, 0x0000000700200000, 0x0000000700200000|100%|HS|  |TS  0|AC  0|TAMS 0x0000000700100000, 0x0000000700100000|
|   2|0x0000000700200000, 0x0000000700300000, 0x0000000700300000|100%|HC|  |TS  0|AC  0|TAMS 0x0000000700200000, 0x0000000700200000|
|   3|0x0000000700300000, 0x0000000700400000, 0x0000000700400000|100%|HS|  |TS  0|AC  0|TAMS 0x0000000700300000, 0x0000000700300000|
|   4|0x0000000700400000, 0x00000007004fb270, 0x0000000700500000| 98%| O|  |TS  0|AC  0|TAMS 0x0000000700400000, 0x0000000700400000|
|   5|0x0000000700500000, 0x00000007005feb60, 0x0000000700600000| 99%| O|  |TS  0|AC  0|TAMS 0x0000000700500000, 0x0000000700500000|
|   6|0x0000000700600000, 0x00000007006fffa0, 0x0000000700700000| 99%| O|  |TS  0|AC  0|TAMS 0x0000000700600000, 0x0000000700600000|
|   7|0x0000000700700000, 0x0000000700800000, 0x0000000700800000|100%| O|  |TS  0|AC  0|TAMS 0x0000000700700000, 0x0000000700700000|
|   8|0x0000000700800000, 0x00000007008fffb0, 0x0000000700900000| 99%| O|  |TS  0|AC  0|TAMS 0x0000000700800000, 0x0000000700800000|
|   9|0x0000000700900000, 0x00000007009ffff8, 0x0000000700a00000| 99%| O|  |TS  0|AC  0|TAMS 0x0000000700900000, 0x0000000700900000|
|  10|0x0000000700a00000, 0x0000000700b00000, 0x0000000700b00000|100%| O|  |TS  0|AC  0|TAMS 0x0000000700a00000, 0x0000000700a00000|
|  11|0x0000000700b00000, 0x0000000700c00000, 0x0000000700c00000|100%|HS|  |TS  0|AC  0|TAMS 0x0000000700b00000, 0x0000000700b00000|
|  12|0x0000000700c00000, 0x0000000700d00000, 0x0000000700d00000|100%|HS|  |TS  0|AC  0|TAMS 0x0000000700c00000, 0x0000000700c00000|
|  13|0x0000000700d00000, 0x0000000700def600, 0x0000000700e00000| 93%| O|  |TS  0|AC  0|TAMS 0x0000000700d00000, 0x0000000700d00000|
|  14|0x0000000700e00000, 0x0000000700efffe8, 0x0000000700f00000| 99%| O|  |TS  0|AC  0|TAMS 0x0000000700e00000, 0x0000000700e00000|
|  15|0x0000000700f00000, 0x0000000700fd00b8, 0x0000000701000000| 81%| O|  |TS  0|AC  0|TAMS 0x0000000700f00000, 0x0000000700f00000|
|  16|0x0000000701000000, 0x00000007010ffff8, 0x0000000701100000| 99%| O|  |TS  0|AC  0|TAMS 0x0000000701000000, 0x0000000701000000|
|  17|0x0000000701100000, 0x0000000701200000, 0x0000000701200000|100%| O|  |TS  0|AC  0|TAMS 0x0000000701100000, 0x0000000701100000|
|  18|0x0000000701200000, 0x00000007012ffff0, 0x0000000701300000| 99%| O|  |TS  0|AC  0|TAMS 0x0000000701200000, 0x0000000701200000|
|  19|0x0000000701300000, 0x00000007013ffff0, 0x0000000701400000| 99%| O|  |TS  0|AC  0|TAMS 0x0000000701300000, 0x0000000701300000|
|  20|0x0000000701400000, 0x00000007014ffff0, 0x0000000701500000| 99%| O|  |TS  0|AC  0|TAMS 0x0000000701400000, 0x0000000701400000|
|  21|0x0000000701500000, 0x0000000701600000, 0x0000000701600000|100%|HS|  |TS  0|AC  0|TAMS 0x0000000701500000, 0x0000000701500000|
|  22|0x0000000701600000, 0x0000000701700000, 0x0000000701700000|100%|HC|  |TS  0|AC  0|TAMS 0x0000000701600000, 0x0000000701600000|
|  23|0x0000000701700000, 0x0000000701800000, 0x0000000701800000|100%|HS|  |TS  0|AC  0|TAMS 0x0000000701700000, 0x0000000701700000|
|  24|0x0000000701800000, 0x0000000701900000, 0x0000000701900000|100%|HC|  |TS  0|AC  0|TAMS 0x0000000701800000, 0x0000000701800000|
|  25|0x0000000701900000, 0x00000007019ffec0, 0x0000000701a00000| 99%| O|  |TS  0|AC  0|TAMS 0x0000000701900000, 0x0000000701900000|
|  26|0x0000000701a00000, 0x0000000701afffe8, 0x0000000701b00000| 99%| O|  |TS  0|AC  0|TAMS 0x0000000701a00000, 0x0000000701a00000|
|  27|0x0000000701b00000, 0x0000000701bfffe8, 0x0000000701c00000| 99%| O|  |TS  0|AC  0|TAMS 0x0000000701b00000, 0x0000000701b00000|
|  28|0x0000000701c00000, 0x0000000701cfffe8, 0x0000000701d00000| 99%| O|  |TS  0|AC  0|TAMS 0x0000000701c00000, 0x0000000701c00000|
|  29|0x0000000701d00000, 0x0000000701dffff8, 0x0000000701e00000| 99%| O|  |TS  0|AC  0|TAMS 0x0000000701d00000, 0x0000000701d00000|
|  30|0x0000000701e00000, 0x0000000701efffe8, 0x0000000701f00000| 99%| O|  |TS  0|AC  0|TAMS 0x0000000701e00000, 0x0000000701e00000|
|  31|0x0000000701f00000, 0x0000000701fffff0, 0x0000000702000000| 99%| O|  |TS  0|AC  0|TAMS 0x0000000701f00000, 0x0000000701f00000|
|  32|0x0000000702000000, 0x00000007020fffe8, 0x0000000702100000| 99%| O|  |TS  0|AC  0|TAMS 0x0000000702000000, 0x0000000702000000|
|  33|0x0000000702100000, 0x00000007021fffd0, 0x0000000702200000| 99%| O|  |TS  0|AC  0|TAMS 0x0000000702100000, 0x0000000702100000|
|  34|0x0000000702200000, 0x00000007022ffff8, 0x0000000702300000| 99%| O|  |TS  0|AC  0|TAMS 0x0000000702200000, 0x0000000702200000|
|  35|0x0000000702300000, 0x0000000702400000, 0x0000000702400000|100%| O|  |TS  0|AC  0|TAMS 0x0000000702300000, 0x0000000702300000|
|  36|0x0000000702400000, 0x0000000702500000, 0x0000000702500000|100%| O|  |TS  0|AC  0|TAMS 0x0000000702400000, 0x0000000702400000|
|  37|0x0000000702500000, 0x0000000702600000, 0x0000000702600000|100%| O|  |TS  0|AC  0|TAMS 0x0000000702500000, 0x0000000702500000|
|  38|0x0000000702600000, 0x0000000702700000, 0x0000000702700000|100%| O|  |TS  0|AC  0|TAMS 0x0000000702600000, 0x0000000702600000|
|  39|0x0000000702700000, 0x0000000702800000, 0x0000000702800000|100%| O|  |TS  0|AC  0|TAMS 0x0000000702700000, 0x0000000702700000|
|  40|0x0000000702800000, 0x0000000702900000, 0x0000000702900000|100%| O|  |TS  0|AC  0|TAMS 0x0000000702800000, 0x0000000702800000|
|  41|0x0000000702900000, 0x00000007029ffff8, 0x0000000702a00000| 99%| O|  |TS  0|AC  0|TAMS 0x0000000702900000, 0x0000000702900000|
|  42|0x0000000702a00000, 0x0000000702affff8, 0x0000000702b00000| 99%| O|  |TS  0|AC  0|TAMS 0x0000000702a00000, 0x0000000702a00000|
|  43|0x0000000702b00000, 0x0000000702c00000, 0x0000000702c00000|100%| O|  |TS  0|AC  0|TAMS 0x0000000702b00000, 0x0000000702b00000|
|  44|0x0000000702c00000, 0x0000000702cfffc8, 0x0000000702d00000| 99%| O|  |TS  0|AC  0|TAMS 0x0000000702c00000, 0x0000000702c00000|
|  45|0x0000000702d00000, 0x0000000702dfffe8, 0x0000000702e00000| 99%| O|  |TS  0|AC  0|TAMS 0x0000000702d00000, 0x0000000702d00000|
|  46|0x0000000702e00000, 0x0000000702f00000, 0x0000000702f00000|100%| O|  |TS  0|AC  0|TAMS 0x0000000702e00000, 0x0000000702e00000|
|  47|0x0000000702f00000, 0x0000000702fff470, 0x0000000703000000| 99%| O|  |TS  0|AC  0|TAMS 0x0000000702f00000, 0x0000000702f00000|
|  48|0x0000000703000000, 0x00000007030feed0, 0x0000000703100000| 99%| O|  |TS  0|AC  0|TAMS 0x0000000703000000, 0x0000000703000000|
|  49|0x0000000703100000, 0x0000000703200000, 0x0000000703200000|100%| O|  |TS  0|AC  0|TAMS 0x0000000703100000, 0x0000000703100000|
|  50|0x0000000703200000, 0x00000007032ffff0, 0x0000000703300000| 99%| O|  |TS  0|AC  0|TAMS 0x0000000703200000, 0x0000000703200000|
|  51|0x0000000703300000, 0x0000000703400000, 0x0000000703400000|100%|HS|  |TS  0|AC  0|TAMS 0x0000000703300000, 0x0000000703300000|
|  52|0x0000000703400000, 0x0000000703500000, 0x0000000703500000|100%|HC|  |TS  0|AC  0|TAMS 0x0000000703400000, 0x0000000703400000|
|  53|0x0000000703500000, 0x0000000703600000, 0x0000000703600000|100%|HC|  |TS  0|AC  0|TAMS 0x0000000703500000, 0x0000000703500000|
|  54|0x0000000703600000, 0x0000000703700000, 0x0000000703700000|100%|HC|  |TS  0|AC  0|TAMS 0x0000000703600000, 0x0000000703600000|
|  55|0x0000000703700000, 0x0000000703800000, 0x0000000703800000|100%|HC|  |TS  0|AC  0|TAMS 0x0000000703700000, 0x0000000703700000|
|  56|0x0000000703800000, 0x0000000703900000, 0x0000000703900000|100%|HC|  |TS  0|AC  0|TAMS 0x0000000703800000, 0x0000000703800000|
|  57|0x0000000703900000, 0x0000000703a00000, 0x0000000703a00000|100%|HC|  |TS  0|AC  0|TAMS 0x0000000703900000, 0x0000000703900000|
|  58|0x0000000703a00000, 0x0000000703b00000, 0x0000000703b00000|100%|HC|  |TS  0|AC  0|TAMS 0x0000000703a00000, 0x0000000703a00000|
|  59|0x0000000703b00000, 0x0000000703c00000, 0x0000000703c00000|100%|HC|  |TS  0|AC  0|TAMS 0x0000000703b00000, 0x0000000703b00000|
|  60|0x0000000703c00000, 0x0000000703d00000, 0x0000000703d00000|100%|HC|  |TS  0|AC  0|TAMS 0x0000000703c00000, 0x0000000703c00000|
|  61|0x0000000703d00000, 0x0000000703e00000, 0x0000000703e00000|100%|HC|  |TS  0|AC  0|TAMS 0x0000000703d00000, 0x0000000703d00000|
|  62|0x0000000703e00000, 0x0000000703f00000, 0x0000000703f00000|100%|HC|  |TS  0|AC  0|TAMS 0x0000000703e00000, 0x0000000703e00000|
|  63|0x0000000703f00000, 0x0000000704000000, 0x0000000704000000|100%|HC|  |TS  0|AC  0|TAMS 0x0000000703f00000, 0x0000000703f00000|
|  64|0x0000000704000000, 0x0000000704100000, 0x0000000704100000|100%|HC|  |TS  0|AC  0|TAMS 0x0000000704000000, 0x0000000704000000|
|  65|0x0000000704100000, 0x0000000704200000, 0x0000000704200000|100%|HC|  |TS  0|AC  0|TAMS 0x0000000704100000, 0x0000000704100000|
|  66|0x0000000704200000, 0x0000000704300000, 0x0000000704300000|100%|HC|  |TS  0|AC  0|TAMS 0x0000000704200000, 0x0000000704200000|
|  67|0x0000000704300000, 0x0000000704400000, 0x0000000704400000|100%|HC|  |TS  0|AC  0|TAMS 0x0000000704300000, 0x0000000704300000|
|  68|0x0000000704400000, 0x0000000704500000, 0x0000000704500000|100%| O|  |TS  0|AC  0|TAMS 0x0000000704400000, 0x0000000704400000|
|  69|0x0000000704500000, 0x00000007045ffff8, 0x0000000704600000| 99%| O|  |TS  0|AC  0|TAMS 0x0000000704500000, 0x0000000704500000|
|  70|0x0000000704600000, 0x00000007046c3768, 0x0000000704700000| 76%| O|  |TS  0|AC  0|TAMS 0x0000000704600000, 0x0000000704600000|
|  71|0x0000000704700000, 0x00000007047ffff8, 0x0000000704800000| 99%| O|  |TS  0|AC  0|TAMS 0x0000000704700000, 0x0000000704700000|
|  72|0x0000000704800000, 0x00000007048ffee8, 0x0000000704900000| 99%| O|  |TS  0|AC  0|TAMS 0x0000000704800000, 0x0000000704800000|
|  73|0x0000000704900000, 0x0000000704a00000, 0x0000000704a00000|100%| O|  |TS  0|AC  0|TAMS 0x0000000704900000, 0x0000000704900000|
|  74|0x0000000704a00000, 0x0000000704affff8, 0x0000000704b00000| 99%| O|  |TS  0|AC  0|TAMS 0x0000000704a00000, 0x0000000704a00000|
|  75|0x0000000704b00000, 0x0000000704c00000, 0x0000000704c00000|100%|HS|  |TS  0|AC  0|TAMS 0x0000000704b00000, 0x0000000704b00000|
|  76|0x0000000704c00000, 0x0000000704cffff8, 0x0000000704d00000| 99%| O|  |TS  0|AC  0|TAMS 0x0000000704c00000, 0x0000000704c00000|
|  77|0x0000000704d00000, 0x0000000704dffae0, 0x0000000704e00000| 99%| O|  |TS  0|AC  0|TAMS 0x0000000704d00000, 0x0000000704d00000|
|  78|0x0000000704e00000, 0x0000000704efffe8, 0x0000000704f00000| 99%| O|  |TS  0|AC  0|TAMS 0x0000000704e00000, 0x0000000704e00000|
|  79|0x0000000704f00000, 0x0000000704fffff0, 0x0000000705000000| 99%| O|  |TS  0|AC  0|TAMS 0x0000000704f00000, 0x0000000704f00000|
|  80|0x0000000705000000, 0x0000000705100000, 0x0000000705100000|100%| O|  |TS  0|AC  0|TAMS 0x0000000705000000, 0x0000000705000000|
|  81|0x0000000705100000, 0x00000007051fef68, 0x0000000705200000| 99%| O|  |TS  0|AC  0|TAMS 0x0000000705100000, 0x0000000705100000|
|  82|0x0000000705200000, 0x00000007052fff38, 0x0000000705300000| 99%| O|  |TS  0|AC  0|TAMS 0x0000000705200000, 0x0000000705200000|
|  83|0x0000000705300000, 0x00000007053fffe8, 0x0000000705400000| 99%| O|  |TS  0|AC  0|TAMS 0x0000000705300000, 0x0000000705300000|
|  84|0x0000000705400000, 0x00000007054ffec0, 0x0000000705500000| 99%| O|  |TS  0|AC  0|TAMS 0x0000000705400000, 0x0000000705400000|
|  85|0x0000000705500000, 0x00000007055fffb0, 0x0000000705600000| 99%| O|  |TS  0|AC  0|TAMS 0x0000000705500000, 0x0000000705500000|
|  86|0x0000000705600000, 0x00000007056fffe0, 0x0000000705700000| 99%| O|  |TS  0|AC  0|TAMS 0x0000000705600000, 0x0000000705600000|
|  87|0x0000000705700000, 0x00000007057fb7c8, 0x0000000705800000| 98%| O|  |TS  0|AC  0|TAMS 0x0000000705700000, 0x0000000705700000|
|  88|0x0000000705800000, 0x0000000705900000, 0x0000000705900000|100%| O|  |TS  0|AC  0|TAMS 0x0000000705800000, 0x0000000705800000|
|  89|0x0000000705900000, 0x00000007059ffff8, 0x0000000705a00000| 99%| O|  |TS  0|AC  0|TAMS 0x0000000705900000, 0x0000000705900000|
|  90|0x0000000705a00000, 0x0000000705afffb8, 0x0000000705b00000| 99%| O|  |TS  0|AC  0|TAMS 0x0000000705a00000, 0x0000000705a00000|
|  91|0x0000000705b00000, 0x0000000705bfe250, 0x0000000705c00000| 99%| O|  |TS  0|AC  0|TAMS 0x0000000705b00000, 0x0000000705b00000|
|  92|0x0000000705c00000, 0x0000000705cffff8, 0x0000000705d00000| 99%| O|  |TS  0|AC  0|TAMS 0x0000000705c00000, 0x0000000705c00000|
|  93|0x0000000705d00000, 0x0000000705dffff0, 0x0000000705e00000| 99%| O|  |TS  0|AC  0|TAMS 0x0000000705d00000, 0x0000000705d00000|
|  94|0x0000000705e00000, 0x0000000705effff0, 0x0000000705f00000| 99%| O|  |TS  0|AC  0|TAMS 0x0000000705e00000, 0x0000000705e00000|
|  95|0x0000000705f00000, 0x0000000705fffff8, 0x0000000706000000| 99%| O|  |TS  0|AC  0|TAMS 0x0000000705f00000, 0x0000000705f00000|
|  96|0x0000000706000000, 0x00000007060ffff0, 0x0000000706100000| 99%| O|  |TS  0|AC  0|TAMS 0x0000000706000000, 0x0000000706000000|
|  97|0x0000000706100000, 0x00000007061fff58, 0x0000000706200000| 99%| O|  |TS  0|AC  0|TAMS 0x0000000706100000, 0x0000000706100000|
|  98|0x0000000706200000, 0x00000007062ffff0, 0x0000000706300000| 99%| O|  |TS  0|AC  0|TAMS 0x0000000706200000, 0x0000000706200000|
|  99|0x0000000706300000, 0x00000007063ff078, 0x0000000706400000| 99%| O|  |TS  0|AC  0|TAMS 0x0000000706300000, 0x0000000706300000|
| 100|0x0000000706400000, 0x0000000706500000, 0x0000000706500000|100%| O|  |TS  0|AC  0|TAMS 0x0000000706400000, 0x0000000706400000|
| 101|0x0000000706500000, 0x00000007065ffff8, 0x0000000706600000| 99%| O|  |TS  0|AC  0|TAMS 0x0000000706500000, 0x0000000706500000|
| 102|0x0000000706600000, 0x00000007066ff9e0, 0x0000000706700000| 99%| O|  |TS  0|AC  0|TAMS 0x0000000706600000, 0x0000000706600000|
| 103|0x0000000706700000, 0x0000000706700000, 0x0000000706800000|  0%| F|  |TS  0|AC  0|TAMS 0x0000000706700000, 0x0000000706700000|
| 104|0x0000000706800000, 0x0000000706800000, 0x0000000706900000|  0%| F|  |TS  0|AC  0|TAMS 0x0000000706800000, 0x0000000706800000|
| 105|0x0000000706900000, 0x0000000706900000, 0x0000000706a00000|  0%| F|  |TS  0|AC  0|TAMS 0x0000000706900000, 0x0000000706900000|
| 106|0x0000000706a00000, 0x0000000706a00000, 0x0000000706b00000|  0%| F|  |TS  0|AC  0|TAMS 0x0000000706a00000, 0x0000000706a00000|
| 107|0x0000000706b00000, 0x0000000706b00000, 0x0000000706c00000|  0%| F|  |TS  0|AC  0|TAMS 0x0000000706b00000, 0x0000000706b00000|
| 108|0x0000000706c00000, 0x0000000706c00000, 0x0000000706d00000|  0%| F|  |TS  0|AC  0|TAMS 0x0000000706c00000, 0x0000000706c00000|
| 109|0x0000000706d00000, 0x0000000706e00000, 0x0000000706e00000|100%|HS|  |TS  0|AC  0|TAMS 0x0000000706d00000, 0x0000000706d00000|
| 110|0x0000000706e00000, 0x0000000706f00000, 0x0000000706f00000|100%|HC|  |TS  0|AC  0|TAMS 0x0000000706e00000, 0x0000000706e00000|
| 111|0x0000000706f00000, 0x0000000707000000, 0x0000000707000000|100%|HC|  |TS  0|AC  0|TAMS 0x0000000706f00000, 0x0000000706f00000|
| 112|0x0000000707000000, 0x0000000707100000, 0x0000000707100000|100%|HC|  |TS  0|AC  0|TAMS 0x0000000707000000, 0x0000000707000000|
| 113|0x0000000707100000, 0x0000000707200000, 0x0000000707200000|100%|HC|  |TS  0|AC  0|TAMS 0x0000000707100000, 0x0000000707100000|
| 114|0x0000000707200000, 0x0000000707200000, 0x0000000707300000|  0%| F|  |TS  0|AC  0|TAMS 0x0000000707200000, 0x0000000707200000|
| 115|0x0000000707300000, 0x0000000707300000, 0x0000000707400000|  0%| F|  |TS  0|AC  0|TAMS 0x0000000707300000, 0x0000000707300000|
| 116|0x0000000707400000, 0x0000000707400000, 0x0000000707500000|  0%| F|  |TS  0|AC  0|TAMS 0x0000000707400000, 0x0000000707400000|
| 117|0x0000000707500000, 0x0000000707500000, 0x0000000707600000|  0%| F|  |TS  0|AC  0|TAMS 0x0000000707500000, 0x0000000707500000|
| 118|0x0000000707600000, 0x0000000707600000, 0x0000000707700000|  0%| F|  |TS  0|AC  0|TAMS 0x0000000707600000, 0x0000000707600000|
| 119|0x0000000707700000, 0x0000000707700000, 0x0000000707800000|  0%| F|  |TS  0|AC  0|TAMS 0x0000000707700000, 0x0000000707700000|
| 120|0x0000000707800000, 0x0000000707800000, 0x0000000707900000|  0%| F|  |TS  0|AC  0|TAMS 0x0000000707800000, 0x0000000707800000|
| 121|0x0000000707900000, 0x0000000707900000, 0x0000000707a00000|  0%| F|  |TS  0|AC  0|TAMS 0x0000000707900000, 0x0000000707900000|
| 122|0x0000000707a00000, 0x0000000707a00000, 0x0000000707b00000|  0%| F|  |TS  0|AC  0|TAMS 0x0000000707a00000, 0x0000000707a00000|
| 123|0x0000000707b00000, 0x0000000707b00000, 0x0000000707c00000|  0%| F|  |TS  0|AC  0|TAMS 0x0000000707b00000, 0x0000000707b00000|
| 124|0x0000000707c00000, 0x0000000707c00000, 0x0000000707d00000|  0%| F|  |TS  0|AC  0|TAMS 0x0000000707c00000, 0x0000000707c00000|
| 125|0x0000000707d00000, 0x0000000707d00000, 0x0000000707e00000|  0%| F|  |TS  0|AC  0|TAMS 0x0000000707d00000, 0x0000000707d00000|
| 126|0x0000000707e00000, 0x0000000707e00000, 0x0000000707f00000|  0%| F|  |TS  0|AC  0|TAMS 0x0000000707e00000, 0x0000000707e00000|
| 127|0x0000000707f00000, 0x0000000707f00000, 0x0000000708000000|  0%| F|  |TS  0|AC  0|TAMS 0x0000000707f00000, 0x0000000707f00000|
| 128|0x0000000708000000, 0x0000000708000000, 0x0000000708100000|  0%| F|  |TS  0|AC  0|TAMS 0x0000000708000000, 0x0000000708000000|
| 129|0x0000000708100000, 0x0000000708100000, 0x0000000708200000|  0%| F|  |TS  0|AC  0|TAMS 0x0000000708100000, 0x0000000708100000|
| 130|0x0000000708200000, 0x0000000708200000, 0x0000000708300000|  0%| F|  |TS  0|AC  0|TAMS 0x0000000708200000, 0x0000000708200000|
| 131|0x0000000708300000, 0x0000000708300000, 0x0000000708400000|  0%| F|  |TS  0|AC  0|TAMS 0x0000000708300000, 0x0000000708300000|
| 132|0x0000000708400000, 0x0000000708400000, 0x0000000708500000|  0%| F|  |TS  0|AC  0|TAMS 0x0000000708400000, 0x0000000708400000|
| 133|0x0000000708500000, 0x0000000708500000, 0x0000000708600000|  0%| F|  |TS  0|AC  0|TAMS 0x0000000708500000, 0x0000000708500000|
| 134|0x0000000708600000, 0x0000000708600000, 0x0000000708700000|  0%| F|  |TS  0|AC  0|TAMS 0x0000000708600000, 0x0000000708600000|
| 135|0x0000000708700000, 0x0000000708700000, 0x0000000708800000|  0%| F|  |TS  0|AC  0|TAMS 0x0000000708700000, 0x0000000708700000|
| 136|0x0000000708800000, 0x0000000708800000, 0x0000000708900000|  0%| F|  |TS  0|AC  0|TAMS 0x0000000708800000, 0x0000000708800000|
| 137|0x0000000708900000, 0x0000000708900000, 0x0000000708a00000|  0%| F|  |TS  0|AC  0|TAMS 0x0000000708900000, 0x0000000708900000|
| 138|0x0000000708a00000, 0x0000000708a00000, 0x0000000708b00000|  0%| F|  |TS  0|AC  0|TAMS 0x0000000708a00000, 0x0000000708a00000|
| 139|0x0000000708b00000, 0x0000000708b00000, 0x0000000708c00000|  0%| F|  |TS  0|AC  0|TAMS 0x0000000708b00000, 0x0000000708b00000|
| 140|0x0000000708c00000, 0x0000000708c00000, 0x0000000708d00000|  0%| F|  |TS  0|AC  0|TAMS 0x0000000708c00000, 0x0000000708c00000|
| 141|0x0000000708d00000, 0x0000000708d00000, 0x0000000708e00000|  0%| F|  |TS  0|AC  0|TAMS 0x0000000708d00000, 0x0000000708d00000|
| 142|0x0000000708e00000, 0x0000000708e00000, 0x0000000708f00000|  0%| F|  |TS  0|AC  0|TAMS 0x0000000708e00000, 0x0000000708e00000|
| 143|0x0000000708f00000, 0x0000000708f00000, 0x0000000709000000|  0%| F|  |TS  0|AC  0|TAMS 0x0000000708f00000, 0x0000000708f00000|
| 144|0x0000000709000000, 0x0000000709000000, 0x0000000709100000|  0%| F|  |TS  0|AC  0|TAMS 0x0000000709000000, 0x0000000709000000|
| 145|0x0000000709100000, 0x0000000709100000, 0x0000000709200000|  0%| F|  |TS  0|AC  0|TAMS 0x0000000709100000, 0x0000000709100000|
| 146|0x0000000709200000, 0x0000000709200000, 0x0000000709300000|  0%| F|  |TS  0|AC  0|TAMS 0x0000000709200000, 0x0000000709200000|
| 147|0x0000000709300000, 0x0000000709300000, 0x0000000709400000|  0%| F|  |TS  0|AC  0|TAMS 0x0000000709300000, 0x0000000709300000|
| 148|0x0000000709400000, 0x0000000709400000, 0x0000000709500000|  0%| F|  |TS  0|AC  0|TAMS 0x0000000709400000, 0x0000000709400000|
| 149|0x0000000709500000, 0x0000000709500000, 0x0000000709600000|  0%| F|  |TS  0|AC  0|TAMS 0x0000000709500000, 0x0000000709500000|
| 150|0x0000000709600000, 0x0000000709600000, 0x0000000709700000|  0%| F|  |TS  0|AC  0|TAMS 0x0000000709600000, 0x0000000709600000|
| 151|0x0000000709700000, 0x0000000709700000, 0x0000000709800000|  0%| F|  |TS  0|AC  0|TAMS 0x0000000709700000, 0x0000000709700000|
| 152|0x0000000709800000, 0x0000000709800000, 0x0000000709900000|  0%| F|  |TS  0|AC  0|TAMS 0x0000000709800000, 0x0000000709800000|
| 153|0x0000000709900000, 0x0000000709900000, 0x0000000709a00000|  0%| F|  |TS  0|AC  0|TAMS 0x0000000709900000, 0x0000000709900000|
| 154|0x0000000709a00000, 0x0000000709a00000, 0x0000000709b00000|  0%| F|  |TS  0|AC  0|TAMS 0x0000000709a00000, 0x0000000709a00000|
| 155|0x0000000709b00000, 0x0000000709b00000, 0x0000000709c00000|  0%| F|  |TS  0|AC  0|TAMS 0x0000000709b00000, 0x0000000709b00000|
| 156|0x0000000709c00000, 0x0000000709c00000, 0x0000000709d00000|  0%| F|  |TS  0|AC  0|TAMS 0x0000000709c00000, 0x0000000709c00000|
| 157|0x0000000709d00000, 0x0000000709d00000, 0x0000000709e00000|  0%| F|  |TS  0|AC  0|TAMS 0x0000000709d00000, 0x0000000709d00000|
| 158|0x0000000709e00000, 0x0000000709e00000, 0x0000000709f00000|  0%| F|  |TS  0|AC  0|TAMS 0x0000000709e00000, 0x0000000709e00000|
| 159|0x0000000709f00000, 0x0000000709f00000, 0x000000070a000000|  0%| F|  |TS  0|AC  0|TAMS 0x0000000709f00000, 0x0000000709f00000|
| 160|0x000000070a000000, 0x000000070a000000, 0x000000070a100000|  0%| F|  |TS  0|AC  0|TAMS 0x000000070a000000, 0x000000070a000000|
| 161|0x000000070a100000, 0x000000070a100000, 0x000000070a200000|  0%| F|  |TS  0|AC  0|TAMS 0x000000070a100000, 0x000000070a100000|
| 162|0x000000070a200000, 0x000000070a200000, 0x000000070a300000|  0%| F|  |TS  0|AC  0|TAMS 0x000000070a200000, 0x000000070a200000|
| 163|0x000000070a300000, 0x000000070a300000, 0x000000070a400000|  0%| F|  |TS  0|AC  0|TAMS 0x000000070a300000, 0x000000070a300000|
| 164|0x000000070a400000, 0x000000070a400000, 0x000000070a500000|  0%| F|  |TS  0|AC  0|TAMS 0x000000070a400000, 0x000000070a400000|
| 165|0x000000070a500000, 0x000000070a500000, 0x000000070a600000|  0%| F|  |TS  0|AC  0|TAMS 0x000000070a500000, 0x000000070a500000|
| 166|0x000000070a600000, 0x000000070a600000, 0x000000070a700000|  0%| F|  |TS  0|AC  0|TAMS 0x000000070a600000, 0x000000070a600000|
| 167|0x000000070a700000, 0x000000070a700000, 0x000000070a800000|  0%| F|  |TS  0|AC  0|TAMS 0x000000070a700000, 0x000000070a700000|
| 168|0x000000070a800000, 0x000000070a800000, 0x000000070a900000|  0%| F|  |TS  0|AC  0|TAMS 0x000000070a800000, 0x000000070a800000|
| 169|0x000000070a900000, 0x000000070a900000, 0x000000070aa00000|  0%| F|  |TS  0|AC  0|TAMS 0x000000070a900000, 0x000000070a900000|
| 170|0x000000070aa00000, 0x000000070aa00000, 0x000000070ab00000|  0%| F|  |TS  0|AC  0|TAMS 0x000000070aa00000, 0x000000070aa00000|
| 171|0x000000070ab00000, 0x000000070ab00000, 0x000000070ac00000|  0%| F|  |TS  0|AC  0|TAMS 0x000000070ab00000, 0x000000070ab00000|
| 172|0x000000070ac00000, 0x000000070ac00000, 0x000000070ad00000|  0%| F|  |TS  0|AC  0|TAMS 0x000000070ac00000, 0x000000070ac00000|
| 173|0x000000070ad00000, 0x000000070ad00000, 0x000000070ae00000|  0%| F|  |TS  0|AC  0|TAMS 0x000000070ad00000, 0x000000070ad00000|
| 174|0x000000070ae00000, 0x000000070ae00000, 0x000000070af00000|  0%| F|  |TS  0|AC  0|TAMS 0x000000070ae00000, 0x000000070ae00000|
| 175|0x000000070af00000, 0x000000070af00000, 0x000000070b000000|  0%| F|  |TS  0|AC  0|TAMS 0x000000070af00000, 0x000000070af00000|
| 176|0x000000070b000000, 0x000000070b000000, 0x000000070b100000|  0%| F|  |TS  0|AC  0|TAMS 0x000000070b000000, 0x000000070b000000|
| 177|0x000000070b100000, 0x000000070b100000, 0x000000070b200000|  0%| F|  |TS  0|AC  0|TAMS 0x000000070b100000, 0x000000070b100000|
| 178|0x000000070b200000, 0x000000070b200000, 0x000000070b300000|  0%| F|  |TS  0|AC  0|TAMS 0x000000070b200000, 0x000000070b200000|
| 179|0x000000070b300000, 0x000000070b300000, 0x000000070b400000|  0%| F|  |TS  0|AC  0|TAMS 0x000000070b300000, 0x000000070b300000|
| 180|0x000000070b400000, 0x000000070b400000, 0x000000070b500000|  0%| F|  |TS  0|AC  0|TAMS 0x000000070b400000, 0x000000070b400000|
| 181|0x000000070b500000, 0x000000070b500000, 0x000000070b600000|  0%| F|  |TS  0|AC  0|TAMS 0x000000070b500000, 0x000000070b500000|
| 182|0x000000070b600000, 0x000000070b600000, 0x000000070b700000|  0%| F|  |TS  0|AC  0|TAMS 0x000000070b600000, 0x000000070b600000|
| 183|0x000000070b700000, 0x000000070b700000, 0x000000070b800000|  0%| F|  |TS  0|AC  0|TAMS 0x000000070b700000, 0x000000070b700000|
| 184|0x000000070b800000, 0x000000070b800000, 0x000000070b900000|  0%| F|  |TS  0|AC  0|TAMS 0x000000070b800000, 0x000000070b800000|
| 185|0x000000070b900000, 0x000000070b900000, 0x000000070ba00000|  0%| F|  |TS  0|AC  0|TAMS 0x000000070b900000, 0x000000070b900000|
| 186|0x000000070ba00000, 0x000000070ba00000, 0x000000070bb00000|  0%| F|  |TS  0|AC  0|TAMS 0x000000070ba00000, 0x000000070ba00000|
| 187|0x000000070bb00000, 0x000000070bb00000, 0x000000070bc00000|  0%| F|  |TS  0|AC  0|TAMS 0x000000070bb00000, 0x000000070bb00000|
| 188|0x000000070bc00000, 0x000000070bc00000, 0x000000070bd00000|  0%| F|  |TS  0|AC  0|TAMS 0x000000070bc00000, 0x000000070bc00000|
| 189|0x000000070bd00000, 0x000000070bd00000, 0x000000070be00000|  0%| F|  |TS  0|AC  0|TAMS 0x000000070bd00000, 0x000000070bd00000|
| 190|0x000000070be00000, 0x000000070be00000, 0x000000070bf00000|  0%| F|  |TS  0|AC  0|TAMS 0x000000070be00000, 0x000000070be00000|
| 191|0x000000070bf00000, 0x000000070bf00000, 0x000000070c000000|  0%| F|  |TS  0|AC  0|TAMS 0x000000070bf00000, 0x000000070bf00000|
| 192|0x000000070c000000, 0x000000070c000000, 0x000000070c100000|  0%| F|  |TS  0|AC  0|TAMS 0x000000070c000000, 0x000000070c000000|
| 193|0x000000070c100000, 0x000000070c100000, 0x000000070c200000|  0%| F|  |TS  0|AC  0|TAMS 0x000000070c100000, 0x000000070c100000|
| 194|0x000000070c200000, 0x000000070c200000, 0x000000070c300000|  0%| F|  |TS  0|AC  0|TAMS 0x000000070c200000, 0x000000070c200000|
| 195|0x000000070c300000, 0x000000070c300000, 0x000000070c400000|  0%| F|  |TS  0|AC  0|TAMS 0x000000070c300000, 0x000000070c300000|
| 196|0x000000070c400000, 0x000000070c400000, 0x000000070c500000|  0%| F|  |TS  0|AC  0|TAMS 0x000000070c400000, 0x000000070c400000|
| 197|0x000000070c500000, 0x000000070c500000, 0x000000070c600000|  0%| F|  |TS  0|AC  0|TAMS 0x000000070c500000, 0x000000070c500000|
| 198|0x000000070c600000, 0x000000070c600000, 0x000000070c700000|  0%| F|  |TS  0|AC  0|TAMS 0x000000070c600000, 0x000000070c600000|
| 199|0x000000070c700000, 0x000000070c700000, 0x000000070c800000|  0%| F|  |TS  0|AC  0|TAMS 0x000000070c700000, 0x000000070c700000|
| 200|0x000000070c800000, 0x000000070c800000, 0x000000070c900000|  0%| F|  |TS  0|AC  0|TAMS 0x000000070c800000, 0x000000070c800000|
| 201|0x000000070c900000, 0x000000070c900000, 0x000000070ca00000|  0%| F|  |TS  0|AC  0|TAMS 0x000000070c900000, 0x000000070c900000|
| 202|0x000000070ca00000, 0x000000070ca00000, 0x000000070cb00000|  0%| F|  |TS  0|AC  0|TAMS 0x000000070ca00000, 0x000000070ca00000|
| 203|0x000000070cb00000, 0x000000070cb00000, 0x000000070cc00000|  0%| F|  |TS  0|AC  0|TAMS 0x000000070cb00000, 0x000000070cb00000|
| 204|0x000000070cc00000, 0x000000070cc00000, 0x000000070cd00000|  0%| F|  |TS  0|AC  0|TAMS 0x000000070cc00000, 0x000000070cc00000|
| 205|0x000000070cd00000, 0x000000070cd00000, 0x000000070ce00000|  0%| F|  |TS  0|AC  0|TAMS 0x000000070cd00000, 0x000000070cd00000|
| 206|0x000000070ce00000, 0x000000070ce00000, 0x000000070cf00000|  0%| F|  |TS  0|AC  0|TAMS 0x000000070ce00000, 0x000000070ce00000|
| 207|0x000000070cf00000, 0x000000070cf00000, 0x000000070d000000|  0%| F|  |TS  0|AC  0|TAMS 0x000000070cf00000, 0x000000070cf00000|
| 208|0x000000070d000000, 0x000000070d000000, 0x000000070d100000|  0%| F|  |TS  0|AC  0|TAMS 0x000000070d000000, 0x000000070d000000|
| 209|0x000000070d100000, 0x000000070d100000, 0x000000070d200000|  0%| F|  |TS  0|AC  0|TAMS 0x000000070d100000, 0x000000070d100000|
| 210|0x000000070d200000, 0x000000070d200000, 0x000000070d300000|  0%| F|  |TS  0|AC  0|TAMS 0x000000070d200000, 0x000000070d200000|
| 211|0x000000070d300000, 0x000000070d300000, 0x000000070d400000|  0%| F|  |TS  0|AC  0|TAMS 0x000000070d300000, 0x000000070d300000|
| 212|0x000000070d400000, 0x000000070d400000, 0x000000070d500000|  0%| F|  |TS  0|AC  0|TAMS 0x000000070d400000, 0x000000070d400000|
| 213|0x000000070d500000, 0x000000070d500000, 0x000000070d600000|  0%| F|  |TS  0|AC  0|TAMS 0x000000070d500000, 0x000000070d500000|
| 214|0x000000070d600000, 0x000000070d600000, 0x000000070d700000|  0%| F|  |TS  0|AC  0|TAMS 0x000000070d600000, 0x000000070d600000|
| 215|0x000000070d700000, 0x000000070d700000, 0x000000070d800000|  0%| F|  |TS  0|AC  0|TAMS 0x000000070d700000, 0x000000070d700000|
| 216|0x000000070d800000, 0x000000070d800000, 0x000000070d900000|  0%| F|  |TS  0|AC  0|TAMS 0x000000070d800000, 0x000000070d800000|
| 217|0x000000070d900000, 0x000000070d900000, 0x000000070da00000|  0%| F|  |TS  0|AC  0|TAMS 0x000000070d900000, 0x000000070d900000|
| 218|0x000000070da00000, 0x000000070da00000, 0x000000070db00000|  0%| F|  |TS  0|AC  0|TAMS 0x000000070da00000, 0x000000070da00000|
| 219|0x000000070db00000, 0x000000070db00000, 0x000000070dc00000|  0%| F|  |TS  0|AC  0|TAMS 0x000000070db00000, 0x000000070db00000|
| 220|0x000000070dc00000, 0x000000070dc00000, 0x000000070dd00000|  0%| F|  |TS  0|AC  0|TAMS 0x000000070dc00000, 0x000000070dc00000|
| 221|0x000000070dd00000, 0x000000070dd00000, 0x000000070de00000|  0%| F|  |TS  0|AC  0|TAMS 0x000000070dd00000, 0x000000070dd00000|
| 222|0x000000070de00000, 0x000000070de00000, 0x000000070df00000|  0%| F|  |TS  0|AC  0|TAMS 0x000000070de00000, 0x000000070de00000|
| 223|0x000000070df00000, 0x000000070df00000, 0x000000070e000000|  0%| F|  |TS  0|AC  0|TAMS 0x000000070df00000, 0x000000070df00000|
| 224|0x000000070e000000, 0x000000070e000000, 0x000000070e100000|  0%| F|  |TS  0|AC  0|TAMS 0x000000070e000000, 0x000000070e000000|
| 225|0x000000070e100000, 0x000000070e100000, 0x000000070e200000|  0%| F|  |TS  0|AC  0|TAMS 0x000000070e100000, 0x000000070e100000|
| 226|0x000000070e200000, 0x000000070e200000, 0x000000070e300000|  0%| F|  |TS  0|AC  0|TAMS 0x000000070e200000, 0x000000070e200000|
| 227|0x000000070e300000, 0x000000070e300000, 0x000000070e400000|  0%| F|  |TS  0|AC  0|TAMS 0x000000070e300000, 0x000000070e300000|
| 228|0x000000070e400000, 0x000000070e400000, 0x000000070e500000|  0%| F|  |TS  0|AC  0|TAMS 0x000000070e400000, 0x000000070e400000|
| 229|0x000000070e500000, 0x000000070e500000, 0x000000070e600000|  0%| F|  |TS  0|AC  0|TAMS 0x000000070e500000, 0x000000070e500000|
| 230|0x000000070e600000, 0x000000070e600000, 0x000000070e700000|  0%| F|  |TS  0|AC  0|TAMS 0x000000070e600000, 0x000000070e600000|
| 231|0x000000070e700000, 0x000000070e700000, 0x000000070e800000|  0%| F|  |TS  0|AC  0|TAMS 0x000000070e700000, 0x000000070e700000|
| 232|0x000000070e800000, 0x000000070e800000, 0x000000070e900000|  0%| F|  |TS  0|AC  0|TAMS 0x000000070e800000, 0x000000070e800000|
| 233|0x000000070e900000, 0x000000070e900000, 0x000000070ea00000|  0%| F|  |TS  0|AC  0|TAMS 0x000000070e900000, 0x000000070e900000|
| 234|0x000000070ea00000, 0x000000070ea00000, 0x000000070eb00000|  0%| F|  |TS  0|AC  0|TAMS 0x000000070ea00000, 0x000000070ea00000|
| 235|0x000000070eb00000, 0x000000070eb00000, 0x000000070ec00000|  0%| F|  |TS  0|AC  0|TAMS 0x000000070eb00000, 0x000000070eb00000|
| 236|0x000000070ec00000, 0x000000070ec00000, 0x000000070ed00000|  0%| F|  |TS  0|AC  0|TAMS 0x000000070ec00000, 0x000000070ec00000|
| 237|0x000000070ed00000, 0x000000070ed00000, 0x000000070ee00000|  0%| F|  |TS  0|AC  0|TAMS 0x000000070ed00000, 0x000000070ed00000|
| 238|0x000000070ee00000, 0x000000070ee00000, 0x000000070ef00000|  0%| F|  |TS  0|AC  0|TAMS 0x000000070ee00000, 0x000000070ee00000|
| 239|0x000000070ef00000, 0x000000070ef00000, 0x000000070f000000|  0%| F|  |TS  0|AC  0|TAMS 0x000000070ef00000, 0x000000070ef00000|
| 240|0x000000070f000000, 0x000000070f000000, 0x000000070f100000|  0%| F|  |TS  0|AC  0|TAMS 0x000000070f000000, 0x000000070f000000|
| 241|0x000000070f100000, 0x000000070f100000, 0x000000070f200000|  0%| F|  |TS  0|AC  0|TAMS 0x000000070f100000, 0x000000070f100000|
| 242|0x000000070f200000, 0x000000070f200000, 0x000000070f300000|  0%| F|  |TS  0|AC  0|TAMS 0x000000070f200000, 0x000000070f200000|
| 243|0x000000070f300000, 0x000000070f300000, 0x000000070f400000|  0%| F|  |TS  0|AC  0|TAMS 0x000000070f300000, 0x000000070f300000|
| 244|0x000000070f400000, 0x000000070f400000, 0x000000070f500000|  0%| F|  |TS  0|AC  0|TAMS 0x000000070f400000, 0x000000070f400000|
| 245|0x000000070f500000, 0x000000070f500000, 0x000000070f600000|  0%| F|  |TS  0|AC  0|TAMS 0x000000070f500000, 0x000000070f500000|
| 246|0x000000070f600000, 0x000000070f600000, 0x000000070f700000|  0%| F|  |TS  0|AC  0|TAMS 0x000000070f600000, 0x000000070f600000|
| 247|0x000000070f700000, 0x000000070f700000, 0x000000070f800000|  0%| F|  |TS  0|AC  0|TAMS 0x000000070f700000, 0x000000070f700000|
| 248|0x000000070f800000, 0x000000070f800000, 0x000000070f900000|  0%| F|  |TS  0|AC  0|TAMS 0x000000070f800000, 0x000000070f800000|
| 249|0x000000070f900000, 0x000000070f900000, 0x000000070fa00000|  0%| F|  |TS  0|AC  0|TAMS 0x000000070f900000, 0x000000070f900000|
| 250|0x000000070fa00000, 0x000000070fa00000, 0x000000070fb00000|  0%| F|  |TS  0|AC  0|TAMS 0x000000070fa00000, 0x000000070fa00000|
| 251|0x000000070fb00000, 0x000000070fb00000, 0x000000070fc00000|  0%| F|  |TS  0|AC  0|TAMS 0x000000070fb00000, 0x000000070fb00000|
| 252|0x000000070fc00000, 0x000000070fc00000, 0x000000070fd00000|  0%| F|  |TS  0|AC  0|TAMS 0x000000070fc00000, 0x000000070fc00000|
| 253|0x000000070fd00000, 0x000000070fd00000, 0x000000070fe00000|  0%| F|  |TS  0|AC  0|TAMS 0x000000070fd00000, 0x000000070fd00000|
| 254|0x000000070fe00000, 0x000000070fe00000, 0x000000070ff00000|  0%| F|  |TS  0|AC  0|TAMS 0x000000070fe00000, 0x000000070fe00000|
| 255|0x000000070ff00000, 0x000000070ff00000, 0x0000000710000000|  0%| F|  |TS  0|AC  0|TAMS 0x000000070ff00000, 0x000000070ff00000|
| 256|0x0000000710000000, 0x000000071008f9e8, 0x0000000710100000| 56%| S|CS|TS  5|AC  0|TAMS 0x0000000710000000, 0x0000000710000000|
| 257|0x0000000710100000, 0x0000000710100000, 0x0000000710200000|  0%| F|  |TS  5|AC  0|TAMS 0x0000000710100000, 0x0000000710100000|
| 258|0x0000000710200000, 0x0000000710200000, 0x0000000710300000|  0%| F|  |TS  5|AC  0|TAMS 0x0000000710200000, 0x0000000710200000|
| 259|0x0000000710300000, 0x0000000710300000, 0x0000000710400000|  0%| F|  |TS  5|AC  0|TAMS 0x0000000710300000, 0x0000000710300000|
| 260|0x0000000710400000, 0x0000000710400000, 0x0000000710500000|  0%| F|  |TS  5|AC  0|TAMS 0x0000000710400000, 0x0000000710400000|
| 261|0x0000000710500000, 0x0000000710500000, 0x0000000710600000|  0%| F|  |TS  5|AC  0|TAMS 0x0000000710500000, 0x0000000710500000|
| 262|0x0000000710600000, 0x0000000710600000, 0x0000000710700000|  0%| F|  |TS  5|AC  0|TAMS 0x0000000710600000, 0x0000000710600000|
| 263|0x0000000710700000, 0x0000000710700000, 0x0000000710800000|  0%| F|  |TS  5|AC  0|TAMS 0x0000000710700000, 0x0000000710700000|
| 264|0x0000000710800000, 0x0000000710800000, 0x0000000710900000|  0%| F|  |TS  5|AC  0|TAMS 0x0000000710800000, 0x0000000710800000|
| 265|0x0000000710900000, 0x0000000710900000, 0x0000000710a00000|  0%| F|  |TS  5|AC  0|TAMS 0x0000000710900000, 0x0000000710900000|
| 266|0x0000000710a00000, 0x0000000710a00000, 0x0000000710b00000|  0%| F|  |TS  5|AC  0|TAMS 0x0000000710a00000, 0x0000000710a00000|
| 267|0x0000000710b00000, 0x0000000710b00000, 0x0000000710c00000|  0%| F|  |TS  5|AC  0|TAMS 0x0000000710b00000, 0x0000000710b00000|
| 268|0x0000000710c00000, 0x0000000710c00000, 0x0000000710d00000|  0%| F|  |TS  5|AC  0|TAMS 0x0000000710c00000, 0x0000000710c00000|
| 269|0x0000000710d00000, 0x0000000710d00000, 0x0000000710e00000|  0%| F|  |TS  5|AC  0|TAMS 0x0000000710d00000, 0x0000000710d00000|
| 270|0x0000000710e00000, 0x0000000710e00000, 0x0000000710f00000|  0%| F|  |TS  5|AC  0|TAMS 0x0000000710e00000, 0x0000000710e00000|
| 271|0x0000000710f00000, 0x0000000710f00000, 0x0000000711000000|  0%| F|  |TS  5|AC  0|TAMS 0x0000000710f00000, 0x0000000710f00000|
| 272|0x0000000711000000, 0x0000000711000000, 0x0000000711100000|  0%| F|  |TS  5|AC  0|TAMS 0x0000000711000000, 0x0000000711000000|
| 273|0x0000000711100000, 0x0000000711100000, 0x0000000711200000|  0%| F|  |TS  5|AC  0|TAMS 0x0000000711100000, 0x0000000711100000|
| 274|0x0000000711200000, 0x0000000711200000, 0x0000000711300000|  0%| F|  |TS  5|AC  0|TAMS 0x0000000711200000, 0x0000000711200000|
| 275|0x0000000711300000, 0x0000000711300000, 0x0000000711400000|  0%| F|  |TS  5|AC  0|TAMS 0x0000000711300000, 0x0000000711300000|
| 276|0x0000000711400000, 0x0000000711400000, 0x0000000711500000|  0%| F|  |TS  5|AC  0|TAMS 0x0000000711400000, 0x0000000711400000|
| 277|0x0000000711500000, 0x0000000711500000, 0x0000000711600000|  0%| F|  |TS  5|AC  0|TAMS 0x0000000711500000, 0x0000000711500000|
| 278|0x0000000711600000, 0x0000000711600000, 0x0000000711700000|  0%| F|  |TS  5|AC  0|TAMS 0x0000000711600000, 0x0000000711600000|
| 279|0x0000000711700000, 0x0000000711700000, 0x0000000711800000|  0%| F|  |TS  5|AC  0|TAMS 0x0000000711700000, 0x0000000711700000|
| 280|0x0000000711800000, 0x0000000711800000, 0x0000000711900000|  0%| F|  |TS  5|AC  0|TAMS 0x0000000711800000, 0x0000000711800000|
| 281|0x0000000711900000, 0x0000000711900000, 0x0000000711a00000|  0%| F|  |TS  5|AC  0|TAMS 0x0000000711900000, 0x0000000711900000|
| 282|0x0000000711a00000, 0x0000000711a00000, 0x0000000711b00000|  0%| F|  |TS  5|AC  0|TAMS 0x0000000711a00000, 0x0000000711a00000|
| 283|0x0000000711b00000, 0x0000000711b00000, 0x0000000711c00000|  0%| F|  |TS  5|AC  0|TAMS 0x0000000711b00000, 0x0000000711b00000|
| 284|0x0000000711c00000, 0x0000000711c00000, 0x0000000711d00000|  0%| F|  |TS  5|AC  0|TAMS 0x0000000711c00000, 0x0000000711c00000|
| 285|0x0000000711d00000, 0x0000000711d00000, 0x0000000711e00000|  0%| F|  |TS  5|AC  0|TAMS 0x0000000711d00000, 0x0000000711d00000|
| 286|0x0000000711e00000, 0x0000000711e00000, 0x0000000711f00000|  0%| F|  |TS  5|AC  0|TAMS 0x0000000711e00000, 0x0000000711e00000|
| 287|0x0000000711f00000, 0x0000000711f00000, 0x0000000712000000|  0%| F|  |TS  5|AC  0|TAMS 0x0000000711f00000, 0x0000000711f00000|
| 288|0x0000000712000000, 0x0000000712000000, 0x0000000712100000|  0%| F|  |TS  5|AC  0|TAMS 0x0000000712000000, 0x0000000712000000|
| 289|0x0000000712100000, 0x0000000712100000, 0x0000000712200000|  0%| F|  |TS  5|AC  0|TAMS 0x0000000712100000, 0x0000000712100000|
| 290|0x0000000712200000, 0x0000000712200000, 0x0000000712300000|  0%| F|  |TS  5|AC  0|TAMS 0x0000000712200000, 0x0000000712200000|
| 291|0x0000000712300000, 0x0000000712300000, 0x0000000712400000|  0%| F|  |TS  5|AC  0|TAMS 0x0000000712300000, 0x0000000712300000|
| 292|0x0000000712400000, 0x0000000712400000, 0x0000000712500000|  0%| F|  |TS  5|AC  0|TAMS 0x0000000712400000, 0x0000000712400000|
| 293|0x0000000712500000, 0x0000000712500000, 0x0000000712600000|  0%| F|  |TS  5|AC  0|TAMS 0x0000000712500000, 0x0000000712500000|
| 294|0x0000000712600000, 0x0000000712600000, 0x0000000712700000|  0%| F|  |TS  5|AC  0|TAMS 0x0000000712600000, 0x0000000712600000|
| 295|0x0000000712700000, 0x0000000712700000, 0x0000000712800000|  0%| F|  |TS  5|AC  0|TAMS 0x0000000712700000, 0x0000000712700000|
| 296|0x0000000712800000, 0x0000000712800000, 0x0000000712900000|  0%| F|  |TS  5|AC  0|TAMS 0x0000000712800000, 0x0000000712800000|
| 297|0x0000000712900000, 0x0000000712900000, 0x0000000712a00000|  0%| F|  |TS  5|AC  0|TAMS 0x0000000712900000, 0x0000000712900000|
| 298|0x0000000712a00000, 0x0000000712a00000, 0x0000000712b00000|  0%| F|  |TS  5|AC  0|TAMS 0x0000000712a00000, 0x0000000712a00000|
| 299|0x0000000712b00000, 0x0000000712b00000, 0x0000000712c00000|  0%| F|  |TS  5|AC  0|TAMS 0x0000000712b00000, 0x0000000712b00000|
| 300|0x0000000712c00000, 0x0000000712c00000, 0x0000000712d00000|  0%| F|  |TS  5|AC  0|TAMS 0x0000000712c00000, 0x0000000712c00000|
| 301|0x0000000712d00000, 0x0000000712d00000, 0x0000000712e00000|  0%| F|  |TS  5|AC  0|TAMS 0x0000000712d00000, 0x0000000712d00000|
| 302|0x0000000712e00000, 0x0000000712e00000, 0x0000000712f00000|  0%| F|  |TS  5|AC  0|TAMS 0x0000000712e00000, 0x0000000712e00000|
| 303|0x0000000712f00000, 0x0000000712f00000, 0x0000000713000000|  0%| F|  |TS  5|AC  0|TAMS 0x0000000712f00000, 0x0000000712f00000|
| 304|0x0000000713000000, 0x0000000713000000, 0x0000000713100000|  0%| F|  |TS  5|AC  0|TAMS 0x0000000713000000, 0x0000000713000000|
| 305|0x0000000713100000, 0x0000000713100000, 0x0000000713200000|  0%| F|  |TS  5|AC  0|TAMS 0x0000000713100000, 0x0000000713100000|
| 306|0x0000000713200000, 0x0000000713200000, 0x0000000713300000|  0%| F|  |TS  5|AC  0|TAMS 0x0000000713200000, 0x0000000713200000|
| 307|0x0000000713300000, 0x0000000713300000, 0x0000000713400000|  0%| F|  |TS  5|AC  0|TAMS 0x0000000713300000, 0x0000000713300000|
| 308|0x0000000713400000, 0x0000000713400000, 0x0000000713500000|  0%| F|  |TS  5|AC  0|TAMS 0x0000000713400000, 0x0000000713400000|
| 309|0x0000000713500000, 0x0000000713542c90, 0x0000000713600000| 26%| E|  |TS  5|AC  0|TAMS 0x0000000713500000, 0x0000000713500000|
| 310|0x0000000713600000, 0x0000000713700000, 0x0000000713700000|100%| E|CS|TS  5|AC  0|TAMS 0x0000000713600000, 0x0000000713600000|
| 311|0x0000000713700000, 0x0000000713800000, 0x0000000713800000|100%| E|CS|TS  5|AC  0|TAMS 0x0000000713700000, 0x0000000713700000|
| 312|0x0000000713800000, 0x0000000713900000, 0x0000000713900000|100%| E|CS|TS  5|AC  0|TAMS 0x0000000713800000, 0x0000000713800000|
| 313|0x0000000713900000, 0x0000000713a00000, 0x0000000713a00000|100%| E|CS|TS  5|AC  0|TAMS 0x0000000713900000, 0x0000000713900000|
| 314|0x0000000713a00000, 0x0000000713b00000, 0x0000000713b00000|100%| E|CS|TS  5|AC  0|TAMS 0x0000000713a00000, 0x0000000713a00000|
| 315|0x0000000713b00000, 0x0000000713c00000, 0x0000000713c00000|100%| E|CS|TS  5|AC  0|TAMS 0x0000000713b00000, 0x0000000713b00000|
| 316|0x0000000713c00000, 0x0000000713d00000, 0x0000000713d00000|100%| E|CS|TS  5|AC  0|TAMS 0x0000000713c00000, 0x0000000713c00000|

Card table byte_map: [0x00000262c4180000,0x00000262c4780000] byte_map_base: 0x00000262c0980000

Marking Bits (Prev, Next): (CMBitMap*) 0x00000262bf047948, (CMBitMap*) 0x00000262bf047910
 Prev Bits: [0x00000262e2390000, 0x00000262e5390000)
 Next Bits: [0x00000262df390000, 0x00000262e2390000)

Polling page: 0x00000262bc550000

CodeHeap 'non-profiled nmethods': size=120000Kb used=28151Kb max_used=28151Kb free=91848Kb
 bounds [0x00000262d7e60000, 0x00000262d99e0000, 0x00000262df390000]
CodeHeap 'profiled nmethods': size=120000Kb used=53245Kb max_used=53700Kb free=66754Kb
 bounds [0x00000262d0930000, 0x00000262d3df0000, 0x00000262d7e60000]
CodeHeap 'non-nmethods': size=5760Kb used=1827Kb max_used=1886Kb free=3932Kb
 bounds [0x00000262d0390000, 0x00000262d0600000, 0x00000262d0930000]
 total_blobs=40326 nmethods=21627 adapters=1177
 compilation: enabled

Compilation events (10 events):
Event: 2389.441 Thread 0x00000262c8deb000 27546       1       javax.swing.plaf.basic.BasicSplitPaneUI$BasicHorizontalLayoutManager::invalidateLayout (1 bytes)
Event: 2389.441 Thread 0x00000262c8deb000 nmethod 27546 0x00000262d99dc710 code [0x00000262d99dc8c0, 0x00000262d99dc9d8]
Event: 2389.441 Thread 0x00000262c8deb000 27547   !   3       ui.b.c.b.A::e (39 bytes)
Event: 2389.441 Thread 0x00000262c8deb000 nmethod 27547 0x00000262d2813190 code [0x00000262d2813380, 0x00000262d28137d0]
Event: 2389.444 Thread 0x00000262c8dea000 27548       4       ui.frmwork.a::dWC (62 bytes)
Event: 2389.445 Thread 0x00000262c8dea000 nmethod 27548 0x00000262d99dca90 code [0x00000262d99dcc40, 0x00000262d99dcd98]
Event: 2389.449 Thread 0x00000262c8deb000 27549       3       ui.views.O.a.r::a (1 bytes)
Event: 2389.449 Thread 0x00000262c8deb000 nmethod 27549 0x00000262d173fb90 code [0x00000262d173fd40, 0x00000262d173fe98]
Event: 2390.004 Thread 0x00000262c27d0000 27550       4       com.jidesoft.editor.margin.CodeFoldingMargin::paintMargin (300 bytes)
Event: 2390.020 Thread 0x00000262c27d0000 nmethod 27550 0x00000262d99dcf10 code [0x00000262d99dd120, 0x00000262d99de188]

GC Heap History (10 events):
Event: 2365.780 GC heap before
{Heap before GC invocations=642 (full 80):
 garbage-first heap   total 324608K, used 116182K [0x0000000700000000, 0x00000007001009e8, 0x00000007c0000000)
  region size 1024K, 7 young (7168K), 0 survivors (0K)
 Metaspace       used 93158K, capacity 99919K, committed 100044K, reserved 1136640K
  class space    used 12636K, capacity 13774K, committed 13824K, reserved 1048576K
}
Event: 2366.013 GC heap after
{Heap after GC invocations=643 (full 81):
 garbage-first heap   total 324608K, used 110027K [0x0000000700000000, 0x00000007001009e8, 0x00000007c0000000)
  region size 1024K, 0 young (0K), 0 survivors (0K)
 Metaspace       used 93158K, capacity 99919K, committed 100044K, reserved 1136640K
  class space    used 12636K, capacity 13774K, committed 13824K, reserved 1048576K
}
Event: 2368.941 GC heap before
{Heap before GC invocations=643 (full 81):
 garbage-first heap   total 324608K, used 123339K [0x0000000700000000, 0x00000007001009e8, 0x00000007c0000000)
  region size 1024K, 9 young (9216K), 0 survivors (0K)
 Metaspace       used 93164K, capacity 99919K, committed 100044K, reserved 1136640K
  class space    used 12636K, capacity 13774K, committed 13824K, reserved 1048576K
}
Event: 2369.184 GC heap after
{Heap after GC invocations=644 (full 82):
 garbage-first heap   total 324608K, used 110016K [0x0000000700000000, 0x00000007001009e8, 0x00000007c0000000)
  region size 1024K, 0 young (0K), 0 survivors (0K)
 Metaspace       used 93164K, capacity 99919K, committed 100044K, reserved 1136640K
  class space    used 12636K, capacity 13774K, committed 13824K, reserved 1048576K
}
Event: 2385.736 GC heap before
{Heap before GC invocations=644 (full 82):
 garbage-first heap   total 324608K, used 171456K [0x0000000700000000, 0x00000007001009e8, 0x00000007c0000000)
  region size 1024K, 60 young (61440K), 0 survivors (0K)
 Metaspace       used 93164K, capacity 99919K, committed 100044K, reserved 1136640K
  class space    used 12636K, capacity 13774K, committed 13824K, reserved 1048576K
}
Event: 2385.739 GC heap after
{Heap after GC invocations=645 (full 82):
 garbage-first heap   total 324608K, used 110442K [0x0000000700000000, 0x00000007001009e8, 0x00000007c0000000)
  region size 1024K, 1 young (1024K), 1 survivors (1024K)
 Metaspace       used 93164K, capacity 99919K, committed 100044K, reserved 1136640K
  class space    used 12636K, capacity 13774K, committed 13824K, reserved 1048576K
}
Event: 2387.940 GC heap before
{Heap before GC invocations=645 (full 82):
 garbage-first heap   total 324608K, used 170858K [0x0000000700000000, 0x00000007001009e8, 0x00000007c0000000)
  region size 1024K, 60 young (61440K), 1 survivors (1024K)
 Metaspace       used 93165K, capacity 99919K, committed 100044K, reserved 1136640K
  class space    used 12636K, capacity 13774K, committed 13824K, reserved 1048576K
}
Event: 2387.942 GC heap after
{Heap after GC invocations=646 (full 82):
 garbage-first heap   total 324608K, used 110547K [0x0000000700000000, 0x00000007001009e8, 0x00000007c0000000)
  region size 1024K, 1 young (1024K), 1 survivors (1024K)
 Metaspace       used 93165K, capacity 99919K, committed 100044K, reserved 1136640K
  class space    used 12636K, capacity 13774K, committed 13824K, reserved 1048576K
}
Event: 2388.816 GC heap before
{Heap before GC invocations=646 (full 82):
 garbage-first heap   total 324608K, used 170963K [0x0000000700000000, 0x00000007001009e8, 0x00000007c0000000)
  region size 1024K, 60 young (61440K), 1 survivors (1024K)
 Metaspace       used 93168K, capacity 99919K, committed 100044K, reserved 1136640K
  class space    used 12636K, capacity 13774K, committed 13824K, reserved 1048576K
}
Event: 2388.819 GC heap after
{Heap after GC invocations=647 (full 82):
 garbage-first heap   total 324608K, used 110590K [0x0000000700000000, 0x00000007001009e8, 0x00000007c0000000)
  region size 1024K, 1 young (1024K), 1 survivors (1024K)
 Metaspace       used 93168K, capacity 99919K, committed 100044K, reserved 1136640K
  class space    used 12636K, capacity 13774K, committed 13824K, reserved 1048576K
}

Deoptimization events (10 events):
Event: 2093.672 Thread 0x00000262e6560000 Uncommon trap: reason=class_check action=maybe_recompile pc=0x00000262d840f808 method=javax.swing.SwingUtilities.installSwingDropTargetAsNecessary(Ljava/awt/Component;Ljavax/swing/TransferHandler;)V @ 16 c2
Event: 2104.670 Thread 0x00000262e6560000 Uncommon trap: reason=class_check action=maybe_recompile pc=0x00000262d947e654 method=com.jidesoft.swing.JideSplitPane.removeExtraDividers()Z @ 177 c2
Event: 2105.157 Thread 0x00000262e6560000 Uncommon trap: reason=unstable_if action=reinterpret pc=0x00000262d82e5928 method=java.awt.TexturePaintContext$Int.setRaster(IIIIIIIIIIIIIIII)V @ 65 c2
Event: 2224.777 Thread 0x00000262e6560000 Uncommon trap: reason=unstable_if action=reinterpret pc=0x00000262d887fc30 method=java.util.concurrent.locks.AbstractQueuedSynchronizer.unparkSuccessor(Ljava/util/concurrent/locks/AbstractQueuedSynchronizer$Node;)V @ 22 c2
Event: 2316.337 Thread 0x00000262e6560000 Uncommon trap: reason=unstable_if action=reinterpret pc=0x00000262d993e25c method=sun.java2d.pipe.Region.clipBoxToBounds([I)V @ 7 c2
Event: 2316.337 Thread 0x00000262e6560000 Uncommon trap: reason=unstable_if action=reinterpret pc=0x00000262d993b0a4 method=sun.java2d.pipe.Region.clipBoxToBounds([I)V @ 7 c2
Event: 2316.338 Thread 0x00000262e6560000 Uncommon trap: reason=unstable_if action=reinterpret pc=0x00000262d9922250 method=sun.java2d.pipe.Region.clipBoxToBounds([I)V @ 7 c2
Event: 2343.976 Thread 0x00000262e6560000 Uncommon trap: reason=class_check action=maybe_recompile pc=0x00000262d9716018 method=java.awt.LightweightDispatcher.retargetMouseEnterExit(Ljava/awt/Component;Ljava/awt/event/MouseEvent;Ljava/awt/Component;Z)Ljava/awt/Component; @ 46 c2
Event: 2364.931 Thread 0x00000262e6560000 Uncommon trap: reason=unloaded action=reinterpret pc=0x00000262d8ca31d4 method=ui.data.o.e.c.a(Ljava/io/InputStream;Lui/data/o/d/f;)Ljava/lang/Object; @ 354 c2
Event: 2364.932 Thread 0x00000262e6560000 Uncommon trap: reason=null_assert_or_unreached0 action=make_not_entrant pc=0x00000262d8da17d4 method=ui.data.o.b.c.g.<init>(Ljava/lang/Object;Lui/data/o/d/f;)V @ 45 c2

Classes redefined (0 events):
No events

Internal exceptions (10 events):
Event: 1787.334 Thread 0x00000262e6560000 Exception <a 'java/lang/NoSuchMethodError'{0x0000000710577a20}: java.lang.invoke.DirectMethodHandle$Holder.invokeSpecial(Ljava/lang/Object;Ljava/lang/Object;ILjava/lang/Object;)V> (0x0000000710577a20) thrown at [t:/workspace/hotspot/src/share/vm/interpret
Event: 1787.335 Thread 0x00000262e6560000 Exception <a 'java/lang/NoSuchMethodError'{0x000000071057d348}: java.lang.invoke.DirectMethodHandle$Holder.invokeStatic(Ljava/lang/Object;Ljava/lang/Object;ILjava/lang/Object;)Ljava/lang/Object;> (0x000000071057d348) thrown at [t:/workspace/hotspot/src/sh
Event: 1839.083 Thread 0x00000262e6560000 Implicit null exception at 0x00000262d833686d to 0x00000262d8338231
Event: 1965.157 Thread 0x00000262e6560000 Exception <a 'java/lang/NoSuchMethodError'{0x000000071107a8a0}: java.lang.invoke.DirectMethodHandle$Holder.invokeStaticInit(Ljava/lang/Object;Ljava/lang/Object;)I> (0x000000071107a8a0) thrown at [t:/workspace/hotspot/src/share/vm/interpreter/linkResolver.
Event: 1965.315 Thread 0x00000262e6560000 Implicit null exception at 0x00000262d80fb078 to 0x00000262d80fb3dd
Event: 1974.359 Thread 0x00000263034db800 Exception <a 'java/lang/InterruptedException'{0x0000000713c02298}: sleep interrupted> (0x0000000713c02298) thrown at [t:/workspace/hotspot/src/share/vm/prims/jvm.cpp, line 2984]
Event: 1991.303 Thread 0x00000262e6560000 Implicit null exception at 0x00000262d98600c3 to 0x00000262d98604e0
Event: 2091.397 Thread 0x00000262c27da800 Exception <a 'java/lang/InterruptedException'{0x00000007108dfb58}: sleep interrupted> (0x00000007108dfb58) thrown at [t:/workspace/hotspot/src/share/vm/prims/jvm.cpp, line 3023]
Event: 2102.711 Thread 0x00000262f4940000 Exception <a 'java/lang/InterruptedException'{0x0000000713c8a150}: sleep interrupted> (0x0000000713c8a150) thrown at [t:/workspace/hotspot/src/share/vm/prims/jvm.cpp, line 2984]
Event: 2224.777 Thread 0x00000262e6560000 Implicit null exception at 0x00000262d887fb8c to 0x00000262d887fc19

Events (10 events):
Event: 2388.819 Executing VM operation: G1IncCollectionPause done
Event: 2389.325 Thread 0x00000262f493e800 Thread added: 0x00000262f493e800
Event: 2389.327 Executing VM operation: RevokeBias
Event: 2389.331 Executing VM operation: RevokeBias done
Event: 2389.332 Executing VM operation: RevokeBias
Event: 2389.332 Executing VM operation: RevokeBias done
Event: 2389.434 Thread 0x00000262f4945800 Thread added: 0x00000262f4945800
Event: 2389.439 Thread 0x00000262f4945800 Thread exited: 0x00000262f4945800
Event: 2390.354 Thread 0x00000262f4941000 Thread added: 0x00000262f4941000
Event: 2390.360 Thread 0x00000262f4941000 Thread exited: 0x00000262f4941000


Dynamic libraries:
0x00007ff7da140000 - 0x00007ff7da170000 	C:\Xilinx\Vivado\2019.1\bin\unwrapped\win64.o\vivado.exe
0x00007ffbe4ea0000 - 0x00007ffbe50a9000 	C:\WINDOWS\SYSTEM32\ntdll.dll
0x00007ffbe34a0000 - 0x00007ffbe355d000 	C:\WINDOWS\System32\KERNEL32.DLL
0x00007ffbe2980000 - 0x00007ffbe2cfd000 	C:\WINDOWS\System32\KERNELBASE.dll
0x00007ffbe2640000 - 0x00007ffbe2751000 	C:\WINDOWS\System32\ucrtbase.dll
0x00007ffbd8210000 - 0x00007ffbd829d000 	C:\WINDOWS\SYSTEM32\MSVCP140.dll
0x00007ffbc5550000 - 0x00007ffbc556b000 	C:\WINDOWS\SYSTEM32\VCRUNTIME140.dll
0x00007ffbd94b0000 - 0x00007ffbd94bc000 	C:\WINDOWS\SYSTEM32\VCRUNTIME140_1.dll
0x00007ffbd9470000 - 0x00007ffbd9484000 	C:\Xilinx\Vivado\2019.1\lib\win64.o\librdi_commonmain.dll
0x00007ffb7f930000 - 0x00007ffb80812000 	C:\Xilinx\Vivado\2019.1\lib\win64.o\librdi_common.dll
0x00007ffbd9450000 - 0x00007ffbd9464000 	C:\Xilinx\Vivado\2019.1\lib\win64.o\libboost_signals.dll
0x00007ffbe3cc0000 - 0x00007ffbe3e6d000 	C:\WINDOWS\System32\USER32.dll
0x00007ffbe28d0000 - 0x00007ffbe28f6000 	C:\WINDOWS\System32\win32u.dll
0x00007ffbe36f0000 - 0x00007ffbe3719000 	C:\WINDOWS\System32\GDI32.dll
0x00007ffbe2460000 - 0x00007ffbe2578000 	C:\WINDOWS\System32\gdi32full.dll
0x00007ffbe23c0000 - 0x00007ffbe245d000 	C:\WINDOWS\System32\msvcp_win.dll
0x00007ffbe3e70000 - 0x00007ffbe3f1e000 	C:\WINDOWS\System32\ADVAPI32.dll
0x00007ffbe3f80000 - 0x00007ffbe4023000 	C:\WINDOWS\System32\msvcrt.dll
0x00007ffbe3780000 - 0x00007ffbe381e000 	C:\WINDOWS\System32\sechost.dll
0x00007ffbe35d0000 - 0x00007ffbe36f0000 	C:\WINDOWS\System32\RPCRT4.dll
0x00007ffbe4070000 - 0x00007ffbe4828000 	C:\WINDOWS\System32\SHELL32.dll
0x00007ffbccd30000 - 0x00007ffbcce51000 	C:\Xilinx\Vivado\2019.1\lib\win64.o\librdi_commonxillic.dll
0x00007ffbd8200000 - 0x00007ffbd820a000 	C:\Xilinx\Vivado\2019.1\lib\win64.o\librdi_commonversion.dll
0x00007ffbd81d0000 - 0x00007ffbd81f6000 	C:\Xilinx\Vivado\2019.1\lib\win64.o\libboost_filesystem.dll
0x0000000066ee0000 - 0x000000006700b000 	C:\Xilinx\Vivado\2019.1\lib\win64.o\tcl85t.dll
0x00007ffbe3560000 - 0x00007ffbe35cf000 	C:\WINDOWS\System32\WS2_32.dll
0x00007ffb83d40000 - 0x00007ffb840ae000 	C:\Xilinx\Vivado\2019.1\lib\win64.o\libCOIN-all.dll
0x00007ffbccd10000 - 0x00007ffbccd24000 	C:\Xilinx\Vivado\2019.1\lib\win64.o\libboost_date_time.dll
0x00007ffbccbf0000 - 0x00007ffbccd04000 	C:\Xilinx\Vivado\2019.1\lib\win64.o\libboost_regex.dll
0x00007ffbccb70000 - 0x00007ffbccbef000 	C:\Xilinx\Vivado\2019.1\lib\win64.o\libboost_program_options.dll
0x00007ffbd81c0000 - 0x00007ffbd81cb000 	C:\Xilinx\Vivado\2019.1\lib\win64.o\libboost_system.dll
0x00007ffbccb40000 - 0x00007ffbccb61000 	C:\Xilinx\Vivado\2019.1\lib\win64.o\libboost_thread.dll
0x00007ffbcc940000 - 0x00007ffbcc9c2000 	C:\Xilinx\Vivado\2019.1\lib\win64.o\libhdlpsolve.dll
0x00007ffbcc930000 - 0x00007ffbcc93f000 	C:\Xilinx\Vivado\2019.1\lib\win64.o\libboost_xilinx.dll
0x00007ffbcc880000 - 0x00007ffbcc925000 	C:\Xilinx\Vivado\2019.1\lib\win64.o\libhdxml.dll
0x00007ffb7ed80000 - 0x00007ffb7f92f400 	C:\Xilinx\Vivado\2019.1\lib\win64.o\libisl_iostreams.dll
0x00007ffbcc850000 - 0x00007ffbcc87e000 	C:\Xilinx\Vivado\2019.1\lib\win64.o\libisl_sysinfo.dll
0x00007ffbcc7e0000 - 0x00007ffbcc845000 	C:\Xilinx\Vivado\2019.1\lib\win64.o\liblmx6.0.dll
0x00007ffbcc7c0000 - 0x00007ffbcc7da000 	C:\Xilinx\Vivado\2019.1\lib\win64.o\pthreadVC2.dll
0x00007ffbcc7a0000 - 0x00007ffbcc7bc000 	C:\Xilinx\Vivado\2019.1\lib\win64.o\librdiconfig.dll
0x00007ffbcc770000 - 0x00007ffbcc791000 	C:\Xilinx\Vivado\2019.1\lib\win64.o\librdizlib.dll
0x00007ffbcbc10000 - 0x00007ffbcc10a000 	C:\WINDOWS\SYSTEM32\WININET.dll
0x00007ffbcb4f0000 - 0x00007ffbcb50a000 	C:\WINDOWS\SYSTEM32\NETAPI32.dll
0x00007ffbd9850000 - 0x00007ffbd995c000 	C:\WINDOWS\SYSTEM32\WINHTTP.dll
0x00007ffbd6d10000 - 0x00007ffbd6eff000 	C:\WINDOWS\SYSTEM32\urlmon.dll
0x0000000012000000 - 0x0000000012270000 	C:\Xilinx\Vivado\2019.1\lib\win64.o\xerces-c_3_1.dll
0x00007ffbce690000 - 0x00007ffbce699000 	C:\WINDOWS\SYSTEM32\WSOCK32.dll
0x00007ffbcc740000 - 0x00007ffbcc76d000 	C:\WINDOWS\SYSTEM32\VCOMP140.DLL
0x00007ffb7dee0000 - 0x00007ffb7ed71000 	C:\Xilinx\Vivado\2019.1\lib\win64.o\gurobi65.dll
0x00007ffb7dc00000 - 0x00007ffb7ded8000 	C:\Xilinx\Vivado\2019.1\lib\win64.o\libXil_lmgr11.dll
0x00007ffbe31d0000 - 0x00007ffbe32bc000 	C:\WINDOWS\System32\COMDLG32.dll
0x00007ffbe3820000 - 0x00007ffbe3b99000 	C:\WINDOWS\System32\combase.dll
0x00007ffbe4a00000 - 0x00007ffbe4aea000 	C:\WINDOWS\System32\shcore.dll
0x00007ffbe3170000 - 0x00007ffbe31cd000 	C:\WINDOWS\System32\SHLWAPI.dll
0x00007ffbe4ba0000 - 0x00007ffbe4c76000 	C:\WINDOWS\System32\OLEAUT32.dll
0x00007ffbe32e0000 - 0x00007ffbe347a000 	C:\WINDOWS\System32\ole32.dll
0x00007ffbcc710000 - 0x00007ffbcc735000 	C:\Xilinx\Vivado\2019.1\lib\win64.o\libisl_iosutils.dll
0x00007ffbcc700000 - 0x00007ffbcc70d000 	C:\Xilinx\Vivado\2019.1\lib\win64.o\libboost_chrono.dll
0x00007ffbe2350000 - 0x00007ffbe23b7000 	C:\WINDOWS\System32\WINTRUST.dll
0x00007ffbcc6e0000 - 0x00007ffbcc6fb000 	C:\Xilinx\Vivado\2019.1\lib\win64.o\libboost_iostreams.dll
0x00007ffbe2760000 - 0x00007ffbe28c2000 	C:\WINDOWS\System32\CRYPT32.dll
0x00007ffbd6a20000 - 0x00007ffbd6cd3000 	C:\WINDOWS\SYSTEM32\iertutil.dll
0x00007ffbd6ce0000 - 0x00007ffbd6d08000 	C:\WINDOWS\SYSTEM32\srvcli.dll
0x00007ffbe1030000 - 0x00007ffbe103c000 	C:\WINDOWS\SYSTEM32\netutils.dll
0x00007ffbbd2c0000 - 0x00007ffbbd372000 	C:\WINDOWS\WinSxS\amd64_microsoft.windows.common-controls_6595b64144ccf1df_5.82.22000.1_none_271a8fad6a2d1b1e\COMCTL32.dll
0x00007ffbd86d0000 - 0x00007ffbd86ee000 	C:\WINDOWS\SYSTEM32\dhcpcsvc.DLL
0x00007ffbe4030000 - 0x00007ffbe4061000 	C:\WINDOWS\System32\IMM32.DLL
0x00007ffbe1c10000 - 0x00007ffbe1c22000 	C:\WINDOWS\SYSTEM32\MSASN1.dll
0x00007ffbe1510000 - 0x00007ffbe1528000 	C:\WINDOWS\SYSTEM32\kernel.appcore.dll
0x00007ffb7b860000 - 0x00007ffb7bd77000 	C:\Xilinx\Vivado\2019.1\lib\win64.o\librdi_commontasks.dll
0x00007ffbd70a0000 - 0x00007ffbd70aa000 	C:\WINDOWS\SYSTEM32\VERSION.dll
0x00007ffb7b5d0000 - 0x00007ffb7b856000 	C:\Xilinx\Vivado\2019.1\lib\win64.o\librdi_sio.dll
0x00007ffbe1040000 - 0x00007ffbe106d000 	C:\WINDOWS\SYSTEM32\IPHLPAPI.DLL
0x00000000664b0000 - 0x0000000066ed5000 	C:\Xilinx\Vivado\2019.1\tps\win64\jre9.0.4\bin\server\jvm.dll
0x00007ffbe4b00000 - 0x00007ffbe4b08000 	C:\WINDOWS\System32\PSAPI.DLL
0x00007ffbd8180000 - 0x00007ffbd81b3000 	C:\WINDOWS\SYSTEM32\WINMM.dll
0x00007ffbe1970000 - 0x00007ffbe19d7000 	C:\WINDOWS\SYSTEM32\MSWSOCK.DLL
0x00007ffb92800000 - 0x00007ffb928ef000 	C:\WINDOWS\SYSTEM32\MSVCR120.dll
0x00007ffbe0490000 - 0x00007ffbe0cf8000 	C:\WINDOWS\SYSTEM32\windows.storage.dll
0x00007ffbe0320000 - 0x00007ffbe0486000 	C:\WINDOWS\SYSTEM32\wintypes.dll
0x00007ffb78800000 - 0x00007ffb7acbc000 	C:\Xilinx\Vivado\2019.1\lib\win64.o\librdi_tcltasks.dll
0x00007ffb78090000 - 0x00007ffb78498000 	C:\Xilinx\Vivado\2019.1\lib\win64.o\librdi_bitstream.dll
0x00007ffb7b4e0000 - 0x00007ffb7b5cb000 	C:\Xilinx\Vivado\2019.1\lib\win64.o\librdi_chipscope.dll
0x00007ffb7b340000 - 0x00007ffb7b4d1000 	C:\Xilinx\Vivado\2019.1\lib\win64.o\librdi_board.dll
0x00007ffb7b2c0000 - 0x00007ffb7b338000 	C:\Xilinx\Vivado\2019.1\lib\win64.o\librdi_boarddep.dll
0x00007ffb77ed0000 - 0x00007ffb7808d000 	C:\Xilinx\Vivado\2019.1\lib\win64.o\librdi_chipscopeimpl.dll
0x00007ffb764e0000 - 0x00007ffb77eca000 	C:\Xilinx\Vivado\2019.1\lib\win64.o\librdi_constraints.dll
0x00007ffb744c0000 - 0x00007ffb74616000 	C:\Xilinx\Vivado\2019.1\lib\win64.o\librdi_containers.dll
0x00007ffb74620000 - 0x00007ffb764d1000 	C:\Xilinx\Vivado\2019.1\lib\win64.o\librdi_coregen.dll
0x00007ffb73de0000 - 0x00007ffb744ba000 	C:\Xilinx\Vivado\2019.1\lib\win64.o\librdi_coregenipxact.dll
0x00007ffb5d3c0000 - 0x00007ffb5d95a000 	C:\Xilinx\Vivado\2019.1\lib\win64.o\librdi_drc.dll
0x00007ffb5d0a0000 - 0x00007ffb5d3be000 	C:\Xilinx\Vivado\2019.1\lib\win64.o\librdi_dlyest.dll
0x00007ffb6fd90000 - 0x00007ffb73dd3000 	C:\Xilinx\Vivado\2019.1\lib\win64.o\librdi_designutils.dll
0x00007ffb5cfd0000 - 0x00007ffb5d094000 	C:\Xilinx\Vivado\2019.1\lib\win64.o\librdi_dsp.dll
0x00007ffb5c980000 - 0x00007ffb5cfcd000 	C:\Xilinx\Vivado\2019.1\lib\win64.o\librdi_filemgmt.dll
0x00007ffb5c620000 - 0x00007ffb5c685000 	C:\Xilinx\Vivado\2019.1\lib\win64.o\librdi_hdf.dll
0x00007ffb5d960000 - 0x00007ffb6fd8c000 	C:\Xilinx\Vivado\2019.1\lib\win64.o\librdi_device.dll
0x00007ffb5c690000 - 0x00007ffb5c973000 	C:\Xilinx\Vivado\2019.1\lib\win64.o\librdi_guitools.dll
0x00007ffb5aa40000 - 0x00007ffb5b055000 	C:\Xilinx\Vivado\2019.1\lib\win64.o\librdi_memdata.dll
0x00007ffb5b060000 - 0x00007ffb5c620000 	C:\Xilinx\Vivado\2019.1\lib\win64.o\librdi_implflow.dll
0x00007ffb576a0000 - 0x00007ffb57d42000 	C:\Xilinx\Vivado\2019.1\lib\win64.o\librdi_netlist.dll
0x00007ffb57d50000 - 0x00007ffb5aa36000 	C:\Xilinx\Vivado\2019.1\lib\win64.o\librdi_mig.dll
0x00007ffb55020000 - 0x00007ffb57696000 	C:\Xilinx\Vivado\2019.1\lib\win64.o\librdi_place.dll
0x00007ffb54d10000 - 0x00007ffb5501f000 	C:\Xilinx\Vivado\2019.1\lib\win64.o\librdi_platform.dll
0x00007ffb54c90000 - 0x00007ffb54d03000 	C:\Xilinx\Vivado\2019.1\lib\win64.o\librdi_memoryarray.dll
0x00007ffb54710000 - 0x00007ffb54c8f000 	C:\Xilinx\Vivado\2019.1\lib\win64.o\librdi_project.dll
0x00007ffb53fc0000 - 0x00007ffb5470a000 	C:\Xilinx\Vivado\2019.1\lib\win64.o\librdi_power.dll
0x00007ffb538b0000 - 0x00007ffb53fb9000 	C:\Xilinx\Vivado\2019.1\lib\win64.o\librdi_psta.dll
0x00007ffb531a0000 - 0x00007ffb538a6000 	C:\Xilinx\Vivado\2019.1\lib\win64.o\librdi_rsb.dll
0x00007ffb52da0000 - 0x00007ffb53191000 	C:\Xilinx\Vivado\2019.1\lib\win64.o\librdi_runs.dll
0x00007ffb52b40000 - 0x00007ffb52d96000 	C:\Xilinx\Vivado\2019.1\lib\win64.o\librdi_simdata.dll
0x00007ffb92170000 - 0x00007ffb921bb000 	C:\Xilinx\Vivado\2019.1\lib\win64.o\librdi_pfi.dll
0x00007ffb51d20000 - 0x00007ffb52b31000 	C:\Xilinx\Vivado\2019.1\lib\win64.o\librdi_timing.dll
0x00007ffb51c20000 - 0x00007ffb51d1a000 	C:\Xilinx\Vivado\2019.1\lib\win64.o\librdi_runsbase.dll
0x00007ffb51aa0000 - 0x00007ffb51c12000 	C:\Xilinx\Vivado\2019.1\lib\win64.o\librdi_advchipscopeimpl.dll
0x00007ffb519d0000 - 0x00007ffb51a92000 	C:\Xilinx\Vivado\2019.1\lib\win64.o\librdi_ipconfig_readwrite.dll
0x00007ffb517e0000 - 0x00007ffb51823000 	C:\Xilinx\Vivado\2019.1\lib\win64.o\librdi_noc_frameworks.dll
0x00007ffb51830000 - 0x00007ffb519cf000 	C:\Xilinx\Vivado\2019.1\lib\win64.o\librdi_hip_devdesign.dll
0x00007ffb51790000 - 0x00007ffb517dc000 	C:\Xilinx\Vivado\2019.1\lib\win64.o\libboost_serialization.dll
0x00007ffb50c40000 - 0x00007ffb51787000 	C:\Xilinx\Vivado\2019.1\lib\win64.o\libverific.dll
0x00007ffb50ba0000 - 0x00007ffb50c3e000 	C:\Xilinx\Vivado\2019.1\lib\win64.o\libise.dll
0x00007ffb507b0000 - 0x00007ffb50b95000 	C:\Xilinx\Vivado\2019.1\lib\win64.o\librdi_hip_config.dll
0x00007ffb927c0000 - 0x00007ffb92800000 	C:\Xilinx\Vivado\2019.1\lib\win64.o\librdi_wavedata_SimpleApi.dll
0x00007ffb50260000 - 0x00007ffb507ae000 	C:\Xilinx\Vivado\2019.1\lib\win64.o\librdi_xdm.dll
0x00007ffb4fc60000 - 0x00007ffb5025c000 	C:\Xilinx\Vivado\2019.1\lib\win64.o\librdi_wavedata.dll
0x00007ffb926b0000 - 0x00007ffb926ef000 	C:\Xilinx\Vivado\2019.1\lib\win64.o\librdi_schedmon.dll
0x00007ffb4cb00000 - 0x00007ffb4dc8d000 	C:\Xilinx\Vivado\2019.1\lib\win64.o\librdi_route.dll
0x00007ffb4ca70000 - 0x00007ffb4caf8000 	C:\Xilinx\Vivado\2019.1\lib\win64.o\librdi_meir_core.dll

VM Arguments:
jvm_args: -Dsun.java2d.pmoffscreen=false -Dsun.java2d.xrender=false -Dsun.java2d.d3d=false -Dsun.awt.nopixfmt=true -Dsun.java2d.dpiaware=true -Dsun.java2d.uiScale.enabled=false -Xverify:none -Dswing.aatext=true -XX:-UsePerfData -Djdk.map.althashing.threshold=512 -XX:StringTableSize=4072 --add-opens=java.base/java.nio=ALL-UNNAMED --add-opens=java.desktop/sun.swing=ALL-UNNAMED --add-opens=java.desktop/javax.swing=ALL-UNNAMED --add-opens=java.desktop/javax.swing.tree=ALL-UNNAMED --add-opens=java.desktop/javax.swing.plaf.basic=ALL-UNNAMED --add-opens=java.desktop/javax.swing.plaf.synth=ALL-UNNAMED --add-opens=java.desktop/com.sun.awt=ALL-UNNAMED -XX:NewSize=60m -XX:MaxNewSize=60m -Xms128m -Xmx3072m -Xss5m 
java_command: <unknown>
java_class_path (initial): C:/Xilinx/Vivado/2019.1\lib\classes\alloy.jar;C:/Xilinx/Vivado/2019.1\lib\classes\autopilot.scelaborator.jar;C:/Xilinx/Vivado/2019.1\lib\classes\autopilot.sourceprocessor.jar;C:/Xilinx/Vivado/2019.1\lib\classes\autopilot.tbprocessor.jar;C:/Xilinx/Vivado/2019.1\lib\classes\batik-anim.jar;C:/Xilinx/Vivado/2019.1\lib\classes\batik-awt-util.jar;C:/Xilinx/Vivado/2019.1\lib\classes\batik-bridge.jar;C:/Xilinx/Vivado/2019.1\lib\classes\batik-codec.jar;C:/Xilinx/Vivado/2019.1\lib\classes\batik-css.jar;C:/Xilinx/Vivado/2019.1\lib\classes\batik-dom.jar;C:/Xilinx/Vivado/2019.1\lib\classes\batik-ext.jar;C:/Xilinx/Vivado/2019.1\lib\classes\batik-gui-util.jar;C:/Xilinx/Vivado/2019.1\lib\classes\batik-gvt.jar;C:/Xilinx/Vivado/2019.1\lib\classes\batik-parser.jar;C:/Xilinx/Vivado/2019.1\lib\classes\batik-script.jar;C:/Xilinx/Vivado/2019.1\lib\classes\batik-svg-dom.jar;C:/Xilinx/Vivado/2019.1\lib\classes\batik-swing.jar;C:/Xilinx/Vivado/2019.1\lib\classes\batik-transcoder.jar;C:/Xilinx/Vivado/2019.1\lib\classes\batik-util.jar;C:/Xilinx/Vivado/2019.1\lib\classes\batik-xml.jar;C:/Xilinx/Vivado/2019.1\lib\classes\com.google.gson_2.7.0.v20170129-0911.jar;C:/Xilinx/Vivado/2019.1\lib\classes\com.google.guava_21.0.0.v20170206-1425.jar;C:/Xilinx/Vivado/2019.1\lib\classes\com.google.inject_3.0.0.v201605172100.jar;C:/Xilinx/Vivado/2019.1\lib\classes\com.ibm.icu_4.4.2.v20110208.jar;C:/Xilinx/Vivado/2019.1\lib\classes\com.sigasi.hdt.annotations.runtime_4.3.0.201903071210.jar;C:/Xilinx/Vivado/2019.1\lib\classes\com.sigasi.hdt.blockdiagram.model_4.3.0.201903071210.jar;C:/Xilinx/Vivado/2019.1\lib\classes\com.sigasi.hdt.connection_4.3.0.201903071210.jar;C:/Xilinx/Vivado/2019.1\lib\classes\com.sigasi.hdt.dependencies.model_4.3.0.201903071210.jar;C:/Xilinx/Vivado/2019.1\lib\classes\com.sigasi.hdt.epl_4.3.0.201903071210.jar;C:/Xilinx/Vivado/2019.1\lib\classes\com.sigasi.hdt.graphics.model_4.3.0.201903071210.jar;C:/Xilinx/Vivado/2019.1\lib\classes\com.sigasi.hdt.project_4.3.0
Launcher Type: generic

Logging:
Log output configuration:
#0: stdout all=warning uptime,level,tags
#1: stderr all=off uptime,level,tags

Environment Variables:
PATH=C:/Xilinx/Vivado/2019.1/bin;C:/Xilinx/Vivado/2019.1/lib/win64.o;C:/Xilinx/Vivado/2019.1/tps/win64/jre9.0.4/bin/server;C:/Xilinx/Vivado/2019.1/tps/win64/jre9.0.4/bin;C:/Xilinx/Vivado/2019.1/ids_lite/ISE/bin/nt64;C:/Xilinx/Vivado/2019.1/ids_lite/ISE/lib/nt64;C:\Program Files (x86)\Common Files\Intel\Shared Libraries\redist\intel64\compiler;C:\ProgramData\Oracle\Java\javapath;C:\WINDOWS\system32;C:\WINDOWS;C:\WINDOWS\System32\Wbem;C:\WINDOWS\System32\WindowsPowerShell\v1.0\;C:\WINDOWS\System32\OpenSSH\;C:\Program Files\Polyspace\R2019a\runtime\win64;C:\Program Files\Polyspace\R2019a\bin;C:\Program Files\Polyspace\R2019a\polyspace\bin;C:\Program Files\Git\cmd;C:\Users\carlo\AppData\Local\Microsoft\WindowsApps;C:\Users\carlo\.dotnet\tools;C:\Program Files\Graphviz\bin;C:\Users\carlo\AppData\Local\GitHubDesktop\bin;C:/Xilinx/Vivado/2019.1\tps\mingw\6.2.0\win64.o\nt\bin;C:/Xilinx/Vivado/2019.1\tps\mingw\6.2.0\win64.o\nt\libexec\gcc\x86_64-w64-mingw32\6.2.0;C:/Xilinx/Vivado/2019.1\tps\win64\python-2.7.5;C:/Xilinx/Vivado/2019.1\tps\win64\python-2.7.5\lib;C:/Xilinx/Vivado/2019.1\tps\win64\python-2.7.5\Lib\lib-tk;C:/Xilinx/Vivado/2019.1\tps\win64\python-2.7.5\lib\site-packages
USERNAME=Andrey
OS=Windows_NT
PROCESSOR_IDENTIFIER=Intel64 Family 6 Model 142 Stepping 12, GenuineIntel



---------------  S Y S T E M  ---------------

OS: Windows 10 , 64 bit Build 22000 (10.0.22000.708)

CPU:total 8 (initial active 8) (4 cores per cpu, 2 threads per core) family 6 model 142 stepping 12, cmov, cx8, fxsr, mmx, sse, sse2, sse3, ssse3, sse4.1, sse4.2, popcnt, avx, avx2, aes, clmul, erms, 3dnowpref, lzcnt, ht, tsc, tscinvbit, bmi1, bmi2, adx, fma

Memory: 4k page, physical 8193768k(2174452k free), swap 17630952k(9380196k free)

vm_info: Java HotSpot(TM) 64-Bit Server VM (9.0.4+11) for windows-amd64 JRE (9.0.4+11), built on Dec 20 2017 02:18:54 by "mach5one" with MS VC++ 12.0 (VS2013)

END.
