#-----------------------------------------------------------
# Vivado v2019.1 (64-bit)
# SW Build 2552052 on Fri May 24 14:49:42 MDT 2019
# IP Build 2548770 on Fri May 24 18:01:18 MDT 2019
# Start of session at: Wed Sep 14 19:32:15 2022
# Process ID: 22520
# Current directory: C:/Users/carlo/Andrey/TEC/Semestre_II_2022/Taller_Digitales/Laboratorios/Lab3/Respaldo/Ejercicios_13_9_2022/Proyectos/Ejercicio1
# Command line: vivado.exe -gui_launcher_event rodinguilauncherevent22416 C:\Users\carlo\Andrey\TEC\Semestre_II_2022\Taller_Digitales\Laboratorios\Lab3\Respaldo\Ejercicios_13_9_2022\Proyectos\Ejercicio1\vivado_project.xpr
# Log file: C:/Users/carlo/Andrey/TEC/Semestre_II_2022/Taller_Digitales/Laboratorios/Lab3/Respaldo/Ejercicios_13_9_2022/Proyectos/Ejercicio1/vivado.log
# Journal file: C:/Users/carlo/Andrey/TEC/Semestre_II_2022/Taller_Digitales/Laboratorios/Lab3/Respaldo/Ejercicios_13_9_2022/Proyectos/Ejercicio1\vivado.jou
#-----------------------------------------------------------
Sourcing tcl script 'C:/Users/carlo/AppData/Roaming/Xilinx/Vivado/Vivado_init.tcl'
start_gui
open_project C:/Users/carlo/Andrey/TEC/Semestre_II_2022/Taller_Digitales/Laboratorios/Lab3/Respaldo/Ejercicios_13_9_2022/Proyectos/Ejercicio1/vivado_project.xpr
INFO: [ProjectBase 1-489] The host OS only allows 260 characters in a normal path. The project is stored in a path with more than 80 characters. If you experience issues with IP, Block Designs, or files not being found, please consider moving the project to a location with a shorter path. Alternately consider using the OS subst command to map part of the path to a drive letter.
Current project path is 'C:/Users/carlo/Andrey/TEC/Semestre_II_2022/Taller_Digitales/Laboratorios/Lab3/Respaldo/Ejercicios_13_9_2022/Proyectos/Ejercicio1'
Scanning sources...
Finished scanning sources
INFO: [IP_Flow 19-234] Refreshing IP repositories
INFO: [IP_Flow 19-1704] No user IP repositories specified
INFO: [IP_Flow 19-2313] Loaded Vivado IP repository 'C:/Xilinx/Vivado/2019.1/data/ip'.
open_project: Time (s): cpu = 00:00:14 ; elapsed = 00:00:06 . Memory (MB): peak = 717.910 ; gain = 90.254
update_compile_order -fileset sources_1
launch_simulation
INFO: [Vivado 12-5698] Checking validity of IPs in the design for the 'XSim' simulator...
INFO: [Vivado 12-5682] Launching behavioral simulation in 'C:/Users/carlo/Andrey/TEC/Semestre_II_2022/Taller_Digitales/Laboratorios/Lab3/Respaldo/Ejercicios_13_9_2022/Proyectos/Ejercicio1/vivado_project.sim/sim_1/behav/xsim'
INFO: [Vivado 12-4795] Using compiled simulation libraries for IPs
INFO: [SIM-utils-51] Simulation object is 'sim_1'
INFO: [USF-XSim-7] Finding pre-compiled libraries...
INFO: [USF-XSim-11] File 'C:/Xilinx/Vivado/2019.1/data/xsim/xsim.ini' copied to run dir:'C:/Users/carlo/Andrey/TEC/Semestre_II_2022/Taller_Digitales/Laboratorios/Lab3/Respaldo/Ejercicios_13_9_2022/Proyectos/Ejercicio1/vivado_project.sim/sim_1/behav/xsim'
INFO: [SIM-utils-54] Inspecting design source files for 'prueba' in fileset 'sim_1'...
INFO: [USF-XSim-97] Finding global include files...
INFO: [USF-XSim-98] Fetching design files from 'sim_1'...
INFO: [USF-XSim-2] XSim::Compile design
INFO: [USF-XSim-61] Executing 'COMPILE and ANALYZE' step in 'C:/Users/carlo/Andrey/TEC/Semestre_II_2022/Taller_Digitales/Laboratorios/Lab3/Respaldo/Ejercicios_13_9_2022/Proyectos/Ejercicio1/vivado_project.sim/sim_1/behav/xsim'
"xvlog --incr --relax -prj prueba_vlog.prj"
INFO: [USF-XSim-69] 'compile' step finished in '2' seconds
INFO: [USF-XSim-3] XSim::Elaborate design
INFO: [USF-XSim-61] Executing 'ELABORATE' step in 'C:/Users/carlo/Andrey/TEC/Semestre_II_2022/Taller_Digitales/Laboratorios/Lab3/Respaldo/Ejercicios_13_9_2022/Proyectos/Ejercicio1/vivado_project.sim/sim_1/behav/xsim'
"xelab -wto 138f69d74fe1419f9b5513a152237c88 --incr --debug typical --relax --mt 2 -L xil_defaultlib -L unisims_ver -L unimacro_ver -L secureip -L xpm --snapshot prueba_behav xil_defaultlib.prueba xil_defaultlib.glbl -log elaborate.log"
Vivado Simulator 2019.1
Copyright 1986-1999, 2001-2019 Xilinx, Inc. All Rights Reserved.
Running: C:/Xilinx/Vivado/2019.1/bin/unwrapped/win64.o/xelab.exe -wto 138f69d74fe1419f9b5513a152237c88 --incr --debug typical --relax --mt 2 -L xil_defaultlib -L unisims_ver -L unimacro_ver -L secureip -L xpm --snapshot prueba_behav xil_defaultlib.prueba xil_defaultlib.glbl -log elaborate.log 
Using 2 slave threads.
Starting static elaboration
Completed static elaboration
INFO: [XSIM 43-4323] No Change in HDL. Linking previously generated obj files to create kernel
INFO: [USF-XSim-69] 'elaborate' step finished in '2' seconds
INFO: [USF-XSim-4] XSim::Simulate design
INFO: [USF-XSim-61] Executing 'SIMULATE' step in 'C:/Users/carlo/Andrey/TEC/Semestre_II_2022/Taller_Digitales/Laboratorios/Lab3/Respaldo/Ejercicios_13_9_2022/Proyectos/Ejercicio1/vivado_project.sim/sim_1/behav/xsim'
INFO: [USF-XSim-98] *** Running xsim
   with args "prueba_behav -key {Behavioral:sim_1:Functional:prueba} -tclbatch {prueba.tcl} -view {C:/Users/carlo/Andrey/TEC/Semestre_II_2022/Taller_Digitales/Laboratorios/Lab3/Respaldo/Ejercicios_13_9_2022/Proyectos/Ejercicio1/prueba_behav.wcfg} -log {simulate.log}"
INFO: [USF-XSim-8] Loading simulator feature
Vivado Simulator 2019.1
Time resolution is 1 ps
open_wave_config C:/Users/carlo/Andrey/TEC/Semestre_II_2022/Taller_Digitales/Laboratorios/Lab3/Respaldo/Ejercicios_13_9_2022/Proyectos/Ejercicio1/prueba_behav.wcfg
source prueba.tcl
# set curr_wave [current_wave_config]
# if { [string length $curr_wave] == 0 } {
#   if { [llength [get_objects]] > 0} {
#     add_wave /
#     set_property needs_save false [current_wave_config]
#   } else {
#      send_msg_id Add_Wave-1 WARNING "No top level signals found. Simulator will start without a wave window. If you want to open a wave window go to 'File->New Waveform Configuration' or type 'create_wave_config' in the TCL console."
#   }
# }
# run 1000ns
xsim: Time (s): cpu = 00:00:07 ; elapsed = 00:00:05 . Memory (MB): peak = 745.711 ; gain = 13.492
INFO: [USF-XSim-96] XSim completed. Design snapshot 'prueba_behav' loaded.
INFO: [USF-XSim-97] XSim simulation ran for 1000ns
launch_simulation: Time (s): cpu = 00:00:10 ; elapsed = 00:00:10 . Memory (MB): peak = 745.711 ; gain = 13.492
run all
save_wave_config {C:/Users/carlo/Andrey/TEC/Semestre_II_2022/Taller_Digitales/Laboratorios/Lab3/Respaldo/Ejercicios_13_9_2022/Proyectos/Ejercicio1/prueba_behav.wcfg}
close_sim
INFO: [Simtcl 6-16] Simulation closed
launch_simulation
INFO: [Vivado 12-5698] Checking validity of IPs in the design for the 'XSim' simulator...
INFO: [Vivado 12-5682] Launching behavioral simulation in 'C:/Users/carlo/Andrey/TEC/Semestre_II_2022/Taller_Digitales/Laboratorios/Lab3/Respaldo/Ejercicios_13_9_2022/Proyectos/Ejercicio1/vivado_project.sim/sim_1/behav/xsim'
INFO: [Vivado 12-4795] Using compiled simulation libraries for IPs
INFO: [SIM-utils-51] Simulation object is 'sim_1'
INFO: [USF-XSim-7] Finding pre-compiled libraries...
INFO: [USF-XSim-11] File 'C:/Xilinx/Vivado/2019.1/data/xsim/xsim.ini' copied to run dir:'C:/Users/carlo/Andrey/TEC/Semestre_II_2022/Taller_Digitales/Laboratorios/Lab3/Respaldo/Ejercicios_13_9_2022/Proyectos/Ejercicio1/vivado_project.sim/sim_1/behav/xsim'
INFO: [SIM-utils-54] Inspecting design source files for 'prueba' in fileset 'sim_1'...
INFO: [USF-XSim-97] Finding global include files...
INFO: [USF-XSim-98] Fetching design files from 'sim_1'...
INFO: [USF-XSim-2] XSim::Compile design
INFO: [USF-XSim-61] Executing 'COMPILE and ANALYZE' step in 'C:/Users/carlo/Andrey/TEC/Semestre_II_2022/Taller_Digitales/Laboratorios/Lab3/Respaldo/Ejercicios_13_9_2022/Proyectos/Ejercicio1/vivado_project.sim/sim_1/behav/xsim'
"xvlog --incr --relax -prj prueba_vlog.prj"
INFO: [VRFC 10-2263] Analyzing SystemVerilog file "C:/Users/carlo/Andrey/TEC/Semestre_II_2022/Taller_Digitales/Laboratorios/Lab3/Respaldo/Ejercicios_13_9_2022/Ejercicio1/module_bebe_sweept.sv" into library xil_defaultlib
INFO: [VRFC 10-311] analyzing module module_bebe_sweept
INFO: [VRFC 10-2263] Analyzing SystemVerilog file "C:/Users/carlo/Andrey/TEC/Semestre_II_2022/Taller_Digitales/Laboratorios/Lab3/Respaldo/Ejercicios_13_9_2022/Ejercicio1/module_clock_mux_divider.sv" into library xil_defaultlib
INFO: [VRFC 10-311] analyzing module module_clock_mux_divider
INFO: [VRFC 10-2263] Analyzing SystemVerilog file "C:/Users/carlo/Andrey/TEC/Semestre_II_2022/Taller_Digitales/Laboratorios/Lab3/Respaldo/Ejercicios_13_9_2022/Ejercicio1/module_control_led_rgb.sv" into library xil_defaultlib
INFO: [VRFC 10-311] analyzing module module_control_led_rgb
INFO: [VRFC 10-2263] Analyzing SystemVerilog file "C:/Users/carlo/Andrey/TEC/Semestre_II_2022/Taller_Digitales/Laboratorios/Lab3/Respaldo/Ejercicios_13_9_2022/Ejercicio1/module_leds_rgb.sv" into library xil_defaultlib
INFO: [VRFC 10-311] analyzing module module_leds_rgb
INFO: [VRFC 10-2263] Analyzing SystemVerilog file "C:/Users/carlo/Andrey/TEC/Semestre_II_2022/Taller_Digitales/Laboratorios/Lab3/Respaldo/Ejercicios_13_9_2022/Proyectos/Ejercicio1/vivado_project.srcs/sources_1/new/module_pseudo_random.sv" into library xil_defaultlib
INFO: [VRFC 10-311] analyzing module module_pseudo_random
INFO: [VRFC 10-2263] Analyzing SystemVerilog file "C:/Users/carlo/Andrey/TEC/Semestre_II_2022/Taller_Digitales/Laboratorios/Lab3/Respaldo/Ejercicios_13_9_2022/Ejercicio1/module_register_pp.sv" into library xil_defaultlib
INFO: [VRFC 10-311] analyzing module module_register_pp
INFO: [VRFC 10-2263] Analyzing SystemVerilog file "C:/Users/carlo/Andrey/TEC/Semestre_II_2022/Taller_Digitales/Laboratorios/Lab3/Respaldo/Ejercicios_13_9_2022/Ejercicio1/module_registros.sv" into library xil_defaultlib
INFO: [VRFC 10-311] analyzing module module_registros
INFO: [VRFC 10-2263] Analyzing SystemVerilog file "C:/Users/carlo/Andrey/TEC/Semestre_II_2022/Taller_Digitales/Laboratorios/Lab3/Respaldo/Ejercicios_13_9_2022/Ejercicio1/module_seg7_control.sv" into library xil_defaultlib
INFO: [VRFC 10-311] analyzing module module_seg7_control
INFO: [VRFC 10-2263] Analyzing SystemVerilog file "C:/Users/carlo/Andrey/TEC/Semestre_II_2022/Taller_Digitales/Laboratorios/Lab3/Respaldo/Ejercicios_13_9_2022/Ejercicio1/module_view_display.sv" into library xil_defaultlib
INFO: [VRFC 10-311] analyzing module module_view_display
INFO: [VRFC 10-2263] Analyzing SystemVerilog file "C:/Users/carlo/Andrey/TEC/Semestre_II_2022/Taller_Digitales/Laboratorios/Lab3/Respaldo/Ejercicios_13_9_2022/Ejercicio1/top_module_7seg_v3.sv" into library xil_defaultlib
INFO: [VRFC 10-311] analyzing module top_module_7seg_v3
INFO: [VRFC 10-2263] Analyzing SystemVerilog file "C:/Users/carlo/Andrey/TEC/Semestre_II_2022/Taller_Digitales/Laboratorios/Lab3/Respaldo/Ejercicios_13_9_2022/Ejercicio1/prueba.sv" into library xil_defaultlib
INFO: [VRFC 10-311] analyzing module prueba
INFO: [USF-XSim-69] 'compile' step finished in '1' seconds
INFO: [USF-XSim-3] XSim::Elaborate design
INFO: [USF-XSim-61] Executing 'ELABORATE' step in 'C:/Users/carlo/Andrey/TEC/Semestre_II_2022/Taller_Digitales/Laboratorios/Lab3/Respaldo/Ejercicios_13_9_2022/Proyectos/Ejercicio1/vivado_project.sim/sim_1/behav/xsim'
"xelab -wto 138f69d74fe1419f9b5513a152237c88 --incr --debug typical --relax --mt 2 -L xil_defaultlib -L unisims_ver -L unimacro_ver -L secureip -L xpm --snapshot prueba_behav xil_defaultlib.prueba xil_defaultlib.glbl -log elaborate.log"
Vivado Simulator 2019.1
Copyright 1986-1999, 2001-2019 Xilinx, Inc. All Rights Reserved.
Running: C:/Xilinx/Vivado/2019.1/bin/unwrapped/win64.o/xelab.exe -wto 138f69d74fe1419f9b5513a152237c88 --incr --debug typical --relax --mt 2 -L xil_defaultlib -L unisims_ver -L unimacro_ver -L secureip -L xpm --snapshot prueba_behav xil_defaultlib.prueba xil_defaultlib.glbl -log elaborate.log 
Using 2 slave threads.
Starting static elaboration
Completed static elaboration
Starting simulation data flow analysis
Completed simulation data flow analysis
Time Resolution for simulation is 1ps
Compiling module unisims_ver.BUFG
Compiling module unisims_ver.IBUF
Compiling module unisims_ver.PLLE2_ADV(CLKFBOUT_MULT=41,CLKIN...
Compiling module xil_defaultlib.WCLK_WCLK_clk_wiz
Compiling module xil_defaultlib.WCLK
Compiling module xil_defaultlib.module_clock_mux_divider
Compiling module xil_defaultlib.module_pseudo_random
Compiling module xil_defaultlib.module_bebe_sweept
Compiling module xil_defaultlib.module_view_display
Compiling module xil_defaultlib.module_register_pp
Compiling module xil_defaultlib.module_registros
Compiling module xil_defaultlib.module_seg7_control
Compiling module xil_defaultlib.module_leds_rgb
Compiling module xil_defaultlib.module_control_led_rgb
Compiling module xil_defaultlib.top_module_7seg_v3
Compiling module xil_defaultlib.prueba
Compiling module xil_defaultlib.glbl
Built simulation snapshot prueba_behav
INFO: [USF-XSim-69] 'elaborate' step finished in '3' seconds
INFO: [USF-XSim-4] XSim::Simulate design
INFO: [USF-XSim-61] Executing 'SIMULATE' step in 'C:/Users/carlo/Andrey/TEC/Semestre_II_2022/Taller_Digitales/Laboratorios/Lab3/Respaldo/Ejercicios_13_9_2022/Proyectos/Ejercicio1/vivado_project.sim/sim_1/behav/xsim'
INFO: [USF-XSim-98] *** Running xsim
   with args "prueba_behav -key {Behavioral:sim_1:Functional:prueba} -tclbatch {prueba.tcl} -view {C:/Users/carlo/Andrey/TEC/Semestre_II_2022/Taller_Digitales/Laboratorios/Lab3/Respaldo/Ejercicios_13_9_2022/Proyectos/Ejercicio1/prueba_behav.wcfg} -log {simulate.log}"
INFO: [USF-XSim-8] Loading simulator feature
Vivado Simulator 2019.1
Time resolution is 1 ps
open_wave_config C:/Users/carlo/Andrey/TEC/Semestre_II_2022/Taller_Digitales/Laboratorios/Lab3/Respaldo/Ejercicios_13_9_2022/Proyectos/Ejercicio1/prueba_behav.wcfg
WARNING: Simulation object /prueba/top_module_7seg_v3/clock_divider/flag_counter was not found in the design.
source prueba.tcl
# set curr_wave [current_wave_config]
# if { [string length $curr_wave] == 0 } {
#   if { [llength [get_objects]] > 0} {
#     add_wave /
#     set_property needs_save false [current_wave_config]
#   } else {
#      send_msg_id Add_Wave-1 WARNING "No top level signals found. Simulator will start without a wave window. If you want to open a wave window go to 'File->New Waveform Configuration' or type 'create_wave_config' in the TCL console."
#   }
# }
# run 1000ns
INFO: [USF-XSim-96] XSim completed. Design snapshot 'prueba_behav' loaded.
INFO: [USF-XSim-97] XSim simulation ran for 1000ns
launch_simulation: Time (s): cpu = 00:00:06 ; elapsed = 00:00:10 . Memory (MB): peak = 786.734 ; gain = 0.000
run all
close_sim
INFO: [Simtcl 6-16] Simulation closed
exit
INFO: [Common 17-206] Exiting Vivado at Wed Sep 14 19:37:26 2022...
