#
# A fatal error has been detected by the Java Runtime Environment:
#
#  EXCEPTION_ACCESS_VIOLATION (0xc0000005) at pc=0x00007ffa3ec73370, pid=14144, tid=6804
#
# JRE version: Java(TM) SE Runtime Environment (9.0+11) (build 9.0.4+11)
# Java VM: Java HotSpot(TM) 64-Bit Server VM (9.0.4+11, mixed mode, tiered, compressed oops, g1 gc, windows-amd64)
# Problematic frame:
# C  [librdi_wavedata.dll+0x453370]
#
# No core dump will be written. Minidumps are not enabled by default on client versions of Windows
#
# If you would like to submit a bug report, please visit:
#   http://bugreport.java.com/bugreport/crash.jsp
# The crash happened outside the Java Virtual Machine in native code.
# See problematic frame for where to report the bug.
#

---------------  S U M M A R Y ------------

Command Line: -Dsun.java2d.pmoffscreen=false -Dsun.java2d.xrender=false -Dsun.java2d.d3d=false -Dsun.awt.nopixfmt=true -Dsun.java2d.dpiaware=true -Dsun.java2d.uiScale.enabled=false -Xverify:none -Dswing.aatext=true -XX:-UsePerfData -Djdk.map.althashing.threshold=512 -XX:StringTableSize=4072 --add-opens=java.base/java.nio=ALL-UNNAMED --add-opens=java.desktop/sun.swing=ALL-UNNAMED --add-opens=java.desktop/javax.swing=ALL-UNNAMED --add-opens=java.desktop/javax.swing.tree=ALL-UNNAMED --add-opens=java.desktop/javax.swing.plaf.basic=ALL-UNNAMED --add-opens=java.desktop/javax.swing.plaf.synth=ALL-UNNAMED --add-opens=java.desktop/com.sun.awt=ALL-UNNAMED -XX:NewSize=60m -XX:MaxNewSize=60m -Xms128m -Xmx3072m -Xss5m 

Host: Intel(R) Core(TM) i5-10210U CPU @ 1.60GHz, 8 cores, 7G,  Windows 10 , 64 bit Build 22000 (10.0.22000.708)
Time: Sat Sep 24 12:42:27 2022 Hora estándar, América Central elapsed time: 13739 seconds (0d 3h 48m 59s)

---------------  T H R E A D  ---------------

Current thread (0x000002534dc85800):  JavaThread "AWT-EventQueue-1" [_thread_in_native, id=6804, stack(0x0000006bfcf00000,0x0000006bfd400000)]

Stack: [0x0000006bfcf00000,0x0000006bfd400000],  sp=0x0000006bfd3f4748,  free space=5073k
Native frames: (J=compiled Java code, j=interpreted, Vv=VM code, C=native code)
C  [librdi_wavedata.dll+0x453370]

Java frames: (J=compiled Java code, j=interpreted, Vv=VM code)
j  ui.views.waveform.waveformi.WVExecutive_getGraphicsDataSize(J)J+0
j  ui.views.waveform.executive.a.gEt()Ljava/io/ByteArrayInputStream;+8
j  ui.views.waveform.b.a.gEf()V+7
j  ui.views.waveform.b.a.fOl()V+1
j  ui.views.waveform.m.gDo()V+4
j  ui.views.waveform.m.cRi()V+11
j  ui.views.waveform.w.cRi()V+29
j  ui.views.waveform.c.b.j(Lui/frmwork/b/i;)V+92
j  ui.views.waveform.w.a(Lui/frmwork/b/i;)V+13
J 26448 c2 ui.frmwork.HTclEventBroker.i(JZ)V (471 bytes) @ 0x000002533da55cc4 [0x000002533da54c40+0x0000000000001084]
J 21093 c1 ui.frmwork.HTclEventBroker.fireTclEvent(J)I (113 bytes) @ 0x0000025336c6eecc [0x0000025336c6e6c0+0x000000000000080c]
v  ~StubRoutines::call_stub
j  ui.views.waveform.waveformi.WVExecutive_processModelEvent(JJ)V+0
j  ui.views.waveform.executive.a.eE(J)V+5
j  ui.views.waveform.c.b.eD(J)V+8
j  ui.views.waveform.c.b.j(Lui/frmwork/b/i;)V+133
j  ui.views.waveform.w.a(Lui/frmwork/b/i;)V+13
J 26448 c2 ui.frmwork.HTclEventBroker.i(JZ)V (471 bytes) @ 0x000002533da55cc4 [0x000002533da54c40+0x0000000000001084]
J 21093 c1 ui.frmwork.HTclEventBroker.fireTclEvent(J)I (113 bytes) @ 0x0000025336c6eecc [0x0000025336c6e6c0+0x000000000000080c]
v  ~StubRoutines::call_stub
j  ui.views.waveform.waveformi.WVExecutive_processModelEvent(JJ)V+0
j  ui.views.waveform.executive.a.eE(J)V+5
j  ui.views.waveform.c.b.eD(J)V+8
j  ui.views.waveform.c.e.actionPerformed(Ljava/awt/event/ActionEvent;)V+8
J 18178 c2 javax.swing.Timer.fireActionPerformed(Ljava/awt/event/ActionEvent;)V java.desktop@9.0.4 (46 bytes) @ 0x000002533cf87458 [0x000002533cf87340+0x0000000000000118]
J 24259 c2 javax.swing.Timer$DoPostEvent.run()V java.desktop@9.0.4 (82 bytes) @ 0x000002533d70b06c [0x000002533d70ad60+0x000000000000030c]
J 21690 c2 java.awt.EventQueue$3.run()Ljava/lang/Object; java.desktop@9.0.4 (5 bytes) @ 0x000002533ca5c550 [0x000002533ca5c000+0x0000000000000550]
v  ~StubRoutines::call_stub
J 3782  java.security.AccessController.doPrivileged(Ljava/security/PrivilegedAction;Ljava/security/AccessControlContext;)Ljava/lang/Object; java.base@9.0.4 (0 bytes) @ 0x000002533c05e5c6 [0x000002533c05e560+0x0000000000000066]
J 24356 c2 ui.frmwork.b.d.dispatchEvent(Ljava/awt/AWTEvent;)V (34 bytes) @ 0x000002533d74c150 [0x000002533d74bea0+0x00000000000002b0]
J 26748 c1 java.awt.EventDispatchThread.pumpOneEventForFilters(I)V java.desktop@9.0.4 (218 bytes) @ 0x0000025337728b94 [0x00000253377277c0+0x00000000000013d4]
J 19914 c2 java.awt.EventDispatchThread.pumpEventsForFilter(ILjava/awt/Conditional;Ljava/awt/EventFilter;)V java.desktop@9.0.4 (47 bytes) @ 0x000002533d11a98c [0x000002533d11a7e0+0x00000000000001ac]
j  java.awt.EventDispatchThread.pumpEventsForFilter(Ljava/awt/Conditional;Ljava/awt/EventFilter;)V+4 java.desktop@9.0.4
j  java.awt.WaitDispatchSupport$2.run()V+59 java.desktop@9.0.4
j  java.awt.WaitDispatchSupport$4.run()Ljava/lang/Void;+4 java.desktop@9.0.4
j  java.awt.WaitDispatchSupport$4.run()Ljava/lang/Object;+1 java.desktop@9.0.4
v  ~StubRoutines::call_stub
J 1034  java.security.AccessController.doPrivileged(Ljava/security/PrivilegedAction;)Ljava/lang/Object; java.base@9.0.4 (0 bytes) @ 0x000002533bea2332 [0x000002533bea22e0+0x0000000000000052]
j  java.awt.WaitDispatchSupport.enter()Z+260 java.desktop@9.0.4
j  java.awt.Dialog.show()V+225 java.desktop@9.0.4
J 25944 c1 java.awt.Dialog.setVisible(Z)V java.desktop@9.0.4 (6 bytes) @ 0x0000025337525c04 [0x00000253375259a0+0x0000000000000264]
j  ui.b.c.g.setVisible(Z)V+2
j  ui.b.c.by.showDialog()V+64
j  ui.b.c.bF.actionPerformed(Ljava/awt/event/ActionEvent;)V+8
j  ui.b.c.by.cJI()V+396
j  ui.views.c.t.b.a.run()V+60
j  ui.frmwork.a.dWF()Z+66
j  ui.frmwork.V.dYl()V+42
j  ui.bk.actionPerformed(Ljava/awt/event/ActionEvent;)V+25
j  javax.swing.AbstractButton.fireActionPerformed(Ljava/awt/event/ActionEvent;)V+84 java.desktop@9.0.4
j  ui.utils.o.b.B.fireActionPerformed(Ljava/awt/event/ActionEvent;)V+7
j  javax.swing.AbstractButton$Handler.actionPerformed(Ljava/awt/event/ActionEvent;)V+5 java.desktop@9.0.4
j  javax.swing.DefaultButtonModel.fireActionPerformed(Ljava/awt/event/ActionEvent;)V+34 java.desktop@9.0.4
J 21629 c1 javax.swing.DefaultButtonModel.setPressed(Z)V java.desktop@9.0.4 (125 bytes) @ 0x0000025334ad3744 [0x0000025334ad2880+0x0000000000000ec4]
j  javax.swing.plaf.basic.BasicButtonListener.mouseReleased(Ljava/awt/event/MouseEvent;)V+35 java.desktop@9.0.4
j  com.jidesoft.plaf.basic.BasicJideButtonListener.mouseReleased(Ljava/awt/event/MouseEvent;)V+61
J 21859 c2 java.awt.AWTEventMulticaster.mouseReleased(Ljava/awt/event/MouseEvent;)V java.desktop@9.0.4 (27 bytes) @ 0x000002533c97b934 [0x000002533c97b8c0+0x0000000000000074]
J 21859 c2 java.awt.AWTEventMulticaster.mouseReleased(Ljava/awt/event/MouseEvent;)V java.desktop@9.0.4 (27 bytes) @ 0x000002533c97b934 [0x000002533c97b8c0+0x0000000000000074]
J 21859 c2 java.awt.AWTEventMulticaster.mouseReleased(Ljava/awt/event/MouseEvent;)V java.desktop@9.0.4 (27 bytes) @ 0x000002533c97b934 [0x000002533c97b8c0+0x0000000000000074]
J 21517 c2 javax.swing.JComponent.processMouseEvent(Ljava/awt/event/MouseEvent;)V java.desktop@9.0.4 (27 bytes) @ 0x000002533d462b90 [0x000002533d4629a0+0x00000000000001f0]
J 24744 c2 java.awt.Container.processEvent(Ljava/awt/AWTEvent;)V java.desktop@9.0.4 (22 bytes) @ 0x000002533cb048fc [0x000002533cb04760+0x000000000000019c]
J 26752 c1 java.awt.Component.dispatchEventImpl(Ljava/awt/AWTEvent;)V java.desktop@9.0.4 (739 bytes) @ 0x0000025337733174 [0x000002533772f340+0x0000000000003e34]
J 26761 c1 java.awt.Container.dispatchEventImpl(Ljava/awt/AWTEvent;)V java.desktop@9.0.4 (129 bytes) @ 0x0000025337738f8c [0x0000025337738e60+0x000000000000012c]
J 26749 c1 java.awt.LightweightDispatcher.retargetMouseEvent(Ljava/awt/Component;ILjava/awt/event/MouseEvent;)V java.desktop@9.0.4 (350 bytes) @ 0x000002533772c40c [0x000002533772a120+0x00000000000022ec]
J 17110 c2 java.awt.LightweightDispatcher.processMouseEvent(Ljava/awt/event/MouseEvent;)Z java.desktop@9.0.4 (265 bytes) @ 0x000002533cdb4104 [0x000002533cdb3940+0x00000000000007c4]
J 12587 c1 java.awt.LightweightDispatcher.dispatchEvent(Ljava/awt/AWTEvent;)Z java.desktop@9.0.4 (73 bytes) @ 0x000002533687fb4c [0x000002533687f720+0x000000000000042c]
J 26761 c1 java.awt.Container.dispatchEventImpl(Ljava/awt/AWTEvent;)V java.desktop@9.0.4 (129 bytes) @ 0x0000025337738f2c [0x0000025337738e60+0x00000000000000cc]
J 26780 c1 java.awt.Window.dispatchEventImpl(Ljava/awt/AWTEvent;)V java.desktop@9.0.4 (23 bytes) @ 0x000002533774c374 [0x000002533774bda0+0x00000000000005d4]
J 21690 c2 java.awt.EventQueue$3.run()Ljava/lang/Object; java.desktop@9.0.4 (5 bytes) @ 0x000002533ca5c600 [0x000002533ca5c000+0x0000000000000600]
v  ~StubRoutines::call_stub
J 3782  java.security.AccessController.doPrivileged(Ljava/security/PrivilegedAction;Ljava/security/AccessControlContext;)Ljava/lang/Object; java.base@9.0.4 (0 bytes) @ 0x000002533c05e5c6 [0x000002533c05e560+0x0000000000000066]
J 16416 c2 java.awt.EventQueue$4.run()Ljava/lang/Object; java.desktop@9.0.4 (5 bytes) @ 0x000002533bfb2ad8 [0x000002533bfb2a60+0x0000000000000078]
v  ~StubRoutines::call_stub
J 3782  java.security.AccessController.doPrivileged(Ljava/security/PrivilegedAction;Ljava/security/AccessControlContext;)Ljava/lang/Object; java.base@9.0.4 (0 bytes) @ 0x000002533c05e5c6 [0x000002533c05e560+0x0000000000000066]
J 24356 c2 ui.frmwork.b.d.dispatchEvent(Ljava/awt/AWTEvent;)V (34 bytes) @ 0x000002533d74c134 [0x000002533d74bea0+0x0000000000000294]
J 26748 c1 java.awt.EventDispatchThread.pumpOneEventForFilters(I)V java.desktop@9.0.4 (218 bytes) @ 0x0000025337728b94 [0x00000253377277c0+0x00000000000013d4]
J 19789% c2 java.awt.EventDispatchThread.pumpEventsForFilter(ILjava/awt/Conditional;Ljava/awt/EventFilter;)V java.desktop@9.0.4 (47 bytes) @ 0x000002533cd92958 [0x000002533cd92840+0x0000000000000118]
j  java.awt.EventDispatchThread.pumpEventsForHierarchy(ILjava/awt/Conditional;Ljava/awt/Component;)V+11 java.desktop@9.0.4
j  java.awt.EventDispatchThread.pumpEvents(ILjava/awt/Conditional;)V+4 java.desktop@9.0.4
j  java.awt.EventDispatchThread.pumpEvents(Ljava/awt/Conditional;)V+3 java.desktop@9.0.4
j  java.awt.EventDispatchThread.run()V+9 java.desktop@9.0.4
v  ~StubRoutines::call_stub

siginfo: EXCEPTION_ACCESS_VIOLATION (0xc0000005), data execution prevention violation at address 0x00007ffa3ec73370


Register to memory mapping:

RIP=0x00007ffa3ec73370 librdi_wavedata.dll
RAX=0x00007ffa3ec185e0 librdi_wavedata.dll
RBX=0x0000006bfd3f48b0 is pointing into the stack for thread: 0x000002534dc85800
RCX=0x000002532c8be1a0 is an unknown value
RDX=0x00000253554820f0 is an unknown value
RSP=0x0000006bfd3f4748 is pointing into the stack for thread: 0x000002534dc85800
RBP=0x0000006bfd3f4870 is pointing into the stack for thread: 0x000002534dc85800
RSI=0x00000253554820f0 is an unknown value
RDI=0x000002532c8be1a0 is an unknown value
R8 =0x0000006bfd3f4870 is pointing into the stack for thread: 0x000002534dc85800
R9 =0x0000006bfd3f48b0 is pointing into the stack for thread: 0x000002534dc85800
R10=0x0000025355482100 is an unknown value
R11=0x0001100000000003 is an unknown value
R12=0x0000000000000000 is an unknown value
R13=0x0000000000000000 is an unknown value
R14=0x00000253554820f0 is an unknown value
R15=0x0000000000000001 is an unknown value


Registers:
RAX=0x00007ffa3ec185e0, RBX=0x0000006bfd3f48b0, RCX=0x000002532c8be1a0, RDX=0x00000253554820f0
RSP=0x0000006bfd3f4748, RBP=0x0000006bfd3f4870, RSI=0x00000253554820f0, RDI=0x000002532c8be1a0
R8 =0x0000006bfd3f4870, R9 =0x0000006bfd3f48b0, R10=0x0000025355482100, R11=0x0001100000000003
R12=0x0000000000000000, R13=0x0000000000000000, R14=0x00000253554820f0, R15=0x0000000000000001
RIP=0x00007ffa3ec73370, EFLAGS=0x0000000000010206

Top of Stack: (sp=0x0000006bfd3f4748)
0x0000006bfd3f4748:   00007ffa3e94eedc 0000000704789c58
0x0000006bfd3f4758:   0000000700000000 0000000000000000
0x0000006bfd3f4768:   00000253208e5dc0 000000070d2dd278
0x0000006bfd3f4778:   0000006bfd3f48b0 0000006bfd3f4870
0x0000006bfd3f4788:   00000253554820f0 fffffffffffffffe
0x0000006bfd3f4798:   000000005664b2e0 000000005a578d10
0x0000006bfd3f47a8:   0000000000000008 0000000000000000
0x0000006bfd3f47b8:   0000000000000010 0000000000000000
0x0000006bfd3f47c8:   0000000000000001 0000000000000000
0x0000006bfd3f47d8:   0000006bfd3f4889 00000253209e0000
0x0000006bfd3f47e8:   00007ffb07e68d1a 00000253208e0000
0x0000006bfd3f47f8:   f809968800000002 00004c465fd80727
0x0000006bfd3f4808:   0000011b00000000 000000070d2dd238
0x0000006bfd3f4818:   0000006bfd3f4988 00000253504ca3c0
0x0000006bfd3f4828:   0000006bfd3f48b9 0000006bfd3f4970
0x0000006bfd3f4838:   00007ffa3e945fc7 000000000000004f 

Instructions: (pc=0x00007ffa3ec73370)
0x00007ffa3ec73350:   00 00 00 00 ff ff ff ff 00 00 00 00 40 00 00 00
0x00007ffa3ec73360:   20 33 45 00 00 00 00 00 00 00 00 00 00 00 00 00
0x00007ffa3ec73370:   01 00 00 00 00 00 00 00 00 00 00 00 10 8a 58 00
0x00007ffa3ec73380:   98 33 45 00 70 33 45 00 00 00 00 00 00 00 00 00 



---------------  P R O C E S S  ---------------

Java Threads: ( => current thread )
  0x0000025354b22800 JavaThread "Relaunch Simulation" [_thread_blocked, id=3248, stack(0x0000006b82b00000,0x0000006b83000000)]
  0x0000025354b2a800 JavaThread "SyntheticaAnimation 50" daemon [_thread_blocked, id=4828, stack(0x0000006b83c00000,0x0000006b84100000)]
  0x0000025354b27000 JavaThread "Thread-3553" [_thread_in_native, id=16380, stack(0x0000006b81500000,0x0000006b81600000)]
  0x0000025354b1f800 JavaThread "Thread-3552" [_thread_in_native, id=13508, stack(0x0000006b81400000,0x0000006b81500000)]
  0x0000025354b26000 JavaThread "Image Animator 0" daemon [_thread_blocked, id=14328, stack(0x0000006b82600000,0x0000006b82b00000)]
  0x0000025354b1e000 JavaThread "Swing-Shell" daemon [_thread_blocked, id=11772, stack(0x0000006b80500000,0x0000006b80a00000)]
  0x0000025354b24800 JavaThread "SyntheticaAnimation 50" daemon [_thread_blocked, id=328, stack(0x0000006b80f00000,0x0000006b81400000)]
  0x0000025354b1c800 JavaThread "Update Runs Swing Worker" [_thread_blocked, id=10416, stack(0x0000006b80a00000,0x0000006b80f00000)]
  0x000002534bcc0000 JavaThread "hw_ila_monitor" [_thread_blocked, id=5640, stack(0x0000006b80000000,0x0000006b80500000)]
  0x000002534bcbe800 JavaThread "Refresh Filesets Swing Worker" [_thread_blocked, id=8924, stack(0x0000006bffa00000,0x0000006bfff00000)]
  0x000002534bcc2800 JavaThread "SyntheticaAnimation 70" daemon [_thread_blocked, id=11000, stack(0x0000006bff500000,0x0000006bffa00000)]
  0x000002534bcbf800 JavaThread "SyntheticaAnimation 25" daemon [_thread_blocked, id=14184, stack(0x0000006bfeb00000,0x0000006bff000000)]
  0x000002534bcc1000 JavaThread "SyntheticaAnimation 50" daemon [_thread_blocked, id=2688, stack(0x0000006bfe600000,0x0000006bfeb00000)]
  0x000002534bcc1800 JavaThread "Monitor HEventQueue" [_thread_blocked, id=11700, stack(0x0000006bfe100000,0x0000006bfe600000)]
  0x000002534bcbe000 JavaThread "SyntheticaCleanerThread" daemon [_thread_blocked, id=6508, stack(0x0000006bfd900000,0x0000006bfde00000)]
  0x000002534bcbd000 JavaThread "Batik CleanerThread" daemon [_thread_blocked, id=14916, stack(0x0000006bfc500000,0x0000006bfca00000)]
=>0x000002534dc85800 JavaThread "AWT-EventQueue-1" [_thread_in_native, id=6804, stack(0x0000006bfcf00000,0x0000006bfd400000)]
  0x000002534be29000 JavaThread "Process Messages" [_thread_blocked, id=5068, stack(0x0000006bfca00000,0x0000006bfcf00000)]
  0x000002534bf38000 JavaThread "Thread-1" [_thread_in_native, id=8764, stack(0x0000006bf5800000,0x0000006bf6c00000)]
  0x000002534c205800 JavaThread "TimerQueue" daemon [_thread_blocked, id=5608, stack(0x0000006bfbb00000,0x0000006bfc000000)]
  0x000002534ba53800 JavaThread "AWT-Windows" daemon [_thread_in_native, id=1812, stack(0x0000006bfb600000,0x0000006bfbb00000)]
  0x00000253280d2000 JavaThread "AWT-Shutdown" [_thread_blocked, id=3196, stack(0x0000006bfb100000,0x0000006bfb600000)]
  0x000002534ba15800 JavaThread "Java2D Disposer" daemon [_thread_blocked, id=14072, stack(0x0000006bfac00000,0x0000006bfb100000)]
  0x0000025328411800 JavaThread "Service Thread" daemon [_thread_blocked, id=13504, stack(0x0000006bfa600000,0x0000006bfab00000)]
  0x0000025327e89800 JavaThread "Common-Cleaner" daemon [_thread_blocked, id=10724, stack(0x0000006bfa100000,0x0000006bfa600000)]
  0x000002532d044800 JavaThread "Sweeper thread" daemon [_thread_blocked, id=17848, stack(0x0000006bf9c00000,0x0000006bfa100000)]
  0x000002532d044000 JavaThread "C1 CompilerThread3" daemon [_thread_blocked, id=1200, stack(0x0000006bf9b00000,0x0000006bf9c00000)]
  0x000002532d02e800 JavaThread "C2 CompilerThread2" daemon [_thread_blocked, id=11696, stack(0x0000006bf9a00000,0x0000006bf9b00000)]
  0x000002532d02d800 JavaThread "C2 CompilerThread1" daemon [_thread_blocked, id=9156, stack(0x0000006bf9900000,0x0000006bf9a00000)]
  0x000002532d042000 JavaThread "C2 CompilerThread0" daemon [_thread_blocked, id=6712, stack(0x0000006bf9800000,0x0000006bf9900000)]
  0x000002532d02c800 JavaThread "Attach Listener" daemon [_thread_blocked, id=6504, stack(0x0000006bf9300000,0x0000006bf9800000)]
  0x000002532d03d800 JavaThread "Signal Dispatcher" daemon [_thread_blocked, id=19412, stack(0x0000006bf8e00000,0x0000006bf9300000)]
  0x000002532d025800 JavaThread "Finalizer" daemon [_thread_blocked, id=8220, stack(0x0000006bf8900000,0x0000006bf8e00000)]
  0x000002532d034800 JavaThread "Reference Handler" daemon [_thread_blocked, id=17032, stack(0x0000006bf8400000,0x0000006bf8900000)]
  0x0000025325a11000 JavaThread "main" [_thread_blocked, id=11232, stack(0x0000006bf5700000,0x0000006bf5800000)]

Other Threads:
  0x0000025327e7d000 VMThread "VM Thread" [stack: 0x0000006bf8300000,0x0000006bf8400000] [id=4304]
  0x000002532820c000 WatcherThread [stack: 0x0000006bfab00000,0x0000006bfac00000] [id=9476]
  0x000002532ca53000 GCTaskThread "GC Thread#0" [stack: 0x0000006bf6f00000,0x0000006bf7000000] [id=12068]
  0x000002532ca53800 GCTaskThread "GC Thread#1" [stack: 0x0000006bf7000000,0x0000006bf7100000] [id=5872]
  0x000002532d282000 GCTaskThread "GC Thread#2" [stack: 0x0000006bf7100000,0x0000006bf7200000] [id=332]
  0x000002532a4e0000 GCTaskThread "GC Thread#3" [stack: 0x0000006bf7200000,0x0000006bf7300000] [id=13768]
  0x0000025327d3e800 GCTaskThread "GC Thread#4" [stack: 0x0000006bf7300000,0x0000006bf7400000] [id=13616]
  0x0000025325259800 GCTaskThread "GC Thread#5" [stack: 0x0000006bf7400000,0x0000006bf7500000] [id=7416]
  0x000002532525a000 GCTaskThread "GC Thread#6" [stack: 0x0000006bf7500000,0x0000006bf7600000] [id=18088]
  0x000002532550a000 GCTaskThread "GC Thread#7" [stack: 0x0000006bf7600000,0x0000006bf7700000] [id=8652]
  0x000002532cf78800 ConcurrentGCThread "G1 Main Marker" [stack: 0x0000006bf8000000,0x0000006bf8100000] [id=17088]
  0x000002532cf79000 ConcurrentGCThread "G1 Marker#0" [stack: 0x0000006bf8100000,0x0000006bf8200000] [id=9688]
  0x000002532cf7a000 ConcurrentGCThread "G1 Marker#1" [stack: 0x0000006bf8200000,0x0000006bf8300000] [id=12124]
  0x000002532a638000 ConcurrentGCThread "G1 Refine#0" [stack: 0x0000006bf7e00000,0x0000006bf7f00000] [id=2500]
  0x000002532a637800 ConcurrentGCThread "G1 Refine#1" [stack: 0x0000006bf7d00000,0x0000006bf7e00000] [id=17772]
  0x0000025329c47000 ConcurrentGCThread "G1 Refine#2" [stack: 0x0000006bf7c00000,0x0000006bf7d00000] [id=4728]
  0x000002532a9b5000 ConcurrentGCThread "G1 Refine#3" [stack: 0x0000006bf7b00000,0x0000006bf7c00000] [id=17340]
  0x000002532d1c2800 ConcurrentGCThread "G1 Refine#4" [stack: 0x0000006bf7a00000,0x0000006bf7b00000] [id=16684]
  0x000002532d1c1800 ConcurrentGCThread "G1 Refine#5" [stack: 0x0000006bf7900000,0x0000006bf7a00000] [id=12432]
  0x000002532cc57800 ConcurrentGCThread "G1 Refine#6" [stack: 0x0000006bf7800000,0x0000006bf7900000] [id=3744]
  0x000002532d2af000 ConcurrentGCThread "G1 Refine#7" [stack: 0x0000006bf7700000,0x0000006bf7800000] [id=8980]
  0x0000025329a65000 ConcurrentGCThread "G1 Young RemSet Sampling" [stack: 0x0000006bf7f00000,0x0000006bf8000000] [id=16732]

Threads with active compile tasks:

VM state:not at safepoint (normal execution)

VM Mutex/Monitor currently owned by a thread: None

Heap address: 0x0000000700000000, size: 3072 MB, Compressed Oops mode: Zero based, Oop shift amount: 3
Narrow klass base: 0x0000000000000000, Narrow klass shift: 3
Compressed class space size: 1073741824 Address: 0x00000007c0000000

Heap:
 garbage-first heap   total 227328K, used 114706K [0x0000000700000000, 0x00000007001006f0, 0x00000007c0000000)
  region size 1024K, 16 young (16384K), 2 survivors (2048K)
 Metaspace       used 88525K, capacity 91589K, committed 95996K, reserved 1132544K
  class space    used 11797K, capacity 12393K, committed 13308K, reserved 1048576K
Heap Regions: E=young(eden), S=young(survivor), O=old, HS=humongous(starts), HC=humongous(continues), CS=collection set, F=free, A=archive, TS=gc time stamp, AC=allocation context, TAMS=top-at-mark-start (previous, next)
|   0|0x0000000700000000, 0x00000007000f3938, 0x0000000700100000| 95%| O|  |TS  0|AC  0|TAMS 0x0000000700000000, 0x0000000700000000|
|   1|0x0000000700100000, 0x0000000700200000, 0x0000000700200000|100%|HS|  |TS  0|AC  0|TAMS 0x0000000700100000, 0x0000000700100000|
|   2|0x0000000700200000, 0x0000000700300000, 0x0000000700300000|100%|HC|  |TS  0|AC  0|TAMS 0x0000000700200000, 0x0000000700200000|
|   3|0x0000000700300000, 0x0000000700400000, 0x0000000700400000|100%|HS|  |TS  0|AC  0|TAMS 0x0000000700300000, 0x0000000700300000|
|   4|0x0000000700400000, 0x00000007004f1048, 0x0000000700500000| 94%| O|  |TS  0|AC  0|TAMS 0x0000000700400000, 0x0000000700400000|
|   5|0x0000000700500000, 0x00000007005ef140, 0x0000000700600000| 93%| O|  |TS  0|AC  0|TAMS 0x0000000700500000, 0x0000000700500000|
|   6|0x0000000700600000, 0x00000007006ffff8, 0x0000000700700000| 99%| O|  |TS  0|AC  0|TAMS 0x0000000700600000, 0x0000000700600000|
|   7|0x0000000700700000, 0x00000007007fffd8, 0x0000000700800000| 99%| O|  |TS  0|AC  0|TAMS 0x0000000700700000, 0x0000000700700000|
|   8|0x0000000700800000, 0x00000007008ffff8, 0x0000000700900000| 99%| O|  |TS  0|AC  0|TAMS 0x0000000700800000, 0x0000000700800000|
|   9|0x0000000700900000, 0x00000007009fffd8, 0x0000000700a00000| 99%| O|  |TS  0|AC  0|TAMS 0x0000000700900000, 0x0000000700900000|
|  10|0x0000000700a00000, 0x0000000700ae7df8, 0x0000000700b00000| 90%| O|  |TS  0|AC  0|TAMS 0x0000000700a00000, 0x0000000700a00000|
|  11|0x0000000700b00000, 0x0000000700bff460, 0x0000000700c00000| 99%| O|  |TS  0|AC  0|TAMS 0x0000000700b00000, 0x0000000700b00000|
|  12|0x0000000700c00000, 0x0000000700d00000, 0x0000000700d00000|100%|HS|  |TS  0|AC  0|TAMS 0x0000000700c00000, 0x0000000700c00000|
|  13|0x0000000700d00000, 0x0000000700dfded0, 0x0000000700e00000| 99%| O|  |TS  0|AC  0|TAMS 0x0000000700d00000, 0x0000000700d00000|
|  14|0x0000000700e00000, 0x0000000700ef6a58, 0x0000000700f00000| 96%| O|  |TS  0|AC  0|TAMS 0x0000000700e00000, 0x0000000700e00000|
|  15|0x0000000700f00000, 0x0000000700fcc6d0, 0x0000000701000000| 79%| O|  |TS  0|AC  0|TAMS 0x0000000700f00000, 0x0000000700f00000|
|  16|0x0000000701000000, 0x00000007010da5b8, 0x0000000701100000| 85%| O|  |TS  0|AC  0|TAMS 0x0000000701000000, 0x0000000701000000|
|  17|0x0000000701100000, 0x00000007011fff58, 0x0000000701200000| 99%| O|  |TS  0|AC  0|TAMS 0x0000000701100000, 0x0000000701100000|
|  18|0x0000000701200000, 0x00000007012ff188, 0x0000000701300000| 99%| O|  |TS  0|AC  0|TAMS 0x0000000701200000, 0x0000000701200000|
|  19|0x0000000701300000, 0x00000007013ffff8, 0x0000000701400000| 99%| O|  |TS  0|AC  0|TAMS 0x0000000701300000, 0x0000000701300000|
|  20|0x0000000701400000, 0x00000007014fffe0, 0x0000000701500000| 99%| O|  |TS  0|AC  0|TAMS 0x0000000701400000, 0x0000000701400000|
|  21|0x0000000701500000, 0x0000000701600000, 0x0000000701600000|100%|HS|  |TS  0|AC  0|TAMS 0x0000000701500000, 0x0000000701500000|
|  22|0x0000000701600000, 0x0000000701700000, 0x0000000701700000|100%|HC|  |TS  0|AC  0|TAMS 0x0000000701600000, 0x0000000701600000|
|  23|0x0000000701700000, 0x00000007017fffe8, 0x0000000701800000| 99%| O|  |TS  0|AC  0|TAMS 0x0000000701700000, 0x0000000701700000|
|  24|0x0000000701800000, 0x0000000701900000, 0x0000000701900000|100%| O|  |TS  0|AC  0|TAMS 0x0000000701800000, 0x0000000701800000|
|  25|0x0000000701900000, 0x00000007019fffe0, 0x0000000701a00000| 99%| O|  |TS  0|AC  0|TAMS 0x0000000701900000, 0x0000000701900000|
|  26|0x0000000701a00000, 0x0000000701afffe0, 0x0000000701b00000| 99%| O|  |TS  0|AC  0|TAMS 0x0000000701a00000, 0x0000000701a00000|
|  27|0x0000000701b00000, 0x0000000701c00000, 0x0000000701c00000|100%| O|  |TS  0|AC  0|TAMS 0x0000000701b00000, 0x0000000701b00000|
|  28|0x0000000701c00000, 0x0000000701d00000, 0x0000000701d00000|100%| O|  |TS  0|AC  0|TAMS 0x0000000701c00000, 0x0000000701c00000|
|  29|0x0000000701d00000, 0x0000000701dffec0, 0x0000000701e00000| 99%| O|  |TS  0|AC  0|TAMS 0x0000000701d00000, 0x0000000701d00000|
|  30|0x0000000701e00000, 0x0000000701ef7e08, 0x0000000701f00000| 96%| O|  |TS  0|AC  0|TAMS 0x0000000701e00000, 0x0000000701e00000|
|  31|0x0000000701f00000, 0x0000000701fffff0, 0x0000000702000000| 99%| O|  |TS  0|AC  0|TAMS 0x0000000701f00000, 0x0000000701f00000|
|  32|0x0000000702000000, 0x00000007020ffef8, 0x0000000702100000| 99%| O|  |TS  0|AC  0|TAMS 0x0000000702000000, 0x0000000702000000|
|  33|0x0000000702100000, 0x00000007021fff90, 0x0000000702200000| 99%| O|  |TS  0|AC  0|TAMS 0x0000000702100000, 0x0000000702100000|
|  34|0x0000000702200000, 0x00000007022fffe0, 0x0000000702300000| 99%| O|  |TS  0|AC  0|TAMS 0x0000000702200000, 0x0000000702200000|
|  35|0x0000000702300000, 0x00000007023ffee0, 0x0000000702400000| 99%| O|  |TS  0|AC  0|TAMS 0x0000000702300000, 0x0000000702300000|
|  36|0x0000000702400000, 0x0000000702500000, 0x0000000702500000|100%| O|  |TS  0|AC  0|TAMS 0x0000000702400000, 0x0000000702400000|
|  37|0x0000000702500000, 0x00000007025ffff8, 0x0000000702600000| 99%| O|  |TS  0|AC  0|TAMS 0x0000000702500000, 0x0000000702500000|
|  38|0x0000000702600000, 0x00000007026ffff0, 0x0000000702700000| 99%| O|  |TS  0|AC  0|TAMS 0x0000000702600000, 0x0000000702600000|
|  39|0x0000000702700000, 0x00000007027ffef0, 0x0000000702800000| 99%| O|  |TS  0|AC  0|TAMS 0x0000000702700000, 0x0000000702700000|
|  40|0x0000000702800000, 0x00000007028ffff0, 0x0000000702900000| 99%| O|  |TS  0|AC  0|TAMS 0x0000000702800000, 0x0000000702800000|
|  41|0x0000000702900000, 0x00000007029ffe90, 0x0000000702a00000| 99%| O|  |TS  0|AC  0|TAMS 0x0000000702900000, 0x0000000702900000|
|  42|0x0000000702a00000, 0x0000000702afffe8, 0x0000000702b00000| 99%| O|  |TS  0|AC  0|TAMS 0x0000000702a00000, 0x0000000702a00000|
|  43|0x0000000702b00000, 0x0000000702bffd20, 0x0000000702c00000| 99%| O|  |TS  0|AC  0|TAMS 0x0000000702b00000, 0x0000000702b00000|
|  44|0x0000000702c00000, 0x0000000702cff468, 0x0000000702d00000| 99%| O|  |TS  0|AC  0|TAMS 0x0000000702c00000, 0x0000000702c00000|
|  45|0x0000000702d00000, 0x0000000702dffff0, 0x0000000702e00000| 99%| O|  |TS  0|AC  0|TAMS 0x0000000702d00000, 0x0000000702d00000|
|  46|0x0000000702e00000, 0x0000000702efffe8, 0x0000000702f00000| 99%| O|  |TS  0|AC  0|TAMS 0x0000000702e00000, 0x0000000702e00000|
|  47|0x0000000702f00000, 0x0000000702fffff0, 0x0000000703000000| 99%| O|  |TS  0|AC  0|TAMS 0x0000000702f00000, 0x0000000702f00000|
|  48|0x0000000703000000, 0x0000000703100000, 0x0000000703100000|100%| O|  |TS  0|AC  0|TAMS 0x0000000703000000, 0x0000000703000000|
|  49|0x0000000703100000, 0x00000007031ffff0, 0x0000000703200000| 99%| O|  |TS  0|AC  0|TAMS 0x0000000703100000, 0x0000000703100000|
|  50|0x0000000703200000, 0x00000007032fffd0, 0x0000000703300000| 99%| O|  |TS  0|AC  0|TAMS 0x0000000703200000, 0x0000000703200000|
|  51|0x0000000703300000, 0x00000007033ffff8, 0x0000000703400000| 99%| O|  |TS  0|AC  0|TAMS 0x0000000703300000, 0x0000000703300000|
|  52|0x0000000703400000, 0x00000007034ffff8, 0x0000000703500000| 99%| O|  |TS  0|AC  0|TAMS 0x0000000703400000, 0x0000000703400000|
|  53|0x0000000703500000, 0x00000007035ffff8, 0x0000000703600000| 99%| O|  |TS  0|AC  0|TAMS 0x0000000703500000, 0x0000000703500000|
|  54|0x0000000703600000, 0x0000000703700000, 0x0000000703700000|100%| O|  |TS  0|AC  0|TAMS 0x0000000703600000, 0x0000000703600000|
|  55|0x0000000703700000, 0x00000007037ffff0, 0x0000000703800000| 99%| O|  |TS  0|AC  0|TAMS 0x0000000703700000, 0x0000000703700000|
|  56|0x0000000703800000, 0x00000007038fffd8, 0x0000000703900000| 99%| O|  |TS  0|AC  0|TAMS 0x0000000703800000, 0x0000000703800000|
|  57|0x0000000703900000, 0x00000007039ffff8, 0x0000000703a00000| 99%| O|  |TS  0|AC  0|TAMS 0x0000000703900000, 0x0000000703900000|
|  58|0x0000000703a00000, 0x0000000703affea0, 0x0000000703b00000| 99%| O|  |TS  0|AC  0|TAMS 0x0000000703a00000, 0x0000000703a00000|
|  59|0x0000000703b00000, 0x0000000703c00000, 0x0000000703c00000|100%| O|  |TS  0|AC  0|TAMS 0x0000000703b00000, 0x0000000703b00000|
|  60|0x0000000703c00000, 0x0000000703cf6540, 0x0000000703d00000| 96%| O|  |TS  0|AC  0|TAMS 0x0000000703c00000, 0x0000000703c00000|
|  61|0x0000000703d00000, 0x0000000703dfffe8, 0x0000000703e00000| 99%| O|  |TS  0|AC  0|TAMS 0x0000000703d00000, 0x0000000703d00000|
|  62|0x0000000703e00000, 0x0000000703effff8, 0x0000000703f00000| 99%| O|  |TS  0|AC  0|TAMS 0x0000000703e00000, 0x0000000703e00000|
|  63|0x0000000703f00000, 0x0000000703fd6828, 0x0000000704000000| 83%| O|  |TS  0|AC  0|TAMS 0x0000000703f00000, 0x0000000703f00000|
|  64|0x0000000704000000, 0x00000007040ffff0, 0x0000000704100000| 99%| O|  |TS  0|AC  0|TAMS 0x0000000704000000, 0x0000000704000000|
|  65|0x0000000704100000, 0x00000007041fff80, 0x0000000704200000| 99%| O|  |TS  0|AC  0|TAMS 0x0000000704100000, 0x0000000704100000|
|  66|0x0000000704200000, 0x00000007042fff48, 0x0000000704300000| 99%| O|  |TS  0|AC  0|TAMS 0x0000000704200000, 0x0000000704200000|
|  67|0x0000000704300000, 0x0000000704400000, 0x0000000704400000|100%| O|  |TS  0|AC  0|TAMS 0x0000000704300000, 0x0000000704300000|
|  68|0x0000000704400000, 0x00000007044feef8, 0x0000000704500000| 99%| O|  |TS  0|AC  0|TAMS 0x0000000704400000, 0x0000000704400000|
|  69|0x0000000704500000, 0x00000007045fffd8, 0x0000000704600000| 99%| O|  |TS  0|AC  0|TAMS 0x0000000704500000, 0x0000000704500000|
|  70|0x0000000704600000, 0x00000007046fffe8, 0x0000000704700000| 99%| O|  |TS  0|AC  0|TAMS 0x0000000704600000, 0x0000000704600000|
|  71|0x0000000704700000, 0x00000007047ffec8, 0x0000000704800000| 99%| O|  |TS  0|AC  0|TAMS 0x0000000704700000, 0x0000000704700000|
|  72|0x0000000704800000, 0x0000000704843e88, 0x0000000704900000| 26%| O|  |TS  0|AC  0|TAMS 0x0000000704800000, 0x0000000704800000|
|  73|0x0000000704900000, 0x0000000704900000, 0x0000000704a00000|  0%| F|  |TS  0|AC  0|TAMS 0x0000000704900000, 0x0000000704900000|
|  74|0x0000000704a00000, 0x0000000704b00000, 0x0000000704b00000|100%|HS|  |TS  0|AC  0|TAMS 0x0000000704a00000, 0x0000000704a00000|
|  75|0x0000000704b00000, 0x0000000704b00000, 0x0000000704c00000|  0%| F|  |TS  0|AC  0|TAMS 0x0000000704b00000, 0x0000000704b00000|
|  76|0x0000000704c00000, 0x0000000704c00000, 0x0000000704d00000|  0%| F|  |TS  0|AC  0|TAMS 0x0000000704c00000, 0x0000000704c00000|
|  77|0x0000000704d00000, 0x0000000704e00000, 0x0000000704e00000|100%|HS|  |TS  0|AC  0|TAMS 0x0000000704d00000, 0x0000000704d00000|
|  78|0x0000000704e00000, 0x0000000704e00000, 0x0000000704f00000|  0%| F|  |TS  0|AC  0|TAMS 0x0000000704e00000, 0x0000000704e00000|
|  79|0x0000000704f00000, 0x0000000704f00000, 0x0000000705000000|  0%| F|  |TS  0|AC  0|TAMS 0x0000000704f00000, 0x0000000704f00000|
|  80|0x0000000705000000, 0x0000000705000000, 0x0000000705100000|  0%| F|  |TS  0|AC  0|TAMS 0x0000000705000000, 0x0000000705000000|
|  81|0x0000000705100000, 0x0000000705100000, 0x0000000705200000|  0%| F|  |TS  0|AC  0|TAMS 0x0000000705100000, 0x0000000705100000|
|  82|0x0000000705200000, 0x0000000705200000, 0x0000000705300000|  0%| F|  |TS  0|AC  0|TAMS 0x0000000705200000, 0x0000000705200000|
|  83|0x0000000705300000, 0x0000000705300000, 0x0000000705400000|  0%| F|  |TS  0|AC  0|TAMS 0x0000000705300000, 0x0000000705300000|
|  84|0x0000000705400000, 0x0000000705400000, 0x0000000705500000|  0%| F|  |TS  0|AC  0|TAMS 0x0000000705400000, 0x0000000705400000|
|  85|0x0000000705500000, 0x0000000705600000, 0x0000000705600000|100%|HS|  |TS  0|AC  0|TAMS 0x0000000705500000, 0x0000000705500000|
|  86|0x0000000705600000, 0x0000000705700000, 0x0000000705700000|100%|HC|  |TS  0|AC  0|TAMS 0x0000000705600000, 0x0000000705600000|
|  87|0x0000000705700000, 0x0000000705700000, 0x0000000705800000|  0%| F|  |TS  0|AC  0|TAMS 0x0000000705700000, 0x0000000705700000|
|  88|0x0000000705800000, 0x0000000705800000, 0x0000000705900000|  0%| F|  |TS  0|AC  0|TAMS 0x0000000705800000, 0x0000000705800000|
|  89|0x0000000705900000, 0x0000000705900000, 0x0000000705a00000|  0%| F|  |TS  0|AC  0|TAMS 0x0000000705900000, 0x0000000705900000|
|  90|0x0000000705a00000, 0x0000000705a00000, 0x0000000705b00000|  0%| F|  |TS  0|AC  0|TAMS 0x0000000705a00000, 0x0000000705a00000|
|  91|0x0000000705b00000, 0x0000000705b00000, 0x0000000705c00000|  0%| F|  |TS  0|AC  0|TAMS 0x0000000705b00000, 0x0000000705b00000|
|  92|0x0000000705c00000, 0x0000000705c00000, 0x0000000705d00000|  0%| F|  |TS  0|AC  0|TAMS 0x0000000705c00000, 0x0000000705c00000|
|  93|0x0000000705d00000, 0x0000000705d00000, 0x0000000705e00000|  0%| F|  |TS  0|AC  0|TAMS 0x0000000705d00000, 0x0000000705d00000|
|  94|0x0000000705e00000, 0x0000000705e00000, 0x0000000705f00000|  0%| F|  |TS  0|AC  0|TAMS 0x0000000705e00000, 0x0000000705e00000|
|  95|0x0000000705f00000, 0x0000000706000000, 0x0000000706000000|100%|HS|  |TS  0|AC  0|TAMS 0x0000000705f00000, 0x0000000705f00000|
|  96|0x0000000706000000, 0x0000000706100000, 0x0000000706100000|100%|HC|  |TS  0|AC  0|TAMS 0x0000000706000000, 0x0000000706000000|
|  97|0x0000000706100000, 0x0000000706200000, 0x0000000706200000|100%|HC|  |TS  0|AC  0|TAMS 0x0000000706100000, 0x0000000706100000|
|  98|0x0000000706200000, 0x0000000706300000, 0x0000000706300000|100%|HC|  |TS  0|AC  0|TAMS 0x0000000706200000, 0x0000000706200000|
|  99|0x0000000706300000, 0x0000000706400000, 0x0000000706400000|100%|HC|  |TS  0|AC  0|TAMS 0x0000000706300000, 0x0000000706300000|
| 100|0x0000000706400000, 0x0000000706500000, 0x0000000706500000|100%|HC|  |TS  0|AC  0|TAMS 0x0000000706400000, 0x0000000706400000|
| 101|0x0000000706500000, 0x0000000706600000, 0x0000000706600000|100%|HC|  |TS  0|AC  0|TAMS 0x0000000706500000, 0x0000000706500000|
| 102|0x0000000706600000, 0x0000000706700000, 0x0000000706700000|100%|HC|  |TS  0|AC  0|TAMS 0x0000000706600000, 0x0000000706600000|
| 103|0x0000000706700000, 0x0000000706800000, 0x0000000706800000|100%|HC|  |TS  0|AC  0|TAMS 0x0000000706700000, 0x0000000706700000|
| 104|0x0000000706800000, 0x0000000706900000, 0x0000000706900000|100%|HC|  |TS  0|AC  0|TAMS 0x0000000706800000, 0x0000000706800000|
| 105|0x0000000706900000, 0x0000000706a00000, 0x0000000706a00000|100%|HC|  |TS  0|AC  0|TAMS 0x0000000706900000, 0x0000000706900000|
| 106|0x0000000706a00000, 0x0000000706b00000, 0x0000000706b00000|100%|HC|  |TS  0|AC  0|TAMS 0x0000000706a00000, 0x0000000706a00000|
| 107|0x0000000706b00000, 0x0000000706c00000, 0x0000000706c00000|100%|HC|  |TS  0|AC  0|TAMS 0x0000000706b00000, 0x0000000706b00000|
| 108|0x0000000706c00000, 0x0000000706d00000, 0x0000000706d00000|100%|HC|  |TS  0|AC  0|TAMS 0x0000000706c00000, 0x0000000706c00000|
| 109|0x0000000706d00000, 0x0000000706e00000, 0x0000000706e00000|100%|HC|  |TS  0|AC  0|TAMS 0x0000000706d00000, 0x0000000706d00000|
| 110|0x0000000706e00000, 0x0000000706f00000, 0x0000000706f00000|100%|HC|  |TS  0|AC  0|TAMS 0x0000000706e00000, 0x0000000706e00000|
| 111|0x0000000706f00000, 0x0000000707000000, 0x0000000707000000|100%|HC|  |TS  0|AC  0|TAMS 0x0000000706f00000, 0x0000000706f00000|
| 112|0x0000000707000000, 0x0000000707000000, 0x0000000707100000|  0%| F|  |TS  0|AC  0|TAMS 0x0000000707000000, 0x0000000707000000|
| 113|0x0000000707100000, 0x0000000707100000, 0x0000000707200000|  0%| F|  |TS  0|AC  0|TAMS 0x0000000707100000, 0x0000000707100000|
| 114|0x0000000707200000, 0x0000000707200000, 0x0000000707300000|  0%| F|  |TS  0|AC  0|TAMS 0x0000000707200000, 0x0000000707200000|
| 115|0x0000000707300000, 0x0000000707300000, 0x0000000707400000|  0%| F|  |TS  0|AC  0|TAMS 0x0000000707300000, 0x0000000707300000|
| 116|0x0000000707400000, 0x0000000707400000, 0x0000000707500000|  0%| F|  |TS  0|AC  0|TAMS 0x0000000707400000, 0x0000000707400000|
| 117|0x0000000707500000, 0x0000000707600000, 0x0000000707600000|100%|HS|  |TS  0|AC  0|TAMS 0x0000000707500000, 0x0000000707500000|
| 118|0x0000000707600000, 0x0000000707700000, 0x0000000707700000|100%|HC|  |TS  0|AC  0|TAMS 0x0000000707600000, 0x0000000707600000|
| 119|0x0000000707700000, 0x0000000707800000, 0x0000000707800000|100%|HC|  |TS  0|AC  0|TAMS 0x0000000707700000, 0x0000000707700000|
| 120|0x0000000707800000, 0x0000000707900000, 0x0000000707900000|100%|HC|  |TS  0|AC  0|TAMS 0x0000000707800000, 0x0000000707800000|
| 121|0x0000000707900000, 0x0000000707a00000, 0x0000000707a00000|100%|HC|  |TS  0|AC  0|TAMS 0x0000000707900000, 0x0000000707900000|
| 122|0x0000000707a00000, 0x0000000707a00000, 0x0000000707b00000|  0%| F|  |TS  0|AC  0|TAMS 0x0000000707a00000, 0x0000000707a00000|
| 123|0x0000000707b00000, 0x0000000707b00000, 0x0000000707c00000|  0%| F|  |TS  0|AC  0|TAMS 0x0000000707b00000, 0x0000000707b00000|
| 124|0x0000000707c00000, 0x0000000707c00000, 0x0000000707d00000|  0%| F|  |TS  0|AC  0|TAMS 0x0000000707c00000, 0x0000000707c00000|
| 125|0x0000000707d00000, 0x0000000707d00000, 0x0000000707e00000|  0%| F|  |TS  0|AC  0|TAMS 0x0000000707d00000, 0x0000000707d00000|
| 126|0x0000000707e00000, 0x0000000707e00000, 0x0000000707f00000|  0%| F|  |TS  0|AC  0|TAMS 0x0000000707e00000, 0x0000000707e00000|
| 127|0x0000000707f00000, 0x0000000707f00000, 0x0000000708000000|  0%| F|  |TS  0|AC  0|TAMS 0x0000000707f00000, 0x0000000707f00000|
| 128|0x0000000708000000, 0x0000000708000000, 0x0000000708100000|  0%| F|  |TS  0|AC  0|TAMS 0x0000000708000000, 0x0000000708000000|
| 129|0x0000000708100000, 0x0000000708100000, 0x0000000708200000|  0%| F|  |TS  0|AC  0|TAMS 0x0000000708100000, 0x0000000708100000|
| 130|0x0000000708200000, 0x0000000708200000, 0x0000000708300000|  0%| F|  |TS  0|AC  0|TAMS 0x0000000708200000, 0x0000000708200000|
| 131|0x0000000708300000, 0x0000000708300000, 0x0000000708400000|  0%| F|  |TS  0|AC  0|TAMS 0x0000000708300000, 0x0000000708300000|
| 132|0x0000000708400000, 0x0000000708400000, 0x0000000708500000|  0%| F|  |TS  0|AC  0|TAMS 0x0000000708400000, 0x0000000708400000|
| 133|0x0000000708500000, 0x0000000708500000, 0x0000000708600000|  0%| F|  |TS  0|AC  0|TAMS 0x0000000708500000, 0x0000000708500000|
| 134|0x0000000708600000, 0x0000000708600000, 0x0000000708700000|  0%| F|  |TS  0|AC  0|TAMS 0x0000000708600000, 0x0000000708600000|
| 135|0x0000000708700000, 0x0000000708700000, 0x0000000708800000|  0%| F|  |TS  0|AC  0|TAMS 0x0000000708700000, 0x0000000708700000|
| 136|0x0000000708800000, 0x0000000708800000, 0x0000000708900000|  0%| F|  |TS  0|AC  0|TAMS 0x0000000708800000, 0x0000000708800000|
| 137|0x0000000708900000, 0x0000000708900000, 0x0000000708a00000|  0%| F|  |TS  0|AC  0|TAMS 0x0000000708900000, 0x0000000708900000|
| 138|0x0000000708a00000, 0x0000000708a00000, 0x0000000708b00000|  0%| F|  |TS  0|AC  0|TAMS 0x0000000708a00000, 0x0000000708a00000|
| 139|0x0000000708b00000, 0x0000000708b00000, 0x0000000708c00000|  0%| F|  |TS  0|AC  0|TAMS 0x0000000708b00000, 0x0000000708b00000|
| 140|0x0000000708c00000, 0x0000000708c00000, 0x0000000708d00000|  0%| F|  |TS  0|AC  0|TAMS 0x0000000708c00000, 0x0000000708c00000|
| 141|0x0000000708d00000, 0x0000000708d00000, 0x0000000708e00000|  0%| F|  |TS  0|AC  0|TAMS 0x0000000708d00000, 0x0000000708d00000|
| 142|0x0000000708e00000, 0x0000000708e00000, 0x0000000708f00000|  0%| F|  |TS  0|AC  0|TAMS 0x0000000708e00000, 0x0000000708e00000|
| 143|0x0000000708f00000, 0x0000000708f00000, 0x0000000709000000|  0%| F|  |TS  0|AC  0|TAMS 0x0000000708f00000, 0x0000000708f00000|
| 144|0x0000000709000000, 0x0000000709000000, 0x0000000709100000|  0%| F|  |TS  0|AC  0|TAMS 0x0000000709000000, 0x0000000709000000|
| 145|0x0000000709100000, 0x0000000709100000, 0x0000000709200000|  0%| F|  |TS  0|AC  0|TAMS 0x0000000709100000, 0x0000000709100000|
| 146|0x0000000709200000, 0x0000000709200000, 0x0000000709300000|  0%| F|  |TS  0|AC  0|TAMS 0x0000000709200000, 0x0000000709200000|
| 147|0x0000000709300000, 0x0000000709300000, 0x0000000709400000|  0%| F|  |TS  0|AC  0|TAMS 0x0000000709300000, 0x0000000709300000|
| 148|0x0000000709400000, 0x0000000709400000, 0x0000000709500000|  0%| F|  |TS  0|AC  0|TAMS 0x0000000709400000, 0x0000000709400000|
| 149|0x0000000709500000, 0x0000000709500000, 0x0000000709600000|  0%| F|  |TS  0|AC  0|TAMS 0x0000000709500000, 0x0000000709500000|
| 150|0x0000000709600000, 0x0000000709600000, 0x0000000709700000|  0%| F|  |TS  0|AC  0|TAMS 0x0000000709600000, 0x0000000709600000|
| 151|0x0000000709700000, 0x0000000709700000, 0x0000000709800000|  0%| F|  |TS  0|AC  0|TAMS 0x0000000709700000, 0x0000000709700000|
| 152|0x0000000709800000, 0x0000000709800000, 0x0000000709900000|  0%| F|  |TS  0|AC  0|TAMS 0x0000000709800000, 0x0000000709800000|
| 153|0x0000000709900000, 0x0000000709900000, 0x0000000709a00000|  0%| F|  |TS  0|AC  0|TAMS 0x0000000709900000, 0x0000000709900000|
| 154|0x0000000709a00000, 0x0000000709a00000, 0x0000000709b00000|  0%| F|  |TS  0|AC  0|TAMS 0x0000000709a00000, 0x0000000709a00000|
| 155|0x0000000709b00000, 0x0000000709b00000, 0x0000000709c00000|  0%| F|  |TS  0|AC  0|TAMS 0x0000000709b00000, 0x0000000709b00000|
| 156|0x0000000709c00000, 0x0000000709c00000, 0x0000000709d00000|  0%| F|  |TS  0|AC  0|TAMS 0x0000000709c00000, 0x0000000709c00000|
| 157|0x0000000709d00000, 0x0000000709d00000, 0x0000000709e00000|  0%| F|  |TS  0|AC  0|TAMS 0x0000000709d00000, 0x0000000709d00000|
| 158|0x0000000709e00000, 0x0000000709e00000, 0x0000000709f00000|  0%| F|  |TS  0|AC  0|TAMS 0x0000000709e00000, 0x0000000709e00000|
| 159|0x0000000709f00000, 0x0000000709f00000, 0x000000070a000000|  0%| F|  |TS  0|AC  0|TAMS 0x0000000709f00000, 0x0000000709f00000|
| 160|0x000000070a000000, 0x000000070a000000, 0x000000070a100000|  0%| F|  |TS 21|AC  0|TAMS 0x000000070a000000, 0x000000070a000000|
| 161|0x000000070a100000, 0x000000070a1a98d8, 0x000000070a200000| 66%| S|CS|TS 21|AC  0|TAMS 0x000000070a100000, 0x000000070a100000|
| 162|0x000000070a200000, 0x000000070a200000, 0x000000070a300000|  0%| F|  |TS 21|AC  0|TAMS 0x000000070a200000, 0x000000070a200000|
| 163|0x000000070a300000, 0x000000070a400000, 0x000000070a400000|100%| S|CS|TS 21|AC  0|TAMS 0x000000070a300000, 0x000000070a300000|
| 164|0x000000070a400000, 0x000000070a400000, 0x000000070a500000|  0%| F|  |TS 21|AC  0|TAMS 0x000000070a400000, 0x000000070a400000|
| 165|0x000000070a500000, 0x000000070a500000, 0x000000070a600000|  0%| F|  |TS 21|AC  0|TAMS 0x000000070a500000, 0x000000070a500000|
| 166|0x000000070a600000, 0x000000070a600000, 0x000000070a700000|  0%| F|  |TS 21|AC  0|TAMS 0x000000070a600000, 0x000000070a600000|
| 167|0x000000070a700000, 0x000000070a700000, 0x000000070a800000|  0%| F|  |TS 21|AC  0|TAMS 0x000000070a700000, 0x000000070a700000|
| 168|0x000000070a800000, 0x000000070a800000, 0x000000070a900000|  0%| F|  |TS 21|AC  0|TAMS 0x000000070a800000, 0x000000070a800000|
| 169|0x000000070a900000, 0x000000070a900000, 0x000000070aa00000|  0%| F|  |TS 21|AC  0|TAMS 0x000000070a900000, 0x000000070a900000|
| 170|0x000000070aa00000, 0x000000070aa00000, 0x000000070ab00000|  0%| F|  |TS 21|AC  0|TAMS 0x000000070aa00000, 0x000000070aa00000|
| 171|0x000000070ab00000, 0x000000070ab00000, 0x000000070ac00000|  0%| F|  |TS 21|AC  0|TAMS 0x000000070ab00000, 0x000000070ab00000|
| 172|0x000000070ac00000, 0x000000070ac00000, 0x000000070ad00000|  0%| F|  |TS 21|AC  0|TAMS 0x000000070ac00000, 0x000000070ac00000|
| 173|0x000000070ad00000, 0x000000070ad00000, 0x000000070ae00000|  0%| F|  |TS 21|AC  0|TAMS 0x000000070ad00000, 0x000000070ad00000|
| 174|0x000000070ae00000, 0x000000070ae00000, 0x000000070af00000|  0%| F|  |TS 21|AC  0|TAMS 0x000000070ae00000, 0x000000070ae00000|
| 175|0x000000070af00000, 0x000000070af00000, 0x000000070b000000|  0%| F|  |TS 21|AC  0|TAMS 0x000000070af00000, 0x000000070af00000|
| 176|0x000000070b000000, 0x000000070b000000, 0x000000070b100000|  0%| F|  |TS 21|AC  0|TAMS 0x000000070b000000, 0x000000070b000000|
| 177|0x000000070b100000, 0x000000070b100000, 0x000000070b200000|  0%| F|  |TS 21|AC  0|TAMS 0x000000070b100000, 0x000000070b100000|
| 178|0x000000070b200000, 0x000000070b200000, 0x000000070b300000|  0%| F|  |TS 21|AC  0|TAMS 0x000000070b200000, 0x000000070b200000|
| 179|0x000000070b300000, 0x000000070b300000, 0x000000070b400000|  0%| F|  |TS 21|AC  0|TAMS 0x000000070b300000, 0x000000070b300000|
| 180|0x000000070b400000, 0x000000070b400000, 0x000000070b500000|  0%| F|  |TS 21|AC  0|TAMS 0x000000070b400000, 0x000000070b400000|
| 181|0x000000070b500000, 0x000000070b500000, 0x000000070b600000|  0%| F|  |TS 21|AC  0|TAMS 0x000000070b500000, 0x000000070b500000|
| 182|0x000000070b600000, 0x000000070b600000, 0x000000070b700000|  0%| F|  |TS 21|AC  0|TAMS 0x000000070b600000, 0x000000070b600000|
| 183|0x000000070b700000, 0x000000070b700000, 0x000000070b800000|  0%| F|  |TS 21|AC  0|TAMS 0x000000070b700000, 0x000000070b700000|
| 184|0x000000070b800000, 0x000000070b800000, 0x000000070b900000|  0%| F|  |TS 21|AC  0|TAMS 0x000000070b800000, 0x000000070b800000|
| 185|0x000000070b900000, 0x000000070b900000, 0x000000070ba00000|  0%| F|  |TS 21|AC  0|TAMS 0x000000070b900000, 0x000000070b900000|
| 186|0x000000070ba00000, 0x000000070ba00000, 0x000000070bb00000|  0%| F|  |TS 21|AC  0|TAMS 0x000000070ba00000, 0x000000070ba00000|
| 187|0x000000070bb00000, 0x000000070bb00000, 0x000000070bc00000|  0%| F|  |TS 21|AC  0|TAMS 0x000000070bb00000, 0x000000070bb00000|
| 188|0x000000070bc00000, 0x000000070bc00000, 0x000000070bd00000|  0%| F|  |TS 21|AC  0|TAMS 0x000000070bc00000, 0x000000070bc00000|
| 189|0x000000070bd00000, 0x000000070bd00000, 0x000000070be00000|  0%| F|  |TS 21|AC  0|TAMS 0x000000070bd00000, 0x000000070bd00000|
| 190|0x000000070be00000, 0x000000070be00000, 0x000000070bf00000|  0%| F|  |TS 21|AC  0|TAMS 0x000000070be00000, 0x000000070be00000|
| 191|0x000000070bf00000, 0x000000070bf00000, 0x000000070c000000|  0%| F|  |TS 21|AC  0|TAMS 0x000000070bf00000, 0x000000070bf00000|
| 192|0x000000070c000000, 0x000000070c000000, 0x000000070c100000|  0%| F|  |TS 21|AC  0|TAMS 0x000000070c000000, 0x000000070c000000|
| 193|0x000000070c100000, 0x000000070c100000, 0x000000070c200000|  0%| F|  |TS 21|AC  0|TAMS 0x000000070c100000, 0x000000070c100000|
| 194|0x000000070c200000, 0x000000070c200000, 0x000000070c300000|  0%| F|  |TS 21|AC  0|TAMS 0x000000070c200000, 0x000000070c200000|
| 195|0x000000070c300000, 0x000000070c300000, 0x000000070c400000|  0%| F|  |TS 21|AC  0|TAMS 0x000000070c300000, 0x000000070c300000|
| 196|0x000000070c400000, 0x000000070c400000, 0x000000070c500000|  0%| F|  |TS 21|AC  0|TAMS 0x000000070c400000, 0x000000070c400000|
| 197|0x000000070c500000, 0x000000070c500000, 0x000000070c600000|  0%| F|  |TS 21|AC  0|TAMS 0x000000070c500000, 0x000000070c500000|
| 198|0x000000070c600000, 0x000000070c600000, 0x000000070c700000|  0%| F|  |TS 21|AC  0|TAMS 0x000000070c600000, 0x000000070c600000|
| 199|0x000000070c700000, 0x000000070c700000, 0x000000070c800000|  0%| F|  |TS 21|AC  0|TAMS 0x000000070c700000, 0x000000070c700000|
| 200|0x000000070c800000, 0x000000070c800000, 0x000000070c900000|  0%| F|  |TS 21|AC  0|TAMS 0x000000070c800000, 0x000000070c800000|
| 201|0x000000070c900000, 0x000000070c900000, 0x000000070ca00000|  0%| F|  |TS 21|AC  0|TAMS 0x000000070c900000, 0x000000070c900000|
| 202|0x000000070ca00000, 0x000000070ca00000, 0x000000070cb00000|  0%| F|  |TS 21|AC  0|TAMS 0x000000070ca00000, 0x000000070ca00000|
| 203|0x000000070cb00000, 0x000000070cb00000, 0x000000070cc00000|  0%| F|  |TS 21|AC  0|TAMS 0x000000070cb00000, 0x000000070cb00000|
| 204|0x000000070cc00000, 0x000000070cc00000, 0x000000070cd00000|  0%| F|  |TS 21|AC  0|TAMS 0x000000070cc00000, 0x000000070cc00000|
| 205|0x000000070cd00000, 0x000000070cd00000, 0x000000070ce00000|  0%| F|  |TS 21|AC  0|TAMS 0x000000070cd00000, 0x000000070cd00000|
| 206|0x000000070ce00000, 0x000000070ce00000, 0x000000070cf00000|  0%| F|  |TS 21|AC  0|TAMS 0x000000070ce00000, 0x000000070ce00000|
| 207|0x000000070cf00000, 0x000000070cf00000, 0x000000070d000000|  0%| F|  |TS 21|AC  0|TAMS 0x000000070cf00000, 0x000000070cf00000|
| 208|0x000000070d000000, 0x000000070d0d7638, 0x000000070d100000| 84%| E|  |TS 21|AC  0|TAMS 0x000000070d000000, 0x000000070d000000|
| 209|0x000000070d100000, 0x000000070d200000, 0x000000070d200000|100%| E|CS|TS 21|AC  0|TAMS 0x000000070d100000, 0x000000070d100000|
| 210|0x000000070d200000, 0x000000070d300000, 0x000000070d300000|100%| E|CS|TS 21|AC  0|TAMS 0x000000070d200000, 0x000000070d200000|
| 211|0x000000070d300000, 0x000000070d400000, 0x000000070d400000|100%| E|CS|TS 21|AC  0|TAMS 0x000000070d300000, 0x000000070d300000|
| 212|0x000000070d400000, 0x000000070d500000, 0x000000070d500000|100%| E|CS|TS 21|AC  0|TAMS 0x000000070d400000, 0x000000070d400000|
| 213|0x000000070d500000, 0x000000070d600000, 0x000000070d600000|100%| E|CS|TS 21|AC  0|TAMS 0x000000070d500000, 0x000000070d500000|
| 214|0x000000070d600000, 0x000000070d700000, 0x000000070d700000|100%| E|CS|TS 21|AC  0|TAMS 0x000000070d600000, 0x000000070d600000|
| 215|0x000000070d700000, 0x000000070d800000, 0x000000070d800000|100%| E|CS|TS 21|AC  0|TAMS 0x000000070d700000, 0x000000070d700000|
| 216|0x000000070d800000, 0x000000070d900000, 0x000000070d900000|100%| E|CS|TS 21|AC  0|TAMS 0x000000070d800000, 0x000000070d800000|
| 217|0x000000070d900000, 0x000000070da00000, 0x000000070da00000|100%| E|CS|TS 21|AC  0|TAMS 0x000000070d900000, 0x000000070d900000|
| 218|0x000000070da00000, 0x000000070db00000, 0x000000070db00000|100%| E|CS|TS 21|AC  0|TAMS 0x000000070da00000, 0x000000070da00000|
| 219|0x000000070db00000, 0x000000070dc00000, 0x000000070dc00000|100%| E|CS|TS 21|AC  0|TAMS 0x000000070db00000, 0x000000070db00000|
| 220|0x000000070dc00000, 0x000000070dd00000, 0x000000070dd00000|100%| E|CS|TS 21|AC  0|TAMS 0x000000070dc00000, 0x000000070dc00000|
| 221|0x000000070dd00000, 0x000000070de00000, 0x000000070de00000|100%| E|CS|TS 21|AC  0|TAMS 0x000000070dd00000, 0x000000070dd00000|

Card table byte_map: [0x000002532b020000,0x000002532b620000] byte_map_base: 0x0000025327820000

Marking Bits (Prev, Next): (CMBitMap*) 0x000002532cf77e20, (CMBitMap*) 0x000002532cf77e58
 Prev Bits: [0x0000025343370000, 0x0000025346370000)
 Next Bits: [0x0000025346370000, 0x0000025349370000)

Polling page: 0x0000025320c80000

CodeHeap 'non-profiled nmethods': size=120000Kb used=29643Kb max_used=29643Kb free=90356Kb
 bounds [0x000002533be40000, 0x000002533db40000, 0x0000025343370000]
CodeHeap 'profiled nmethods': size=120000Kb used=46966Kb max_used=46966Kb free=73033Kb
 bounds [0x0000025334910000, 0x0000025337750000, 0x000002533be40000]
CodeHeap 'non-nmethods': size=5760Kb used=1820Kb max_used=1872Kb free=3939Kb
 bounds [0x0000025334370000, 0x00000253345e0000, 0x0000025334910000]
 total_blobs=39972 nmethods=20064 adapters=1168
 compilation: enabled

Compilation events (10 events):
Event: 13738.314 Thread 0x000002532d042000 26782   !   4       java.io.PrintWriter::newLine (65 bytes)
Event: 13738.319 Thread 0x000002532d042000 nmethod 26782 0x000002533db31890 code [0x000002533db31a40, 0x000002533db31ea8]
Event: 13738.334 Thread 0x000002532d044000 26783       1       sun.awt.util.IdentityLinkedList::access$500 (5 bytes)
Event: 13738.334 Thread 0x000002532d044000 nmethod 26783 0x000002533db32110 code [0x000002533db322c0, 0x000002533db323b8]
Event: 13738.340 Thread 0x000002532d044000 26784       1       java.awt.WaitDispatchSupport::access$600 (5 bytes)
Event: 13738.340 Thread 0x000002532d044000 nmethod 26784 0x000002533db32490 code [0x000002533db32640, 0x000002533db32738]
Event: 13738.354 Thread 0x000002532d044000 26785       1       ui.views.waveform.w::dWT (2 bytes)
Event: 13738.354 Thread 0x000002532d044000 nmethod 26785 0x000002533db32810 code [0x000002533db329c0, 0x000002533db32ad8]
Event: 13738.354 Thread 0x000002532d044000 26786       1       ui.views.waveform.w::aaj (2 bytes)
Event: 13738.354 Thread 0x000002532d044000 nmethod 26786 0x000002533db32b90 code [0x000002533db32d40, 0x000002533db32e58]

GC Heap History (10 events):
Event: 13729.192 GC heap before
{Heap before GC invocations=704 (full 11):
 garbage-first heap   total 227328K, used 160242K [0x0000000700000000, 0x00000007001006f0, 0x00000007c0000000)
  region size 1024K, 60 young (61440K), 2 survivors (2048K)
 Metaspace       used 88074K, capacity 91063K, committed 95740K, reserved 1132544K
  class space    used 11746K, capacity 12326K, committed 13308K, reserved 1048576K
}
Event: 13729.196 GC heap after
{Heap after GC invocations=705 (full 11):
 garbage-first heap   total 227328K, used 101309K [0x0000000700000000, 0x00000007001006f0, 0x00000007c0000000)
  region size 1024K, 2 young (2048K), 2 survivors (2048K)
 Metaspace       used 88074K, capacity 91063K, committed 95740K, reserved 1132544K
  class space    used 11746K, capacity 12326K, committed 13308K, reserved 1048576K
}
Event: 13731.619 GC heap before
{Heap before GC invocations=705 (full 11):
 garbage-first heap   total 227328K, used 160701K [0x0000000700000000, 0x00000007001006f0, 0x00000007c0000000)
  region size 1024K, 60 young (61440K), 2 survivors (2048K)
 Metaspace       used 88076K, capacity 91063K, committed 95740K, reserved 1132544K
  class space    used 11746K, capacity 12326K, committed 13308K, reserved 1048576K
}
Event: 13731.622 GC heap after
{Heap after GC invocations=706 (full 11):
 garbage-first heap   total 227328K, used 101254K [0x0000000700000000, 0x00000007001006f0, 0x00000007c0000000)
  region size 1024K, 2 young (2048K), 2 survivors (2048K)
 Metaspace       used 88076K, capacity 91063K, committed 95740K, reserved 1132544K
  class space    used 11746K, capacity 12326K, committed 13308K, reserved 1048576K
}
Event: 13733.972 GC heap before
{Heap before GC invocations=706 (full 11):
 garbage-first heap   total 227328K, used 160646K [0x0000000700000000, 0x00000007001006f0, 0x00000007c0000000)
  region size 1024K, 60 young (61440K), 2 survivors (2048K)
 Metaspace       used 88348K, capacity 91357K, committed 95996K, reserved 1132544K
  class space    used 11775K, capacity 12359K, committed 13308K, reserved 1048576K
}
Event: 13733.975 GC heap after
{Heap after GC invocations=707 (full 11):
 garbage-first heap   total 227328K, used 101407K [0x0000000700000000, 0x00000007001006f0, 0x00000007c0000000)
  region size 1024K, 2 young (2048K), 2 survivors (2048K)
 Metaspace       used 88348K, capacity 91357K, committed 95996K, reserved 1132544K
  class space    used 11775K, capacity 12359K, committed 13308K, reserved 1048576K
}
Event: 13736.778 GC heap before
{Heap before GC invocations=707 (full 11):
 garbage-first heap   total 227328K, used 160799K [0x0000000700000000, 0x00000007001006f0, 0x00000007c0000000)
  region size 1024K, 60 young (61440K), 2 survivors (2048K)
 Metaspace       used 88357K, capacity 91357K, committed 95996K, reserved 1132544K
  class space    used 11775K, capacity 12359K, committed 13308K, reserved 1048576K
}
Event: 13736.781 GC heap after
{Heap after GC invocations=708 (full 11):
 garbage-first heap   total 227328K, used 101231K [0x0000000700000000, 0x00000007001006f0, 0x00000007c0000000)
  region size 1024K, 2 young (2048K), 2 survivors (2048K)
 Metaspace       used 88357K, capacity 91357K, committed 95996K, reserved 1132544K
  class space    used 11775K, capacity 12359K, committed 13308K, reserved 1048576K
}
Event: 13737.536 GC heap before
{Heap before GC invocations=708 (full 11):
 garbage-first heap   total 227328K, used 160623K [0x0000000700000000, 0x00000007001006f0, 0x00000007c0000000)
  region size 1024K, 60 young (61440K), 2 survivors (2048K)
 Metaspace       used 88507K, capacity 91589K, committed 95996K, reserved 1132544K
  class space    used 11789K, capacity 12393K, committed 13308K, reserved 1048576K
}
Event: 13737.540 GC heap after
{Heap after GC invocations=709 (full 11):
 garbage-first heap   total 227328K, used 101394K [0x0000000700000000, 0x00000007001006f0, 0x00000007c0000000)
  region size 1024K, 2 young (2048K), 2 survivors (2048K)
 Metaspace       used 88507K, capacity 91589K, committed 95996K, reserved 1132544K
  class space    used 11789K, capacity 12393K, committed 13308K, reserved 1048576K
}

Deoptimization events (10 events):
Event: 13736.864 Thread 0x000002534dc85800 Uncommon trap: reason=bimorphic_or_optimized_type_check action=maybe_recompile pc=0x000002533c8d8a50 method=java.awt.Container.dispatchEventImpl(Ljava/awt/AWTEvent;)V @ 19 c2
Event: 13736.865 Thread 0x000002534dc85800 Uncommon trap: reason=bimorphic_or_optimized_type_check action=maybe_recompile pc=0x000002533c8d8a50 method=java.awt.Container.dispatchEventImpl(Ljava/awt/AWTEvent;)V @ 19 c2
Event: 13736.866 Thread 0x000002534dc85800 Uncommon trap: reason=bimorphic_or_optimized_type_check action=maybe_recompile pc=0x000002533c88ff6c method=java.awt.Container.dispatchEventImpl(Ljava/awt/AWTEvent;)V @ 19 c2
Event: 13736.924 Thread 0x000002534dc85800 Uncommon trap: reason=unstable_if action=reinterpret pc=0x000002533c5c4c34 method=java.awt.datatransfer.MimeTypeParameterList.skipWhiteSpace(Ljava/lang/String;I)I @ 25 c2
Event: 13736.925 Thread 0x000002534dc85800 Uncommon trap: reason=unstable_if action=reinterpret pc=0x000002533cf2acfc method=java.awt.datatransfer.MimeTypeParameterList.skipWhiteSpace(Ljava/lang/String;I)I @ 25 c2
Event: 13736.926 Thread 0x000002534dc85800 Uncommon trap: reason=class_check action=maybe_recompile pc=0x000002533d8d4864 method=java.awt.geom.LineIterator.currentSegment([F)I @ 30 c2
Event: 13736.926 Thread 0x000002534dc85800 Uncommon trap: reason=class_check action=maybe_recompile pc=0x000002533d8d4850 method=java.awt.geom.LineIterator.currentSegment([F)I @ 57 c2
Event: 13736.932 Thread 0x000002534dc85800 Uncommon trap: reason=class_check action=maybe_recompile pc=0x000002533d8d4864 method=java.awt.geom.LineIterator.currentSegment([F)I @ 30 c2
Event: 13736.932 Thread 0x000002534dc85800 Uncommon trap: reason=class_check action=maybe_recompile pc=0x000002533d8d4850 method=java.awt.geom.LineIterator.currentSegment([F)I @ 57 c2
Event: 13738.344 Thread 0x000002534dc85800 Uncommon trap: reason=predicate action=maybe_recompile pc=0x000002533d1c30cc method=javax.swing.JTable.getSelectedRows()[I @ 54 c2

Classes redefined (0 events):
No events

Internal exceptions (10 events):
Event: 13728.807 Thread 0x000002534dc85800 Exception <a 'java/lang/NoSuchMethodError'{0x000000070b458240}: method resolution failed> (0x000000070b458240) thrown at [t:/workspace/hotspot/src/share/vm/prims/methodHandles.cpp, line 1256]
Event: 13728.809 Thread 0x000002534dc85800 Exception <a 'java/lang/NoSuchMethodError'{0x000000070b4685c8}: method resolution failed> (0x000000070b4685c8) thrown at [t:/workspace/hotspot/src/share/vm/prims/methodHandles.cpp, line 1256]
Event: 13728.809 Thread 0x000002534dc85800 Exception <a 'java/lang/NoSuchMethodError'{0x000000070b46d988}: java.lang.invoke.DelegatingMethodHandle$Holder.reinvoke_L(Ljava/lang/Object;Ljava/lang/Object;Ljava/lang/Object;Ljava/lang/Object;Ljava/lang/Object;IILjava/lang/Object;Ljava/lang/Object;IILja
Event: 13728.899 Thread 0x000002534dc85800 Exception <a 'java/lang/NoSuchMethodError'{0x000000070d17ac28}: method resolution failed> (0x000000070d17ac28) thrown at [t:/workspace/hotspot/src/share/vm/prims/methodHandles.cpp, line 1256]
Event: 13728.899 Thread 0x000002534dc85800 Exception <a 'java/lang/NoSuchMethodError'{0x000000070d17ed60}: java.lang.invoke.DelegatingMethodHandle$Holder.reinvoke_L(Ljava/lang/Object;Ljava/lang/Object;IILjava/lang/Object;Ljava/lang/Object;ILjava/lang/Object;II)Ljava/lang/Object;> (0x000000070d17ed
Event: 13728.901 Thread 0x000002534dc85800 Exception <a 'java/lang/NoSuchMethodError'{0x000000070d1eb7d0}: java.lang.invoke.DirectMethodHandle$Holder.invokeSpecial(Ljava/lang/Object;Ljava/lang/Object;IIILjava/lang/Object;Ljava/lang/Object;ILjava/lang/Object;II)Ljava/lang/Object;> (0x000000070d1eb7
Event: 13728.901 Thread 0x000002534dc85800 Exception <a 'java/lang/NoSuchMethodError'{0x000000070d1ef2f8}: java.lang.invoke.DelegatingMethodHandle$Holder.reinvoke_L(Ljava/lang/Object;IIILjava/lang/Object;Ljava/lang/Object;ILjava/lang/Object;II)Ljava/lang/Object;> (0x000000070d1ef2f8) thrown at [t:
Event: 13728.902 Thread 0x000002534dc85800 Exception <a 'java/lang/NoSuchMethodError'{0x000000070d00da40}: method resolution failed> (0x000000070d00da40) thrown at [t:/workspace/hotspot/src/share/vm/prims/methodHandles.cpp, line 1256]
Event: 13728.976 Thread 0x000002534dc85800 Exception <a 'java/lang/NoSuchMethodError'{0x000000070c8677a8}: java.lang.invoke.DirectMethodHandle$Holder.invokeSpecial(Ljava/lang/Object;Ljava/lang/Object;ILjava/lang/Object;)V> (0x000000070c8677a8) thrown at [t:/workspace/hotspot/src/share/vm/interpret
Event: 13728.976 Thread 0x000002534dc85800 Exception <a 'java/lang/NoSuchMethodError'{0x000000070c86d0d0}: java.lang.invoke.DirectMethodHandle$Holder.invokeStatic(Ljava/lang/Object;Ljava/lang/Object;ILjava/lang/Object;)Ljava/lang/Object;> (0x000000070c86d0d0) thrown at [t:/workspace/hotspot/src/sh

Events (10 events):
Event: 13738.326 Executing VM operation: RevokeBias done
Event: 13738.328 Executing VM operation: RevokeBias
Event: 13738.328 Executing VM operation: RevokeBias done
Event: 13738.344 Thread 0x000002534dc85800 Uncommon trap: trap_request=0xffffff86 fr.pc=0x000002533d1c30cc relative=0x000000000000056c
Event: 13738.344 Thread 0x000002534dc85800 DEOPT PACKING pc=0x000002533d1c30cc sp=0x0000006bfd3f7130
Event: 13738.344 Thread 0x000002534dc85800 DEOPT UNPACKING pc=0x00000253343bdf29 sp=0x0000006bfd3f70f0 mode 2
Event: 13738.344 loading class com/jidesoft/grid/TableUtils$ColumnSelectionRow
Event: 13738.344 loading class com/jidesoft/grid/TableUtils$ColumnSelectionRow done
Event: 13738.646 Thread 0x0000025354b1e800 Thread added: 0x0000025354b1e800
Event: 13738.650 Thread 0x0000025354b1e800 Thread exited: 0x0000025354b1e800


Dynamic libraries:
0x00007ff75e7e0000 - 0x00007ff75e810000 	C:\Xilinx\Vivado\2019.1\bin\unwrapped\win64.o\vivado.exe
0x00007ffb07e40000 - 0x00007ffb08049000 	C:\WINDOWS\SYSTEM32\ntdll.dll
0x00007ffb07590000 - 0x00007ffb0764d000 	C:\WINDOWS\System32\KERNEL32.DLL
0x00007ffb05480000 - 0x00007ffb057fc000 	C:\WINDOWS\System32\KERNELBASE.dll
0x00007ffb05b50000 - 0x00007ffb05c61000 	C:\WINDOWS\System32\ucrtbase.dll
0x00007ffa86c00000 - 0x00007ffa87ae2000 	C:\Xilinx\Vivado\2019.1\lib\win64.o\librdi_common.dll
0x00007ffad9590000 - 0x00007ffad95a4000 	C:\Xilinx\Vivado\2019.1\lib\win64.o\libboost_signals.dll
0x00007ffa8b620000 - 0x00007ffa8b6ad000 	C:\WINDOWS\SYSTEM32\MSVCP140.dll
0x00007ffad9570000 - 0x00007ffad9584000 	C:\Xilinx\Vivado\2019.1\lib\win64.o\librdi_commonmain.dll
0x00007ffb078a0000 - 0x00007ffb07a4d000 	C:\WINDOWS\System32\USER32.dll
0x00007ffaedf10000 - 0x00007ffaedf2b000 	C:\WINDOWS\SYSTEM32\VCRUNTIME140.dll
0x00007ffb05c70000 - 0x00007ffb05c96000 	C:\WINDOWS\System32\win32u.dll
0x00007ffb07870000 - 0x00007ffb07899000 	C:\WINDOWS\System32\GDI32.dll
0x00007ffa86890000 - 0x00007ffa86bfe000 	C:\Xilinx\Vivado\2019.1\lib\win64.o\libCOIN-all.dll
0x00007ffb05360000 - 0x00007ffb05479000 	C:\WINDOWS\System32\gdi32full.dll
0x00007ffad9550000 - 0x00007ffad9564000 	C:\Xilinx\Vivado\2019.1\lib\win64.o\libboost_date_time.dll
0x00007ffacf9b0000 - 0x00007ffacf9d6000 	C:\Xilinx\Vivado\2019.1\lib\win64.o\libboost_filesystem.dll
0x00007ffb05ab0000 - 0x00007ffb05b4d000 	C:\WINDOWS\System32\msvcp_win.dll
0x00007ffb063d0000 - 0x00007ffb0647e000 	C:\WINDOWS\System32\ADVAPI32.dll
0x00007ffb074e0000 - 0x00007ffb07583000 	C:\WINDOWS\System32\msvcrt.dll
0x00007ffb06d20000 - 0x00007ffb074d8000 	C:\WINDOWS\System32\SHELL32.dll
0x00007ffb06800000 - 0x00007ffb0689e000 	C:\WINDOWS\System32\sechost.dll
0x00007ffac39d0000 - 0x00007ffac3a4f000 	C:\Xilinx\Vivado\2019.1\lib\win64.o\libboost_program_options.dll
0x00007ffab91e0000 - 0x00007ffab92f4000 	C:\Xilinx\Vivado\2019.1\lib\win64.o\libboost_regex.dll
0x00007ffb05fd0000 - 0x00007ffb060f0000 	C:\WINDOWS\System32\RPCRT4.dll
0x00007ffada610000 - 0x00007ffada61c000 	C:\WINDOWS\SYSTEM32\VCRUNTIME140_1.dll
0x00007ffaefad0000 - 0x00007ffaefadb000 	C:\Xilinx\Vivado\2019.1\lib\win64.o\libboost_system.dll
0x00007ffae9610000 - 0x00007ffae961f000 	C:\Xilinx\Vivado\2019.1\lib\win64.o\libboost_xilinx.dll
0x00007ffacc920000 - 0x00007ffacc941000 	C:\Xilinx\Vivado\2019.1\lib\win64.o\libboost_thread.dll
0x00007ffab9150000 - 0x00007ffab91d2000 	C:\Xilinx\Vivado\2019.1\lib\win64.o\libhdlpsolve.dll
0x00007ffa85ce0000 - 0x00007ffa8688f400 	C:\Xilinx\Vivado\2019.1\lib\win64.o\libisl_iostreams.dll
0x00007ffac0cb0000 - 0x00007ffac0cde000 	C:\Xilinx\Vivado\2019.1\lib\win64.o\libisl_sysinfo.dll
0x00007ffab96a0000 - 0x00007ffab9705000 	C:\Xilinx\Vivado\2019.1\lib\win64.o\liblmx6.0.dll
0x00007ffab9010000 - 0x00007ffab90b5000 	C:\Xilinx\Vivado\2019.1\lib\win64.o\libhdxml.dll
0x00007ffb07d50000 - 0x00007ffb07dbf000 	C:\WINDOWS\System32\WS2_32.dll
0x00007fface2e0000 - 0x00007fface2fa000 	C:\Xilinx\Vivado\2019.1\lib\win64.o\pthreadVC2.dll
0x00007ffab8ee0000 - 0x00007ffab9001000 	C:\Xilinx\Vivado\2019.1\lib\win64.o\librdi_commonxillic.dll
0x00007ffacbdb0000 - 0x00007ffacbdcc000 	C:\Xilinx\Vivado\2019.1\lib\win64.o\librdiconfig.dll
0x00007ffab9120000 - 0x00007ffab9141000 	C:\Xilinx\Vivado\2019.1\lib\win64.o\librdizlib.dll
0x0000000054ea0000 - 0x0000000054fcb000 	C:\Xilinx\Vivado\2019.1\lib\win64.o\tcl85t.dll
0x0000000012000000 - 0x0000000012270000 	C:\Xilinx\Vivado\2019.1\lib\win64.o\xerces-c_3_1.dll
0x00007ffadc690000 - 0x00007ffadc69a000 	C:\Xilinx\Vivado\2019.1\lib\win64.o\librdi_commonversion.dll
0x00007ffaef970000 - 0x00007ffaef989000 	C:\WINDOWS\SYSTEM32\NETAPI32.dll
0x00007ffaee650000 - 0x00007ffaeeb4a000 	C:\WINDOWS\SYSTEM32\WININET.dll
0x00007ffafaef0000 - 0x00007ffafaffc000 	C:\WINDOWS\SYSTEM32\WINHTTP.dll
0x00007ffaf9870000 - 0x00007ffaf9a5f000 	C:\WINDOWS\SYSTEM32\urlmon.dll
0x00007ffa84e40000 - 0x00007ffa85cd1000 	C:\Xilinx\Vivado\2019.1\lib\win64.o\gurobi65.dll
0x00007ffae9d90000 - 0x00007ffae9d99000 	C:\WINDOWS\SYSTEM32\WSOCK32.dll
0x00007ffab8eb0000 - 0x00007ffab8edd000 	C:\WINDOWS\SYSTEM32\VCOMP140.DLL
0x00007ffad9540000 - 0x00007ffad954d000 	C:\Xilinx\Vivado\2019.1\lib\win64.o\libboost_chrono.dll
0x00007ffab8e80000 - 0x00007ffab8ea5000 	C:\Xilinx\Vivado\2019.1\lib\win64.o\libisl_iosutils.dll
0x00007ffac3a80000 - 0x00007ffac3a9b000 	C:\Xilinx\Vivado\2019.1\lib\win64.o\libboost_iostreams.dll
0x00007ffab8290000 - 0x00007ffab8568000 	C:\Xilinx\Vivado\2019.1\lib\win64.o\libXil_lmgr11.dll
0x00007ffaf95b0000 - 0x00007ffaf9863000 	C:\WINDOWS\SYSTEM32\iertutil.dll
0x00007ffb06170000 - 0x00007ffb0625c000 	C:\WINDOWS\System32\COMDLG32.dll
0x00007ffaf9580000 - 0x00007ffaf95a8000 	C:\WINDOWS\SYSTEM32\srvcli.dll
0x00007ffb03ed0000 - 0x00007ffb03edc000 	C:\WINDOWS\SYSTEM32\netutils.dll
0x00007ffb06480000 - 0x00007ffb067f9000 	C:\WINDOWS\System32\combase.dll
0x00007ffb07650000 - 0x00007ffb0773a000 	C:\WINDOWS\System32\shcore.dll
0x00007ffb062d0000 - 0x00007ffb0632d000 	C:\WINDOWS\System32\SHLWAPI.dll
0x00007ffb05e80000 - 0x00007ffb05f56000 	C:\WINDOWS\System32\OLEAUT32.dll
0x00007ffadb990000 - 0x00007ffadba42000 	C:\WINDOWS\WinSxS\amd64_microsoft.windows.common-controls_6595b64144ccf1df_5.82.22000.1_none_271a8fad6a2d1b1e\COMCTL32.dll
0x00007ffb07bb0000 - 0x00007ffb07d4a000 	C:\WINDOWS\System32\ole32.dll
0x00007ffb052f0000 - 0x00007ffb05358000 	C:\WINDOWS\System32\WINTRUST.dll
0x00007ffb058c0000 - 0x00007ffb05a22000 	C:\WINDOWS\System32\CRYPT32.dll
0x00007ffafa2d0000 - 0x00007ffafa2ee000 	C:\WINDOWS\SYSTEM32\dhcpcsvc.DLL
0x00007ffb07a50000 - 0x00007ffb07a81000 	C:\WINDOWS\System32\IMM32.DLL
0x00007ffb04b20000 - 0x00007ffb04b32000 	C:\WINDOWS\SYSTEM32\MSASN1.dll
0x00007ffb04430000 - 0x00007ffb04448000 	C:\WINDOWS\SYSTEM32\kernel.appcore.dll
0x00007ffa84920000 - 0x00007ffa84e37000 	C:\Xilinx\Vivado\2019.1\lib\win64.o\librdi_commontasks.dll
0x00007ffaf3170000 - 0x00007ffaf317a000 	C:\WINDOWS\SYSTEM32\VERSION.dll
0x0000000054470000 - 0x0000000054e95000 	C:\Xilinx\Vivado\2019.1\tps\win64\jre9.0.4\bin\server\jvm.dll
0x00007ffa8a3d0000 - 0x00007ffa8a656000 	C:\Xilinx\Vivado\2019.1\lib\win64.o\librdi_sio.dll
0x00007ffb062c0000 - 0x00007ffb062c8000 	C:\WINDOWS\System32\PSAPI.DLL
0x00007ffb03ee0000 - 0x00007ffb03f0d000 	C:\WINDOWS\SYSTEM32\IPHLPAPI.DLL
0x00007ffafa560000 - 0x00007ffafa593000 	C:\WINDOWS\SYSTEM32\WINMM.dll
0x00007ffab8d90000 - 0x00007ffab8e7f000 	C:\WINDOWS\SYSTEM32\MSVCR120.dll
0x00007ffb04880000 - 0x00007ffb048e7000 	C:\WINDOWS\SYSTEM32\MSWSOCK.DLL
0x00007ffb03410000 - 0x00007ffb03c78000 	C:\WINDOWS\SYSTEM32\windows.storage.dll
0x00007ffb032a0000 - 0x00007ffb03406000 	C:\WINDOWS\SYSTEM32\wintypes.dll
0x00007ffa82460000 - 0x00007ffa8491c000 	C:\Xilinx\Vivado\2019.1\lib\win64.o\librdi_tcltasks.dll
0x00007ffa82050000 - 0x00007ffa82458000 	C:\Xilinx\Vivado\2019.1\lib\win64.o\librdi_bitstream.dll
0x00007ffab8690000 - 0x00007ffab8821000 	C:\Xilinx\Vivado\2019.1\lib\win64.o\librdi_board.dll
0x00007ffab8b70000 - 0x00007ffab8be8000 	C:\Xilinx\Vivado\2019.1\lib\win64.o\librdi_boarddep.dll
0x00007ffab8a80000 - 0x00007ffab8b6b000 	C:\Xilinx\Vivado\2019.1\lib\win64.o\librdi_chipscope.dll
0x00007ffab6f00000 - 0x00007ffab70bd000 	C:\Xilinx\Vivado\2019.1\lib\win64.o\librdi_chipscopeimpl.dll
0x00007ffa80660000 - 0x00007ffa8204a000 	C:\Xilinx\Vivado\2019.1\lib\win64.o\librdi_constraints.dll
0x00007ffa88210000 - 0x00007ffa88366000 	C:\Xilinx\Vivado\2019.1\lib\win64.o\librdi_containers.dll
0x00007ffa7e7a0000 - 0x00007ffa80651000 	C:\Xilinx\Vivado\2019.1\lib\win64.o\librdi_coregen.dll
0x00007ffa7e0c0000 - 0x00007ffa7e79a000 	C:\Xilinx\Vivado\2019.1\lib\win64.o\librdi_coregenipxact.dll
0x00007ffa5ac50000 - 0x00007ffa5ec93000 	C:\Xilinx\Vivado\2019.1\lib\win64.o\librdi_designutils.dll
0x00007ffa48820000 - 0x00007ffa5ac4c000 	C:\Xilinx\Vivado\2019.1\lib\win64.o\librdi_device.dll
0x00007ffa7dda0000 - 0x00007ffa7e0be000 	C:\Xilinx\Vivado\2019.1\lib\win64.o\librdi_dlyest.dll
0x00007ffa7d800000 - 0x00007ffa7dd9a000 	C:\Xilinx\Vivado\2019.1\lib\win64.o\librdi_drc.dll
0x00007ffa8a0f0000 - 0x00007ffa8a1b4000 	C:\Xilinx\Vivado\2019.1\lib\win64.o\librdi_dsp.dll
0x00007ffa7d1b0000 - 0x00007ffa7d7fd000 	C:\Xilinx\Vivado\2019.1\lib\win64.o\librdi_filemgmt.dll
0x00007ffa7cec0000 - 0x00007ffa7d1a3000 	C:\Xilinx\Vivado\2019.1\lib\win64.o\librdi_guitools.dll
0x00007ffab8a10000 - 0x00007ffab8a75000 	C:\Xilinx\Vivado\2019.1\lib\win64.o\librdi_hdf.dll
0x00007ffa47260000 - 0x00007ffa48820000 	C:\Xilinx\Vivado\2019.1\lib\win64.o\librdi_implflow.dll
0x00007ffa7c8a0000 - 0x00007ffa7ceb5000 	C:\Xilinx\Vivado\2019.1\lib\win64.o\librdi_memdata.dll
0x00007ffa44570000 - 0x00007ffa47256000 	C:\Xilinx\Vivado\2019.1\lib\win64.o\librdi_mig.dll
0x00007ffab79d0000 - 0x00007ffab7a43000 	C:\Xilinx\Vivado\2019.1\lib\win64.o\librdi_memoryarray.dll
0x00007ffab8640000 - 0x00007ffab868b000 	C:\Xilinx\Vivado\2019.1\lib\win64.o\librdi_pfi.dll
0x00007ffa78c80000 - 0x00007ffa79322000 	C:\Xilinx\Vivado\2019.1\lib\win64.o\librdi_netlist.dll
0x00007ffa7c590000 - 0x00007ffa7c89f000 	C:\Xilinx\Vivado\2019.1\lib\win64.o\librdi_platform.dll
0x00007ffa41ef0000 - 0x00007ffa44566000 	C:\Xilinx\Vivado\2019.1\lib\win64.o\librdi_place.dll
0x00007ffa60450000 - 0x00007ffa60b9a000 	C:\Xilinx\Vivado\2019.1\lib\win64.o\librdi_power.dll
0x00007ffa5f690000 - 0x00007ffa5fc0f000 	C:\Xilinx\Vivado\2019.1\lib\win64.o\librdi_project.dll
0x00007ffa417e0000 - 0x00007ffa41ee9000 	C:\Xilinx\Vivado\2019.1\lib\win64.o\librdi_psta.dll
0x00007ffa410d0000 - 0x00007ffa417d6000 	C:\Xilinx\Vivado\2019.1\lib\win64.o\librdi_rsb.dll
0x00007ffa69d70000 - 0x00007ffa6a161000 	C:\Xilinx\Vivado\2019.1\lib\win64.o\librdi_runs.dll
0x00007ffa88110000 - 0x00007ffa8820a000 	C:\Xilinx\Vivado\2019.1\lib\win64.o\librdi_runsbase.dll
0x00007ffa7c330000 - 0x00007ffa7c586000 	C:\Xilinx\Vivado\2019.1\lib\win64.o\librdi_simdata.dll
0x00007ffa402b0000 - 0x00007ffa410c1000 	C:\Xilinx\Vivado\2019.1\lib\win64.o\librdi_timing.dll
0x00007ffa79c10000 - 0x00007ffa79d82000 	C:\Xilinx\Vivado\2019.1\lib\win64.o\librdi_advchipscopeimpl.dll
0x00007ffaae760000 - 0x00007ffaae7ac000 	C:\Xilinx\Vivado\2019.1\lib\win64.o\libboost_serialization.dll
0x00007ffa6a790000 - 0x00007ffa6a92f000 	C:\Xilinx\Vivado\2019.1\lib\win64.o\librdi_hip_devdesign.dll
0x00007ffa88040000 - 0x00007ffa88102000 	C:\Xilinx\Vivado\2019.1\lib\win64.o\librdi_ipconfig_readwrite.dll
0x00007ffa8aa00000 - 0x00007ffa8aa43000 	C:\Xilinx\Vivado\2019.1\lib\win64.o\librdi_noc_frameworks.dll
0x00007ffa3ee20000 - 0x00007ffa3f967000 	C:\Xilinx\Vivado\2019.1\lib\win64.o\libverific.dll
0x00007ffa3fec0000 - 0x00007ffa402a5000 	C:\Xilinx\Vivado\2019.1\lib\win64.o\librdi_hip_config.dll
0x00007ffa3f970000 - 0x00007ffa3febe000 	C:\Xilinx\Vivado\2019.1\lib\win64.o\librdi_xdm.dll
0x00007ffa87cb0000 - 0x00007ffa87d4e000 	C:\Xilinx\Vivado\2019.1\lib\win64.o\libise.dll
0x00007ffab6ec0000 - 0x00007ffab6f00000 	C:\Xilinx\Vivado\2019.1\lib\win64.o\librdi_wavedata_SimpleApi.dll
0x00007ffa3e820000 - 0x00007ffa3ee1c000 	C:\Xilinx\Vivado\2019.1\lib\win64.o\librdi_wavedata.dll
0x00007ffa3d690000 - 0x00007ffa3e81d000 	C:\Xilinx\Vivado\2019.1\lib\win64.o\librdi_route.dll
0x00007ffa8a9c0000 - 0x00007ffa8a9ff000 	C:\Xilinx\Vivado\2019.1\lib\win64.o\librdi_schedmon.dll
0x00007ffa3b6c0000 - 0x00007ffa3d68d000 	C:\Xilinx\Vivado\2019.1\lib\win64.o\librdi_synth.dll

VM Arguments:
jvm_args: -Dsun.java2d.pmoffscreen=false -Dsun.java2d.xrender=false -Dsun.java2d.d3d=false -Dsun.awt.nopixfmt=true -Dsun.java2d.dpiaware=true -Dsun.java2d.uiScale.enabled=false -Xverify:none -Dswing.aatext=true -XX:-UsePerfData -Djdk.map.althashing.threshold=512 -XX:StringTableSize=4072 --add-opens=java.base/java.nio=ALL-UNNAMED --add-opens=java.desktop/sun.swing=ALL-UNNAMED --add-opens=java.desktop/javax.swing=ALL-UNNAMED --add-opens=java.desktop/javax.swing.tree=ALL-UNNAMED --add-opens=java.desktop/javax.swing.plaf.basic=ALL-UNNAMED --add-opens=java.desktop/javax.swing.plaf.synth=ALL-UNNAMED --add-opens=java.desktop/com.sun.awt=ALL-UNNAMED -XX:NewSize=60m -XX:MaxNewSize=60m -Xms128m -Xmx3072m -Xss5m 
java_command: <unknown>
java_class_path (initial): C:/Xilinx/Vivado/2019.1\lib\classes\alloy.jar;C:/Xilinx/Vivado/2019.1\lib\classes\autopilot.scelaborator.jar;C:/Xilinx/Vivado/2019.1\lib\classes\autopilot.sourceprocessor.jar;C:/Xilinx/Vivado/2019.1\lib\classes\autopilot.tbprocessor.jar;C:/Xilinx/Vivado/2019.1\lib\classes\batik-anim.jar;C:/Xilinx/Vivado/2019.1\lib\classes\batik-awt-util.jar;C:/Xilinx/Vivado/2019.1\lib\classes\batik-bridge.jar;C:/Xilinx/Vivado/2019.1\lib\classes\batik-codec.jar;C:/Xilinx/Vivado/2019.1\lib\classes\batik-css.jar;C:/Xilinx/Vivado/2019.1\lib\classes\batik-dom.jar;C:/Xilinx/Vivado/2019.1\lib\classes\batik-ext.jar;C:/Xilinx/Vivado/2019.1\lib\classes\batik-gui-util.jar;C:/Xilinx/Vivado/2019.1\lib\classes\batik-gvt.jar;C:/Xilinx/Vivado/2019.1\lib\classes\batik-parser.jar;C:/Xilinx/Vivado/2019.1\lib\classes\batik-script.jar;C:/Xilinx/Vivado/2019.1\lib\classes\batik-svg-dom.jar;C:/Xilinx/Vivado/2019.1\lib\classes\batik-swing.jar;C:/Xilinx/Vivado/2019.1\lib\classes\batik-transcoder.jar;C:/Xilinx/Vivado/2019.1\lib\classes\batik-util.jar;C:/Xilinx/Vivado/2019.1\lib\classes\batik-xml.jar;C:/Xilinx/Vivado/2019.1\lib\classes\com.google.gson_2.7.0.v20170129-0911.jar;C:/Xilinx/Vivado/2019.1\lib\classes\com.google.guava_21.0.0.v20170206-1425.jar;C:/Xilinx/Vivado/2019.1\lib\classes\com.google.inject_3.0.0.v201605172100.jar;C:/Xilinx/Vivado/2019.1\lib\classes\com.ibm.icu_4.4.2.v20110208.jar;C:/Xilinx/Vivado/2019.1\lib\classes\com.sigasi.hdt.annotations.runtime_4.3.0.201903071210.jar;C:/Xilinx/Vivado/2019.1\lib\classes\com.sigasi.hdt.blockdiagram.model_4.3.0.201903071210.jar;C:/Xilinx/Vivado/2019.1\lib\classes\com.sigasi.hdt.connection_4.3.0.201903071210.jar;C:/Xilinx/Vivado/2019.1\lib\classes\com.sigasi.hdt.dependencies.model_4.3.0.201903071210.jar;C:/Xilinx/Vivado/2019.1\lib\classes\com.sigasi.hdt.epl_4.3.0.201903071210.jar;C:/Xilinx/Vivado/2019.1\lib\classes\com.sigasi.hdt.graphics.model_4.3.0.201903071210.jar;C:/Xilinx/Vivado/2019.1\lib\classes\com.sigasi.hdt.project_4.3.0
Launcher Type: generic

Logging:
Log output configuration:
#0: stdout all=warning uptime,level,tags
#1: stderr all=off uptime,level,tags

Environment Variables:
PATH=C:/Xilinx/Vivado/2019.1/bin;C:/Xilinx/Vivado/2019.1/lib/win64.o;C:/Xilinx/Vivado/2019.1/tps/win64/jre9.0.4/bin/server;C:/Xilinx/Vivado/2019.1/tps/win64/jre9.0.4/bin;C:/Xilinx/Vivado/2019.1/ids_lite/ISE/bin/nt64;C:/Xilinx/Vivado/2019.1/ids_lite/ISE/lib/nt64;C:\Program Files (x86)\Common Files\Intel\Shared Libraries\redist\intel64\compiler;C:\ProgramData\Oracle\Java\javapath;C:\WINDOWS\system32;C:\WINDOWS;C:\WINDOWS\System32\Wbem;C:\WINDOWS\System32\WindowsPowerShell\v1.0\;C:\WINDOWS\System32\OpenSSH\;C:\Program Files\Polyspace\R2019a\runtime\win64;C:\Program Files\Polyspace\R2019a\bin;C:\Program Files\Polyspace\R2019a\polyspace\bin;C:\Program Files\Git\cmd;C:\Users\carlo\AppData\Local\Microsoft\WindowsApps;C:\Users\carlo\.dotnet\tools;C:\Program Files\Graphviz\bin;C:\Users\carlo\AppData\Local\GitHubDesktop\bin;C:/Xilinx/Vivado/2019.1\tps\mingw\6.2.0\win64.o\nt\bin;C:/Xilinx/Vivado/2019.1\tps\mingw\6.2.0\win64.o\nt\libexec\gcc\x86_64-w64-mingw32\6.2.0;C:/Xilinx/Vivado/2019.1\tps\win64\python-2.7.5;C:/Xilinx/Vivado/2019.1\tps\win64\python-2.7.5\lib;C:/Xilinx/Vivado/2019.1\tps\win64\python-2.7.5\Lib\lib-tk;C:/Xilinx/Vivado/2019.1\tps\win64\python-2.7.5\lib\site-packages
USERNAME=Andrey
OS=Windows_NT
PROCESSOR_IDENTIFIER=Intel64 Family 6 Model 142 Stepping 12, GenuineIntel



---------------  S Y S T E M  ---------------

OS: Windows 10 , 64 bit Build 22000 (10.0.22000.708)

CPU:total 8 (initial active 8) (4 cores per cpu, 2 threads per core) family 6 model 142 stepping 12, cmov, cx8, fxsr, mmx, sse, sse2, sse3, ssse3, sse4.1, sse4.2, popcnt, avx, avx2, aes, clmul, erms, 3dnowpref, lzcnt, ht, tsc, tscinvbit, bmi1, bmi2, adx, fma

Memory: 4k page, physical 8193768k(1426264k free), swap 17106664k(7207524k free)

vm_info: Java HotSpot(TM) 64-Bit Server VM (9.0.4+11) for windows-amd64 JRE (9.0.4+11), built on Dec 20 2017 02:18:54 by "mach5one" with MS VC++ 12.0 (VS2013)

END.
