#
# A fatal error has been detected by the Java Runtime Environment:
#
#  EXCEPTION_ACCESS_VIOLATION (0xc0000005) at pc=0x00007ff889861cca, pid=16508, tid=20344
#
# JRE version: Java(TM) SE Runtime Environment (9.0+11) (build 9.0.4+11)
# Java VM: Java HotSpot(TM) 64-Bit Server VM (9.0.4+11, mixed mode, tiered, compressed oops, g1 gc, windows-amd64)
# Problematic frame:
# C  [librdi_wavedata.dll+0x1e1cca]
#
# No core dump will be written. Minidumps are not enabled by default on client versions of Windows
#
# If you would like to submit a bug report, please visit:
#   http://bugreport.java.com/bugreport/crash.jsp
# The crash happened outside the Java Virtual Machine in native code.
# See problematic frame for where to report the bug.
#

---------------  S U M M A R Y ------------

Command Line: -Dsun.java2d.pmoffscreen=false -Dsun.java2d.xrender=false -Dsun.java2d.d3d=false -Dsun.awt.nopixfmt=true -Dsun.java2d.dpiaware=true -Dsun.java2d.uiScale.enabled=false -Xverify:none -Dswing.aatext=true -XX:-UsePerfData -Djdk.map.althashing.threshold=512 -XX:StringTableSize=4072 --add-opens=java.base/java.nio=ALL-UNNAMED --add-opens=java.desktop/sun.swing=ALL-UNNAMED --add-opens=java.desktop/javax.swing=ALL-UNNAMED --add-opens=java.desktop/javax.swing.tree=ALL-UNNAMED --add-opens=java.desktop/javax.swing.plaf.basic=ALL-UNNAMED --add-opens=java.desktop/javax.swing.plaf.synth=ALL-UNNAMED --add-opens=java.desktop/com.sun.awt=ALL-UNNAMED -XX:NewSize=60m -XX:MaxNewSize=60m -Xms128m -Xmx3072m -Xss5m 

Host: Intel(R) Core(TM) i5-10210U CPU @ 1.60GHz, 8 cores, 7G,  Windows 10 , 64 bit Build 22000 (10.0.22000.708)
Time: Wed Oct 05 00:10:00 2022 Hora estándar, América Central elapsed time: 616 seconds (0d 0h 10m 16s)

---------------  T H R E A D  ---------------

Current thread (0x00000228d10e2800):  JavaThread "AWT-EventQueue-1" [_thread_in_native, id=20344, stack(0x0000007a5bb00000,0x0000007a5c000000)]

Stack: [0x0000007a5bb00000,0x0000007a5c000000],  sp=0x0000007a5bff48a0,  free space=5074k
Native frames: (J=compiled Java code, j=interpreted, Vv=VM code, C=native code)
C  [librdi_wavedata.dll+0x1e1cca]
C  [librdi_wavedata.dll+0x1e1bef]
C  [librdi_wavedata.dll+0x20cb0a]
C  [librdi_wavedata.dll+0x20aede]
C  [librdi_wavedata.dll+0x26873b]
C  [librdi_wavedata.dll+0x26a153]
C  [librdi_wavedata.dll+0x242ea0]
C  [librdi_wavedata.dll+0x242f1d]
C  [librdi_wavedata.dll+0x242fc1]
C  [librdi_wavedata.dll+0x2695c4]
C  [librdi_wavedata.dll+0x239546]
C  [librdi_wavedata.dll+0x239315]
C  [librdi_wavedata.dll+0x275c1f]
C  0x00000228b91b921c

Java frames: (J=compiled Java code, j=interpreted, Vv=VM code)
j  ui.views.waveform.waveformi.WVExecutive_getGraphicsDataSize(J)J+0
j  ui.views.waveform.executive.a.gEt()Ljava/io/ByteArrayInputStream;+8
j  ui.views.waveform.b.a.gEf()V+7
j  ui.views.waveform.b.a.fOl()V+1
j  ui.views.waveform.m.gDo()V+4
j  ui.views.waveform.m.cRi()V+11
j  ui.views.waveform.w.cRi()V+29
j  ui.views.waveform.c.b.j(Lui/frmwork/b/i;)V+92
j  ui.views.waveform.w.a(Lui/frmwork/b/i;)V+13
J 20040 c2 ui.frmwork.HTclEventBroker.i(JZ)V (471 bytes) @ 0x00000228c18aa374 [0x00000228c18a94e0+0x0000000000000e94]
J 20145 c2 ui.frmwork.HTclEventBroker.fireTclEvent(J)I (113 bytes) @ 0x00000228c193bda0 [0x00000228c193ab60+0x0000000000001240]
v  ~StubRoutines::call_stub
j  ui.views.waveform.waveformi.WVExecutive_processModelEvent(JJ)V+0
j  ui.views.waveform.executive.a.eE(J)V+5
j  ui.views.waveform.c.b.eD(J)V+8
j  ui.views.waveform.c.b.j(Lui/frmwork/b/i;)V+133
j  ui.views.waveform.w.a(Lui/frmwork/b/i;)V+13
J 20040 c2 ui.frmwork.HTclEventBroker.i(JZ)V (471 bytes) @ 0x00000228c18aa374 [0x00000228c18a94e0+0x0000000000000e94]
J 20145 c2 ui.frmwork.HTclEventBroker.fireTclEvent(J)I (113 bytes) @ 0x00000228c193bda0 [0x00000228c193ab60+0x0000000000001240]
v  ~StubRoutines::call_stub
j  ui.views.waveform.waveformi.WVExecutive_processModelEvent(JJ)V+0
j  ui.views.waveform.executive.a.eE(J)V+5
j  ui.views.waveform.c.b.eD(J)V+8
j  ui.views.waveform.c.e.actionPerformed(Ljava/awt/event/ActionEvent;)V+8
J 21958 c2 javax.swing.Timer.fireActionPerformed(Ljava/awt/event/ActionEvent;)V java.desktop@9.0.4 (46 bytes) @ 0x00000228c2040658 [0x00000228c2040540+0x0000000000000118]
J 21939 c2 javax.swing.Timer$DoPostEvent.run()V java.desktop@9.0.4 (82 bytes) @ 0x00000228c2036208 [0x00000228c2036040+0x00000000000001c8]
J 21394 c2 java.awt.EventQueue.dispatchEventImpl(Ljava/awt/AWTEvent;Ljava/lang/Object;)V java.desktop@9.0.4 (136 bytes) @ 0x00000228c0f52a04 [0x00000228c0f524e0+0x0000000000000524]
J 21440 c2 java.awt.EventQueue$3.run()Ljava/lang/Object; java.desktop@9.0.4 (5 bytes) @ 0x00000228c111572c [0x00000228c11156c0+0x000000000000006c]
v  ~StubRoutines::call_stub
J 3817  java.security.AccessController.doPrivileged(Ljava/security/PrivilegedAction;Ljava/security/AccessControlContext;)Ljava/lang/Object; java.base@9.0.4 (0 bytes) @ 0x00000228c0e9ff46 [0x00000228c0e9fee0+0x0000000000000066]
J 17074 c2 ui.frmwork.b.d.dispatchEvent(Ljava/awt/AWTEvent;)V (34 bytes) @ 0x00000228c1b05124 [0x00000228c1b04b00+0x0000000000000624]
J 23697 c1 java.awt.EventDispatchThread.pumpOneEventForFilters(I)V java.desktop@9.0.4 (218 bytes) @ 0x00000228bc7c5594 [0x00000228bc7c41c0+0x00000000000013d4]
J 22621 c1 java.awt.EventDispatchThread.pumpEventsForFilter(ILjava/awt/Conditional;Ljava/awt/EventFilter;)V java.desktop@9.0.4 (47 bytes) @ 0x00000228bc71008c [0x00000228bc70fda0+0x00000000000002ec]
j  java.awt.EventDispatchThread.pumpEventsForFilter(Ljava/awt/Conditional;Ljava/awt/EventFilter;)V+4 java.desktop@9.0.4
j  java.awt.WaitDispatchSupport$2.run()V+59 java.desktop@9.0.4
j  java.awt.WaitDispatchSupport$4.run()Ljava/lang/Void;+4 java.desktop@9.0.4
j  java.awt.WaitDispatchSupport$4.run()Ljava/lang/Object;+1 java.desktop@9.0.4
v  ~StubRoutines::call_stub
J 1015  java.security.AccessController.doPrivileged(Ljava/security/PrivilegedAction;)Ljava/lang/Object; java.base@9.0.4 (0 bytes) @ 0x00000228c0cda6b2 [0x00000228c0cda660+0x0000000000000052]
j  java.awt.WaitDispatchSupport.enter()Z+260 java.desktop@9.0.4
j  java.awt.Dialog.show()V+225 java.desktop@9.0.4
J 13619 c1 java.awt.Component.setVisible(Z)V java.desktop@9.0.4 (6 bytes) @ 0x00000228ba849dcc [0x00000228ba849be0+0x00000000000001ec]
j  java.awt.Window.setVisible(Z)V+2 java.desktop@9.0.4
j  java.awt.Dialog.setVisible(Z)V+2 java.desktop@9.0.4
j  ui.b.c.g.setVisible(Z)V+2
j  ui.b.c.by.showDialog()V+64
j  ui.b.c.bF.actionPerformed(Ljava/awt/event/ActionEvent;)V+8
j  ui.b.c.by.cJI()V+396
j  ui.views.c.t.b.a.run()V+60
j  ui.frmwork.a.dWF()Z+66
j  ui.frmwork.V.dYl()V+42
j  ui.bk.actionPerformed(Ljava/awt/event/ActionEvent;)V+25
j  javax.swing.AbstractButton.fireActionPerformed(Ljava/awt/event/ActionEvent;)V+84 java.desktop@9.0.4
j  ui.utils.o.b.B.fireActionPerformed(Ljava/awt/event/ActionEvent;)V+7
j  javax.swing.AbstractButton$Handler.actionPerformed(Ljava/awt/event/ActionEvent;)V+5 java.desktop@9.0.4
j  javax.swing.DefaultButtonModel.fireActionPerformed(Ljava/awt/event/ActionEvent;)V+34 java.desktop@9.0.4
j  javax.swing.DefaultButtonModel.setPressed(Z)V+117 java.desktop@9.0.4
j  javax.swing.plaf.basic.BasicButtonListener.mouseReleased(Ljava/awt/event/MouseEvent;)V+35 java.desktop@9.0.4
j  com.jidesoft.plaf.basic.BasicJideButtonListener.mouseReleased(Ljava/awt/event/MouseEvent;)V+61
J 21441 c1 java.awt.AWTEventMulticaster.mouseReleased(Ljava/awt/event/MouseEvent;)V java.desktop@9.0.4 (27 bytes) @ 0x00000228b9ed3f0c [0x00000228b9ed3d00+0x000000000000020c]
J 21441 c1 java.awt.AWTEventMulticaster.mouseReleased(Ljava/awt/event/MouseEvent;)V java.desktop@9.0.4 (27 bytes) @ 0x00000228b9ed3f0c [0x00000228b9ed3d00+0x000000000000020c]
J 21441 c1 java.awt.AWTEventMulticaster.mouseReleased(Ljava/awt/event/MouseEvent;)V java.desktop@9.0.4 (27 bytes) @ 0x00000228b9ed3f0c [0x00000228b9ed3d00+0x000000000000020c]
J 21441 c1 java.awt.AWTEventMulticaster.mouseReleased(Ljava/awt/event/MouseEvent;)V java.desktop@9.0.4 (27 bytes) @ 0x00000228b9ed3f0c [0x00000228b9ed3d00+0x000000000000020c]
J 16493 c1 java.awt.Component.processMouseEvent(Ljava/awt/event/MouseEvent;)V java.desktop@9.0.4 (100 bytes) @ 0x00000228bbd6c2b4 [0x00000228bbd6bf20+0x0000000000000394]
J 16502 c1 javax.swing.JComponent.processMouseEvent(Ljava/awt/event/MouseEvent;)V java.desktop@9.0.4 (27 bytes) @ 0x00000228bbd7156c [0x00000228bbd71360+0x000000000000020c]
J 16471 c2 java.awt.Container.processEvent(Ljava/awt/AWTEvent;)V java.desktop@9.0.4 (22 bytes) @ 0x00000228c1a2fcc0 [0x00000228c1a2fba0+0x0000000000000120]
J 23710 c1 java.awt.Component.dispatchEventImpl(Ljava/awt/AWTEvent;)V java.desktop@9.0.4 (739 bytes) @ 0x00000228bc7d0c94 [0x00000228bc7cce60+0x0000000000003e34]
J 23705 c1 java.awt.Container.dispatchEventImpl(Ljava/awt/AWTEvent;)V java.desktop@9.0.4 (129 bytes) @ 0x00000228bc7cab8c [0x00000228bc7caa60+0x000000000000012c]
J 23694 c1 java.awt.LightweightDispatcher.retargetMouseEvent(Ljava/awt/Component;ILjava/awt/event/MouseEvent;)V java.desktop@9.0.4 (350 bytes) @ 0x00000228bc7c288c [0x00000228bc7c05a0+0x00000000000022ec]
J 14896 c1 java.awt.LightweightDispatcher.processMouseEvent(Ljava/awt/event/MouseEvent;)Z java.desktop@9.0.4 (265 bytes) @ 0x00000228bba50054 [0x00000228bba4f0e0+0x0000000000000f74]
J 12921 c1 java.awt.LightweightDispatcher.dispatchEvent(Ljava/awt/AWTEvent;)Z java.desktop@9.0.4 (73 bytes) @ 0x00000228bb671acc [0x00000228bb6716a0+0x000000000000042c]
J 23705 c1 java.awt.Container.dispatchEventImpl(Ljava/awt/AWTEvent;)V java.desktop@9.0.4 (129 bytes) @ 0x00000228bc7cab2c [0x00000228bc7caa60+0x00000000000000cc]
J 20931 c2 java.awt.Window.dispatchEventImpl(Ljava/awt/AWTEvent;)V java.desktop@9.0.4 (23 bytes) @ 0x00000228c1f7938c [0x00000228c1f79340+0x000000000000004c]
J 21394 c2 java.awt.EventQueue.dispatchEventImpl(Ljava/awt/AWTEvent;Ljava/lang/Object;)V java.desktop@9.0.4 (136 bytes) @ 0x00000228c0f52aa8 [0x00000228c0f524e0+0x00000000000005c8]
J 21440 c2 java.awt.EventQueue$3.run()Ljava/lang/Object; java.desktop@9.0.4 (5 bytes) @ 0x00000228c111572c [0x00000228c11156c0+0x000000000000006c]
v  ~StubRoutines::call_stub
J 3817  java.security.AccessController.doPrivileged(Ljava/security/PrivilegedAction;Ljava/security/AccessControlContext;)Ljava/lang/Object; java.base@9.0.4 (0 bytes) @ 0x00000228c0e9ff46 [0x00000228c0e9fee0+0x0000000000000066]
J 19279 c2 java.awt.EventQueue$4.run()Ljava/lang/Object; java.desktop@9.0.4 (5 bytes) @ 0x00000228c15b94c0 [0x00000228c15b9260+0x0000000000000260]
v  ~StubRoutines::call_stub
J 3817  java.security.AccessController.doPrivileged(Ljava/security/PrivilegedAction;Ljava/security/AccessControlContext;)Ljava/lang/Object; java.base@9.0.4 (0 bytes) @ 0x00000228c0e9ff46 [0x00000228c0e9fee0+0x0000000000000066]
J 17074 c2 ui.frmwork.b.d.dispatchEvent(Ljava/awt/AWTEvent;)V (34 bytes) @ 0x00000228c1b04f4c [0x00000228c1b04b00+0x000000000000044c]
J 23697 c1 java.awt.EventDispatchThread.pumpOneEventForFilters(I)V java.desktop@9.0.4 (218 bytes) @ 0x00000228bc7c5594 [0x00000228bc7c41c0+0x00000000000013d4]
J 22612% c1 java.awt.EventDispatchThread.pumpEventsForFilter(ILjava/awt/Conditional;Ljava/awt/EventFilter;)V java.desktop@9.0.4 (47 bytes) @ 0x00000228bc70d1e4 [0x00000228bc70cea0+0x0000000000000344]
j  java.awt.EventDispatchThread.pumpEventsForHierarchy(ILjava/awt/Conditional;Ljava/awt/Component;)V+11 java.desktop@9.0.4
j  java.awt.EventDispatchThread.pumpEvents(ILjava/awt/Conditional;)V+4 java.desktop@9.0.4
j  java.awt.EventDispatchThread.pumpEvents(Ljava/awt/Conditional;)V+3 java.desktop@9.0.4
j  java.awt.EventDispatchThread.run()V+9 java.desktop@9.0.4
v  ~StubRoutines::call_stub

siginfo: EXCEPTION_ACCESS_VIOLATION (0xc0000005), reading address 0x000000000000aa40


Register to memory mapping:

RIP=0x00007ff889861cca librdi_wavedata.dll
RAX=0x00000228d6d5b2c8 is an unknown value
RBX=0x00000228e75b6340 is an unknown value
RCX=0x00000228d6d5b2c8 is an unknown value
RDX=0x00000228e75b6340 is an unknown value
RSP=0x0000007a5bff48a0 is pointing into the stack for thread: 0x00000228d10e2800
RBP=0x00000002f0df41f3 is an unknown value
RSI=0x00000228e7ae8470 is an unknown value
RDI=0x0000007a5bff4a30 is pointing into the stack for thread: 0x00000228d10e2800
R8 =0x00000002f0df41f3 is an unknown value
R9 =0x00000017aa228bc0 is an unknown value
R10=0x000000000000a9f0 is an unknown value
R11=0x0000007a5bff48b0 is pointing into the stack for thread: 0x00000228d10e2800
R12=0x00000228e75b6340 is an unknown value
R13=0x0000000000000000 is an unknown value
R14=0x00000002f0df41f3 is an unknown value
R15=0x0000007a5bff4a80 is pointing into the stack for thread: 0x00000228d10e2800


Registers:
RAX=0x00000228d6d5b2c8, RBX=0x00000228e75b6340, RCX=0x00000228d6d5b2c8, RDX=0x00000228e75b6340
RSP=0x0000007a5bff48a0, RBP=0x00000002f0df41f3, RSI=0x00000228e7ae8470, RDI=0x0000007a5bff4a30
R8 =0x00000002f0df41f3, R9 =0x00000017aa228bc0, R10=0x000000000000a9f0, R11=0x0000007a5bff48b0
R12=0x00000228e75b6340, R13=0x0000000000000000, R14=0x00000002f0df41f3, R15=0x0000007a5bff4a80
RIP=0x00007ff889861cca, EFLAGS=0x0000000000010202

Top of Stack: (sp=0x0000007a5bff48a0)
0x0000007a5bff48a0:   0000000000000000 00000002f0df41f3
0x0000007a5bff48b0:   00000228e7ae8470 00000002f0df41f3
0x0000007a5bff48c0:   000000000be1c363 0000007a5bff4a80
0x0000007a5bff48d0:   0000007a5bff4a30 00007ff88986162b
0x0000007a5bff48e0:   fffffffffffffffe 00007ff889860d47
0x0000007a5bff48f0:   0000007a5bff4a30 00007ff97fc100b7
0x0000007a5bff4900:   0000000000000000 00000228d8058330
0x0000007a5bff4910:   00000228db98ce18 00007ff889861bef
0x0000007a5bff4920:   00000228d4434170 00000017aa228bc0
0x0000007a5bff4930:   0000007a5bff4a30 0000000000000000
0x0000007a5bff4940:   00000017aa228bc0 000000000be1c363
0x0000007a5bff4950:   0000007a5bff4a80 00007ff97fc0ff01
0x0000007a5bff4960:   0000007a5bff4a30 0000007a5bff4ae0
0x0000007a5bff4970:   00000228d8058330 fffffffffffffffe
0x0000007a5bff4980:   0000007a5bff4ae2 0000000000000000
0x0000007a5bff4990:   00000228d09ffd00 0000f5f17fa3f896 

Instructions: (pc=0x00007ff889861cca)
0x00007ff889861caa:   24 28 48 8b 8c 24 a8 00 00 00 48 89 4c 24 20 4c
0x00007ff889861cba:   8b 8c 24 a0 00 00 00 4c 8b c5 48 8b d3 48 8b c8
0x00007ff889861cca:   41 ff 52 50 48 8b 06 48 8b ce ff 50 50 48 8b f0
0x00007ff889861cda:   33 db 38 9c 24 b8 00 00 00 74 42 8b d3 4c 8b 4f 



---------------  P R O C E S S  ---------------

Java Threads: ( => current thread )
  0x00000228d6d9a000 JavaThread "Relaunch Simulation" [_thread_blocked, id=22688, stack(0x0000007a5e600000,0x0000007a5eb00000)]
  0x00000228d6d9b800 JavaThread "Image Animator 0" daemon [_thread_blocked, id=11936, stack(0x0000007a60400000,0x0000007a60900000)]
  0x00000228d6d94800 JavaThread "SyntheticaAnimation 50" daemon [_thread_blocked, id=8392, stack(0x0000007a5f000000,0x0000007a5f500000)]
  0x00000228d6d97000 JavaThread "Update Runs Swing Worker" [_thread_blocked, id=18996, stack(0x0000007a5f500000,0x0000007a5fa00000)]
  0x00000228d6d90000 JavaThread "hw_ila_monitor" [_thread_blocked, id=2808, stack(0x0000007a5e100000,0x0000007a5e600000)]
  0x00000228d6d95800 JavaThread "Refresh Filesets Swing Worker" [_thread_blocked, id=24528, stack(0x0000007a5eb00000,0x0000007a5f000000)]
  0x00000228b2045000 JavaThread "SyntheticaAnimation 70" daemon [_thread_blocked, id=5564, stack(0x0000007a5dc00000,0x0000007a5e100000)]
  0x00000228b2041800 JavaThread "SyntheticaAnimation 25" daemon [_thread_blocked, id=5200, stack(0x0000007a5d700000,0x0000007a5dc00000)]
  0x00000228b2040000 JavaThread "SyntheticaAnimation 50" daemon [_thread_blocked, id=20556, stack(0x0000007a5d200000,0x0000007a5d700000)]
  0x00000228b2043800 JavaThread "Monitor HEventQueue" [_thread_blocked, id=4960, stack(0x0000007a5cd00000,0x0000007a5d200000)]
  0x00000228b203f000 JavaThread "SyntheticaCleanerThread" daemon [_thread_blocked, id=19212, stack(0x0000007a5c500000,0x0000007a5ca00000)]
  0x00000228b2042000 JavaThread "Batik CleanerThread" daemon [_thread_blocked, id=2896, stack(0x0000007a5b100000,0x0000007a5b600000)]
=>0x00000228d10e2800 JavaThread "AWT-EventQueue-1" [_thread_in_native, id=20344, stack(0x0000007a5bb00000,0x0000007a5c000000)]
  0x00000228d08e8800 JavaThread "AWT-Shutdown" [_thread_blocked, id=23600, stack(0x0000007a5b600000,0x0000007a5bb00000)]
  0x00000228d08e7800 JavaThread "Process Messages" [_thread_blocked, id=19364, stack(0x0000007a59d00000,0x0000007a5a200000)]
  0x00000228d09e8800 JavaThread "Thread-1" [_thread_in_native, id=24572, stack(0x0000007a54400000,0x0000007a55800000)]
  0x00000228d10a0800 JavaThread "TimerQueue" daemon [_thread_blocked, id=23728, stack(0x0000007a5a700000,0x0000007a5ac00000)]
  0x00000228a94fb800 JavaThread "AWT-Windows" daemon [_thread_in_native, id=19760, stack(0x0000007a5a200000,0x0000007a5a700000)]
  0x00000228a96ce800 JavaThread "Java2D Disposer" daemon [_thread_blocked, id=4112, stack(0x0000007a59800000,0x0000007a59d00000)]
  0x00000228a9504800 JavaThread "Service Thread" daemon [_thread_blocked, id=18768, stack(0x0000007a59200000,0x0000007a59700000)]
  0x00000228b2058000 JavaThread "Common-Cleaner" daemon [_thread_blocked, id=4668, stack(0x0000007a58d00000,0x0000007a59200000)]
  0x00000228b2043000 JavaThread "Sweeper thread" daemon [_thread_blocked, id=24176, stack(0x0000007a58800000,0x0000007a58d00000)]
  0x00000228a9220800 JavaThread "C1 CompilerThread3" daemon [_thread_blocked, id=23508, stack(0x0000007a58700000,0x0000007a58800000)]
  0x00000228aee2c000 JavaThread "C2 CompilerThread2" daemon [_thread_blocked, id=20992, stack(0x0000007a58600000,0x0000007a58700000)]
  0x00000228aee2b000 JavaThread "C2 CompilerThread1" daemon [_thread_blocked, id=22816, stack(0x0000007a58500000,0x0000007a58600000)]
  0x00000228aee2a800 JavaThread "C2 CompilerThread0" daemon [_thread_blocked, id=16504, stack(0x0000007a58400000,0x0000007a58500000)]
  0x00000228abe67000 JavaThread "Attach Listener" daemon [_thread_blocked, id=1560, stack(0x0000007a57f00000,0x0000007a58400000)]
  0x00000228abe66000 JavaThread "Signal Dispatcher" daemon [_thread_blocked, id=6296, stack(0x0000007a57a00000,0x0000007a57f00000)]
  0x00000228b175b000 JavaThread "Finalizer" daemon [_thread_blocked, id=10184, stack(0x0000007a57500000,0x0000007a57a00000)]
  0x00000228b175a800 JavaThread "Reference Handler" daemon [_thread_blocked, id=9776, stack(0x0000007a57000000,0x0000007a57500000)]
  0x00000228aeeda000 JavaThread "main" [_thread_blocked, id=24224, stack(0x0000007a54300000,0x0000007a54400000)]

Other Threads:
  0x00000228b1ba1800 VMThread "VM Thread" [stack: 0x0000007a56f00000,0x0000007a57000000] [id=23156]
  0x00000228b1b57800 WatcherThread [stack: 0x0000007a59700000,0x0000007a59800000] [id=9028]
  0x00000228aee68800 GCTaskThread "GC Thread#0" [stack: 0x0000007a55b00000,0x0000007a55c00000] [id=18528]
  0x00000228b1d46800 GCTaskThread "GC Thread#1" [stack: 0x0000007a55c00000,0x0000007a55d00000] [id=14456]
  0x00000228b1d45000 GCTaskThread "GC Thread#2" [stack: 0x0000007a55d00000,0x0000007a55e00000] [id=13600]
  0x00000228b1d43000 GCTaskThread "GC Thread#3" [stack: 0x0000007a55e00000,0x0000007a55f00000] [id=12420]
  0x00000228b1d48000 GCTaskThread "GC Thread#4" [stack: 0x0000007a55f00000,0x0000007a56000000] [id=21808]
  0x00000228b1d49800 GCTaskThread "GC Thread#5" [stack: 0x0000007a56000000,0x0000007a56100000] [id=13724]
  0x00000228b1d4a000 GCTaskThread "GC Thread#6" [stack: 0x0000007a56100000,0x0000007a56200000] [id=13788]
  0x00000228b1d47800 GCTaskThread "GC Thread#7" [stack: 0x0000007a56200000,0x0000007a56300000] [id=13856]
  0x00000228b22a1800 ConcurrentGCThread "G1 Main Marker" [stack: 0x0000007a56c00000,0x0000007a56d00000] [id=22460]
  0x00000228b1d47000 ConcurrentGCThread "G1 Marker#0" [stack: 0x0000007a56d00000,0x0000007a56e00000] [id=18416]
  0x00000228b1d43800 ConcurrentGCThread "G1 Marker#1" [stack: 0x0000007a56e00000,0x0000007a56f00000] [id=19124]
  0x00000228aeee7800 ConcurrentGCThread "G1 Refine#0" [stack: 0x0000007a56a00000,0x0000007a56b00000] [id=19888]
  0x00000228af21e800 ConcurrentGCThread "G1 Refine#1" [stack: 0x0000007a56900000,0x0000007a56a00000] [id=2788]
  0x00000228af21d800 ConcurrentGCThread "G1 Refine#2" [stack: 0x0000007a56800000,0x0000007a56900000] [id=15152]
  0x00000228aee4a000 ConcurrentGCThread "G1 Refine#3" [stack: 0x0000007a56700000,0x0000007a56800000] [id=10412]
  0x00000228b1e23800 ConcurrentGCThread "G1 Refine#4" [stack: 0x0000007a56600000,0x0000007a56700000] [id=19872]
  0x00000228b22ed800 ConcurrentGCThread "G1 Refine#5" [stack: 0x0000007a56500000,0x0000007a56600000] [id=1128]
  0x00000228b1df9000 ConcurrentGCThread "G1 Refine#6" [stack: 0x0000007a56400000,0x0000007a56500000] [id=10880]
  0x00000228b1de6800 ConcurrentGCThread "G1 Refine#7" [stack: 0x0000007a56300000,0x0000007a56400000] [id=23640]
  0x00000228b1d4f800 ConcurrentGCThread "G1 Young RemSet Sampling" [stack: 0x0000007a56b00000,0x0000007a56c00000] [id=21712]

Threads with active compile tasks:

VM state:not at safepoint (normal execution)

VM Mutex/Monitor currently owned by a thread: None

Heap address: 0x0000000700000000, size: 3072 MB, Compressed Oops mode: Zero based, Oop shift amount: 3
Narrow klass base: 0x0000000000000000, Narrow klass shift: 3
Compressed class space size: 1073741824 Address: 0x00000007c0000000

Heap:
 garbage-first heap   total 231424K, used 122303K [0x0000000700000000, 0x0000000700100710, 0x00000007c0000000)
  region size 1024K, 9 young (9216K), 1 survivors (1024K)
 Metaspace       used 89617K, capacity 96261K, committed 96460K, reserved 1132544K
  class space    used 12343K, capacity 13495K, committed 13516K, reserved 1048576K
Heap Regions: E=young(eden), S=young(survivor), O=old, HS=humongous(starts), HC=humongous(continues), CS=collection set, F=free, A=archive, TS=gc time stamp, AC=allocation context, TAMS=top-at-mark-start (previous, next)
|   0|0x0000000700000000, 0x00000007000ee450, 0x0000000700100000| 93%| O|  |TS  0|AC  0|TAMS 0x00000007000ee450, 0x00000007000ee450|
|   1|0x0000000700100000, 0x0000000700200000, 0x0000000700200000|100%|HS|  |TS  0|AC  0|TAMS 0x0000000700200000, 0x0000000700200000|
|   2|0x0000000700200000, 0x0000000700300000, 0x0000000700300000|100%|HC|  |TS  0|AC  0|TAMS 0x0000000700300000, 0x0000000700300000|
|   3|0x0000000700300000, 0x0000000700400000, 0x0000000700400000|100%|HS|  |TS  0|AC  0|TAMS 0x0000000700400000, 0x0000000700400000|
|   4|0x0000000700400000, 0x00000007004fb040, 0x0000000700500000| 98%| O|  |TS  0|AC  0|TAMS 0x00000007004fb040, 0x00000007004fb040|
|   5|0x0000000700500000, 0x00000007005fffe8, 0x0000000700600000| 99%| O|  |TS  0|AC  0|TAMS 0x00000007005fffe8, 0x00000007005fffe8|
|   6|0x0000000700600000, 0x00000007006fffb0, 0x0000000700700000| 99%| O|  |TS  0|AC  0|TAMS 0x00000007006fffb0, 0x00000007006fffb0|
|   7|0x0000000700700000, 0x00000007007ffff8, 0x0000000700800000| 99%| O|  |TS  0|AC  0|TAMS 0x00000007007ffff8, 0x00000007007ffff8|
|   8|0x0000000700800000, 0x0000000700900000, 0x0000000700900000|100%| O|  |TS  0|AC  0|TAMS 0x0000000700900000, 0x0000000700900000|
|   9|0x0000000700900000, 0x00000007009f6698, 0x0000000700a00000| 96%| O|  |TS  0|AC  0|TAMS 0x00000007009f6698, 0x00000007009f6698|
|  10|0x0000000700a00000, 0x0000000700affff8, 0x0000000700b00000| 99%| O|  |TS  0|AC  0|TAMS 0x0000000700affff8, 0x0000000700affff8|
|  11|0x0000000700b00000, 0x0000000700bf5000, 0x0000000700c00000| 95%| O|  |TS  0|AC  0|TAMS 0x0000000700bf5000, 0x0000000700bf5000|
|  12|0x0000000700c00000, 0x0000000700d00000, 0x0000000700d00000|100%|HS|  |TS  0|AC  0|TAMS 0x0000000700d00000, 0x0000000700d00000|
|  13|0x0000000700d00000, 0x0000000700df4660, 0x0000000700e00000| 95%| O|  |TS  0|AC  0|TAMS 0x0000000700df4660, 0x0000000700df4660|
|  14|0x0000000700e00000, 0x0000000700ef0470, 0x0000000700f00000| 93%| O|  |TS  0|AC  0|TAMS 0x0000000700ef0470, 0x0000000700ef0470|
|  15|0x0000000700f00000, 0x0000000700fe9a08, 0x0000000701000000| 91%| O|  |TS  0|AC  0|TAMS 0x0000000700fe9a08, 0x0000000700fe9a08|
|  16|0x0000000701000000, 0x00000007010f0af0, 0x0000000701100000| 94%| O|  |TS  0|AC  0|TAMS 0x00000007010f0af0, 0x00000007010f0af0|
|  17|0x0000000701100000, 0x00000007011bed00, 0x0000000701200000| 74%| O|  |TS  0|AC  0|TAMS 0x00000007011bed00, 0x00000007011bed00|
|  18|0x0000000701200000, 0x00000007012fffb0, 0x0000000701300000| 99%| O|  |TS  0|AC  0|TAMS 0x00000007012fffb0, 0x00000007012fffb0|
|  19|0x0000000701300000, 0x00000007013fffd0, 0x0000000701400000| 99%| O|  |TS  0|AC  0|TAMS 0x00000007013fffd0, 0x00000007013fffd0|
|  20|0x0000000701400000, 0x0000000701500000, 0x0000000701500000|100%| O|  |TS  0|AC  0|TAMS 0x0000000701500000, 0x0000000701500000|
|  21|0x0000000701500000, 0x0000000701600000, 0x0000000701600000|100%|HS|  |TS  0|AC  0|TAMS 0x0000000701600000, 0x0000000701600000|
|  22|0x0000000701600000, 0x0000000701700000, 0x0000000701700000|100%|HC|  |TS  0|AC  0|TAMS 0x0000000701700000, 0x0000000701700000|
|  23|0x0000000701700000, 0x0000000701800000, 0x0000000701800000|100%|HS|  |TS  0|AC  0|TAMS 0x0000000701800000, 0x0000000701800000|
|  24|0x0000000701800000, 0x0000000701900000, 0x0000000701900000|100%|HC|  |TS  0|AC  0|TAMS 0x0000000701900000, 0x0000000701900000|
|  25|0x0000000701900000, 0x00000007019ffff0, 0x0000000701a00000| 99%| O|  |TS  0|AC  0|TAMS 0x00000007019ffff0, 0x00000007019ffff0|
|  26|0x0000000701a00000, 0x0000000701affff8, 0x0000000701b00000| 99%| O|  |TS  0|AC  0|TAMS 0x0000000701affff8, 0x0000000701affff8|
|  27|0x0000000701b00000, 0x0000000701c00000, 0x0000000701c00000|100%|HS|  |TS  0|AC  0|TAMS 0x0000000701c00000, 0x0000000701c00000|
|  28|0x0000000701c00000, 0x0000000701d00000, 0x0000000701d00000|100%| O|  |TS  0|AC  0|TAMS 0x0000000701d00000, 0x0000000701d00000|
|  29|0x0000000701d00000, 0x0000000701dfffe8, 0x0000000701e00000| 99%| O|  |TS  0|AC  0|TAMS 0x0000000701dfffe8, 0x0000000701dfffe8|
|  30|0x0000000701e00000, 0x0000000701efffc8, 0x0000000701f00000| 99%| O|  |TS  0|AC  0|TAMS 0x0000000701efffc8, 0x0000000701efffc8|
|  31|0x0000000701f00000, 0x0000000701fffff8, 0x0000000702000000| 99%| O|  |TS  0|AC  0|TAMS 0x0000000701fffff8, 0x0000000701fffff8|
|  32|0x0000000702000000, 0x00000007020ffff8, 0x0000000702100000| 99%| O|  |TS  0|AC  0|TAMS 0x00000007020ffff8, 0x00000007020ffff8|
|  33|0x0000000702100000, 0x00000007021fffe8, 0x0000000702200000| 99%| O|  |TS  0|AC  0|TAMS 0x00000007021fffe8, 0x00000007021fffe8|
|  34|0x0000000702200000, 0x00000007022ffff8, 0x0000000702300000| 99%| O|  |TS  0|AC  0|TAMS 0x00000007022ffff8, 0x00000007022ffff8|
|  35|0x0000000702300000, 0x00000007023ffff8, 0x0000000702400000| 99%| O|  |TS  0|AC  0|TAMS 0x00000007023ffff8, 0x00000007023ffff8|
|  36|0x0000000702400000, 0x00000007024fff10, 0x0000000702500000| 99%| O|  |TS  0|AC  0|TAMS 0x00000007024fff10, 0x00000007024fff10|
|  37|0x0000000702500000, 0x00000007025ffff0, 0x0000000702600000| 99%| O|  |TS  0|AC  0|TAMS 0x00000007025ffff0, 0x00000007025ffff0|
|  38|0x0000000702600000, 0x00000007026fffb8, 0x0000000702700000| 99%| O|  |TS  0|AC  0|TAMS 0x00000007026fffb8, 0x00000007026fffb8|
|  39|0x0000000702700000, 0x00000007027ffff8, 0x0000000702800000| 99%| O|  |TS  0|AC  0|TAMS 0x00000007027ffff8, 0x00000007027ffff8|
|  40|0x0000000702800000, 0x00000007028fba68, 0x0000000702900000| 98%| O|  |TS  0|AC  0|TAMS 0x00000007028fba68, 0x00000007028fba68|
|  41|0x0000000702900000, 0x00000007029ffc78, 0x0000000702a00000| 99%| O|  |TS  0|AC  0|TAMS 0x00000007029ffc78, 0x00000007029ffc78|
|  42|0x0000000702a00000, 0x0000000702affff8, 0x0000000702b00000| 99%| O|  |TS  0|AC  0|TAMS 0x0000000702affff8, 0x0000000702affff8|
|  43|0x0000000702b00000, 0x0000000702bfffb0, 0x0000000702c00000| 99%| O|  |TS  0|AC  0|TAMS 0x0000000702bfffb0, 0x0000000702bfffb0|
|  44|0x0000000702c00000, 0x0000000702d00000, 0x0000000702d00000|100%| O|  |TS  0|AC  0|TAMS 0x0000000702d00000, 0x0000000702d00000|
|  45|0x0000000702d00000, 0x0000000702dfff98, 0x0000000702e00000| 99%| O|  |TS  0|AC  0|TAMS 0x0000000702dfff98, 0x0000000702dfff98|
|  46|0x0000000702e00000, 0x0000000702efffd8, 0x0000000702f00000| 99%| O|  |TS  0|AC  0|TAMS 0x0000000702efffd8, 0x0000000702efffd8|
|  47|0x0000000702f00000, 0x0000000702fffe38, 0x0000000703000000| 99%| O|  |TS  0|AC  0|TAMS 0x0000000702fffe38, 0x0000000702fffe38|
|  48|0x0000000703000000, 0x00000007030ff2a8, 0x0000000703100000| 99%| O|  |TS  0|AC  0|TAMS 0x00000007030ff2a8, 0x00000007030ff2a8|
|  49|0x0000000703100000, 0x00000007031fffc0, 0x0000000703200000| 99%| O|  |TS  0|AC  0|TAMS 0x00000007031fffc0, 0x00000007031fffc0|
|  50|0x0000000703200000, 0x00000007032fffd8, 0x0000000703300000| 99%| O|  |TS  0|AC  0|TAMS 0x00000007032fffd8, 0x00000007032fffd8|
|  51|0x0000000703300000, 0x0000000703400000, 0x0000000703400000|100%|HS|  |TS  0|AC  0|TAMS 0x0000000703400000, 0x0000000703400000|
|  52|0x0000000703400000, 0x0000000703500000, 0x0000000703500000|100%|HC|  |TS  0|AC  0|TAMS 0x0000000703500000, 0x0000000703500000|
|  53|0x0000000703500000, 0x0000000703600000, 0x0000000703600000|100%|HC|  |TS  0|AC  0|TAMS 0x0000000703600000, 0x0000000703600000|
|  54|0x0000000703600000, 0x0000000703700000, 0x0000000703700000|100%|HC|  |TS  0|AC  0|TAMS 0x0000000703700000, 0x0000000703700000|
|  55|0x0000000703700000, 0x0000000703800000, 0x0000000703800000|100%|HC|  |TS  0|AC  0|TAMS 0x0000000703800000, 0x0000000703800000|
|  56|0x0000000703800000, 0x0000000703900000, 0x0000000703900000|100%|HC|  |TS  0|AC  0|TAMS 0x0000000703900000, 0x0000000703900000|
|  57|0x0000000703900000, 0x0000000703a00000, 0x0000000703a00000|100%|HC|  |TS  0|AC  0|TAMS 0x0000000703a00000, 0x0000000703a00000|
|  58|0x0000000703a00000, 0x0000000703b00000, 0x0000000703b00000|100%|HC|  |TS  0|AC  0|TAMS 0x0000000703b00000, 0x0000000703b00000|
|  59|0x0000000703b00000, 0x0000000703c00000, 0x0000000703c00000|100%|HC|  |TS  0|AC  0|TAMS 0x0000000703c00000, 0x0000000703c00000|
|  60|0x0000000703c00000, 0x0000000703d00000, 0x0000000703d00000|100%|HC|  |TS  0|AC  0|TAMS 0x0000000703d00000, 0x0000000703d00000|
|  61|0x0000000703d00000, 0x0000000703e00000, 0x0000000703e00000|100%|HC|  |TS  0|AC  0|TAMS 0x0000000703e00000, 0x0000000703e00000|
|  62|0x0000000703e00000, 0x0000000703f00000, 0x0000000703f00000|100%|HC|  |TS  0|AC  0|TAMS 0x0000000703f00000, 0x0000000703f00000|
|  63|0x0000000703f00000, 0x0000000704000000, 0x0000000704000000|100%|HC|  |TS  0|AC  0|TAMS 0x0000000704000000, 0x0000000704000000|
|  64|0x0000000704000000, 0x0000000704100000, 0x0000000704100000|100%|HC|  |TS  0|AC  0|TAMS 0x0000000704100000, 0x0000000704100000|
|  65|0x0000000704100000, 0x0000000704200000, 0x0000000704200000|100%|HC|  |TS  0|AC  0|TAMS 0x0000000704200000, 0x0000000704200000|
|  66|0x0000000704200000, 0x0000000704300000, 0x0000000704300000|100%|HC|  |TS  0|AC  0|TAMS 0x0000000704300000, 0x0000000704300000|
|  67|0x0000000704300000, 0x0000000704400000, 0x0000000704400000|100%|HC|  |TS  0|AC  0|TAMS 0x0000000704400000, 0x0000000704400000|
|  68|0x0000000704400000, 0x0000000704500000, 0x0000000704500000|100%|HS|  |TS  0|AC  0|TAMS 0x0000000704500000, 0x0000000704500000|
|  69|0x0000000704500000, 0x00000007045fff90, 0x0000000704600000| 99%| O|  |TS  0|AC  0|TAMS 0x00000007045fff90, 0x00000007045fff90|
|  70|0x0000000704600000, 0x0000000704700000, 0x0000000704700000|100%| O|  |TS  0|AC  0|TAMS 0x0000000704700000, 0x0000000704700000|
|  71|0x0000000704700000, 0x00000007047ffff0, 0x0000000704800000| 99%| O|  |TS  0|AC  0|TAMS 0x00000007047ffff0, 0x00000007047ffff0|
|  72|0x0000000704800000, 0x00000007048fffb8, 0x0000000704900000| 99%| O|  |TS  0|AC  0|TAMS 0x00000007048fffb8, 0x00000007048fffb8|
|  73|0x0000000704900000, 0x00000007049fe9d0, 0x0000000704a00000| 99%| O|  |TS  0|AC  0|TAMS 0x00000007049fe9d0, 0x00000007049fe9d0|
|  74|0x0000000704a00000, 0x0000000704affc60, 0x0000000704b00000| 99%| O|  |TS  0|AC  0|TAMS 0x0000000704affc60, 0x0000000704affc60|
|  75|0x0000000704b00000, 0x0000000704bfe768, 0x0000000704c00000| 99%| O|  |TS  0|AC  0|TAMS 0x0000000704bfe768, 0x0000000704bfe768|
|  76|0x0000000704c00000, 0x0000000704d00000, 0x0000000704d00000|100%| O|  |TS  0|AC  0|TAMS 0x0000000704d00000, 0x0000000704d00000|
|  77|0x0000000704d00000, 0x0000000704dff2e8, 0x0000000704e00000| 99%| O|  |TS  0|AC  0|TAMS 0x0000000704dff2e8, 0x0000000704dff2e8|
|  78|0x0000000704e00000, 0x0000000704effff8, 0x0000000704f00000| 99%| O|  |TS  0|AC  0|TAMS 0x0000000704effff8, 0x0000000704effff8|
|  79|0x0000000704f00000, 0x0000000704ffe4c0, 0x0000000705000000| 99%| O|  |TS  0|AC  0|TAMS 0x0000000704ffe4c0, 0x0000000704ffe4c0|
|  80|0x0000000705000000, 0x00000007050fffe8, 0x0000000705100000| 99%| O|  |TS  0|AC  0|TAMS 0x00000007050fffe8, 0x00000007050fffe8|
|  81|0x0000000705100000, 0x00000007051fffe0, 0x0000000705200000| 99%| O|  |TS  0|AC  0|TAMS 0x00000007051fffe0, 0x00000007051fffe0|
|  82|0x0000000705200000, 0x00000007052ffff8, 0x0000000705300000| 99%| O|  |TS  0|AC  0|TAMS 0x00000007052ffff8, 0x00000007052ffff8|
|  83|0x0000000705300000, 0x00000007053fffb0, 0x0000000705400000| 99%| O|  |TS  0|AC  0|TAMS 0x00000007053fffb0, 0x00000007053fffb0|
|  84|0x0000000705400000, 0x00000007054ff8e0, 0x0000000705500000| 99%| O|  |TS  0|AC  0|TAMS 0x00000007054ff8e0, 0x00000007054ff8e0|
|  85|0x0000000705500000, 0x00000007055ffff8, 0x0000000705600000| 99%| O|  |TS  0|AC  0|TAMS 0x00000007055ffff8, 0x00000007055ffff8|
|  86|0x0000000705600000, 0x00000007056fffb0, 0x0000000705700000| 99%| O|  |TS  0|AC  0|TAMS 0x00000007056fffb0, 0x00000007056fffb0|
|  87|0x0000000705700000, 0x0000000705800000, 0x0000000705800000|100%| O|  |TS  0|AC  0|TAMS 0x0000000705800000, 0x0000000705800000|
|  88|0x0000000705800000, 0x00000007058fffd0, 0x0000000705900000| 99%| O|  |TS  0|AC  0|TAMS 0x00000007058fffd0, 0x00000007058fffd0|
|  89|0x0000000705900000, 0x00000007059ffff8, 0x0000000705a00000| 99%| O|  |TS  0|AC  0|TAMS 0x00000007059ffff8, 0x00000007059ffff8|
|  90|0x0000000705a00000, 0x0000000705b00000, 0x0000000705b00000|100%| O|  |TS  0|AC  0|TAMS 0x0000000705b00000, 0x0000000705b00000|
|  91|0x0000000705b00000, 0x0000000705bffff0, 0x0000000705c00000| 99%| O|  |TS  0|AC  0|TAMS 0x0000000705bffff0, 0x0000000705bffff0|
|  92|0x0000000705c00000, 0x0000000705cffff0, 0x0000000705d00000| 99%| O|  |TS  0|AC  0|TAMS 0x0000000705cffff0, 0x0000000705cffff0|
|  93|0x0000000705d00000, 0x0000000705dfffe0, 0x0000000705e00000| 99%| O|  |TS  0|AC  0|TAMS 0x0000000705dfffe0, 0x0000000705dfffe0|
|  94|0x0000000705e00000, 0x0000000705effff8, 0x0000000705f00000| 99%| O|  |TS  0|AC  0|TAMS 0x0000000705effff8, 0x0000000705effff8|
|  95|0x0000000705f00000, 0x0000000706000000, 0x0000000706000000|100%|HS|  |TS  0|AC  0|TAMS 0x0000000706000000, 0x0000000706000000|
|  96|0x0000000706000000, 0x0000000706100000, 0x0000000706100000|100%|HC|  |TS  0|AC  0|TAMS 0x0000000706100000, 0x0000000706100000|
|  97|0x0000000706100000, 0x0000000706200000, 0x0000000706200000|100%|HC|  |TS  0|AC  0|TAMS 0x0000000706200000, 0x0000000706200000|
|  98|0x0000000706200000, 0x0000000706300000, 0x0000000706300000|100%|HC|  |TS  0|AC  0|TAMS 0x0000000706300000, 0x0000000706300000|
|  99|0x0000000706300000, 0x0000000706400000, 0x0000000706400000|100%|HC|  |TS  0|AC  0|TAMS 0x0000000706400000, 0x0000000706400000|
| 100|0x0000000706400000, 0x0000000706500000, 0x0000000706500000|100%|HC|  |TS  0|AC  0|TAMS 0x0000000706500000, 0x0000000706500000|
| 101|0x0000000706500000, 0x0000000706600000, 0x0000000706600000|100%|HC|  |TS  0|AC  0|TAMS 0x0000000706600000, 0x0000000706600000|
| 102|0x0000000706600000, 0x0000000706700000, 0x0000000706700000|100%|HC|  |TS  0|AC  0|TAMS 0x0000000706700000, 0x0000000706700000|
| 103|0x0000000706700000, 0x00000007067fff80, 0x0000000706800000| 99%| O|  |TS  0|AC  0|TAMS 0x00000007067fff80, 0x00000007067fff80|
| 104|0x0000000706800000, 0x00000007068ffff0, 0x0000000706900000| 99%| O|  |TS  0|AC  0|TAMS 0x00000007068ffff0, 0x00000007068ffff0|
| 105|0x0000000706900000, 0x00000007069ffff0, 0x0000000706a00000| 99%| O|  |TS  0|AC  0|TAMS 0x00000007069ffff0, 0x00000007069ffff0|
| 106|0x0000000706a00000, 0x0000000706affff8, 0x0000000706b00000| 99%| O|  |TS  0|AC  0|TAMS 0x0000000706affff8, 0x0000000706affff8|
| 107|0x0000000706b00000, 0x0000000706c00000, 0x0000000706c00000|100%| O|  |TS  0|AC  0|TAMS 0x0000000706c00000, 0x0000000706c00000|
| 108|0x0000000706c00000, 0x0000000706c391f8, 0x0000000706d00000| 22%| O|  |TS  0|AC  0|TAMS 0x0000000706c391f8, 0x0000000706c391f8|
| 109|0x0000000706d00000, 0x0000000706d00000, 0x0000000706e00000|  0%| F|  |TS  0|AC  0|TAMS 0x0000000706d00000, 0x0000000706d00000|
| 110|0x0000000706e00000, 0x0000000706e00000, 0x0000000706f00000|  0%| F|  |TS  0|AC  0|TAMS 0x0000000706e00000, 0x0000000706e00000|
| 111|0x0000000706f00000, 0x0000000706f00000, 0x0000000707000000|  0%| F|  |TS  0|AC  0|TAMS 0x0000000706f00000, 0x0000000706f00000|
| 112|0x0000000707000000, 0x0000000707000000, 0x0000000707100000|  0%| F|  |TS  0|AC  0|TAMS 0x0000000707000000, 0x0000000707000000|
| 113|0x0000000707100000, 0x0000000707200000, 0x0000000707200000|100%|HS|  |TS  0|AC  0|TAMS 0x0000000707200000, 0x0000000707200000|
| 114|0x0000000707200000, 0x0000000707300000, 0x0000000707300000|100%|HC|  |TS  0|AC  0|TAMS 0x0000000707300000, 0x0000000707300000|
| 115|0x0000000707300000, 0x0000000707400000, 0x0000000707400000|100%|HC|  |TS  0|AC  0|TAMS 0x0000000707400000, 0x0000000707400000|
| 116|0x0000000707400000, 0x0000000707500000, 0x0000000707500000|100%|HC|  |TS  0|AC  0|TAMS 0x0000000707500000, 0x0000000707500000|
| 117|0x0000000707500000, 0x0000000707500000, 0x0000000707600000|  0%| F|  |TS  0|AC  0|TAMS 0x0000000707500000, 0x0000000707500000|
| 118|0x0000000707600000, 0x0000000707600000, 0x0000000707700000|  0%| F|  |TS  0|AC  0|TAMS 0x0000000707600000, 0x0000000707600000|
| 119|0x0000000707700000, 0x0000000707700000, 0x0000000707800000|  0%| F|  |TS  0|AC  0|TAMS 0x0000000707700000, 0x0000000707700000|
| 120|0x0000000707800000, 0x0000000707800000, 0x0000000707900000|  0%| F|  |TS  0|AC  0|TAMS 0x0000000707800000, 0x0000000707800000|
| 121|0x0000000707900000, 0x0000000707900000, 0x0000000707a00000|  0%| F|  |TS  0|AC  0|TAMS 0x0000000707900000, 0x0000000707900000|
| 122|0x0000000707a00000, 0x0000000707a00000, 0x0000000707b00000|  0%| F|  |TS  0|AC  0|TAMS 0x0000000707a00000, 0x0000000707a00000|
| 123|0x0000000707b00000, 0x0000000707b00000, 0x0000000707c00000|  0%| F|  |TS  0|AC  0|TAMS 0x0000000707b00000, 0x0000000707b00000|
| 124|0x0000000707c00000, 0x0000000707c00000, 0x0000000707d00000|  0%| F|  |TS  0|AC  0|TAMS 0x0000000707c00000, 0x0000000707c00000|
| 125|0x0000000707d00000, 0x0000000707d00000, 0x0000000707e00000|  0%| F|  |TS  0|AC  0|TAMS 0x0000000707d00000, 0x0000000707d00000|
| 126|0x0000000707e00000, 0x0000000707e00000, 0x0000000707f00000|  0%| F|  |TS  0|AC  0|TAMS 0x0000000707e00000, 0x0000000707e00000|
| 127|0x0000000707f00000, 0x0000000707f00000, 0x0000000708000000|  0%| F|  |TS  0|AC  0|TAMS 0x0000000707f00000, 0x0000000707f00000|
| 128|0x0000000708000000, 0x0000000708000000, 0x0000000708100000|  0%| F|  |TS  0|AC  0|TAMS 0x0000000708000000, 0x0000000708000000|
| 129|0x0000000708100000, 0x0000000708100000, 0x0000000708200000|  0%| F|  |TS  0|AC  0|TAMS 0x0000000708100000, 0x0000000708100000|
| 130|0x0000000708200000, 0x0000000708200000, 0x0000000708300000|  0%| F|  |TS  0|AC  0|TAMS 0x0000000708200000, 0x0000000708200000|
| 131|0x0000000708300000, 0x0000000708300000, 0x0000000708400000|  0%| F|  |TS  0|AC  0|TAMS 0x0000000708300000, 0x0000000708300000|
| 132|0x0000000708400000, 0x0000000708400000, 0x0000000708500000|  0%| F|  |TS  0|AC  0|TAMS 0x0000000708400000, 0x0000000708400000|
| 133|0x0000000708500000, 0x0000000708500000, 0x0000000708600000|  0%| F|  |TS  0|AC  0|TAMS 0x0000000708500000, 0x0000000708500000|
| 134|0x0000000708600000, 0x0000000708600000, 0x0000000708700000|  0%| F|  |TS  0|AC  0|TAMS 0x0000000708600000, 0x0000000708600000|
| 135|0x0000000708700000, 0x0000000708700000, 0x0000000708800000|  0%| F|  |TS  0|AC  0|TAMS 0x0000000708700000, 0x0000000708700000|
| 136|0x0000000708800000, 0x0000000708800000, 0x0000000708900000|  0%| F|  |TS  0|AC  0|TAMS 0x0000000708800000, 0x0000000708800000|
| 137|0x0000000708900000, 0x0000000708900000, 0x0000000708a00000|  0%| F|  |TS  0|AC  0|TAMS 0x0000000708900000, 0x0000000708900000|
| 138|0x0000000708a00000, 0x0000000708a00000, 0x0000000708b00000|  0%| F|  |TS  0|AC  0|TAMS 0x0000000708a00000, 0x0000000708a00000|
| 139|0x0000000708b00000, 0x0000000708b00000, 0x0000000708c00000|  0%| F|  |TS  0|AC  0|TAMS 0x0000000708b00000, 0x0000000708b00000|
| 140|0x0000000708c00000, 0x0000000708c00000, 0x0000000708d00000|  0%| F|  |TS  0|AC  0|TAMS 0x0000000708c00000, 0x0000000708c00000|
| 141|0x0000000708d00000, 0x0000000708d00000, 0x0000000708e00000|  0%| F|  |TS  0|AC  0|TAMS 0x0000000708d00000, 0x0000000708d00000|
| 142|0x0000000708e00000, 0x0000000708e00000, 0x0000000708f00000|  0%| F|  |TS  0|AC  0|TAMS 0x0000000708e00000, 0x0000000708e00000|
| 143|0x0000000708f00000, 0x0000000708f00000, 0x0000000709000000|  0%| F|  |TS  0|AC  0|TAMS 0x0000000708f00000, 0x0000000708f00000|
| 144|0x0000000709000000, 0x0000000709000000, 0x0000000709100000|  0%| F|  |TS  0|AC  0|TAMS 0x0000000709000000, 0x0000000709000000|
| 145|0x0000000709100000, 0x0000000709100000, 0x0000000709200000|  0%| F|  |TS  0|AC  0|TAMS 0x0000000709100000, 0x0000000709100000|
| 146|0x0000000709200000, 0x0000000709200000, 0x0000000709300000|  0%| F|  |TS  0|AC  0|TAMS 0x0000000709200000, 0x0000000709200000|
| 147|0x0000000709300000, 0x0000000709300000, 0x0000000709400000|  0%| F|  |TS  0|AC  0|TAMS 0x0000000709300000, 0x0000000709300000|
| 148|0x0000000709400000, 0x0000000709400000, 0x0000000709500000|  0%| F|  |TS  0|AC  0|TAMS 0x0000000709400000, 0x0000000709400000|
| 149|0x0000000709500000, 0x0000000709500000, 0x0000000709600000|  0%| F|  |TS  0|AC  0|TAMS 0x0000000709500000, 0x0000000709500000|
| 150|0x0000000709600000, 0x0000000709600000, 0x0000000709700000|  0%| F|  |TS  0|AC  0|TAMS 0x0000000709600000, 0x0000000709600000|
| 151|0x0000000709700000, 0x0000000709700000, 0x0000000709800000|  0%| F|  |TS  0|AC  0|TAMS 0x0000000709700000, 0x0000000709700000|
| 152|0x0000000709800000, 0x0000000709800000, 0x0000000709900000|  0%| F|  |TS  0|AC  0|TAMS 0x0000000709800000, 0x0000000709800000|
| 153|0x0000000709900000, 0x0000000709900000, 0x0000000709a00000|  0%| F|  |TS  0|AC  0|TAMS 0x0000000709900000, 0x0000000709900000|
| 154|0x0000000709a00000, 0x0000000709a00000, 0x0000000709b00000|  0%| F|  |TS  0|AC  0|TAMS 0x0000000709a00000, 0x0000000709a00000|
| 155|0x0000000709b00000, 0x0000000709b00000, 0x0000000709c00000|  0%| F|  |TS  0|AC  0|TAMS 0x0000000709b00000, 0x0000000709b00000|
| 156|0x0000000709c00000, 0x0000000709c00000, 0x0000000709d00000|  0%| F|  |TS  0|AC  0|TAMS 0x0000000709c00000, 0x0000000709c00000|
| 157|0x0000000709d00000, 0x0000000709d00000, 0x0000000709e00000|  0%| F|  |TS  0|AC  0|TAMS 0x0000000709d00000, 0x0000000709d00000|
| 158|0x0000000709e00000, 0x0000000709e00000, 0x0000000709f00000|  0%| F|  |TS  0|AC  0|TAMS 0x0000000709e00000, 0x0000000709e00000|
| 159|0x0000000709f00000, 0x0000000709f00000, 0x000000070a000000|  0%| F|  |TS  0|AC  0|TAMS 0x0000000709f00000, 0x0000000709f00000|
| 160|0x000000070a000000, 0x000000070a000000, 0x000000070a100000|  0%| F|  |TS  0|AC  0|TAMS 0x000000070a000000, 0x000000070a000000|
| 161|0x000000070a100000, 0x000000070a100000, 0x000000070a200000|  0%| F|  |TS  0|AC  0|TAMS 0x000000070a100000, 0x000000070a100000|
| 162|0x000000070a200000, 0x000000070a200000, 0x000000070a300000|  0%| F|  |TS  0|AC  0|TAMS 0x000000070a200000, 0x000000070a200000|
| 163|0x000000070a300000, 0x000000070a300000, 0x000000070a400000|  0%| F|  |TS  0|AC  0|TAMS 0x000000070a300000, 0x000000070a300000|
| 164|0x000000070a400000, 0x000000070a400000, 0x000000070a500000|  0%| F|  |TS  0|AC  0|TAMS 0x000000070a400000, 0x000000070a400000|
| 165|0x000000070a500000, 0x000000070a500000, 0x000000070a600000|  0%| F|  |TS  0|AC  0|TAMS 0x000000070a500000, 0x000000070a500000|
| 166|0x000000070a600000, 0x000000070a6f0450, 0x000000070a700000| 93%| S|CS|TS  0|AC  0|TAMS 0x000000070a600000, 0x000000070a600000|
| 167|0x000000070a700000, 0x000000070a700000, 0x000000070a800000|  0%| F|  |TS  0|AC  0|TAMS 0x000000070a700000, 0x000000070a700000|
| 168|0x000000070a800000, 0x000000070a800000, 0x000000070a900000|  0%| F|  |TS  0|AC  0|TAMS 0x000000070a800000, 0x000000070a800000|
| 169|0x000000070a900000, 0x000000070a900000, 0x000000070aa00000|  0%| F|  |TS  0|AC  0|TAMS 0x000000070a900000, 0x000000070a900000|
| 170|0x000000070aa00000, 0x000000070aa00000, 0x000000070ab00000|  0%| F|  |TS  0|AC  0|TAMS 0x000000070aa00000, 0x000000070aa00000|
| 171|0x000000070ab00000, 0x000000070ab00000, 0x000000070ac00000|  0%| F|  |TS  0|AC  0|TAMS 0x000000070ab00000, 0x000000070ab00000|
| 172|0x000000070ac00000, 0x000000070ac00000, 0x000000070ad00000|  0%| F|  |TS  0|AC  0|TAMS 0x000000070ac00000, 0x000000070ac00000|
| 173|0x000000070ad00000, 0x000000070ad00000, 0x000000070ae00000|  0%| F|  |TS  0|AC  0|TAMS 0x000000070ad00000, 0x000000070ad00000|
| 174|0x000000070ae00000, 0x000000070ae00000, 0x000000070af00000|  0%| F|  |TS  0|AC  0|TAMS 0x000000070ae00000, 0x000000070ae00000|
| 175|0x000000070af00000, 0x000000070af00000, 0x000000070b000000|  0%| F|  |TS  0|AC  0|TAMS 0x000000070af00000, 0x000000070af00000|
| 176|0x000000070b000000, 0x000000070b000000, 0x000000070b100000|  0%| F|  |TS  0|AC  0|TAMS 0x000000070b000000, 0x000000070b000000|
| 177|0x000000070b100000, 0x000000070b100000, 0x000000070b200000|  0%| F|  |TS  0|AC  0|TAMS 0x000000070b100000, 0x000000070b100000|
| 178|0x000000070b200000, 0x000000070b200000, 0x000000070b300000|  0%| F|  |TS  0|AC  0|TAMS 0x000000070b200000, 0x000000070b200000|
| 179|0x000000070b300000, 0x000000070b300000, 0x000000070b400000|  0%| F|  |TS  0|AC  0|TAMS 0x000000070b300000, 0x000000070b300000|
| 180|0x000000070b400000, 0x000000070b400000, 0x000000070b500000|  0%| F|  |TS  0|AC  0|TAMS 0x000000070b400000, 0x000000070b400000|
| 181|0x000000070b500000, 0x000000070b500000, 0x000000070b600000|  0%| F|  |TS  0|AC  0|TAMS 0x000000070b500000, 0x000000070b500000|
| 182|0x000000070b600000, 0x000000070b600000, 0x000000070b700000|  0%| F|  |TS  0|AC  0|TAMS 0x000000070b600000, 0x000000070b600000|
| 183|0x000000070b700000, 0x000000070b700000, 0x000000070b800000|  0%| F|  |TS  0|AC  0|TAMS 0x000000070b700000, 0x000000070b700000|
| 184|0x000000070b800000, 0x000000070b800000, 0x000000070b900000|  0%| F|  |TS  0|AC  0|TAMS 0x000000070b800000, 0x000000070b800000|
| 185|0x000000070b900000, 0x000000070b900000, 0x000000070ba00000|  0%| F|  |TS  0|AC  0|TAMS 0x000000070b900000, 0x000000070b900000|
| 186|0x000000070ba00000, 0x000000070ba00000, 0x000000070bb00000|  0%| F|  |TS  0|AC  0|TAMS 0x000000070ba00000, 0x000000070ba00000|
| 187|0x000000070bb00000, 0x000000070bb00000, 0x000000070bc00000|  0%| F|  |TS  0|AC  0|TAMS 0x000000070bb00000, 0x000000070bb00000|
| 188|0x000000070bc00000, 0x000000070bc00000, 0x000000070bd00000|  0%| F|  |TS  0|AC  0|TAMS 0x000000070bc00000, 0x000000070bc00000|
| 189|0x000000070bd00000, 0x000000070bd00000, 0x000000070be00000|  0%| F|  |TS  0|AC  0|TAMS 0x000000070bd00000, 0x000000070bd00000|
| 190|0x000000070be00000, 0x000000070be00000, 0x000000070bf00000|  0%| F|  |TS  0|AC  0|TAMS 0x000000070be00000, 0x000000070be00000|
| 191|0x000000070bf00000, 0x000000070bf00000, 0x000000070c000000|  0%| F|  |TS  0|AC  0|TAMS 0x000000070bf00000, 0x000000070bf00000|
| 192|0x000000070c000000, 0x000000070c000000, 0x000000070c100000|  0%| F|  |TS  0|AC  0|TAMS 0x000000070c000000, 0x000000070c000000|
| 193|0x000000070c100000, 0x000000070c100000, 0x000000070c200000|  0%| F|  |TS  0|AC  0|TAMS 0x000000070c100000, 0x000000070c100000|
| 194|0x000000070c200000, 0x000000070c200000, 0x000000070c300000|  0%| F|  |TS  0|AC  0|TAMS 0x000000070c200000, 0x000000070c200000|
| 195|0x000000070c300000, 0x000000070c300000, 0x000000070c400000|  0%| F|  |TS  0|AC  0|TAMS 0x000000070c300000, 0x000000070c300000|
| 196|0x000000070c400000, 0x000000070c400000, 0x000000070c500000|  0%| F|  |TS  0|AC  0|TAMS 0x000000070c400000, 0x000000070c400000|
| 197|0x000000070c500000, 0x000000070c500000, 0x000000070c600000|  0%| F|  |TS  0|AC  0|TAMS 0x000000070c500000, 0x000000070c500000|
| 198|0x000000070c600000, 0x000000070c600000, 0x000000070c700000|  0%| F|  |TS  0|AC  0|TAMS 0x000000070c600000, 0x000000070c600000|
| 199|0x000000070c700000, 0x000000070c700000, 0x000000070c800000|  0%| F|  |TS  0|AC  0|TAMS 0x000000070c700000, 0x000000070c700000|
| 200|0x000000070c800000, 0x000000070c800000, 0x000000070c900000|  0%| F|  |TS  0|AC  0|TAMS 0x000000070c800000, 0x000000070c800000|
| 201|0x000000070c900000, 0x000000070c900000, 0x000000070ca00000|  0%| F|  |TS  0|AC  0|TAMS 0x000000070c900000, 0x000000070c900000|
| 202|0x000000070ca00000, 0x000000070ca00000, 0x000000070cb00000|  0%| F|  |TS  0|AC  0|TAMS 0x000000070ca00000, 0x000000070ca00000|
| 203|0x000000070cb00000, 0x000000070cb00000, 0x000000070cc00000|  0%| F|  |TS  0|AC  0|TAMS 0x000000070cb00000, 0x000000070cb00000|
| 204|0x000000070cc00000, 0x000000070cc00000, 0x000000070cd00000|  0%| F|  |TS  0|AC  0|TAMS 0x000000070cc00000, 0x000000070cc00000|
| 205|0x000000070cd00000, 0x000000070cd00000, 0x000000070ce00000|  0%| F|  |TS  0|AC  0|TAMS 0x000000070cd00000, 0x000000070cd00000|
| 206|0x000000070ce00000, 0x000000070ce00000, 0x000000070cf00000|  0%| F|  |TS  0|AC  0|TAMS 0x000000070ce00000, 0x000000070ce00000|
| 207|0x000000070cf00000, 0x000000070cf00000, 0x000000070d000000|  0%| F|  |TS  0|AC  0|TAMS 0x000000070cf00000, 0x000000070cf00000|
| 208|0x000000070d000000, 0x000000070d000000, 0x000000070d100000|  0%| F|  |TS  0|AC  0|TAMS 0x000000070d000000, 0x000000070d000000|
| 209|0x000000070d100000, 0x000000070d100000, 0x000000070d200000|  0%| F|  |TS  0|AC  0|TAMS 0x000000070d100000, 0x000000070d100000|
| 210|0x000000070d200000, 0x000000070d200000, 0x000000070d300000|  0%| F|  |TS  0|AC  0|TAMS 0x000000070d200000, 0x000000070d200000|
| 211|0x000000070d300000, 0x000000070d300000, 0x000000070d400000|  0%| F|  |TS  0|AC  0|TAMS 0x000000070d300000, 0x000000070d300000|
| 212|0x000000070d400000, 0x000000070d400000, 0x000000070d500000|  0%| F|  |TS  0|AC  0|TAMS 0x000000070d400000, 0x000000070d400000|
| 213|0x000000070d500000, 0x000000070d500000, 0x000000070d600000|  0%| F|  |TS  0|AC  0|TAMS 0x000000070d500000, 0x000000070d500000|
| 214|0x000000070d600000, 0x000000070d600000, 0x000000070d700000|  0%| F|  |TS  0|AC  0|TAMS 0x000000070d600000, 0x000000070d600000|
| 215|0x000000070d700000, 0x000000070d700000, 0x000000070d800000|  0%| F|  |TS  0|AC  0|TAMS 0x000000070d700000, 0x000000070d700000|
| 216|0x000000070d800000, 0x000000070d800000, 0x000000070d900000|  0%| F|  |TS  0|AC  0|TAMS 0x000000070d800000, 0x000000070d800000|
| 217|0x000000070d900000, 0x000000070d900000, 0x000000070da00000|  0%| F|  |TS  0|AC  0|TAMS 0x000000070d900000, 0x000000070d900000|
| 218|0x000000070da00000, 0x000000070da0b048, 0x000000070db00000|  4%| E|  |TS  0|AC  0|TAMS 0x000000070da00000, 0x000000070da00000|
| 219|0x000000070db00000, 0x000000070dc00000, 0x000000070dc00000|100%| E|CS|TS  0|AC  0|TAMS 0x000000070db00000, 0x000000070db00000|
| 220|0x000000070dc00000, 0x000000070dd00000, 0x000000070dd00000|100%| E|CS|TS  0|AC  0|TAMS 0x000000070dc00000, 0x000000070dc00000|
| 221|0x000000070dd00000, 0x000000070de00000, 0x000000070de00000|100%| E|CS|TS  0|AC  0|TAMS 0x000000070dd00000, 0x000000070dd00000|
| 222|0x000000070de00000, 0x000000070df00000, 0x000000070df00000|100%| E|CS|TS  0|AC  0|TAMS 0x000000070de00000, 0x000000070de00000|
| 223|0x000000070df00000, 0x000000070e000000, 0x000000070e000000|100%| E|CS|TS  0|AC  0|TAMS 0x000000070df00000, 0x000000070df00000|
| 224|0x000000070e000000, 0x000000070e100000, 0x000000070e100000|100%| E|CS|TS  0|AC  0|TAMS 0x000000070e000000, 0x000000070e000000|
| 225|0x000000070e100000, 0x000000070e200000, 0x000000070e200000|100%| E|CS|TS  0|AC  0|TAMS 0x000000070e100000, 0x000000070e100000|

Card table byte_map: [0x00000228ad8e0000,0x00000228adee0000] byte_map_base: 0x00000228aa0e0000

Marking Bits (Prev, Next): (CMBitMap*) 0x00000228b1e67948, (CMBitMap*) 0x00000228b1e67910
 Prev Bits: [0x00000228cb1a0000, 0x00000228ce1a0000)
 Next Bits: [0x00000228c81a0000, 0x00000228cb1a0000)

Polling page: 0x00000228a47b0000

CodeHeap 'non-profiled nmethods': size=120000Kb used=23247Kb max_used=23247Kb free=96752Kb
 bounds [0x00000228c0c70000, 0x00000228c2330000, 0x00000228c81a0000]
CodeHeap 'profiled nmethods': size=120000Kb used=49479Kb max_used=49479Kb free=70520Kb
 bounds [0x00000228b9740000, 0x00000228bc7e0000, 0x00000228c0c70000]
CodeHeap 'non-nmethods': size=5760Kb used=1867Kb max_used=1913Kb free=3892Kb
 bounds [0x00000228b91a0000, 0x00000228b9410000, 0x00000228b9740000]
 total_blobs=34298 nmethods=19181 adapters=1241
 compilation: enabled

Compilation events (10 events):
Event: 615.158 Thread 0x00000228a9220800 23710       3       java.awt.Component::dispatchEventImpl (739 bytes)
Event: 615.164 Thread 0x00000228a9220800 nmethod 23710 0x00000228bc7cc610 code [0x00000228bc7cce60, 0x00000228bc7d2ee0]
Event: 615.631 Thread 0x00000228a9220800 23711       1       java.io.StringWriter::flush (1 bytes)
Event: 615.631 Thread 0x00000228a9220800 nmethod 23711 0x00000228c2324c10 code [0x00000228c2324dc0, 0x00000228c2324ed8]
Event: 615.674 Thread 0x00000228a9220800 23712   !   3       java.awt.AWTEvent::setSource (95 bytes)
Event: 615.674 Thread 0x00000228aee2a800 23713   !   4       java.awt.KeyboardFocusManager::getActiveWindow (42 bytes)
Event: 615.674 Thread 0x00000228a9220800 nmethod 23712 0x00000228bc7d4210 code [0x00000228bc7d4400, 0x00000228bc7d4cd0]
Event: 615.675 Thread 0x00000228aee2a800 nmethod 23713 0x00000228c2324f90 code [0x00000228c2325140, 0x00000228c23254d8]
Event: 615.677 Thread 0x00000228a9220800 23714       3       javax.swing.JTable::getSelectedRows (102 bytes)
Event: 615.677 Thread 0x00000228a9220800 nmethod 23714 0x00000228bc7d4e90 code [0x00000228bc7d50a0, 0x00000228bc7d58a0]

GC Heap History (10 events):
Event: 600.107 GC heap before
{Heap before GC invocations=309 (full 14):
 garbage-first heap   total 192512K, used 179172K [0x0000000700000000, 0x00000007001005e0, 0x00000007c0000000)
  region size 1024K, 60 young (61440K), 1 survivors (1024K)
 Metaspace       used 89366K, capacity 96065K, committed 96204K, reserved 1132544K
  class space    used 12313K, capacity 13493K, committed 13516K, reserved 1048576K
}
Event: 600.110 GC heap after
{Heap after GC invocations=310 (full 14):
 garbage-first heap   total 192512K, used 114809K [0x0000000700000000, 0x00000007001005e0, 0x00000007c0000000)
  region size 1024K, 1 young (1024K), 1 survivors (1024K)
 Metaspace       used 89366K, capacity 96065K, committed 96204K, reserved 1132544K
  class space    used 12313K, capacity 13493K, committed 13516K, reserved 1048576K
}
Event: 602.280 GC heap before
{Heap before GC invocations=311 (full 14):
 garbage-first heap   total 192512K, used 175225K [0x0000000700000000, 0x00000007001005e0, 0x00000007c0000000)
  region size 1024K, 60 young (61440K), 1 survivors (1024K)
 Metaspace       used 89370K, capacity 96065K, committed 96204K, reserved 1132544K
  class space    used 12313K, capacity 13493K, committed 13516K, reserved 1048576K
}
Event: 602.283 GC heap after
{Heap after GC invocations=312 (full 14):
 garbage-first heap   total 192512K, used 114770K [0x0000000700000000, 0x00000007001005e0, 0x00000007c0000000)
  region size 1024K, 1 young (1024K), 1 survivors (1024K)
 Metaspace       used 89370K, capacity 96065K, committed 96204K, reserved 1132544K
  class space    used 12313K, capacity 13493K, committed 13516K, reserved 1048576K
}
Event: 606.950 GC heap before
{Heap before GC invocations=312 (full 14):
 garbage-first heap   total 192512K, used 175186K [0x0000000700000000, 0x00000007001005e0, 0x00000007c0000000)
  region size 1024K, 60 young (61440K), 1 survivors (1024K)
 Metaspace       used 89374K, capacity 96065K, committed 96204K, reserved 1132544K
  class space    used 12313K, capacity 13493K, committed 13516K, reserved 1048576K
}
Event: 606.953 GC heap after
{Heap after GC invocations=313 (full 14):
 garbage-first heap   total 192512K, used 114773K [0x0000000700000000, 0x00000007001005e0, 0x00000007c0000000)
  region size 1024K, 1 young (1024K), 1 survivors (1024K)
 Metaspace       used 89374K, capacity 96065K, committed 96204K, reserved 1132544K
  class space    used 12313K, capacity 13493K, committed 13516K, reserved 1048576K
}
Event: 610.858 GC heap before
{Heap before GC invocations=314 (full 14):
 garbage-first heap   total 192512K, used 175189K [0x0000000700000000, 0x00000007001005e0, 0x00000007c0000000)
  region size 1024K, 60 young (61440K), 1 survivors (1024K)
 Metaspace       used 89378K, capacity 96065K, committed 96204K, reserved 1132544K
  class space    used 12313K, capacity 13493K, committed 13516K, reserved 1048576K
}
Event: 610.867 GC heap after
{Heap after GC invocations=315 (full 14):
 garbage-first heap   total 231424K, used 115017K [0x0000000700000000, 0x0000000700100710, 0x00000007c0000000)
  region size 1024K, 1 young (1024K), 1 survivors (1024K)
 Metaspace       used 89378K, capacity 96065K, committed 96204K, reserved 1132544K
  class space    used 12313K, capacity 13493K, committed 13516K, reserved 1048576K
}
Event: 614.943 GC heap before
{Heap before GC invocations=315 (full 14):
 garbage-first heap   total 231424K, used 175433K [0x0000000700000000, 0x0000000700100710, 0x00000007c0000000)
  region size 1024K, 60 young (61440K), 1 survivors (1024K)
 Metaspace       used 89602K, capacity 96261K, committed 96460K, reserved 1132544K
  class space    used 12336K, capacity 13495K, committed 13516K, reserved 1048576K
}
Event: 614.946 GC heap after
{Heap after GC invocations=316 (full 14):
 garbage-first heap   total 231424K, used 115135K [0x0000000700000000, 0x0000000700100710, 0x00000007c0000000)
  region size 1024K, 1 young (1024K), 1 survivors (1024K)
 Metaspace       used 89602K, capacity 96261K, committed 96460K, reserved 1132544K
  class space    used 12336K, capacity 13495K, committed 13516K, reserved 1048576K
}

Deoptimization events (10 events):
Event: 614.395 Thread 0x00000228d10e2800 Uncommon trap: reason=unstable_if action=reinterpret pc=0x00000228c1fdd85c method=javax.swing.plaf.basic.BasicTableUI$Handler.propertyChange(Ljava/beans/PropertyChangeEvent;)V @ 69 c2
Event: 614.396 Thread 0x00000228d10e2800 Uncommon trap: reason=class_check action=maybe_recompile pc=0x00000228c13f2fec method=java.lang.Throwable.<init>()V @ 24 c2
Event: 614.455 Thread 0x00000228d10e2800 Uncommon trap: reason=class_check action=maybe_recompile pc=0x00000228c13f2fec method=java.lang.Throwable.<init>()V @ 24 c2
Event: 614.456 Thread 0x00000228d10e2800 Uncommon trap: reason=class_check action=maybe_recompile pc=0x00000228c18bb6e4 method=java.awt.geom.LineIterator.currentSegment([F)I @ 30 c2
Event: 614.456 Thread 0x00000228d10e2800 Uncommon trap: reason=class_check action=maybe_recompile pc=0x00000228c18bb6d0 method=java.awt.geom.LineIterator.currentSegment([F)I @ 57 c2
Event: 614.462 Thread 0x00000228d10e2800 Uncommon trap: reason=class_check action=maybe_recompile pc=0x00000228c18bb6e4 method=java.awt.geom.LineIterator.currentSegment([F)I @ 30 c2
Event: 614.462 Thread 0x00000228d10e2800 Uncommon trap: reason=class_check action=maybe_recompile pc=0x00000228c18bb6d0 method=java.awt.geom.LineIterator.currentSegment([F)I @ 57 c2
Event: 615.675 Thread 0x00000228d10e2800 Uncommon trap: reason=unstable_if action=reinterpret pc=0x00000228c221e5b4 method=javax.swing.JTable.getSelectedRows()[I @ 22 c2
Event: 615.676 Thread 0x00000228d10e2800 Uncommon trap: reason=unstable_if action=reinterpret pc=0x00000228c2218144 method=javax.swing.JTable.getSelectedRows()[I @ 22 c2
Event: 615.676 Thread 0x00000228d10e2800 Uncommon trap: reason=unstable_if action=reinterpret pc=0x00000228c221903c method=com.jidesoft.grid.TreeTable.a([Lcom/jidesoft/grid/Row;[Lcom/jidesoft/grid/Row;)[Lcom/jidesoft/grid/Row; @ 21 c2

Classes redefined (0 events):
No events

Internal exceptions (10 events):
Event: 275.322 Thread 0x00000228d6d9e800 Exception <a 'java/lang/InterruptedException'{0x000000070a729b60}: sleep interrupted> (0x000000070a729b60) thrown at [t:/workspace/hotspot/src/share/vm/prims/jvm.cpp, line 3023]
Event: 475.797 Thread 0x00000228d10e2800 Implicit null exception at 0x00000228c1621384 to 0x00000228c16228e5
Event: 480.444 Thread 0x00000228d6d9d000 Exception <a 'java/lang/InterruptedException'{0x0000000709f9e0a8}: sleep interrupted> (0x0000000709f9e0a8) thrown at [t:/workspace/hotspot/src/share/vm/prims/jvm.cpp, line 3023]
Event: 565.107 Thread 0x00000228d10e2800 Implicit null exception at 0x00000228c154f3d9 to 0x00000228c15503a1
Event: 568.276 Thread 0x00000228d6d9a800 Exception <a 'java/lang/InterruptedException'{0x00000007094aeb18}: sleep interrupted> (0x00000007094aeb18) thrown at [t:/workspace/hotspot/src/share/vm/prims/jvm.cpp, line 3023]
Event: 568.483 Thread 0x00000228d10e2800 Implicit null exception at 0x00000228c20d6af0 to 0x00000228c20d7405
Event: 569.116 Thread 0x00000228d10e2800 Implicit null exception at 0x00000228c1b111dd to 0x00000228c1b113c2
Event: 576.746 Thread 0x00000228d10e2800 Exception <a 'java/io/FileNotFoundException'{0x000000070ac654c0}> (0x000000070ac654c0) thrown at [t:/workspace/hotspot/src/share/vm/prims/jni.cpp, line 604]
Event: 583.759 Thread 0x00000228d6d9e800 Exception <a 'java/lang/InterruptedException'{0x000000070b3023e0}: sleep interrupted> (0x000000070b3023e0) thrown at [t:/workspace/hotspot/src/share/vm/prims/jvm.cpp, line 2984]
Event: 589.703 Thread 0x00000228d6d94800 Implicit null exception at 0x00000228c21279b4 to 0x00000228c2129859

Events (10 events):
Event: 615.772 Thread 0x00000228d6d94000 Thread added: 0x00000228d6d94000
Event: 615.772 Thread 0x00000228d6d93000 Thread exited: 0x00000228d6d93000
Event: 615.792 Thread 0x00000228d6d9d000 Thread added: 0x00000228d6d9d000
Event: 615.792 Thread 0x00000228d6d94000 Thread exited: 0x00000228d6d94000
Event: 615.800 Thread 0x00000228d6d9d000 Thread exited: 0x00000228d6d9d000
Event: 616.762 Thread 0x00000228d6d93000 Thread added: 0x00000228d6d93000
Event: 616.813 Thread 0x00000228d6d94000 Thread added: 0x00000228d6d94000
Event: 616.813 Thread 0x00000228d6d93000 Thread exited: 0x00000228d6d93000
Event: 616.856 Thread 0x00000228d6d9d000 Thread added: 0x00000228d6d9d000
Event: 616.856 Thread 0x00000228d6d94000 Thread exited: 0x00000228d6d94000


Dynamic libraries:
0x00007ff7d23f0000 - 0x00007ff7d2420000 	C:\Xilinx\Vivado\2019.1\bin\unwrapped\win64.o\vivado.exe
0x00007ff982040000 - 0x00007ff982249000 	C:\WINDOWS\SYSTEM32\ntdll.dll
0x00007ff981b30000 - 0x00007ff981bed000 	C:\WINDOWS\System32\KERNEL32.DLL
0x00007ff97f7b0000 - 0x00007ff97fb2c000 	C:\WINDOWS\System32\KERNELBASE.dll
0x00007ff97fbf0000 - 0x00007ff97fd01000 	C:\WINDOWS\System32\ucrtbase.dll
0x00007ff977ea0000 - 0x00007ff977eb4000 	C:\Xilinx\Vivado\2019.1\lib\win64.o\libboost_signals.dll
0x00007ff93bf60000 - 0x00007ff93bfed000 	C:\WINDOWS\SYSTEM32\MSVCP140.dll
0x00007ff8c9180000 - 0x00007ff8ca062000 	C:\Xilinx\Vivado\2019.1\lib\win64.o\librdi_common.dll
0x00007ff96a660000 - 0x00007ff96a674000 	C:\Xilinx\Vivado\2019.1\lib\win64.o\librdi_commonmain.dll
0x00007ff97fea0000 - 0x00007ff98004d000 	C:\WINDOWS\System32\USER32.dll
0x00007ff953fb0000 - 0x00007ff953fcb000 	C:\WINDOWS\SYSTEM32\VCRUNTIME140.dll
0x00007ff97f4f0000 - 0x00007ff97f516000 	C:\WINDOWS\System32\win32u.dll
0x00007ff9811f0000 - 0x00007ff981219000 	C:\WINDOWS\System32\GDI32.dll
0x00007ff96aec0000 - 0x00007ff96aecc000 	C:\WINDOWS\SYSTEM32\VCRUNTIME140_1.dll
0x00007ff97f520000 - 0x00007ff97f639000 	C:\WINDOWS\System32\gdi32full.dll
0x00007ff97fe00000 - 0x00007ff97fe9d000 	C:\WINDOWS\System32\msvcp_win.dll
0x00007ff8f0890000 - 0x00007ff8f0bfe000 	C:\Xilinx\Vivado\2019.1\lib\win64.o\libCOIN-all.dll
0x00007ff9809b0000 - 0x00007ff980a5e000 	C:\WINDOWS\System32\ADVAPI32.dll
0x00007ff96a2b0000 - 0x00007ff96a2c4000 	C:\Xilinx\Vivado\2019.1\lib\win64.o\libboost_date_time.dll
0x00007ff981c00000 - 0x00007ff981ca3000 	C:\WINDOWS\System32\msvcrt.dll
0x00007ff96a070000 - 0x00007ff96a096000 	C:\Xilinx\Vivado\2019.1\lib\win64.o\libboost_filesystem.dll
0x00007ff980750000 - 0x00007ff9807ee000 	C:\WINDOWS\System32\sechost.dll
0x00007ff980b80000 - 0x00007ff980ca0000 	C:\WINDOWS\System32\RPCRT4.dll
0x00007ff9592b0000 - 0x00007ff95932f000 	C:\Xilinx\Vivado\2019.1\lib\win64.o\libboost_program_options.dll
0x00007ff9812d0000 - 0x00007ff981a88000 	C:\WINDOWS\System32\SHELL32.dll
0x00007ff92b9d0000 - 0x00007ff92bae4000 	C:\Xilinx\Vivado\2019.1\lib\win64.o\libboost_regex.dll
0x00007ff9788d0000 - 0x00007ff9788da000 	C:\Xilinx\Vivado\2019.1\lib\win64.o\librdi_commonversion.dll
0x00007ff977f10000 - 0x00007ff977f1b000 	C:\Xilinx\Vivado\2019.1\lib\win64.o\libboost_system.dll
0x00007ff907640000 - 0x00007ff907761000 	C:\Xilinx\Vivado\2019.1\lib\win64.o\librdi_commonxillic.dll
0x0000000052610000 - 0x000000005273b000 	C:\Xilinx\Vivado\2019.1\lib\win64.o\tcl85t.dll
0x00007ff9684c0000 - 0x00007ff9684e1000 	C:\Xilinx\Vivado\2019.1\lib\win64.o\libboost_thread.dll
0x00007ff981f60000 - 0x00007ff981fcf000 	C:\WINDOWS\System32\WS2_32.dll
0x00007ff977e90000 - 0x00007ff977e9f000 	C:\Xilinx\Vivado\2019.1\lib\win64.o\libboost_xilinx.dll
0x00007ff959220000 - 0x00007ff9592a2000 	C:\Xilinx\Vivado\2019.1\lib\win64.o\libhdlpsolve.dll
0x00007ff8b3560000 - 0x00007ff8b410f400 	C:\Xilinx\Vivado\2019.1\lib\win64.o\libisl_iostreams.dll
0x00007ff94c750000 - 0x00007ff94c7b5000 	C:\Xilinx\Vivado\2019.1\lib\win64.o\liblmx6.0.dll
0x00007ff94d800000 - 0x00007ff94d8a5000 	C:\Xilinx\Vivado\2019.1\lib\win64.o\libhdxml.dll
0x00007ff968490000 - 0x00007ff9684be000 	C:\Xilinx\Vivado\2019.1\lib\win64.o\libisl_sysinfo.dll
0x00007ff964790000 - 0x00007ff9647aa000 	C:\Xilinx\Vivado\2019.1\lib\win64.o\pthreadVC2.dll
0x00007ff964560000 - 0x00007ff964581000 	C:\Xilinx\Vivado\2019.1\lib\win64.o\librdizlib.dll
0x00007ff964750000 - 0x00007ff96476c000 	C:\Xilinx\Vivado\2019.1\lib\win64.o\librdiconfig.dll
0x00007ff967e00000 - 0x00007ff967e19000 	C:\WINDOWS\SYSTEM32\NETAPI32.dll
0x00007ff9685b0000 - 0x00007ff968aaa000 	C:\WINDOWS\SYSTEM32\WININET.dll
0x0000000012000000 - 0x0000000012270000 	C:\Xilinx\Vivado\2019.1\lib\win64.o\xerces-c_3_1.dll
0x00007ff9744f0000 - 0x00007ff9745fc000 	C:\WINDOWS\SYSTEM32\WINHTTP.dll
0x00007ff973b60000 - 0x00007ff973d4f000 	C:\WINDOWS\SYSTEM32\urlmon.dll
0x00007ff967a00000 - 0x00007ff967a09000 	C:\WINDOWS\SYSTEM32\WSOCK32.dll
0x00007ff8b26c0000 - 0x00007ff8b3551000 	C:\Xilinx\Vivado\2019.1\lib\win64.o\gurobi65.dll
0x00007ff95ece0000 - 0x00007ff95ed0d000 	C:\WINDOWS\SYSTEM32\VCOMP140.DLL
0x00007ff974ce0000 - 0x00007ff974ced000 	C:\Xilinx\Vivado\2019.1\lib\win64.o\libboost_chrono.dll
0x00007ff8f4d20000 - 0x00007ff8f4ff8000 	C:\Xilinx\Vivado\2019.1\lib\win64.o\libXil_lmgr11.dll
0x00007ff980ca0000 - 0x00007ff980d8c000 	C:\WINDOWS\System32\COMDLG32.dll
0x00007ff980e70000 - 0x00007ff9811e9000 	C:\WINDOWS\System32\combase.dll
0x00007ff95f4d0000 - 0x00007ff95f4eb000 	C:\Xilinx\Vivado\2019.1\lib\win64.o\libboost_iostreams.dll
0x00007ff95ecb0000 - 0x00007ff95ecd5000 	C:\Xilinx\Vivado\2019.1\lib\win64.o\libisl_iosutils.dll
0x00007ff9801f0000 - 0x00007ff9802da000 	C:\WINDOWS\System32\shcore.dll
0x00007ff980e10000 - 0x00007ff980e6d000 	C:\WINDOWS\System32\SHLWAPI.dll
0x00007ff972fe0000 - 0x00007ff973293000 	C:\WINDOWS\SYSTEM32\iertutil.dll
0x00007ff97e0c0000 - 0x00007ff97e0cc000 	C:\WINDOWS\SYSTEM32\netutils.dll
0x00007ff972f30000 - 0x00007ff972f58000 	C:\WINDOWS\SYSTEM32\srvcli.dll
0x00007ff981e10000 - 0x00007ff981ee6000 	C:\WINDOWS\System32\OLEAUT32.dll
0x00007ff980050000 - 0x00007ff9801ea000 	C:\WINDOWS\System32\ole32.dll
0x00007ff953fd0000 - 0x00007ff954082000 	C:\WINDOWS\WinSxS\amd64_microsoft.windows.common-controls_6595b64144ccf1df_5.82.22000.1_none_271a8fad6a2d1b1e\COMCTL32.dll
0x00007ff97fd90000 - 0x00007ff97fdf8000 	C:\WINDOWS\System32\WINTRUST.dll
0x00007ff97f640000 - 0x00007ff97f7a2000 	C:\WINDOWS\System32\CRYPT32.dll
0x00007ff974930000 - 0x00007ff97494e000 	C:\WINDOWS\SYSTEM32\dhcpcsvc.DLL
0x00007ff981290000 - 0x00007ff9812c1000 	C:\WINDOWS\System32\IMM32.DLL
0x00007ff97ed20000 - 0x00007ff97ed32000 	C:\WINDOWS\SYSTEM32\MSASN1.dll
0x00007ff97e620000 - 0x00007ff97e638000 	C:\WINDOWS\SYSTEM32\kernel.appcore.dll
0x00007ff8daf00000 - 0x00007ff8db417000 	C:\Xilinx\Vivado\2019.1\lib\win64.o\librdi_commontasks.dll
0x00007ff96ce80000 - 0x00007ff96ce8a000 	C:\WINDOWS\SYSTEM32\VERSION.dll
0x00007ff8f30f0000 - 0x00007ff8f3376000 	C:\Xilinx\Vivado\2019.1\lib\win64.o\librdi_sio.dll
0x0000000051be0000 - 0x0000000052605000 	C:\Xilinx\Vivado\2019.1\tps\win64\jre9.0.4\bin\server\jvm.dll
0x00007ff981cb0000 - 0x00007ff981cb8000 	C:\WINDOWS\System32\PSAPI.DLL
0x00007ff97e0d0000 - 0x00007ff97e0fd000 	C:\WINDOWS\SYSTEM32\IPHLPAPI.DLL
0x00007ff9742c0000 - 0x00007ff9742f3000 	C:\WINDOWS\SYSTEM32\WINMM.dll
0x00007ff94bdc0000 - 0x00007ff94beaf000 	C:\WINDOWS\SYSTEM32\MSVCR120.dll
0x00007ff97ea80000 - 0x00007ff97eae7000 	C:\WINDOWS\SYSTEM32\MSWSOCK.DLL
0x00007ff97d610000 - 0x00007ff97de78000 	C:\WINDOWS\SYSTEM32\windows.storage.dll
0x00007ff97d4a0000 - 0x00007ff97d606000 	C:\WINDOWS\SYSTEM32\wintypes.dll
0x00007ff8b0200000 - 0x00007ff8b26bc000 	C:\Xilinx\Vivado\2019.1\lib\win64.o\librdi_tcltasks.dll
0x00007ff8afdf0000 - 0x00007ff8b01f8000 	C:\Xilinx\Vivado\2019.1\lib\win64.o\librdi_bitstream.dll
0x00007ff9048e0000 - 0x00007ff904a71000 	C:\Xilinx\Vivado\2019.1\lib\win64.o\librdi_board.dll
0x00007ff92a7c0000 - 0x00007ff92a8ab000 	C:\Xilinx\Vivado\2019.1\lib\win64.o\librdi_chipscope.dll
0x00007ff941cb0000 - 0x00007ff941d28000 	C:\Xilinx\Vivado\2019.1\lib\win64.o\librdi_boarddep.dll
0x00007ff8f50d0000 - 0x00007ff8f528d000 	C:\Xilinx\Vivado\2019.1\lib\win64.o\librdi_chipscopeimpl.dll
0x00007ff907020000 - 0x00007ff907176000 	C:\Xilinx\Vivado\2019.1\lib\win64.o\librdi_containers.dll
0x00007ff8ae400000 - 0x00007ff8afdea000 	C:\Xilinx\Vivado\2019.1\lib\win64.o\librdi_constraints.dll
0x00007ff8ac540000 - 0x00007ff8ae3f1000 	C:\Xilinx\Vivado\2019.1\lib\win64.o\librdi_coregen.dll
0x00007ff8e3390000 - 0x00007ff8e36ae000 	C:\Xilinx\Vivado\2019.1\lib\win64.o\librdi_dlyest.dll
0x00007ff8a7e10000 - 0x00007ff8a84ea000 	C:\Xilinx\Vivado\2019.1\lib\win64.o\librdi_coregenipxact.dll
0x00007ff895440000 - 0x00007ff8959da000 	C:\Xilinx\Vivado\2019.1\lib\win64.o\librdi_drc.dll
0x00007ff928410000 - 0x00007ff9284d4000 	C:\Xilinx\Vivado\2019.1\lib\win64.o\librdi_dsp.dll
0x00007ff894df0000 - 0x00007ff89543d000 	C:\Xilinx\Vivado\2019.1\lib\win64.o\librdi_filemgmt.dll
0x00007ff8c8e90000 - 0x00007ff8c9173000 	C:\Xilinx\Vivado\2019.1\lib\win64.o\librdi_guitools.dll
0x00007ff947e80000 - 0x00007ff947ee5000 	C:\Xilinx\Vivado\2019.1\lib\win64.o\librdi_hdf.dll
0x00007ff893830000 - 0x00007ff894df0000 	C:\Xilinx\Vivado\2019.1\lib\win64.o\librdi_implflow.dll
0x00007ff8959e0000 - 0x00007ff8a7e0c000 	C:\Xilinx\Vivado\2019.1\lib\win64.o\librdi_device.dll
0x00007ff8a84f0000 - 0x00007ff8ac533000 	C:\Xilinx\Vivado\2019.1\lib\win64.o\librdi_designutils.dll
0x00007ff893210000 - 0x00007ff893825000 	C:\Xilinx\Vivado\2019.1\lib\win64.o\librdi_memdata.dll
0x00007ff93b8e0000 - 0x00007ff93b953000 	C:\Xilinx\Vivado\2019.1\lib\win64.o\librdi_memoryarray.dll
0x00007ff88fe70000 - 0x00007ff890512000 	C:\Xilinx\Vivado\2019.1\lib\win64.o\librdi_netlist.dll
0x00007ff94c700000 - 0x00007ff94c74b000 	C:\Xilinx\Vivado\2019.1\lib\win64.o\librdi_pfi.dll
0x00007ff890520000 - 0x00007ff893206000 	C:\Xilinx\Vivado\2019.1\lib\win64.o\librdi_mig.dll
0x00007ff88d7f0000 - 0x00007ff88fe66000 	C:\Xilinx\Vivado\2019.1\lib\win64.o\librdi_place.dll
0x00007ff88d4e0000 - 0x00007ff88d7ef000 	C:\Xilinx\Vivado\2019.1\lib\win64.o\librdi_platform.dll
0x00007ff88cd90000 - 0x00007ff88d4da000 	C:\Xilinx\Vivado\2019.1\lib\win64.o\librdi_power.dll
0x00007ff88c810000 - 0x00007ff88cd8f000 	C:\Xilinx\Vivado\2019.1\lib\win64.o\librdi_project.dll
0x00007ff88b9f0000 - 0x00007ff88c0f6000 	C:\Xilinx\Vivado\2019.1\lib\win64.o\librdi_rsb.dll
0x00007ff88c100000 - 0x00007ff88c809000 	C:\Xilinx\Vivado\2019.1\lib\win64.o\librdi_psta.dll
0x00007ff927220000 - 0x00007ff92731a000 	C:\Xilinx\Vivado\2019.1\lib\win64.o\librdi_runsbase.dll
0x00007ff88b5f0000 - 0x00007ff88b9e1000 	C:\Xilinx\Vivado\2019.1\lib\win64.o\librdi_runs.dll
0x00007ff8dcb40000 - 0x00007ff8dcd96000 	C:\Xilinx\Vivado\2019.1\lib\win64.o\librdi_simdata.dll
0x00007ff88a7d0000 - 0x00007ff88b5e1000 	C:\Xilinx\Vivado\2019.1\lib\win64.o\librdi_timing.dll
0x00007ff904700000 - 0x00007ff904872000 	C:\Xilinx\Vivado\2019.1\lib\win64.o\librdi_advchipscopeimpl.dll
0x00007ff9398c0000 - 0x00007ff93990c000 	C:\Xilinx\Vivado\2019.1\lib\win64.o\libboost_serialization.dll
0x00007ff8f44f0000 - 0x00007ff8f468f000 	C:\Xilinx\Vivado\2019.1\lib\win64.o\librdi_hip_devdesign.dll
0x00007ff926090000 - 0x00007ff926152000 	C:\Xilinx\Vivado\2019.1\lib\win64.o\librdi_ipconfig_readwrite.dll
0x00007ff932990000 - 0x00007ff9329d3000 	C:\Xilinx\Vivado\2019.1\lib\win64.o\librdi_noc_frameworks.dll
0x00007ff9075a0000 - 0x00007ff90763e000 	C:\Xilinx\Vivado\2019.1\lib\win64.o\libise.dll
0x00007ff889c80000 - 0x00007ff88a7c7000 	C:\Xilinx\Vivado\2019.1\lib\win64.o\libverific.dll
0x00007ff93f710000 - 0x00007ff93f750000 	C:\Xilinx\Vivado\2019.1\lib\win64.o\librdi_wavedata_SimpleApi.dll
0x00007ff889680000 - 0x00007ff889c7c000 	C:\Xilinx\Vivado\2019.1\lib\win64.o\librdi_wavedata.dll
0x00007ff92dec0000 - 0x00007ff92deff000 	C:\Xilinx\Vivado\2019.1\lib\win64.o\librdi_schedmon.dll
0x00007ff886130000 - 0x00007ff886515000 	C:\Xilinx\Vivado\2019.1\lib\win64.o\librdi_hip_config.dll
0x00007ff885be0000 - 0x00007ff88612e000 	C:\Xilinx\Vivado\2019.1\lib\win64.o\librdi_xdm.dll
0x00007ff8884f0000 - 0x00007ff88967d000 	C:\Xilinx\Vivado\2019.1\lib\win64.o\librdi_route.dll
0x00007ff906080000 - 0x00007ff906108000 	C:\Xilinx\Vivado\2019.1\lib\win64.o\librdi_meir_core.dll

VM Arguments:
jvm_args: -Dsun.java2d.pmoffscreen=false -Dsun.java2d.xrender=false -Dsun.java2d.d3d=false -Dsun.awt.nopixfmt=true -Dsun.java2d.dpiaware=true -Dsun.java2d.uiScale.enabled=false -Xverify:none -Dswing.aatext=true -XX:-UsePerfData -Djdk.map.althashing.threshold=512 -XX:StringTableSize=4072 --add-opens=java.base/java.nio=ALL-UNNAMED --add-opens=java.desktop/sun.swing=ALL-UNNAMED --add-opens=java.desktop/javax.swing=ALL-UNNAMED --add-opens=java.desktop/javax.swing.tree=ALL-UNNAMED --add-opens=java.desktop/javax.swing.plaf.basic=ALL-UNNAMED --add-opens=java.desktop/javax.swing.plaf.synth=ALL-UNNAMED --add-opens=java.desktop/com.sun.awt=ALL-UNNAMED -XX:NewSize=60m -XX:MaxNewSize=60m -Xms128m -Xmx3072m -Xss5m 
java_command: <unknown>
java_class_path (initial): C:/Xilinx/Vivado/2019.1\lib\classes\alloy.jar;C:/Xilinx/Vivado/2019.1\lib\classes\autopilot.scelaborator.jar;C:/Xilinx/Vivado/2019.1\lib\classes\autopilot.sourceprocessor.jar;C:/Xilinx/Vivado/2019.1\lib\classes\autopilot.tbprocessor.jar;C:/Xilinx/Vivado/2019.1\lib\classes\batik-anim.jar;C:/Xilinx/Vivado/2019.1\lib\classes\batik-awt-util.jar;C:/Xilinx/Vivado/2019.1\lib\classes\batik-bridge.jar;C:/Xilinx/Vivado/2019.1\lib\classes\batik-codec.jar;C:/Xilinx/Vivado/2019.1\lib\classes\batik-css.jar;C:/Xilinx/Vivado/2019.1\lib\classes\batik-dom.jar;C:/Xilinx/Vivado/2019.1\lib\classes\batik-ext.jar;C:/Xilinx/Vivado/2019.1\lib\classes\batik-gui-util.jar;C:/Xilinx/Vivado/2019.1\lib\classes\batik-gvt.jar;C:/Xilinx/Vivado/2019.1\lib\classes\batik-parser.jar;C:/Xilinx/Vivado/2019.1\lib\classes\batik-script.jar;C:/Xilinx/Vivado/2019.1\lib\classes\batik-svg-dom.jar;C:/Xilinx/Vivado/2019.1\lib\classes\batik-swing.jar;C:/Xilinx/Vivado/2019.1\lib\classes\batik-transcoder.jar;C:/Xilinx/Vivado/2019.1\lib\classes\batik-util.jar;C:/Xilinx/Vivado/2019.1\lib\classes\batik-xml.jar;C:/Xilinx/Vivado/2019.1\lib\classes\com.google.gson_2.7.0.v20170129-0911.jar;C:/Xilinx/Vivado/2019.1\lib\classes\com.google.guava_21.0.0.v20170206-1425.jar;C:/Xilinx/Vivado/2019.1\lib\classes\com.google.inject_3.0.0.v201605172100.jar;C:/Xilinx/Vivado/2019.1\lib\classes\com.ibm.icu_4.4.2.v20110208.jar;C:/Xilinx/Vivado/2019.1\lib\classes\com.sigasi.hdt.annotations.runtime_4.3.0.201903071210.jar;C:/Xilinx/Vivado/2019.1\lib\classes\com.sigasi.hdt.blockdiagram.model_4.3.0.201903071210.jar;C:/Xilinx/Vivado/2019.1\lib\classes\com.sigasi.hdt.connection_4.3.0.201903071210.jar;C:/Xilinx/Vivado/2019.1\lib\classes\com.sigasi.hdt.dependencies.model_4.3.0.201903071210.jar;C:/Xilinx/Vivado/2019.1\lib\classes\com.sigasi.hdt.epl_4.3.0.201903071210.jar;C:/Xilinx/Vivado/2019.1\lib\classes\com.sigasi.hdt.graphics.model_4.3.0.201903071210.jar;C:/Xilinx/Vivado/2019.1\lib\classes\com.sigasi.hdt.project_4.3.0
Launcher Type: generic

Logging:
Log output configuration:
#0: stdout all=warning uptime,level,tags
#1: stderr all=off uptime,level,tags

Environment Variables:
PATH=C:/Xilinx/Vivado/2019.1/bin;C:/Xilinx/Vivado/2019.1/lib/win64.o;C:/Xilinx/Vivado/2019.1/tps/win64/jre9.0.4/bin/server;C:/Xilinx/Vivado/2019.1/tps/win64/jre9.0.4/bin;C:/Xilinx/Vivado/2019.1/ids_lite/ISE/bin/nt64;C:/Xilinx/Vivado/2019.1/ids_lite/ISE/lib/nt64;C:\Program Files (x86)\Common Files\Intel\Shared Libraries\redist\intel64\compiler;C:\ProgramData\Oracle\Java\javapath;C:\WINDOWS\system32;C:\WINDOWS;C:\WINDOWS\System32\Wbem;C:\WINDOWS\System32\WindowsPowerShell\v1.0\;C:\WINDOWS\System32\OpenSSH\;C:\Program Files\Polyspace\R2019a\runtime\win64;C:\Program Files\Polyspace\R2019a\bin;C:\Program Files\Polyspace\R2019a\polyspace\bin;C:\Program Files\Git\cmd;C:\Users\carlo\AppData\Local\Microsoft\WindowsApps;C:\Users\carlo\.dotnet\tools;C:\Program Files\Graphviz\bin;C:\Users\carlo\AppData\Local\GitHubDesktop\bin;C:/Xilinx/Vivado/2019.1\tps\mingw\6.2.0\win64.o\nt\bin;C:/Xilinx/Vivado/2019.1\tps\mingw\6.2.0\win64.o\nt\libexec\gcc\x86_64-w64-mingw32\6.2.0;C:/Xilinx/Vivado/2019.1\tps\win64\python-2.7.5;C:/Xilinx/Vivado/2019.1\tps\win64\python-2.7.5\lib;C:/Xilinx/Vivado/2019.1\tps\win64\python-2.7.5\Lib\lib-tk;C:/Xilinx/Vivado/2019.1\tps\win64\python-2.7.5\lib\site-packages
USERNAME=Andrey
OS=Windows_NT
PROCESSOR_IDENTIFIER=Intel64 Family 6 Model 142 Stepping 12, GenuineIntel



---------------  S Y S T E M  ---------------

OS: Windows 10 , 64 bit Build 22000 (10.0.22000.708)

CPU:total 8 (initial active 8) (4 cores per cpu, 2 threads per core) family 6 model 142 stepping 12, cmov, cx8, fxsr, mmx, sse, sse2, sse3, ssse3, sse4.1, sse4.2, popcnt, avx, avx2, aes, clmul, erms, 3dnowpref, lzcnt, ht, tsc, tscinvbit, bmi1, bmi2, adx, fma

Memory: 4k page, physical 8193768k(1164624k free), swap 20480108k(4492428k free)

vm_info: Java HotSpot(TM) 64-Bit Server VM (9.0.4+11) for windows-amd64 JRE (9.0.4+11), built on Dec 20 2017 02:18:54 by "mach5one" with MS VC++ 12.0 (VS2013)

END.
