#
# A fatal error has been detected by the Java Runtime Environment:
#
#  EXCEPTION_ACCESS_VIOLATION (0xc0000005) at pc=0x00007ff889ad3370, pid=5180, tid=3268
#
# JRE version: Java(TM) SE Runtime Environment (9.0+11) (build 9.0.4+11)
# Java VM: Java HotSpot(TM) 64-Bit Server VM (9.0.4+11, mixed mode, tiered, compressed oops, g1 gc, windows-amd64)
# Problematic frame:
# C  [librdi_wavedata.dll+0x453370]
#
# No core dump will be written. Minidumps are not enabled by default on client versions of Windows
#
# If you would like to submit a bug report, please visit:
#   http://bugreport.java.com/bugreport/crash.jsp
# The crash happened outside the Java Virtual Machine in native code.
# See problematic frame for where to report the bug.
#

---------------  S U M M A R Y ------------

Command Line: -Dsun.java2d.pmoffscreen=false -Dsun.java2d.xrender=false -Dsun.java2d.d3d=false -Dsun.awt.nopixfmt=true -Dsun.java2d.dpiaware=true -Dsun.java2d.uiScale.enabled=false -Xverify:none -Dswing.aatext=true -XX:-UsePerfData -Djdk.map.althashing.threshold=512 -XX:StringTableSize=4072 --add-opens=java.base/java.nio=ALL-UNNAMED --add-opens=java.desktop/sun.swing=ALL-UNNAMED --add-opens=java.desktop/javax.swing=ALL-UNNAMED --add-opens=java.desktop/javax.swing.tree=ALL-UNNAMED --add-opens=java.desktop/javax.swing.plaf.basic=ALL-UNNAMED --add-opens=java.desktop/javax.swing.plaf.synth=ALL-UNNAMED --add-opens=java.desktop/com.sun.awt=ALL-UNNAMED -XX:NewSize=60m -XX:MaxNewSize=60m -Xms128m -Xmx3072m -Xss5m 

Host: Intel(R) Core(TM) i5-10210U CPU @ 1.60GHz, 8 cores, 7G,  Windows 10 , 64 bit Build 22000 (10.0.22000.708)
Time: Wed Oct 05 00:28:46 2022 Hora estándar, América Central elapsed time: 1116 seconds (0d 0h 18m 36s)

---------------  T H R E A D  ---------------

Current thread (0x0000017e0f9e0000):  JavaThread "AWT-EventQueue-1" [_thread_in_native, id=3268, stack(0x00000031ea800000,0x00000031ead00000)]

Stack: [0x00000031ea800000,0x00000031ead00000],  sp=0x00000031eacf3fc8,  free space=5071k
Native frames: (J=compiled Java code, j=interpreted, Vv=VM code, C=native code)
C  [librdi_wavedata.dll+0x453370]

Java frames: (J=compiled Java code, j=interpreted, Vv=VM code)
j  ui.views.waveform.waveformi.WVExecutive_getGraphicsDataSize(J)J+0
j  ui.views.waveform.executive.a.gEt()Ljava/io/ByteArrayInputStream;+8
j  ui.views.waveform.b.a.gEf()V+7
j  ui.views.waveform.b.a.fOl()V+1
j  ui.views.waveform.m.gDo()V+4
j  ui.views.waveform.m.cRi()V+11
j  ui.views.waveform.w.cRi()V+29
J 22843 c1 ui.views.waveform.c.b.j(Lui/frmwork/b/i;)V (603 bytes) @ 0x0000017e02eae5c4 [0x0000017e02ea44a0+0x000000000000a124]
J 22842 c1 ui.views.waveform.w.a(Lui/frmwork/b/i;)V (17 bytes) @ 0x0000017e0203a594 [0x0000017e0203a4c0+0x00000000000000d4]
J 22508 c2 ui.frmwork.HTclEventBroker.i(JZ)V (471 bytes) @ 0x0000017e08e7fe10 [0x0000017e08e7eec0+0x0000000000000f50]
J 14147 c1 ui.frmwork.HTclEventBroker.fireTclEvent(J)I (113 bytes) @ 0x0000017e026ac94c [0x0000017e026ac140+0x000000000000080c]
v  ~StubRoutines::call_stub
j  ui.views.waveform.waveformi.WVExecutive_processModelEvent(JJ)V+0
j  ui.views.waveform.executive.a.eE(J)V+5
j  ui.views.waveform.c.b.eD(J)V+8
J 22843 c1 ui.views.waveform.c.b.j(Lui/frmwork/b/i;)V (603 bytes) @ 0x0000017e02eaf2fc [0x0000017e02ea44a0+0x000000000000ae5c]
J 22842 c1 ui.views.waveform.w.a(Lui/frmwork/b/i;)V (17 bytes) @ 0x0000017e0203a594 [0x0000017e0203a4c0+0x00000000000000d4]
J 22508 c2 ui.frmwork.HTclEventBroker.i(JZ)V (471 bytes) @ 0x0000017e08e7fe10 [0x0000017e08e7eec0+0x0000000000000f50]
J 14147 c1 ui.frmwork.HTclEventBroker.fireTclEvent(J)I (113 bytes) @ 0x0000017e026ac94c [0x0000017e026ac140+0x000000000000080c]
v  ~StubRoutines::call_stub
j  ui.views.waveform.waveformi.WVExecutive_processModelEvent(JJ)V+0
j  ui.views.waveform.executive.a.eE(J)V+5
j  ui.views.waveform.c.b.eD(J)V+8
j  ui.views.waveform.c.e.actionPerformed(Ljava/awt/event/ActionEvent;)V+8
J 18428 c2 javax.swing.Timer.fireActionPerformed(Ljava/awt/event/ActionEvent;)V java.desktop@9.0.4 (46 bytes) @ 0x0000017e084c0358 [0x0000017e084c0240+0x0000000000000118]
J 18427 c2 javax.swing.Timer$DoPostEvent.run()V java.desktop@9.0.4 (82 bytes) @ 0x0000017e08598b38 [0x0000017e08598840+0x00000000000002f8]
J 13856 c2 java.awt.EventQueue$3.run()Ljava/lang/Object; java.desktop@9.0.4 (5 bytes) @ 0x0000017e08680f4c [0x0000017e08680a00+0x000000000000054c]
v  ~StubRoutines::call_stub
J 3776  java.security.AccessController.doPrivileged(Ljava/security/PrivilegedAction;Ljava/security/AccessControlContext;)Ljava/lang/Object; java.base@9.0.4 (0 bytes) @ 0x0000017e07ce1dc6 [0x0000017e07ce1d60+0x0000000000000066]
J 13762 c2 ui.frmwork.b.d.dispatchEvent(Ljava/awt/AWTEvent;)V (34 bytes) @ 0x0000017e0865f280 [0x0000017e0865ec60+0x0000000000000620]
J 16734 c2 java.awt.EventDispatchThread.pumpOneEventForFilters(I)V java.desktop@9.0.4 (218 bytes) @ 0x0000017e080da140 [0x0000017e080d95a0+0x0000000000000ba0]
J 23069 c2 java.awt.EventDispatchThread.pumpEventsForFilter(ILjava/awt/Conditional;Ljava/awt/EventFilter;)V java.desktop@9.0.4 (47 bytes) @ 0x0000017e08fe678c [0x0000017e08fe65e0+0x00000000000001ac]
j  java.awt.EventDispatchThread.pumpEventsForFilter(Ljava/awt/Conditional;Ljava/awt/EventFilter;)V+4 java.desktop@9.0.4
j  java.awt.WaitDispatchSupport$2.run()V+59 java.desktop@9.0.4
j  java.awt.WaitDispatchSupport$4.run()Ljava/lang/Void;+4 java.desktop@9.0.4
j  java.awt.WaitDispatchSupport$4.run()Ljava/lang/Object;+1 java.desktop@9.0.4
v  ~StubRoutines::call_stub
J 1017  java.security.AccessController.doPrivileged(Ljava/security/PrivilegedAction;)Ljava/lang/Object; java.base@9.0.4 (0 bytes) @ 0x0000017e07b3ab32 [0x0000017e07b3aae0+0x0000000000000052]
j  java.awt.WaitDispatchSupport.enter()Z+260 java.desktop@9.0.4
j  java.awt.Dialog.show()V+225 java.desktop@9.0.4
J 10225 c1 java.awt.Component.setVisible(Z)V java.desktop@9.0.4 (6 bytes) @ 0x0000017e01cad8cc [0x0000017e01cad6e0+0x00000000000001ec]
j  java.awt.Window.setVisible(Z)V+2 java.desktop@9.0.4
j  java.awt.Dialog.setVisible(Z)V+2 java.desktop@9.0.4
j  ui.b.c.g.setVisible(Z)V+2
j  ui.b.c.by.showDialog()V+64
j  ui.b.c.bF.actionPerformed(Ljava/awt/event/ActionEvent;)V+8
j  ui.b.c.by.cJI()V+396
j  ui.views.c.t.b.a.run()V+60
j  ui.frmwork.a.dWF()Z+66
j  ui.frmwork.V.dYl()V+42
j  ui.bk.actionPerformed(Ljava/awt/event/ActionEvent;)V+25
j  javax.swing.AbstractButton.fireActionPerformed(Ljava/awt/event/ActionEvent;)V+84 java.desktop@9.0.4
j  ui.utils.o.b.B.fireActionPerformed(Ljava/awt/event/ActionEvent;)V+7
j  javax.swing.AbstractButton$Handler.actionPerformed(Ljava/awt/event/ActionEvent;)V+5 java.desktop@9.0.4
j  javax.swing.DefaultButtonModel.fireActionPerformed(Ljava/awt/event/ActionEvent;)V+34 java.desktop@9.0.4
j  javax.swing.DefaultButtonModel.setPressed(Z)V+117 java.desktop@9.0.4
j  javax.swing.plaf.basic.BasicButtonListener.mouseReleased(Ljava/awt/event/MouseEvent;)V+35 java.desktop@9.0.4
j  com.jidesoft.plaf.basic.BasicJideButtonListener.mouseReleased(Ljava/awt/event/MouseEvent;)V+61
J 19453 c1 java.awt.AWTEventMulticaster.mouseReleased(Ljava/awt/event/MouseEvent;)V java.desktop@9.0.4 (27 bytes) @ 0x0000017e0226598c [0x0000017e02265780+0x000000000000020c]
J 19453 c1 java.awt.AWTEventMulticaster.mouseReleased(Ljava/awt/event/MouseEvent;)V java.desktop@9.0.4 (27 bytes) @ 0x0000017e0226598c [0x0000017e02265780+0x000000000000020c]
J 19453 c1 java.awt.AWTEventMulticaster.mouseReleased(Ljava/awt/event/MouseEvent;)V java.desktop@9.0.4 (27 bytes) @ 0x0000017e0226598c [0x0000017e02265780+0x000000000000020c]
J 19453 c1 java.awt.AWTEventMulticaster.mouseReleased(Ljava/awt/event/MouseEvent;)V java.desktop@9.0.4 (27 bytes) @ 0x0000017e0226598c [0x0000017e02265780+0x000000000000020c]
J 16326 c1 java.awt.Component.processMouseEvent(Ljava/awt/event/MouseEvent;)V java.desktop@9.0.4 (100 bytes) @ 0x0000017e02b3a334 [0x0000017e02b39fa0+0x0000000000000394]
J 16327 c1 javax.swing.JComponent.processMouseEvent(Ljava/awt/event/MouseEvent;)V java.desktop@9.0.4 (27 bytes) @ 0x0000017e02b3abec [0x0000017e02b3a9e0+0x000000000000020c]
J 21144 c2 java.awt.Container.processEvent(Ljava/awt/AWTEvent;)V java.desktop@9.0.4 (22 bytes) @ 0x0000017e08dc83a0 [0x0000017e08dc8220+0x0000000000000180]
J 20206 c2 java.awt.Component.dispatchEventImpl(Ljava/awt/AWTEvent;)V java.desktop@9.0.4 (739 bytes) @ 0x0000017e08c8aa38 [0x0000017e08c89cc0+0x0000000000000d78]
J 18830 c2 java.awt.Container.dispatchEventImpl(Ljava/awt/AWTEvent;)V java.desktop@9.0.4 (129 bytes) @ 0x0000017e089c5d18 [0x0000017e089c5cc0+0x0000000000000058]
J 17183 c2 java.awt.LightweightDispatcher.retargetMouseEvent(Ljava/awt/Component;ILjava/awt/event/MouseEvent;)V java.desktop@9.0.4 (350 bytes) @ 0x0000017e083578f0 [0x0000017e08357360+0x0000000000000590]
J 18830 c2 java.awt.Container.dispatchEventImpl(Ljava/awt/AWTEvent;)V java.desktop@9.0.4 (129 bytes) @ 0x0000017e089c64b4 [0x0000017e089c5cc0+0x00000000000007f4]
J 18861 c2 java.awt.Window.dispatchEventImpl(Ljava/awt/AWTEvent;)V java.desktop@9.0.4 (23 bytes) @ 0x0000017e08b71a8c [0x0000017e08b71a40+0x000000000000004c]
J 13856 c2 java.awt.EventQueue$3.run()Ljava/lang/Object; java.desktop@9.0.4 (5 bytes) @ 0x0000017e08680ff4 [0x0000017e08680a00+0x00000000000005f4]
v  ~StubRoutines::call_stub
J 3776  java.security.AccessController.doPrivileged(Ljava/security/PrivilegedAction;Ljava/security/AccessControlContext;)Ljava/lang/Object; java.base@9.0.4 (0 bytes) @ 0x0000017e07ce1dc6 [0x0000017e07ce1d60+0x0000000000000066]
J 17292 c2 java.awt.EventQueue$4.run()Ljava/lang/Object; java.desktop@9.0.4 (5 bytes) @ 0x0000017e085858b4 [0x0000017e08585660+0x0000000000000254]
v  ~StubRoutines::call_stub
J 3776  java.security.AccessController.doPrivileged(Ljava/security/PrivilegedAction;Ljava/security/AccessControlContext;)Ljava/lang/Object; java.base@9.0.4 (0 bytes) @ 0x0000017e07ce1dc6 [0x0000017e07ce1d60+0x0000000000000066]
J 13762 c2 ui.frmwork.b.d.dispatchEvent(Ljava/awt/AWTEvent;)V (34 bytes) @ 0x0000017e0865f094 [0x0000017e0865ec60+0x0000000000000434]
J 16734 c2 java.awt.EventDispatchThread.pumpOneEventForFilters(I)V java.desktop@9.0.4 (218 bytes) @ 0x0000017e080da140 [0x0000017e080d95a0+0x0000000000000ba0]
J 22917% c2 java.awt.EventDispatchThread.pumpEventsForFilter(ILjava/awt/Conditional;Ljava/awt/EventFilter;)V java.desktop@9.0.4 (47 bytes) @ 0x0000017e08f938d8 [0x0000017e08f937c0+0x0000000000000118]
j  java.awt.EventDispatchThread.pumpEventsForHierarchy(ILjava/awt/Conditional;Ljava/awt/Component;)V+11 java.desktop@9.0.4
j  java.awt.EventDispatchThread.pumpEvents(ILjava/awt/Conditional;)V+4 java.desktop@9.0.4
j  java.awt.EventDispatchThread.pumpEvents(Ljava/awt/Conditional;)V+3 java.desktop@9.0.4
j  java.awt.EventDispatchThread.run()V+9 java.desktop@9.0.4
v  ~StubRoutines::call_stub

siginfo: EXCEPTION_ACCESS_VIOLATION (0xc0000005), data execution prevention violation at address 0x00007ff889ad3370


Register to memory mapping:

RIP=0x00007ff889ad3370 librdi_wavedata.dll
RAX=0x00007ff889a785e0 librdi_wavedata.dll
RBX=0x00000031eacf4130 is pointing into the stack for thread: 0x0000017e0f9e0000
RCX=0x0000017e18dd9820 is an unknown value
RDX=0x0000017e6d7b5580 is an unknown value
RSP=0x00000031eacf3fc8 is pointing into the stack for thread: 0x0000017e0f9e0000
RBP=0x00000031eacf40f0 is pointing into the stack for thread: 0x0000017e0f9e0000
RSI=0x0000017e6d7b5580 is an unknown value
RDI=0x0000017e18dd9820 is an unknown value
R8 =0x00000031eacf40f0 is pointing into the stack for thread: 0x0000017e0f9e0000
R9 =0x00000031eacf4130 is pointing into the stack for thread: 0x0000017e0f9e0000
R10=0x0000017e6d7b5590 is an unknown value
R11=0x7bf7b6fc7d72d1eb is an unknown value
R12=0x0000000000000000 is an unknown value
R13=0x0000000000000000 is an unknown value
R14=0x0000017e6d7b5580 is an unknown value
R15=0x0000000000000001 is an unknown value


Registers:
RAX=0x00007ff889a785e0, RBX=0x00000031eacf4130, RCX=0x0000017e18dd9820, RDX=0x0000017e6d7b5580
RSP=0x00000031eacf3fc8, RBP=0x00000031eacf40f0, RSI=0x0000017e6d7b5580, RDI=0x0000017e18dd9820
R8 =0x00000031eacf40f0, R9 =0x00000031eacf4130, R10=0x0000017e6d7b5590, R11=0x7bf7b6fc7d72d1eb
R12=0x0000000000000000, R13=0x0000000000000000, R14=0x0000017e6d7b5580, R15=0x0000000000000001
RIP=0x00007ff889ad3370, EFLAGS=0x0000000000010206

Top of Stack: (sp=0x00000031eacf3fc8)
0x00000031eacf3fc8:   00007ff8897aeedc 0000000000000000
0x00000031eacf3fd8:   00000008e01d4ef9 0000000000000000
0x00000031eacf3fe8:   0000017e633da2c0 0000000000000000
0x00000031eacf3ff8:   00000031eacf4130 00000031eacf40f0
0x00000031eacf4008:   0000017e6d7b5580 fffffffffffffffe
0x00000031eacf4018:   000009e100000000 000000071d4e2300
0x00000031eacf4028:   0000000000000008 0000000000000000
0x00000031eacf4038:   0000000000000010 0000000000000000
0x00000031eacf4048:   0000000000000001 0000000000000000
0x00000031eacf4058:   00000031eacf4109 0000017e635b0000
0x00000031eacf4068:   00007ff982068d1a 0000017e633d0000
0x00000031eacf4078:   0000017e00000002 0000ed6e8b9c31db
0x00000031eacf4088:   0000017e00000000 0000000000000007
0x00000031eacf4098:   00000031eacf4208 0000017e18465850
0x00000031eacf40a8:   00000031eacf4139 00000031eacf41f0
0x00000031eacf40b8:   00007ff8897a5fc7 000000000000004f 

Instructions: (pc=0x00007ff889ad3370)
0x00007ff889ad3350:   00 00 00 00 ff ff ff ff 00 00 00 00 40 00 00 00
0x00007ff889ad3360:   20 33 45 00 00 00 00 00 00 00 00 00 00 00 00 00
0x00007ff889ad3370:   01 00 00 00 00 00 00 00 00 00 00 00 10 8a 58 00
0x00007ff889ad3380:   98 33 45 00 70 33 45 00 00 00 00 00 00 00 00 00 



---------------  P R O C E S S  ---------------

Java Threads: ( => current thread )
  0x0000017e6e10b000 JavaThread "Relaunch Simulation" [_thread_blocked, id=11292, stack(0x00000031ef100000,0x00000031ef600000)]
  0x0000017e6e114000 JavaThread "Monitor File Timestamp Swing Worker" [_thread_blocked, id=17140, stack(0x00000031ed800000,0x00000031edd00000)]
  0x0000017e6e112800 JavaThread "Timer-3" [_thread_blocked, id=9860, stack(0x00000031ead00000,0x00000031eb200000)]
  0x0000017e6e116800 JavaThread "Monitor File Timestamp Swing Worker" [_thread_blocked, id=21508, stack(0x00000031eec00000,0x00000031ef100000)]
  0x0000017e6e10e000 JavaThread "Timer-2" [_thread_blocked, id=9784, stack(0x00000031ee200000,0x00000031ee700000)]
  0x0000017e6e115000 JavaThread "Image Animator 0" daemon [_thread_blocked, id=14800, stack(0x00000031efb00000,0x00000031f0000000)]
  0x0000017e6e110000 JavaThread "SyntheticaAnimation 50" daemon [_thread_blocked, id=2264, stack(0x00000031edd00000,0x00000031ee200000)]
  0x0000017e6e112000 JavaThread "Update Runs Swing Worker" [_thread_blocked, id=24004, stack(0x00000031ee700000,0x00000031eec00000)]
  0x0000017e6e10f800 JavaThread "hw_ila_monitor" [_thread_blocked, id=21760, stack(0x00000031ed300000,0x00000031ed800000)]
  0x0000017e6e10e800 JavaThread "Refresh Filesets Swing Worker" [_thread_blocked, id=4784, stack(0x00000031ece00000,0x00000031ed300000)]
  0x0000017e6e10c800 JavaThread "SyntheticaAnimation 70" daemon [_thread_blocked, id=17872, stack(0x00000031ec900000,0x00000031ece00000)]
  0x0000017e6d3eb000 JavaThread "SyntheticaAnimation 25" daemon [_thread_blocked, id=20560, stack(0x00000031ec400000,0x00000031ec900000)]
  0x0000017e6d3e5000 JavaThread "SyntheticaAnimation 50" daemon [_thread_blocked, id=19416, stack(0x00000031ebf00000,0x00000031ec400000)]
  0x0000017e6d3e9000 JavaThread "Monitor HEventQueue" [_thread_blocked, id=23284, stack(0x00000031eba00000,0x00000031ebf00000)]
  0x0000017e6d3e7800 JavaThread "SyntheticaCleanerThread" daemon [_thread_blocked, id=21340, stack(0x00000031eb200000,0x00000031eb700000)]
  0x0000017e6d3e8000 JavaThread "Batik CleanerThread" daemon [_thread_blocked, id=23028, stack(0x00000031e9e00000,0x00000031ea300000)]
=>0x0000017e0f9e0000 JavaThread "AWT-EventQueue-1" [_thread_in_native, id=3268, stack(0x00000031ea800000,0x00000031ead00000)]
  0x0000017e0f9fd000 JavaThread "Process Messages" [_thread_blocked, id=16668, stack(0x00000031ea300000,0x00000031ea800000)]
  0x0000017e0faa9800 JavaThread "Thread-1" [_thread_in_native, id=5352, stack(0x00000031e3100000,0x00000031e4500000)]
  0x0000017e0f868000 JavaThread "TimerQueue" daemon [_thread_blocked, id=20788, stack(0x00000031e9400000,0x00000031e9900000)]
  0x0000017e0f309800 JavaThread "AWT-Windows" daemon [_thread_in_native, id=3000, stack(0x00000031e8f00000,0x00000031e9400000)]
  0x0000017e0f308800 JavaThread "AWT-Shutdown" [_thread_blocked, id=16208, stack(0x00000031e8a00000,0x00000031e8f00000)]
  0x0000017e0f308000 JavaThread "Java2D Disposer" daemon [_thread_blocked, id=22836, stack(0x00000031e8500000,0x00000031e8a00000)]
  0x0000017e6e06b000 JavaThread "Service Thread" daemon [_thread_blocked, id=20188, stack(0x00000031e7f00000,0x00000031e8400000)]
  0x0000017e71931800 JavaThread "Common-Cleaner" daemon [_thread_blocked, id=5820, stack(0x00000031e7a00000,0x00000031e7f00000)]
  0x0000017e6d3e6800 JavaThread "Sweeper thread" daemon [_thread_blocked, id=14128, stack(0x00000031e7500000,0x00000031e7a00000)]
  0x0000017e7191d000 JavaThread "C1 CompilerThread3" daemon [_thread_blocked, id=22172, stack(0x00000031e7400000,0x00000031e7500000)]
  0x0000017e71914000 JavaThread "C2 CompilerThread2" daemon [_thread_blocked, id=13424, stack(0x00000031e7300000,0x00000031e7400000)]
  0x0000017e71913000 JavaThread "C2 CompilerThread1" daemon [_thread_blocked, id=3196, stack(0x00000031e7200000,0x00000031e7300000)]
  0x0000017e71912800 JavaThread "C2 CompilerThread0" daemon [_thread_blocked, id=3008, stack(0x00000031e7100000,0x00000031e7200000)]
  0x0000017e6ce1e000 JavaThread "Attach Listener" daemon [_thread_blocked, id=23192, stack(0x00000031e6c00000,0x00000031e7100000)]
  0x0000017e6ce1d000 JavaThread "Signal Dispatcher" daemon [_thread_blocked, id=23980, stack(0x00000031e6700000,0x00000031e6c00000)]
  0x0000017e6ce11000 JavaThread "Finalizer" daemon [_thread_blocked, id=18608, stack(0x00000031e6200000,0x00000031e6700000)]
  0x0000017e6ce10800 JavaThread "Reference Handler" daemon [_thread_blocked, id=24216, stack(0x00000031e5d00000,0x00000031e6200000)]
  0x0000017e6846b000 JavaThread "main" [_thread_blocked, id=14636, stack(0x00000031e3000000,0x00000031e3100000)]

Other Threads:
  0x0000017e6cdf8800 VMThread "VM Thread" [stack: 0x00000031e5c00000,0x00000031e5d00000] [id=11012]
  0x0000017e6e352800 WatcherThread [stack: 0x00000031e8400000,0x00000031e8500000] [id=22364]
  0x0000017e71a7b800 GCTaskThread "GC Thread#0" [stack: 0x00000031e4800000,0x00000031e4900000] [id=24128]
  0x0000017e71b04800 GCTaskThread "GC Thread#1" [stack: 0x00000031e4900000,0x00000031e4a00000] [id=12416]
  0x0000017e71b05000 GCTaskThread "GC Thread#2" [stack: 0x00000031e4a00000,0x00000031e4b00000] [id=18912]
  0x0000017e71b00000 GCTaskThread "GC Thread#3" [stack: 0x00000031e4b00000,0x00000031e4c00000] [id=7564]
  0x0000017e71b02800 GCTaskThread "GC Thread#4" [stack: 0x00000031e4c00000,0x00000031e4d00000] [id=22448]
  0x0000017e71b03000 GCTaskThread "GC Thread#5" [stack: 0x00000031e4d00000,0x00000031e4e00000] [id=23240]
  0x0000017e71afe000 GCTaskThread "GC Thread#6" [stack: 0x00000031e4e00000,0x00000031e4f00000] [id=22588]
  0x0000017e71b03800 GCTaskThread "GC Thread#7" [stack: 0x00000031e4f00000,0x00000031e5000000] [id=16724]
  0x0000017e6df0d000 ConcurrentGCThread "G1 Main Marker" [stack: 0x00000031e5900000,0x00000031e5a00000] [id=9072]
  0x0000017e71afe800 ConcurrentGCThread "G1 Marker#0" [stack: 0x00000031e5a00000,0x00000031e5b00000] [id=21476]
  0x0000017e71aff000 ConcurrentGCThread "G1 Marker#1" [stack: 0x00000031e5b00000,0x00000031e5c00000] [id=11684]
  0x0000017e71b0a000 ConcurrentGCThread "G1 Refine#0" [stack: 0x00000031e5700000,0x00000031e5800000] [id=18448]
  0x0000017e71b08000 ConcurrentGCThread "G1 Refine#1" [stack: 0x00000031e5600000,0x00000031e5700000] [id=15880]
  0x0000017e68367800 ConcurrentGCThread "G1 Refine#2" [stack: 0x00000031e5500000,0x00000031e5600000] [id=10672]
  0x0000017e68366000 ConcurrentGCThread "G1 Refine#3" [stack: 0x00000031e5400000,0x00000031e5500000] [id=18160]
  0x0000017e718ed800 ConcurrentGCThread "G1 Refine#4" [stack: 0x00000031e5300000,0x00000031e5400000] [id=16100]
  0x0000017e718ec800 ConcurrentGCThread "G1 Refine#5" [stack: 0x00000031e5200000,0x00000031e5300000] [id=24192]
  0x0000017e719d1800 ConcurrentGCThread "G1 Refine#6" [stack: 0x00000031e5100000,0x00000031e5200000] [id=15292]
  0x0000017e719cf000 ConcurrentGCThread "G1 Refine#7" [stack: 0x00000031e5000000,0x00000031e5100000] [id=16376]
  0x0000017e71984800 ConcurrentGCThread "G1 Young RemSet Sampling" [stack: 0x00000031e5800000,0x00000031e5900000] [id=22856]

Threads with active compile tasks:

VM state:not at safepoint (normal execution)

VM Mutex/Monitor currently owned by a thread: None

Heap address: 0x0000000700000000, size: 3072 MB, Compressed Oops mode: Zero based, Oop shift amount: 3
Narrow klass base: 0x0000000000000000, Narrow klass shift: 3
Compressed class space size: 1073741824 Address: 0x00000007c0000000

Heap:
 garbage-first heap   total 227328K, used 118301K [0x0000000700000000, 0x00000007001006f0, 0x00000007c0000000)
  region size 1024K, 20 young (20480K), 1 survivors (1024K)
 Metaspace       used 87560K, capacity 93931K, committed 94160K, reserved 1130496K
  class space    used 11874K, capacity 12970K, committed 13052K, reserved 1048576K
Heap Regions: E=young(eden), S=young(survivor), O=old, HS=humongous(starts), HC=humongous(continues), CS=collection set, F=free, A=archive, TS=gc time stamp, AC=allocation context, TAMS=top-at-mark-start (previous, next)
|   0|0x0000000700000000, 0x00000007000ffff0, 0x0000000700100000| 99%| O|  |TS  0|AC  0|TAMS 0x0000000700000000, 0x0000000700000000|
|   1|0x0000000700100000, 0x0000000700200000, 0x0000000700200000|100%|HS|  |TS  0|AC  0|TAMS 0x0000000700100000, 0x0000000700100000|
|   2|0x0000000700200000, 0x0000000700300000, 0x0000000700300000|100%|HC|  |TS  0|AC  0|TAMS 0x0000000700200000, 0x0000000700200000|
|   3|0x0000000700300000, 0x0000000700400000, 0x0000000700400000|100%|HS|  |TS  0|AC  0|TAMS 0x0000000700300000, 0x0000000700300000|
|   4|0x0000000700400000, 0x00000007004e4ba0, 0x0000000700500000| 89%| O|  |TS  0|AC  0|TAMS 0x0000000700400000, 0x0000000700400000|
|   5|0x0000000700500000, 0x00000007005faa18, 0x0000000700600000| 97%| O|  |TS  0|AC  0|TAMS 0x0000000700500000, 0x0000000700500000|
|   6|0x0000000700600000, 0x00000007006ffff8, 0x0000000700700000| 99%| O|  |TS  0|AC  0|TAMS 0x0000000700600000, 0x0000000700600000|
|   7|0x0000000700700000, 0x00000007007fffe0, 0x0000000700800000| 99%| O|  |TS  0|AC  0|TAMS 0x0000000700700000, 0x0000000700700000|
|   8|0x0000000700800000, 0x0000000700900000, 0x0000000700900000|100%| O|  |TS  0|AC  0|TAMS 0x0000000700800000, 0x0000000700800000|
|   9|0x0000000700900000, 0x00000007009ffc78, 0x0000000700a00000| 99%| O|  |TS  0|AC  0|TAMS 0x0000000700900000, 0x0000000700900000|
|  10|0x0000000700a00000, 0x0000000700b00000, 0x0000000700b00000|100%| O|  |TS  0|AC  0|TAMS 0x0000000700a00000, 0x0000000700a00000|
|  11|0x0000000700b00000, 0x0000000700c00000, 0x0000000700c00000|100%| O|  |TS  0|AC  0|TAMS 0x0000000700b00000, 0x0000000700b00000|
|  12|0x0000000700c00000, 0x0000000700cdd4a8, 0x0000000700d00000| 86%| O|  |TS  0|AC  0|TAMS 0x0000000700c00000, 0x0000000700c00000|
|  13|0x0000000700d00000, 0x0000000700dee278, 0x0000000700e00000| 93%| O|  |TS  0|AC  0|TAMS 0x0000000700d00000, 0x0000000700d00000|
|  14|0x0000000700e00000, 0x0000000700efe300, 0x0000000700f00000| 99%| O|  |TS  0|AC  0|TAMS 0x0000000700e00000, 0x0000000700e00000|
|  15|0x0000000700f00000, 0x0000000700ffffe8, 0x0000000701000000| 99%| O|  |TS  0|AC  0|TAMS 0x0000000700f00000, 0x0000000700f00000|
|  16|0x0000000701000000, 0x00000007010ffff8, 0x0000000701100000| 99%| O|  |TS  0|AC  0|TAMS 0x0000000701000000, 0x0000000701000000|
|  17|0x0000000701100000, 0x00000007011fffb0, 0x0000000701200000| 99%| O|  |TS  0|AC  0|TAMS 0x0000000701100000, 0x0000000701100000|
|  18|0x0000000701200000, 0x00000007012f00a0, 0x0000000701300000| 93%| O|  |TS  0|AC  0|TAMS 0x0000000701200000, 0x0000000701200000|
|  19|0x0000000701300000, 0x00000007013ffcb0, 0x0000000701400000| 99%| O|  |TS  0|AC  0|TAMS 0x0000000701300000, 0x0000000701300000|
|  20|0x0000000701400000, 0x00000007014fffd8, 0x0000000701500000| 99%| O|  |TS  0|AC  0|TAMS 0x0000000701400000, 0x0000000701400000|
|  21|0x0000000701500000, 0x0000000701600000, 0x0000000701600000|100%|HS|  |TS  0|AC  0|TAMS 0x0000000701500000, 0x0000000701500000|
|  22|0x0000000701600000, 0x0000000701700000, 0x0000000701700000|100%|HC|  |TS  0|AC  0|TAMS 0x0000000701600000, 0x0000000701600000|
|  23|0x0000000701700000, 0x0000000701800000, 0x0000000701800000|100%|HS|  |TS  0|AC  0|TAMS 0x0000000701700000, 0x0000000701700000|
|  24|0x0000000701800000, 0x0000000701900000, 0x0000000701900000|100%|HC|  |TS  0|AC  0|TAMS 0x0000000701800000, 0x0000000701800000|
|  25|0x0000000701900000, 0x0000000701a00000, 0x0000000701a00000|100%|HS|  |TS  0|AC  0|TAMS 0x0000000701900000, 0x0000000701900000|
|  26|0x0000000701a00000, 0x0000000701b00000, 0x0000000701b00000|100%|HS|  |TS  0|AC  0|TAMS 0x0000000701a00000, 0x0000000701a00000|
|  27|0x0000000701b00000, 0x0000000701c00000, 0x0000000701c00000|100%| O|  |TS  0|AC  0|TAMS 0x0000000701b00000, 0x0000000701b00000|
|  28|0x0000000701c00000, 0x0000000701cfffc0, 0x0000000701d00000| 99%| O|  |TS  0|AC  0|TAMS 0x0000000701c00000, 0x0000000701c00000|
|  29|0x0000000701d00000, 0x0000000701dfffe8, 0x0000000701e00000| 99%| O|  |TS  0|AC  0|TAMS 0x0000000701d00000, 0x0000000701d00000|
|  30|0x0000000701e00000, 0x0000000701efffd0, 0x0000000701f00000| 99%| O|  |TS  0|AC  0|TAMS 0x0000000701e00000, 0x0000000701e00000|
|  31|0x0000000701f00000, 0x0000000701fffff8, 0x0000000702000000| 99%| O|  |TS  0|AC  0|TAMS 0x0000000701f00000, 0x0000000701f00000|
|  32|0x0000000702000000, 0x00000007020ffff8, 0x0000000702100000| 99%| O|  |TS  0|AC  0|TAMS 0x0000000702000000, 0x0000000702000000|
|  33|0x0000000702100000, 0x00000007021fffe8, 0x0000000702200000| 99%| O|  |TS  0|AC  0|TAMS 0x0000000702100000, 0x0000000702100000|
|  34|0x0000000702200000, 0x00000007022fffb0, 0x0000000702300000| 99%| O|  |TS  0|AC  0|TAMS 0x0000000702200000, 0x0000000702200000|
|  35|0x0000000702300000, 0x00000007023fffb8, 0x0000000702400000| 99%| O|  |TS  0|AC  0|TAMS 0x0000000702300000, 0x0000000702300000|
|  36|0x0000000702400000, 0x00000007024fffd8, 0x0000000702500000| 99%| O|  |TS  0|AC  0|TAMS 0x0000000702400000, 0x0000000702400000|
|  37|0x0000000702500000, 0x00000007025ffee0, 0x0000000702600000| 99%| O|  |TS  0|AC  0|TAMS 0x0000000702500000, 0x0000000702500000|
|  38|0x0000000702600000, 0x0000000702700000, 0x0000000702700000|100%| O|  |TS  0|AC  0|TAMS 0x0000000702600000, 0x0000000702600000|
|  39|0x0000000702700000, 0x00000007027fffe8, 0x0000000702800000| 99%| O|  |TS  0|AC  0|TAMS 0x0000000702700000, 0x0000000702700000|
|  40|0x0000000702800000, 0x00000007028ffff8, 0x0000000702900000| 99%| O|  |TS  0|AC  0|TAMS 0x0000000702800000, 0x0000000702800000|
|  41|0x0000000702900000, 0x00000007029ffff0, 0x0000000702a00000| 99%| O|  |TS  0|AC  0|TAMS 0x0000000702900000, 0x0000000702900000|
|  42|0x0000000702a00000, 0x0000000702afffe0, 0x0000000702b00000| 99%| O|  |TS  0|AC  0|TAMS 0x0000000702a00000, 0x0000000702a00000|
|  43|0x0000000702b00000, 0x0000000702bffff0, 0x0000000702c00000| 99%| O|  |TS  0|AC  0|TAMS 0x0000000702b00000, 0x0000000702b00000|
|  44|0x0000000702c00000, 0x0000000702cffff8, 0x0000000702d00000| 99%| O|  |TS  0|AC  0|TAMS 0x0000000702c00000, 0x0000000702c00000|
|  45|0x0000000702d00000, 0x0000000702e00000, 0x0000000702e00000|100%| O|  |TS  0|AC  0|TAMS 0x0000000702d00000, 0x0000000702d00000|
|  46|0x0000000702e00000, 0x0000000702effff0, 0x0000000702f00000| 99%| O|  |TS  0|AC  0|TAMS 0x0000000702e00000, 0x0000000702e00000|
|  47|0x0000000702f00000, 0x0000000702ffffe8, 0x0000000703000000| 99%| O|  |TS  0|AC  0|TAMS 0x0000000702f00000, 0x0000000702f00000|
|  48|0x0000000703000000, 0x00000007030fd648, 0x0000000703100000| 98%| O|  |TS  0|AC  0|TAMS 0x0000000703000000, 0x0000000703000000|
|  49|0x0000000703100000, 0x00000007031ffcf0, 0x0000000703200000| 99%| O|  |TS  0|AC  0|TAMS 0x0000000703100000, 0x0000000703100000|
|  50|0x0000000703200000, 0x00000007032ffff8, 0x0000000703300000| 99%| O|  |TS  0|AC  0|TAMS 0x0000000703200000, 0x0000000703200000|
|  51|0x0000000703300000, 0x00000007033ff148, 0x0000000703400000| 99%| O|  |TS  0|AC  0|TAMS 0x0000000703300000, 0x0000000703300000|
|  52|0x0000000703400000, 0x0000000703500000, 0x0000000703500000|100%|HS|  |TS  0|AC  0|TAMS 0x0000000703400000, 0x0000000703400000|
|  53|0x0000000703500000, 0x0000000703600000, 0x0000000703600000|100%|HC|  |TS  0|AC  0|TAMS 0x0000000703500000, 0x0000000703500000|
|  54|0x0000000703600000, 0x0000000703700000, 0x0000000703700000|100%|HC|  |TS  0|AC  0|TAMS 0x0000000703600000, 0x0000000703600000|
|  55|0x0000000703700000, 0x0000000703800000, 0x0000000703800000|100%|HC|  |TS  0|AC  0|TAMS 0x0000000703700000, 0x0000000703700000|
|  56|0x0000000703800000, 0x0000000703900000, 0x0000000703900000|100%|HC|  |TS  0|AC  0|TAMS 0x0000000703800000, 0x0000000703800000|
|  57|0x0000000703900000, 0x0000000703a00000, 0x0000000703a00000|100%|HC|  |TS  0|AC  0|TAMS 0x0000000703900000, 0x0000000703900000|
|  58|0x0000000703a00000, 0x0000000703b00000, 0x0000000703b00000|100%|HC|  |TS  0|AC  0|TAMS 0x0000000703a00000, 0x0000000703a00000|
|  59|0x0000000703b00000, 0x0000000703c00000, 0x0000000703c00000|100%|HC|  |TS  0|AC  0|TAMS 0x0000000703b00000, 0x0000000703b00000|
|  60|0x0000000703c00000, 0x0000000703d00000, 0x0000000703d00000|100%|HC|  |TS  0|AC  0|TAMS 0x0000000703c00000, 0x0000000703c00000|
|  61|0x0000000703d00000, 0x0000000703e00000, 0x0000000703e00000|100%|HC|  |TS  0|AC  0|TAMS 0x0000000703d00000, 0x0000000703d00000|
|  62|0x0000000703e00000, 0x0000000703f00000, 0x0000000703f00000|100%|HC|  |TS  0|AC  0|TAMS 0x0000000703e00000, 0x0000000703e00000|
|  63|0x0000000703f00000, 0x0000000704000000, 0x0000000704000000|100%|HC|  |TS  0|AC  0|TAMS 0x0000000703f00000, 0x0000000703f00000|
|  64|0x0000000704000000, 0x0000000704100000, 0x0000000704100000|100%|HC|  |TS  0|AC  0|TAMS 0x0000000704000000, 0x0000000704000000|
|  65|0x0000000704100000, 0x0000000704200000, 0x0000000704200000|100%|HC|  |TS  0|AC  0|TAMS 0x0000000704100000, 0x0000000704100000|
|  66|0x0000000704200000, 0x0000000704300000, 0x0000000704300000|100%|HC|  |TS  0|AC  0|TAMS 0x0000000704200000, 0x0000000704200000|
|  67|0x0000000704300000, 0x0000000704400000, 0x0000000704400000|100%|HC|  |TS  0|AC  0|TAMS 0x0000000704300000, 0x0000000704300000|
|  68|0x0000000704400000, 0x0000000704500000, 0x0000000704500000|100%|HC|  |TS  0|AC  0|TAMS 0x0000000704400000, 0x0000000704400000|
|  69|0x0000000704500000, 0x00000007045fcf18, 0x0000000704600000| 98%| O|  |TS  0|AC  0|TAMS 0x0000000704500000, 0x0000000704500000|
|  70|0x0000000704600000, 0x00000007046ffff8, 0x0000000704700000| 99%| O|  |TS  0|AC  0|TAMS 0x0000000704600000, 0x0000000704600000|
|  71|0x0000000704700000, 0x00000007047ffff0, 0x0000000704800000| 99%| O|  |TS  0|AC  0|TAMS 0x0000000704700000, 0x0000000704700000|
|  72|0x0000000704800000, 0x0000000704900000, 0x0000000704900000|100%| O|  |TS  0|AC  0|TAMS 0x0000000704800000, 0x0000000704800000|
|  73|0x0000000704900000, 0x00000007049ffff0, 0x0000000704a00000| 99%| O|  |TS  0|AC  0|TAMS 0x0000000704900000, 0x0000000704900000|
|  74|0x0000000704a00000, 0x0000000704afffe8, 0x0000000704b00000| 99%| O|  |TS  0|AC  0|TAMS 0x0000000704a00000, 0x0000000704a00000|
|  75|0x0000000704b00000, 0x0000000704c00000, 0x0000000704c00000|100%|HS|  |TS  0|AC  0|TAMS 0x0000000704b00000, 0x0000000704b00000|
|  76|0x0000000704c00000, 0x0000000704cffeb0, 0x0000000704d00000| 99%| O|  |TS  0|AC  0|TAMS 0x0000000704c00000, 0x0000000704c00000|
|  77|0x0000000704d00000, 0x0000000704dffff0, 0x0000000704e00000| 99%| O|  |TS  0|AC  0|TAMS 0x0000000704d00000, 0x0000000704d00000|
|  78|0x0000000704e00000, 0x0000000704effff8, 0x0000000704f00000| 99%| O|  |TS  0|AC  0|TAMS 0x0000000704e00000, 0x0000000704e00000|
|  79|0x0000000704f00000, 0x0000000704ffed60, 0x0000000705000000| 99%| O|  |TS  0|AC  0|TAMS 0x0000000704f00000, 0x0000000704f00000|
|  80|0x0000000705000000, 0x00000007050fffc8, 0x0000000705100000| 99%| O|  |TS  0|AC  0|TAMS 0x0000000705000000, 0x0000000705000000|
|  81|0x0000000705100000, 0x00000007051fc4e8, 0x0000000705200000| 98%| O|  |TS  0|AC  0|TAMS 0x0000000705100000, 0x0000000705100000|
|  82|0x0000000705200000, 0x00000007052c7d08, 0x0000000705300000| 78%| O|  |TS  0|AC  0|TAMS 0x0000000705200000, 0x0000000705200000|
|  83|0x0000000705300000, 0x00000007053fffe8, 0x0000000705400000| 99%| O|  |TS  0|AC  0|TAMS 0x0000000705300000, 0x0000000705300000|
|  84|0x0000000705400000, 0x00000007054fff88, 0x0000000705500000| 99%| O|  |TS  0|AC  0|TAMS 0x0000000705400000, 0x0000000705400000|
|  85|0x0000000705500000, 0x00000007055fffe0, 0x0000000705600000| 99%| O|  |TS  0|AC  0|TAMS 0x0000000705500000, 0x0000000705500000|
|  86|0x0000000705600000, 0x00000007056ffe98, 0x0000000705700000| 99%| O|  |TS  0|AC  0|TAMS 0x0000000705600000, 0x0000000705600000|
|  87|0x0000000705700000, 0x0000000705800000, 0x0000000705800000|100%| O|  |TS  0|AC  0|TAMS 0x0000000705700000, 0x0000000705700000|
|  88|0x0000000705800000, 0x00000007058ffff8, 0x0000000705900000| 99%| O|  |TS  0|AC  0|TAMS 0x0000000705800000, 0x0000000705800000|
|  89|0x0000000705900000, 0x00000007059ffff0, 0x0000000705a00000| 99%| O|  |TS  0|AC  0|TAMS 0x0000000705900000, 0x0000000705900000|
|  90|0x0000000705a00000, 0x0000000705b00000, 0x0000000705b00000|100%| O|  |TS  0|AC  0|TAMS 0x0000000705a00000, 0x0000000705a00000|
|  91|0x0000000705b00000, 0x0000000705c00000, 0x0000000705c00000|100%| O|  |TS  0|AC  0|TAMS 0x0000000705b00000, 0x0000000705b00000|
|  92|0x0000000705c00000, 0x0000000705c8b1c8, 0x0000000705d00000| 54%| O|  |TS  0|AC  0|TAMS 0x0000000705c00000, 0x0000000705c00000|
|  93|0x0000000705d00000, 0x0000000705d00000, 0x0000000705e00000|  0%| F|  |TS  0|AC  0|TAMS 0x0000000705d00000, 0x0000000705d00000|
|  94|0x0000000705e00000, 0x0000000705e00000, 0x0000000705f00000|  0%| F|  |TS  0|AC  0|TAMS 0x0000000705e00000, 0x0000000705e00000|
|  95|0x0000000705f00000, 0x0000000705f00000, 0x0000000706000000|  0%| F|  |TS  0|AC  0|TAMS 0x0000000705f00000, 0x0000000705f00000|
|  96|0x0000000706000000, 0x0000000706000000, 0x0000000706100000|  0%| F|  |TS  0|AC  0|TAMS 0x0000000706000000, 0x0000000706000000|
|  97|0x0000000706100000, 0x0000000706100000, 0x0000000706200000|  0%| F|  |TS  0|AC  0|TAMS 0x0000000706100000, 0x0000000706100000|
|  98|0x0000000706200000, 0x0000000706300000, 0x0000000706300000|100%|HS|  |TS  0|AC  0|TAMS 0x0000000706200000, 0x0000000706200000|
|  99|0x0000000706300000, 0x0000000706400000, 0x0000000706400000|100%|HC|  |TS  0|AC  0|TAMS 0x0000000706300000, 0x0000000706300000|
| 100|0x0000000706400000, 0x0000000706500000, 0x0000000706500000|100%|HC|  |TS  0|AC  0|TAMS 0x0000000706400000, 0x0000000706400000|
| 101|0x0000000706500000, 0x0000000706600000, 0x0000000706600000|100%|HC|  |TS  0|AC  0|TAMS 0x0000000706500000, 0x0000000706500000|
| 102|0x0000000706600000, 0x0000000706700000, 0x0000000706700000|100%|HC|  |TS  0|AC  0|TAMS 0x0000000706600000, 0x0000000706600000|
| 103|0x0000000706700000, 0x0000000706700000, 0x0000000706800000|  0%| F|  |TS  0|AC  0|TAMS 0x0000000706700000, 0x0000000706700000|
| 104|0x0000000706800000, 0x0000000706800000, 0x0000000706900000|  0%| F|  |TS  0|AC  0|TAMS 0x0000000706800000, 0x0000000706800000|
| 105|0x0000000706900000, 0x0000000706900000, 0x0000000706a00000|  0%| F|  |TS  0|AC  0|TAMS 0x0000000706900000, 0x0000000706900000|
| 106|0x0000000706a00000, 0x0000000706a00000, 0x0000000706b00000|  0%| F|  |TS  0|AC  0|TAMS 0x0000000706a00000, 0x0000000706a00000|
| 107|0x0000000706b00000, 0x0000000706b00000, 0x0000000706c00000|  0%| F|  |TS  0|AC  0|TAMS 0x0000000706b00000, 0x0000000706b00000|
| 108|0x0000000706c00000, 0x0000000706c00000, 0x0000000706d00000|  0%| F|  |TS  0|AC  0|TAMS 0x0000000706c00000, 0x0000000706c00000|
| 109|0x0000000706d00000, 0x0000000706d00000, 0x0000000706e00000|  0%| F|  |TS  0|AC  0|TAMS 0x0000000706d00000, 0x0000000706d00000|
| 110|0x0000000706e00000, 0x0000000706e00000, 0x0000000706f00000|  0%| F|  |TS  0|AC  0|TAMS 0x0000000706e00000, 0x0000000706e00000|
| 111|0x0000000706f00000, 0x0000000706f00000, 0x0000000707000000|  0%| F|  |TS  0|AC  0|TAMS 0x0000000706f00000, 0x0000000706f00000|
| 112|0x0000000707000000, 0x0000000707000000, 0x0000000707100000|  0%| F|  |TS  0|AC  0|TAMS 0x0000000707000000, 0x0000000707000000|
| 113|0x0000000707100000, 0x0000000707100000, 0x0000000707200000|  0%| F|  |TS  0|AC  0|TAMS 0x0000000707100000, 0x0000000707100000|
| 114|0x0000000707200000, 0x0000000707200000, 0x0000000707300000|  0%| F|  |TS  0|AC  0|TAMS 0x0000000707200000, 0x0000000707200000|
| 115|0x0000000707300000, 0x0000000707300000, 0x0000000707400000|  0%| F|  |TS  0|AC  0|TAMS 0x0000000707300000, 0x0000000707300000|
| 116|0x0000000707400000, 0x0000000707400000, 0x0000000707500000|  0%| F|  |TS  0|AC  0|TAMS 0x0000000707400000, 0x0000000707400000|
| 117|0x0000000707500000, 0x0000000707500000, 0x0000000707600000|  0%| F|  |TS  0|AC  0|TAMS 0x0000000707500000, 0x0000000707500000|
| 118|0x0000000707600000, 0x0000000707600000, 0x0000000707700000|  0%| F|  |TS  0|AC  0|TAMS 0x0000000707600000, 0x0000000707600000|
| 119|0x0000000707700000, 0x0000000707700000, 0x0000000707800000|  0%| F|  |TS  0|AC  0|TAMS 0x0000000707700000, 0x0000000707700000|
| 120|0x0000000707800000, 0x0000000707800000, 0x0000000707900000|  0%| F|  |TS  0|AC  0|TAMS 0x0000000707800000, 0x0000000707800000|
| 121|0x0000000707900000, 0x0000000707900000, 0x0000000707a00000|  0%| F|  |TS  0|AC  0|TAMS 0x0000000707900000, 0x0000000707900000|
| 122|0x0000000707a00000, 0x0000000707a00000, 0x0000000707b00000|  0%| F|  |TS  0|AC  0|TAMS 0x0000000707a00000, 0x0000000707a00000|
| 123|0x0000000707b00000, 0x0000000707b00000, 0x0000000707c00000|  0%| F|  |TS  0|AC  0|TAMS 0x0000000707b00000, 0x0000000707b00000|
| 124|0x0000000707c00000, 0x0000000707c00000, 0x0000000707d00000|  0%| F|  |TS  0|AC  0|TAMS 0x0000000707c00000, 0x0000000707c00000|
| 125|0x0000000707d00000, 0x0000000707d00000, 0x0000000707e00000|  0%| F|  |TS  0|AC  0|TAMS 0x0000000707d00000, 0x0000000707d00000|
| 126|0x0000000707e00000, 0x0000000707e00000, 0x0000000707f00000|  0%| F|  |TS  0|AC  0|TAMS 0x0000000707e00000, 0x0000000707e00000|
| 127|0x0000000707f00000, 0x0000000707f00000, 0x0000000708000000|  0%| F|  |TS  0|AC  0|TAMS 0x0000000707f00000, 0x0000000707f00000|
| 128|0x0000000708000000, 0x0000000708000000, 0x0000000708100000|  0%| F|  |TS  0|AC  0|TAMS 0x0000000708000000, 0x0000000708000000|
| 129|0x0000000708100000, 0x0000000708100000, 0x0000000708200000|  0%| F|  |TS  0|AC  0|TAMS 0x0000000708100000, 0x0000000708100000|
| 130|0x0000000708200000, 0x0000000708200000, 0x0000000708300000|  0%| F|  |TS  0|AC  0|TAMS 0x0000000708200000, 0x0000000708200000|
| 131|0x0000000708300000, 0x0000000708300000, 0x0000000708400000|  0%| F|  |TS  0|AC  0|TAMS 0x0000000708300000, 0x0000000708300000|
| 132|0x0000000708400000, 0x0000000708400000, 0x0000000708500000|  0%| F|  |TS  0|AC  0|TAMS 0x0000000708400000, 0x0000000708400000|
| 133|0x0000000708500000, 0x0000000708500000, 0x0000000708600000|  0%| F|  |TS  0|AC  0|TAMS 0x0000000708500000, 0x0000000708500000|
| 134|0x0000000708600000, 0x0000000708600000, 0x0000000708700000|  0%| F|  |TS  0|AC  0|TAMS 0x0000000708600000, 0x0000000708600000|
| 135|0x0000000708700000, 0x0000000708700000, 0x0000000708800000|  0%| F|  |TS  0|AC  0|TAMS 0x0000000708700000, 0x0000000708700000|
| 136|0x0000000708800000, 0x0000000708800000, 0x0000000708900000|  0%| F|  |TS  0|AC  0|TAMS 0x0000000708800000, 0x0000000708800000|
| 137|0x0000000708900000, 0x0000000708900000, 0x0000000708a00000|  0%| F|  |TS  0|AC  0|TAMS 0x0000000708900000, 0x0000000708900000|
| 138|0x0000000708a00000, 0x0000000708a00000, 0x0000000708b00000|  0%| F|  |TS  0|AC  0|TAMS 0x0000000708a00000, 0x0000000708a00000|
| 139|0x0000000708b00000, 0x0000000708b00000, 0x0000000708c00000|  0%| F|  |TS  0|AC  0|TAMS 0x0000000708b00000, 0x0000000708b00000|
| 140|0x0000000708c00000, 0x0000000708c00000, 0x0000000708d00000|  0%| F|  |TS  0|AC  0|TAMS 0x0000000708c00000, 0x0000000708c00000|
| 141|0x0000000708d00000, 0x0000000708d00000, 0x0000000708e00000|  0%| F|  |TS  0|AC  0|TAMS 0x0000000708d00000, 0x0000000708d00000|
| 142|0x0000000708e00000, 0x0000000708e00000, 0x0000000708f00000|  0%| F|  |TS  0|AC  0|TAMS 0x0000000708e00000, 0x0000000708e00000|
| 143|0x0000000708f00000, 0x0000000708f00000, 0x0000000709000000|  0%| F|  |TS  0|AC  0|TAMS 0x0000000708f00000, 0x0000000708f00000|
| 144|0x0000000709000000, 0x0000000709000000, 0x0000000709100000|  0%| F|  |TS  0|AC  0|TAMS 0x0000000709000000, 0x0000000709000000|
| 145|0x0000000709100000, 0x0000000709100000, 0x0000000709200000|  0%| F|  |TS  0|AC  0|TAMS 0x0000000709100000, 0x0000000709100000|
| 146|0x0000000709200000, 0x0000000709200000, 0x0000000709300000|  0%| F|  |TS  0|AC  0|TAMS 0x0000000709200000, 0x0000000709200000|
| 147|0x0000000709300000, 0x0000000709300000, 0x0000000709400000|  0%| F|  |TS  0|AC  0|TAMS 0x0000000709300000, 0x0000000709300000|
| 148|0x0000000709400000, 0x0000000709400000, 0x0000000709500000|  0%| F|  |TS  0|AC  0|TAMS 0x0000000709400000, 0x0000000709400000|
| 149|0x0000000709500000, 0x0000000709500000, 0x0000000709600000|  0%| F|  |TS  0|AC  0|TAMS 0x0000000709500000, 0x0000000709500000|
| 150|0x0000000709600000, 0x0000000709600000, 0x0000000709700000|  0%| F|  |TS  0|AC  0|TAMS 0x0000000709600000, 0x0000000709600000|
| 151|0x0000000709700000, 0x0000000709700000, 0x0000000709800000|  0%| F|  |TS  0|AC  0|TAMS 0x0000000709700000, 0x0000000709700000|
| 152|0x0000000709800000, 0x0000000709800000, 0x0000000709900000|  0%| F|  |TS  0|AC  0|TAMS 0x0000000709800000, 0x0000000709800000|
| 153|0x0000000709900000, 0x0000000709900000, 0x0000000709a00000|  0%| F|  |TS  0|AC  0|TAMS 0x0000000709900000, 0x0000000709900000|
| 154|0x0000000709a00000, 0x0000000709a00000, 0x0000000709b00000|  0%| F|  |TS  0|AC  0|TAMS 0x0000000709a00000, 0x0000000709a00000|
| 155|0x0000000709b00000, 0x0000000709b00000, 0x0000000709c00000|  0%| F|  |TS  0|AC  0|TAMS 0x0000000709b00000, 0x0000000709b00000|
| 156|0x0000000709c00000, 0x0000000709c00000, 0x0000000709d00000|  0%| F|  |TS  0|AC  0|TAMS 0x0000000709c00000, 0x0000000709c00000|
| 157|0x0000000709d00000, 0x0000000709d00000, 0x0000000709e00000|  0%| F|  |TS  0|AC  0|TAMS 0x0000000709d00000, 0x0000000709d00000|
| 158|0x0000000709e00000, 0x0000000709e00000, 0x0000000709f00000|  0%| F|  |TS  0|AC  0|TAMS 0x0000000709e00000, 0x0000000709e00000|
| 159|0x0000000709f00000, 0x0000000709f00000, 0x000000070a000000|  0%| F|  |TS  0|AC  0|TAMS 0x0000000709f00000, 0x0000000709f00000|
| 160|0x000000070a000000, 0x000000070a000000, 0x000000070a100000|  0%| F|  |TS 15|AC  0|TAMS 0x000000070a000000, 0x000000070a000000|
| 161|0x000000070a100000, 0x000000070a1a8088, 0x000000070a200000| 65%| S|CS|TS 17|AC  0|TAMS 0x000000070a100000, 0x000000070a100000|
| 162|0x000000070a200000, 0x000000070a200000, 0x000000070a300000|  0%| F|  |TS 17|AC  0|TAMS 0x000000070a200000, 0x000000070a200000|
| 163|0x000000070a300000, 0x000000070a300000, 0x000000070a400000|  0%| F|  |TS 17|AC  0|TAMS 0x000000070a300000, 0x000000070a300000|
| 164|0x000000070a400000, 0x000000070a400000, 0x000000070a500000|  0%| F|  |TS 17|AC  0|TAMS 0x000000070a400000, 0x000000070a400000|
| 165|0x000000070a500000, 0x000000070a500000, 0x000000070a600000|  0%| F|  |TS 17|AC  0|TAMS 0x000000070a500000, 0x000000070a500000|
| 166|0x000000070a600000, 0x000000070a600000, 0x000000070a700000|  0%| F|  |TS 17|AC  0|TAMS 0x000000070a600000, 0x000000070a600000|
| 167|0x000000070a700000, 0x000000070a700000, 0x000000070a800000|  0%| F|  |TS 17|AC  0|TAMS 0x000000070a700000, 0x000000070a700000|
| 168|0x000000070a800000, 0x000000070a800000, 0x000000070a900000|  0%| F|  |TS 17|AC  0|TAMS 0x000000070a800000, 0x000000070a800000|
| 169|0x000000070a900000, 0x000000070a900000, 0x000000070aa00000|  0%| F|  |TS 17|AC  0|TAMS 0x000000070a900000, 0x000000070a900000|
| 170|0x000000070aa00000, 0x000000070aa00000, 0x000000070ab00000|  0%| F|  |TS 17|AC  0|TAMS 0x000000070aa00000, 0x000000070aa00000|
| 171|0x000000070ab00000, 0x000000070ab00000, 0x000000070ac00000|  0%| F|  |TS 17|AC  0|TAMS 0x000000070ab00000, 0x000000070ab00000|
| 172|0x000000070ac00000, 0x000000070ac00000, 0x000000070ad00000|  0%| F|  |TS 17|AC  0|TAMS 0x000000070ac00000, 0x000000070ac00000|
| 173|0x000000070ad00000, 0x000000070ad00000, 0x000000070ae00000|  0%| F|  |TS 17|AC  0|TAMS 0x000000070ad00000, 0x000000070ad00000|
| 174|0x000000070ae00000, 0x000000070ae00000, 0x000000070af00000|  0%| F|  |TS 17|AC  0|TAMS 0x000000070ae00000, 0x000000070ae00000|
| 175|0x000000070af00000, 0x000000070af00000, 0x000000070b000000|  0%| F|  |TS 17|AC  0|TAMS 0x000000070af00000, 0x000000070af00000|
| 176|0x000000070b000000, 0x000000070b000000, 0x000000070b100000|  0%| F|  |TS 17|AC  0|TAMS 0x000000070b000000, 0x000000070b000000|
| 177|0x000000070b100000, 0x000000070b100000, 0x000000070b200000|  0%| F|  |TS 17|AC  0|TAMS 0x000000070b100000, 0x000000070b100000|
| 178|0x000000070b200000, 0x000000070b200000, 0x000000070b300000|  0%| F|  |TS 17|AC  0|TAMS 0x000000070b200000, 0x000000070b200000|
| 179|0x000000070b300000, 0x000000070b300000, 0x000000070b400000|  0%| F|  |TS 17|AC  0|TAMS 0x000000070b300000, 0x000000070b300000|
| 180|0x000000070b400000, 0x000000070b400000, 0x000000070b500000|  0%| F|  |TS 17|AC  0|TAMS 0x000000070b400000, 0x000000070b400000|
| 181|0x000000070b500000, 0x000000070b500000, 0x000000070b600000|  0%| F|  |TS 17|AC  0|TAMS 0x000000070b500000, 0x000000070b500000|
| 182|0x000000070b600000, 0x000000070b600000, 0x000000070b700000|  0%| F|  |TS 17|AC  0|TAMS 0x000000070b600000, 0x000000070b600000|
| 183|0x000000070b700000, 0x000000070b700000, 0x000000070b800000|  0%| F|  |TS 17|AC  0|TAMS 0x000000070b700000, 0x000000070b700000|
| 184|0x000000070b800000, 0x000000070b800000, 0x000000070b900000|  0%| F|  |TS 17|AC  0|TAMS 0x000000070b800000, 0x000000070b800000|
| 185|0x000000070b900000, 0x000000070b900000, 0x000000070ba00000|  0%| F|  |TS 17|AC  0|TAMS 0x000000070b900000, 0x000000070b900000|
| 186|0x000000070ba00000, 0x000000070ba00000, 0x000000070bb00000|  0%| F|  |TS 17|AC  0|TAMS 0x000000070ba00000, 0x000000070ba00000|
| 187|0x000000070bb00000, 0x000000070bb00000, 0x000000070bc00000|  0%| F|  |TS 17|AC  0|TAMS 0x000000070bb00000, 0x000000070bb00000|
| 188|0x000000070bc00000, 0x000000070bc00000, 0x000000070bd00000|  0%| F|  |TS 17|AC  0|TAMS 0x000000070bc00000, 0x000000070bc00000|
| 189|0x000000070bd00000, 0x000000070bd00000, 0x000000070be00000|  0%| F|  |TS 17|AC  0|TAMS 0x000000070bd00000, 0x000000070bd00000|
| 190|0x000000070be00000, 0x000000070be00000, 0x000000070bf00000|  0%| F|  |TS 17|AC  0|TAMS 0x000000070be00000, 0x000000070be00000|
| 191|0x000000070bf00000, 0x000000070bf00000, 0x000000070c000000|  0%| F|  |TS 17|AC  0|TAMS 0x000000070bf00000, 0x000000070bf00000|
| 192|0x000000070c000000, 0x000000070c000000, 0x000000070c100000|  0%| F|  |TS 17|AC  0|TAMS 0x000000070c000000, 0x000000070c000000|
| 193|0x000000070c100000, 0x000000070c100000, 0x000000070c200000|  0%| F|  |TS 17|AC  0|TAMS 0x000000070c100000, 0x000000070c100000|
| 194|0x000000070c200000, 0x000000070c200000, 0x000000070c300000|  0%| F|  |TS 17|AC  0|TAMS 0x000000070c200000, 0x000000070c200000|
| 195|0x000000070c300000, 0x000000070c300000, 0x000000070c400000|  0%| F|  |TS 17|AC  0|TAMS 0x000000070c300000, 0x000000070c300000|
| 196|0x000000070c400000, 0x000000070c400000, 0x000000070c500000|  0%| F|  |TS 17|AC  0|TAMS 0x000000070c400000, 0x000000070c400000|
| 197|0x000000070c500000, 0x000000070c500000, 0x000000070c600000|  0%| F|  |TS 17|AC  0|TAMS 0x000000070c500000, 0x000000070c500000|
| 198|0x000000070c600000, 0x000000070c600000, 0x000000070c700000|  0%| F|  |TS 17|AC  0|TAMS 0x000000070c600000, 0x000000070c600000|
| 199|0x000000070c700000, 0x000000070c700000, 0x000000070c800000|  0%| F|  |TS 17|AC  0|TAMS 0x000000070c700000, 0x000000070c700000|
| 200|0x000000070c800000, 0x000000070c800000, 0x000000070c900000|  0%| F|  |TS 17|AC  0|TAMS 0x000000070c800000, 0x000000070c800000|
| 201|0x000000070c900000, 0x000000070c900000, 0x000000070ca00000|  0%| F|  |TS 17|AC  0|TAMS 0x000000070c900000, 0x000000070c900000|
| 202|0x000000070ca00000, 0x000000070ca00000, 0x000000070cb00000|  0%| F|  |TS 17|AC  0|TAMS 0x000000070ca00000, 0x000000070ca00000|
| 203|0x000000070cb00000, 0x000000070cb3ddf0, 0x000000070cc00000| 24%| E|  |TS 17|AC  0|TAMS 0x000000070cb00000, 0x000000070cb00000|
| 204|0x000000070cc00000, 0x000000070cd00000, 0x000000070cd00000|100%| E|CS|TS 17|AC  0|TAMS 0x000000070cc00000, 0x000000070cc00000|
| 205|0x000000070cd00000, 0x000000070ce00000, 0x000000070ce00000|100%| E|CS|TS 17|AC  0|TAMS 0x000000070cd00000, 0x000000070cd00000|
| 206|0x000000070ce00000, 0x000000070cf00000, 0x000000070cf00000|100%| E|CS|TS 17|AC  0|TAMS 0x000000070ce00000, 0x000000070ce00000|
| 207|0x000000070cf00000, 0x000000070d000000, 0x000000070d000000|100%| E|CS|TS 17|AC  0|TAMS 0x000000070cf00000, 0x000000070cf00000|
| 208|0x000000070d000000, 0x000000070d100000, 0x000000070d100000|100%| E|CS|TS 17|AC  0|TAMS 0x000000070d000000, 0x000000070d000000|
| 209|0x000000070d100000, 0x000000070d200000, 0x000000070d200000|100%| E|CS|TS 17|AC  0|TAMS 0x000000070d100000, 0x000000070d100000|
| 210|0x000000070d200000, 0x000000070d300000, 0x000000070d300000|100%| E|CS|TS 17|AC  0|TAMS 0x000000070d200000, 0x000000070d200000|
| 211|0x000000070d300000, 0x000000070d400000, 0x000000070d400000|100%| E|CS|TS 17|AC  0|TAMS 0x000000070d300000, 0x000000070d300000|
| 212|0x000000070d400000, 0x000000070d500000, 0x000000070d500000|100%| E|CS|TS 17|AC  0|TAMS 0x000000070d400000, 0x000000070d400000|
| 213|0x000000070d500000, 0x000000070d600000, 0x000000070d600000|100%| E|CS|TS 17|AC  0|TAMS 0x000000070d500000, 0x000000070d500000|
| 214|0x000000070d600000, 0x000000070d700000, 0x000000070d700000|100%| E|CS|TS 17|AC  0|TAMS 0x000000070d600000, 0x000000070d600000|
| 215|0x000000070d700000, 0x000000070d800000, 0x000000070d800000|100%| E|CS|TS 17|AC  0|TAMS 0x000000070d700000, 0x000000070d700000|
| 216|0x000000070d800000, 0x000000070d900000, 0x000000070d900000|100%| E|CS|TS 17|AC  0|TAMS 0x000000070d800000, 0x000000070d800000|
| 217|0x000000070d900000, 0x000000070da00000, 0x000000070da00000|100%| E|CS|TS 17|AC  0|TAMS 0x000000070d900000, 0x000000070d900000|
| 218|0x000000070da00000, 0x000000070db00000, 0x000000070db00000|100%| E|CS|TS 17|AC  0|TAMS 0x000000070da00000, 0x000000070da00000|
| 219|0x000000070db00000, 0x000000070dc00000, 0x000000070dc00000|100%| E|CS|TS 17|AC  0|TAMS 0x000000070db00000, 0x000000070db00000|
| 220|0x000000070dc00000, 0x000000070dd00000, 0x000000070dd00000|100%| E|CS|TS 17|AC  0|TAMS 0x000000070dc00000, 0x000000070dc00000|
| 221|0x000000070dd00000, 0x000000070de00000, 0x000000070de00000|100%| E|CS|TS 17|AC  0|TAMS 0x000000070dd00000, 0x000000070dd00000|

Card table byte_map: [0x0000017e6b7e0000,0x0000017e6bde0000] byte_map_base: 0x0000017e67fe0000

Marking Bits (Prev, Next): (CMBitMap*) 0x0000017e71c660a0, (CMBitMap*) 0x0000017e71c660d8
 Prev Bits: [0x0000017e78c30000, 0x0000017e7bc30000)
 Next Bits: [0x0000017e7bc30000, 0x0000017e7ec30000)

Polling page: 0x0000017e637d0000

CodeHeap 'non-profiled nmethods': size=120000Kb used=21695Kb max_used=21695Kb free=98304Kb
 bounds [0x0000017e07ad0000, 0x0000017e09010000, 0x0000017e0f000000]
CodeHeap 'profiled nmethods': size=120000Kb used=42834Kb max_used=42897Kb free=77165Kb
 bounds [0x0000017e005a0000, 0x0000017e03000000, 0x0000017e07ad0000]
CodeHeap 'non-nmethods': size=5760Kb used=1825Kb max_used=1881Kb free=3934Kb
 bounds [0x0000017e00000000, 0x0000017e00270000, 0x0000017e005a0000]
 total_blobs=33679 nmethods=17755 adapters=1175
 compilation: enabled

Compilation events (10 events):
Event: 1114.757 Thread 0x0000017e7191d000 23126   !   3       java.awt.Window::hide (101 bytes)
Event: 1114.758 Thread 0x0000017e7191d000 nmethod 23126 0x0000017e02e91110 code [0x0000017e02e913a0, 0x0000017e02e92530]
Event: 1115.640 Thread 0x0000017e7191d000 23127       3       ui.views.n.q::ftw (65 bytes)
Event: 1115.641 Thread 0x0000017e7191d000 nmethod 23127 0x0000017e02e98110 code [0x0000017e02e98360, 0x0000017e02e990b0]
Event: 1115.653 Thread 0x0000017e7191d000 23128       3       sun.awt.windows.WComponentPeer::getTarget (5 bytes)
Event: 1115.654 Thread 0x0000017e7191d000 nmethod 23128 0x0000017e023f7d90 code [0x0000017e023f7f40, 0x0000017e023f80b8]
Event: 1115.668 Thread 0x0000017e71914000 23129       4       ui.views.c.s.m::dVe (62 bytes)
Event: 1115.671 Thread 0x0000017e71913000 23130       4       ui.b.c.b.A::addListSelectionListener (11 bytes)
Event: 1115.672 Thread 0x0000017e71913000 nmethod 23130 0x0000017e09001b10 code [0x0000017e09001ca0, 0x0000017e09001d48]
Event: 1115.672 Thread 0x0000017e71914000 nmethod 23129 0x0000017e09001e10 code [0x0000017e09002020, 0x0000017e090023d0]

GC Heap History (10 events):
Event: 1106.629 GC heap before
{Heap before GC invocations=256 (full 35):
 garbage-first heap   total 227328K, used 160270K [0x0000000700000000, 0x00000007001006f0, 0x00000007c0000000)
  region size 1024K, 60 young (61440K), 1 survivors (1024K)
 Metaspace       used 87517K, capacity 93931K, committed 94160K, reserved 1130496K
  class space    used 11873K, capacity 12970K, committed 13052K, reserved 1048576K
}
Event: 1106.632 GC heap after
{Heap after GC invocations=257 (full 35):
 garbage-first heap   total 227328K, used 99902K [0x0000000700000000, 0x00000007001006f0, 0x00000007c0000000)
  region size 1024K, 1 young (1024K), 1 survivors (1024K)
 Metaspace       used 87517K, capacity 93931K, committed 94160K, reserved 1130496K
  class space    used 11873K, capacity 12970K, committed 13052K, reserved 1048576K
}
Event: 1106.872 GC heap before
{Heap before GC invocations=257 (full 35):
 garbage-first heap   total 227328K, used 160318K [0x0000000700000000, 0x00000007001006f0, 0x00000007c0000000)
  region size 1024K, 60 young (61440K), 1 survivors (1024K)
 Metaspace       used 87519K, capacity 93931K, committed 94160K, reserved 1130496K
  class space    used 11873K, capacity 12970K, committed 13052K, reserved 1048576K
}
Event: 1106.875 GC heap after
{Heap after GC invocations=258 (full 35):
 garbage-first heap   total 227328K, used 99893K [0x0000000700000000, 0x00000007001006f0, 0x00000007c0000000)
  region size 1024K, 1 young (1024K), 1 survivors (1024K)
 Metaspace       used 87519K, capacity 93931K, committed 94160K, reserved 1130496K
  class space    used 11873K, capacity 12970K, committed 13052K, reserved 1048576K
}
Event: 1109.357 GC heap before
{Heap before GC invocations=258 (full 35):
 garbage-first heap   total 227328K, used 160309K [0x0000000700000000, 0x00000007001006f0, 0x00000007c0000000)
  region size 1024K, 61 young (62464K), 1 survivors (1024K)
 Metaspace       used 87526K, capacity 93931K, committed 94160K, reserved 1130496K
  class space    used 11873K, capacity 12970K, committed 13052K, reserved 1048576K
}
Event: 1109.360 GC heap after
{Heap after GC invocations=259 (full 35):
 garbage-first heap   total 227328K, used 100029K [0x0000000700000000, 0x00000007001006f0, 0x00000007c0000000)
  region size 1024K, 1 young (1024K), 1 survivors (1024K)
 Metaspace       used 87526K, capacity 93931K, committed 94160K, reserved 1130496K
  class space    used 11873K, capacity 12970K, committed 13052K, reserved 1048576K
}
Event: 1114.162 GC heap before
{Heap before GC invocations=259 (full 35):
 garbage-first heap   total 227328K, used 160445K [0x0000000700000000, 0x00000007001006f0, 0x00000007c0000000)
  region size 1024K, 60 young (61440K), 1 survivors (1024K)
 Metaspace       used 87543K, capacity 93931K, committed 94160K, reserved 1130496K
  class space    used 11873K, capacity 12970K, committed 13052K, reserved 1048576K
}
Event: 1114.165 GC heap after
{Heap after GC invocations=260 (full 35):
 garbage-first heap   total 227328K, used 99812K [0x0000000700000000, 0x00000007001006f0, 0x00000007c0000000)
  region size 1024K, 1 young (1024K), 1 survivors (1024K)
 Metaspace       used 87543K, capacity 93931K, committed 94160K, reserved 1130496K
  class space    used 11873K, capacity 12970K, committed 13052K, reserved 1048576K
}
Event: 1114.792 GC heap before
{Heap before GC invocations=260 (full 35):
 garbage-first heap   total 227328K, used 160228K [0x0000000700000000, 0x00000007001006f0, 0x00000007c0000000)
  region size 1024K, 60 young (61440K), 1 survivors (1024K)
 Metaspace       used 87559K, capacity 93931K, committed 94160K, reserved 1130496K
  class space    used 11874K, capacity 12970K, committed 13052K, reserved 1048576K
}
Event: 1114.794 GC heap after
{Heap after GC invocations=261 (full 35):
 garbage-first heap   total 227328K, used 99869K [0x0000000700000000, 0x00000007001006f0, 0x00000007c0000000)
  region size 1024K, 1 young (1024K), 1 survivors (1024K)
 Metaspace       used 87559K, capacity 93931K, committed 94160K, reserved 1130496K
  class space    used 11874K, capacity 12970K, committed 13052K, reserved 1048576K
}

Deoptimization events (10 events):
Event: 1004.587 Thread 0x0000017e0f9e0000 Uncommon trap: reason=bimorphic_or_optimized_type_check action=maybe_recompile pc=0x0000017e082d0034 method=javax.swing.text.html.parser.DocumentParser.parse(Ljava/io/Reader;Ljavax/swing/text/html/HTMLEditorKit$ParserCallback;Z)V @ 20 c2
Event: 1004.587 Thread 0x0000017e0f9e0000 Uncommon trap: reason=bimorphic_or_optimized_type_check action=maybe_recompile pc=0x0000017e082d0034 method=javax.swing.text.html.parser.DocumentParser.parse(Ljava/io/Reader;Ljavax/swing/text/html/HTMLEditorKit$ParserCallback;Z)V @ 20 c2
Event: 1004.587 Thread 0x0000017e0f9e0000 Uncommon trap: reason=bimorphic_or_optimized_type_check action=maybe_recompile pc=0x0000017e082d0034 method=javax.swing.text.html.parser.DocumentParser.parse(Ljava/io/Reader;Ljavax/swing/text/html/HTMLEditorKit$ParserCallback;Z)V @ 20 c2
Event: 1004.602 Thread 0x0000017e0f9e0000 Uncommon trap: reason=unstable_if action=reinterpret pc=0x0000017e08cbb968 method=sun.java2d.pipe.Region.clipBoxToBounds([I)V @ 24 c2
Event: 1022.247 Thread 0x0000017e6e109800 Uncommon trap: reason=unstable_if action=reinterpret pc=0x0000017e086d05ac method=ui.frmwork.d.l.a(Lui/frmwork/d/c;ZZLjava/lang/String;)Lui/frmwork/d/e; @ 17 c2
Event: 1092.680 Thread 0x0000017e0f9e0000 Uncommon trap: reason=unstable_if action=reinterpret pc=0x0000017e08e88c4c method=de.javasoft.plaf.synthetica.painter.LabelPainter.paintLabelBackground(Ljavax/swing/plaf/synth/SynthContext;Ljava/awt/Graphics;IIII)V @ 542 c2
Event: 1114.273 Thread 0x0000017e0f9e0000 Uncommon trap: reason=bimorphic_or_optimized_type_check action=maybe_recompile pc=0x0000017e07dba508 method=java.util.TreeMap.getEntryUsingComparator(Ljava/lang/Object;)Ljava/util/TreeMap$Entry; @ 29 c2
Event: 1114.294 Thread 0x0000017e0f9e0000 Uncommon trap: reason=unstable_if action=reinterpret pc=0x0000017e08c4f9dc method=javax.swing.plaf.basic.BasicTableUI$Handler.propertyChange(Ljava/beans/PropertyChangeEvent;)V @ 69 c2
Event: 1114.295 Thread 0x0000017e0f9e0000 Uncommon trap: reason=class_check action=maybe_recompile pc=0x0000017e08292d6c method=java.lang.Throwable.<init>()V @ 24 c2
Event: 1114.314 Thread 0x0000017e0f9e0000 Uncommon trap: reason=class_check action=maybe_recompile pc=0x0000017e083044ec method=java.lang.Throwable.<init>()V @ 24 c2

Classes redefined (0 events):
No events

Internal exceptions (10 events):
Event: 571.778 Thread 0x0000017e0f9e0000 Exception <a 'java/lang/NoSuchMethodError'{0x000000070bb8b548}: method resolution failed> (0x000000070bb8b548) thrown at [t:/workspace/hotspot/src/share/vm/prims/methodHandles.cpp, line 1256]
Event: 572.104 Thread 0x0000017e0f9e0000 Implicit null exception at 0x0000017e08099c13 to 0x0000017e0809a52d
Event: 572.347 Thread 0x0000017e0f9e0000 Implicit null exception at 0x0000017e085eb51e to 0x0000017e085ec8a1
Event: 572.365 Thread 0x0000017e0f9e0000 Implicit null exception at 0x0000017e0874abcc to 0x0000017e0874b26d
Event: 606.959 Thread 0x0000017e6e109800 Exception <a 'java/lang/InterruptedException'{0x000000070d700840}: sleep interrupted> (0x000000070d700840) thrown at [t:/workspace/hotspot/src/share/vm/prims/jvm.cpp, line 3023]
Event: 964.510 Thread 0x0000017e6e10b000 Exception <a 'java/lang/InterruptedException'{0x000000070ce8b520}: sleep interrupted> (0x000000070ce8b520) thrown at [t:/workspace/hotspot/src/share/vm/prims/jvm.cpp, line 3023]
Event: 975.463 Thread 0x0000017e0f9e0000 Exception <a 'java/lang/NoSuchMethodError'{0x000000070d1550d8}: method resolution failed> (0x000000070d1550d8) thrown at [t:/workspace/hotspot/src/share/vm/prims/methodHandles.cpp, line 1256]
Event: 975.463 Thread 0x0000017e0f9e0000 Exception <a 'java/lang/NoSuchMethodError'{0x000000070d15b068}: java.lang.invoke.DirectMethodHandle$Holder.invokeStatic(Ljava/lang/Object;Ljava/lang/Object;ILjava/lang/Object;I)Ljava/lang/Object;> (0x000000070d15b068) thrown at [t:/workspace/hotspot/src/s
Event: 1001.740 Thread 0x0000017e6e110000 Implicit null exception at 0x0000017e085a7924 to 0x0000017e085a98d1
Event: 1004.586 Thread 0x0000017e0f9e0000 Implicit null exception at 0x0000017e08ef69c1 to 0x0000017e08ef6c78

Events (10 events):
Event: 1115.640 Executing VM operation: RevokeBias done
Event: 1115.642 Executing VM operation: RevokeBias
Event: 1115.642 Executing VM operation: RevokeBias done
Event: 1115.665 Thread 0x0000017e6e117000 Thread added: 0x0000017e6e117000
Event: 1115.669 Executing VM operation: RevokeBias
Event: 1115.669 Executing VM operation: RevokeBias done
Event: 1115.669 Thread 0x0000017e6e117000 Thread exited: 0x0000017e6e117000
Event: 1115.749 Thread 0x0000017e6e117000 Thread added: 0x0000017e6e117000
Event: 1115.753 Thread 0x0000017e6e117000 Thread exited: 0x0000017e6e117000
Event: 1116.763 Thread 0x0000017e6e117000 Thread added: 0x0000017e6e117000


Dynamic libraries:
0x00007ff7d23f0000 - 0x00007ff7d2420000 	C:\Xilinx\Vivado\2019.1\bin\unwrapped\win64.o\vivado.exe
0x00007ff982040000 - 0x00007ff982249000 	C:\WINDOWS\SYSTEM32\ntdll.dll
0x00007ff981b30000 - 0x00007ff981bed000 	C:\WINDOWS\System32\KERNEL32.DLL
0x00007ff97f7b0000 - 0x00007ff97fb2c000 	C:\WINDOWS\System32\KERNELBASE.dll
0x00007ff97fbf0000 - 0x00007ff97fd01000 	C:\WINDOWS\System32\ucrtbase.dll
0x00007ff8c9180000 - 0x00007ff8ca062000 	C:\Xilinx\Vivado\2019.1\lib\win64.o\librdi_common.dll
0x00007ff977ea0000 - 0x00007ff977eb4000 	C:\Xilinx\Vivado\2019.1\lib\win64.o\libboost_signals.dll
0x00007ff93bf60000 - 0x00007ff93bfed000 	C:\WINDOWS\SYSTEM32\MSVCP140.dll
0x00007ff96a660000 - 0x00007ff96a674000 	C:\Xilinx\Vivado\2019.1\lib\win64.o\librdi_commonmain.dll
0x00007ff97fea0000 - 0x00007ff98004d000 	C:\WINDOWS\System32\USER32.dll
0x00007ff953fb0000 - 0x00007ff953fcb000 	C:\WINDOWS\SYSTEM32\VCRUNTIME140.dll
0x00007ff97f4f0000 - 0x00007ff97f516000 	C:\WINDOWS\System32\win32u.dll
0x00007ff9811f0000 - 0x00007ff981219000 	C:\WINDOWS\System32\GDI32.dll
0x00007ff97f520000 - 0x00007ff97f639000 	C:\WINDOWS\System32\gdi32full.dll
0x00007ff8f0890000 - 0x00007ff8f0bfe000 	C:\Xilinx\Vivado\2019.1\lib\win64.o\libCOIN-all.dll
0x00007ff96a2b0000 - 0x00007ff96a2c4000 	C:\Xilinx\Vivado\2019.1\lib\win64.o\libboost_date_time.dll
0x00007ff97fe00000 - 0x00007ff97fe9d000 	C:\WINDOWS\System32\msvcp_win.dll
0x00007ff96a070000 - 0x00007ff96a096000 	C:\Xilinx\Vivado\2019.1\lib\win64.o\libboost_filesystem.dll
0x00007ff9809b0000 - 0x00007ff980a5e000 	C:\WINDOWS\System32\ADVAPI32.dll
0x00007ff9812d0000 - 0x00007ff981a88000 	C:\WINDOWS\System32\SHELL32.dll
0x00007ff981c00000 - 0x00007ff981ca3000 	C:\WINDOWS\System32\msvcrt.dll
0x00007ff980750000 - 0x00007ff9807ee000 	C:\WINDOWS\System32\sechost.dll
0x00007ff9592b0000 - 0x00007ff95932f000 	C:\Xilinx\Vivado\2019.1\lib\win64.o\libboost_program_options.dll
0x00007ff92b9d0000 - 0x00007ff92bae4000 	C:\Xilinx\Vivado\2019.1\lib\win64.o\libboost_regex.dll
0x00007ff980b80000 - 0x00007ff980ca0000 	C:\WINDOWS\System32\RPCRT4.dll
0x00007ff977f10000 - 0x00007ff977f1b000 	C:\Xilinx\Vivado\2019.1\lib\win64.o\libboost_system.dll
0x00007ff9684c0000 - 0x00007ff9684e1000 	C:\Xilinx\Vivado\2019.1\lib\win64.o\libboost_thread.dll
0x00007ff959220000 - 0x00007ff9592a2000 	C:\Xilinx\Vivado\2019.1\lib\win64.o\libhdlpsolve.dll
0x00007ff977e90000 - 0x00007ff977e9f000 	C:\Xilinx\Vivado\2019.1\lib\win64.o\libboost_xilinx.dll
0x00007ff94d800000 - 0x00007ff94d8a5000 	C:\Xilinx\Vivado\2019.1\lib\win64.o\libhdxml.dll
0x00007ff8b3560000 - 0x00007ff8b410f400 	C:\Xilinx\Vivado\2019.1\lib\win64.o\libisl_iostreams.dll
0x00007ff968490000 - 0x00007ff9684be000 	C:\Xilinx\Vivado\2019.1\lib\win64.o\libisl_sysinfo.dll
0x00007ff94c750000 - 0x00007ff94c7b5000 	C:\Xilinx\Vivado\2019.1\lib\win64.o\liblmx6.0.dll
0x00007ff981f60000 - 0x00007ff981fcf000 	C:\WINDOWS\System32\WS2_32.dll
0x00007ff964790000 - 0x00007ff9647aa000 	C:\Xilinx\Vivado\2019.1\lib\win64.o\pthreadVC2.dll
0x00007ff907640000 - 0x00007ff907761000 	C:\Xilinx\Vivado\2019.1\lib\win64.o\librdi_commonxillic.dll
0x00007ff964750000 - 0x00007ff96476c000 	C:\Xilinx\Vivado\2019.1\lib\win64.o\librdiconfig.dll
0x00007ff964560000 - 0x00007ff964581000 	C:\Xilinx\Vivado\2019.1\lib\win64.o\librdizlib.dll
0x00007ff96aec0000 - 0x00007ff96aecc000 	C:\WINDOWS\SYSTEM32\VCRUNTIME140_1.dll
0x0000000052610000 - 0x000000005273b000 	C:\Xilinx\Vivado\2019.1\lib\win64.o\tcl85t.dll
0x0000000012000000 - 0x0000000012270000 	C:\Xilinx\Vivado\2019.1\lib\win64.o\xerces-c_3_1.dll
0x00007ff9788d0000 - 0x00007ff9788da000 	C:\Xilinx\Vivado\2019.1\lib\win64.o\librdi_commonversion.dll
0x00007ff9685b0000 - 0x00007ff968aaa000 	C:\WINDOWS\SYSTEM32\WININET.dll
0x00007ff967e00000 - 0x00007ff967e19000 	C:\WINDOWS\SYSTEM32\NETAPI32.dll
0x00007ff9744f0000 - 0x00007ff9745fc000 	C:\WINDOWS\SYSTEM32\WINHTTP.dll
0x00007ff973b60000 - 0x00007ff973d4f000 	C:\WINDOWS\SYSTEM32\urlmon.dll
0x00007ff95ece0000 - 0x00007ff95ed0d000 	C:\WINDOWS\SYSTEM32\VCOMP140.DLL
0x00007ff967a00000 - 0x00007ff967a09000 	C:\WINDOWS\SYSTEM32\WSOCK32.dll
0x00007ff8b26c0000 - 0x00007ff8b3551000 	C:\Xilinx\Vivado\2019.1\lib\win64.o\gurobi65.dll
0x00007ff95f4d0000 - 0x00007ff95f4eb000 	C:\Xilinx\Vivado\2019.1\lib\win64.o\libboost_iostreams.dll
0x00007ff974ce0000 - 0x00007ff974ced000 	C:\Xilinx\Vivado\2019.1\lib\win64.o\libboost_chrono.dll
0x00007ff95ecb0000 - 0x00007ff95ecd5000 	C:\Xilinx\Vivado\2019.1\lib\win64.o\libisl_iosutils.dll
0x00007ff8f4d20000 - 0x00007ff8f4ff8000 	C:\Xilinx\Vivado\2019.1\lib\win64.o\libXil_lmgr11.dll
0x00007ff972fe0000 - 0x00007ff973293000 	C:\WINDOWS\SYSTEM32\iertutil.dll
0x00007ff980ca0000 - 0x00007ff980d8c000 	C:\WINDOWS\System32\COMDLG32.dll
0x00007ff972f30000 - 0x00007ff972f58000 	C:\WINDOWS\SYSTEM32\srvcli.dll
0x00007ff980e70000 - 0x00007ff9811e9000 	C:\WINDOWS\System32\combase.dll
0x00007ff97e0c0000 - 0x00007ff97e0cc000 	C:\WINDOWS\SYSTEM32\netutils.dll
0x00007ff9801f0000 - 0x00007ff9802da000 	C:\WINDOWS\System32\shcore.dll
0x00007ff980e10000 - 0x00007ff980e6d000 	C:\WINDOWS\System32\SHLWAPI.dll
0x00007ff981e10000 - 0x00007ff981ee6000 	C:\WINDOWS\System32\OLEAUT32.dll
0x00007ff953fd0000 - 0x00007ff954082000 	C:\WINDOWS\WinSxS\amd64_microsoft.windows.common-controls_6595b64144ccf1df_5.82.22000.1_none_271a8fad6a2d1b1e\COMCTL32.dll
0x00007ff980050000 - 0x00007ff9801ea000 	C:\WINDOWS\System32\ole32.dll
0x00007ff97fd90000 - 0x00007ff97fdf8000 	C:\WINDOWS\System32\WINTRUST.dll
0x00007ff974930000 - 0x00007ff97494e000 	C:\WINDOWS\SYSTEM32\dhcpcsvc.DLL
0x00007ff97f640000 - 0x00007ff97f7a2000 	C:\WINDOWS\System32\CRYPT32.dll
0x00007ff981290000 - 0x00007ff9812c1000 	C:\WINDOWS\System32\IMM32.DLL
0x00007ff97ed20000 - 0x00007ff97ed32000 	C:\WINDOWS\SYSTEM32\MSASN1.dll
0x00007ff97e620000 - 0x00007ff97e638000 	C:\WINDOWS\SYSTEM32\kernel.appcore.dll
0x00007ff8daf00000 - 0x00007ff8db417000 	C:\Xilinx\Vivado\2019.1\lib\win64.o\librdi_commontasks.dll
0x00007ff96ce80000 - 0x00007ff96ce8a000 	C:\WINDOWS\SYSTEM32\VERSION.dll
0x00007ff8f30f0000 - 0x00007ff8f3376000 	C:\Xilinx\Vivado\2019.1\lib\win64.o\librdi_sio.dll
0x0000000051be0000 - 0x0000000052605000 	C:\Xilinx\Vivado\2019.1\tps\win64\jre9.0.4\bin\server\jvm.dll
0x00007ff981cb0000 - 0x00007ff981cb8000 	C:\WINDOWS\System32\PSAPI.DLL
0x00007ff97e0d0000 - 0x00007ff97e0fd000 	C:\WINDOWS\SYSTEM32\IPHLPAPI.DLL
0x00007ff9742c0000 - 0x00007ff9742f3000 	C:\WINDOWS\SYSTEM32\WINMM.dll
0x00007ff94bdc0000 - 0x00007ff94beaf000 	C:\WINDOWS\SYSTEM32\MSVCR120.dll
0x00007ff97ea80000 - 0x00007ff97eae7000 	C:\WINDOWS\SYSTEM32\MSWSOCK.DLL
0x00007ff97d610000 - 0x00007ff97de78000 	C:\WINDOWS\SYSTEM32\windows.storage.dll
0x00007ff97d4a0000 - 0x00007ff97d606000 	C:\WINDOWS\SYSTEM32\wintypes.dll
0x00007ff8b0200000 - 0x00007ff8b26bc000 	C:\Xilinx\Vivado\2019.1\lib\win64.o\librdi_tcltasks.dll
0x00007ff8afdf0000 - 0x00007ff8b01f8000 	C:\Xilinx\Vivado\2019.1\lib\win64.o\librdi_bitstream.dll
0x00007ff941cb0000 - 0x00007ff941d28000 	C:\Xilinx\Vivado\2019.1\lib\win64.o\librdi_boarddep.dll
0x00007ff92a7c0000 - 0x00007ff92a8ab000 	C:\Xilinx\Vivado\2019.1\lib\win64.o\librdi_chipscope.dll
0x00007ff9048e0000 - 0x00007ff904a71000 	C:\Xilinx\Vivado\2019.1\lib\win64.o\librdi_board.dll
0x00007ff8ae400000 - 0x00007ff8afdea000 	C:\Xilinx\Vivado\2019.1\lib\win64.o\librdi_constraints.dll
0x00007ff8f50d0000 - 0x00007ff8f528d000 	C:\Xilinx\Vivado\2019.1\lib\win64.o\librdi_chipscopeimpl.dll
0x00007ff907020000 - 0x00007ff907176000 	C:\Xilinx\Vivado\2019.1\lib\win64.o\librdi_containers.dll
0x00007ff8ac540000 - 0x00007ff8ae3f1000 	C:\Xilinx\Vivado\2019.1\lib\win64.o\librdi_coregen.dll
0x00007ff8a7e10000 - 0x00007ff8a84ea000 	C:\Xilinx\Vivado\2019.1\lib\win64.o\librdi_coregenipxact.dll
0x00007ff8959e0000 - 0x00007ff8a7e0c000 	C:\Xilinx\Vivado\2019.1\lib\win64.o\librdi_device.dll
0x00007ff8a84f0000 - 0x00007ff8ac533000 	C:\Xilinx\Vivado\2019.1\lib\win64.o\librdi_designutils.dll
0x00007ff8e3390000 - 0x00007ff8e36ae000 	C:\Xilinx\Vivado\2019.1\lib\win64.o\librdi_dlyest.dll
0x00007ff928410000 - 0x00007ff9284d4000 	C:\Xilinx\Vivado\2019.1\lib\win64.o\librdi_dsp.dll
0x00007ff895440000 - 0x00007ff8959da000 	C:\Xilinx\Vivado\2019.1\lib\win64.o\librdi_drc.dll
0x00007ff894df0000 - 0x00007ff89543d000 	C:\Xilinx\Vivado\2019.1\lib\win64.o\librdi_filemgmt.dll
0x00007ff8c8e90000 - 0x00007ff8c9173000 	C:\Xilinx\Vivado\2019.1\lib\win64.o\librdi_guitools.dll
0x00007ff947e80000 - 0x00007ff947ee5000 	C:\Xilinx\Vivado\2019.1\lib\win64.o\librdi_hdf.dll
0x00007ff893830000 - 0x00007ff894df0000 	C:\Xilinx\Vivado\2019.1\lib\win64.o\librdi_implflow.dll
0x00007ff893210000 - 0x00007ff893825000 	C:\Xilinx\Vivado\2019.1\lib\win64.o\librdi_memdata.dll
0x00007ff93b8e0000 - 0x00007ff93b953000 	C:\Xilinx\Vivado\2019.1\lib\win64.o\librdi_memoryarray.dll
0x00007ff890520000 - 0x00007ff893206000 	C:\Xilinx\Vivado\2019.1\lib\win64.o\librdi_mig.dll
0x00007ff88fe70000 - 0x00007ff890512000 	C:\Xilinx\Vivado\2019.1\lib\win64.o\librdi_netlist.dll
0x00007ff94c700000 - 0x00007ff94c74b000 	C:\Xilinx\Vivado\2019.1\lib\win64.o\librdi_pfi.dll
0x00007ff88d7f0000 - 0x00007ff88fe66000 	C:\Xilinx\Vivado\2019.1\lib\win64.o\librdi_place.dll
0x00007ff88d4e0000 - 0x00007ff88d7ef000 	C:\Xilinx\Vivado\2019.1\lib\win64.o\librdi_platform.dll
0x00007ff88cd90000 - 0x00007ff88d4da000 	C:\Xilinx\Vivado\2019.1\lib\win64.o\librdi_power.dll
0x00007ff88c810000 - 0x00007ff88cd8f000 	C:\Xilinx\Vivado\2019.1\lib\win64.o\librdi_project.dll
0x00007ff88c100000 - 0x00007ff88c809000 	C:\Xilinx\Vivado\2019.1\lib\win64.o\librdi_psta.dll
0x00007ff88b9f0000 - 0x00007ff88c0f6000 	C:\Xilinx\Vivado\2019.1\lib\win64.o\librdi_rsb.dll
0x00007ff88b5f0000 - 0x00007ff88b9e1000 	C:\Xilinx\Vivado\2019.1\lib\win64.o\librdi_runs.dll
0x00007ff927220000 - 0x00007ff92731a000 	C:\Xilinx\Vivado\2019.1\lib\win64.o\librdi_runsbase.dll
0x00007ff8dcb40000 - 0x00007ff8dcd96000 	C:\Xilinx\Vivado\2019.1\lib\win64.o\librdi_simdata.dll
0x00007ff88a7d0000 - 0x00007ff88b5e1000 	C:\Xilinx\Vivado\2019.1\lib\win64.o\librdi_timing.dll
0x00007ff904700000 - 0x00007ff904872000 	C:\Xilinx\Vivado\2019.1\lib\win64.o\librdi_advchipscopeimpl.dll
0x00007ff9398c0000 - 0x00007ff93990c000 	C:\Xilinx\Vivado\2019.1\lib\win64.o\libboost_serialization.dll
0x00007ff8f44f0000 - 0x00007ff8f468f000 	C:\Xilinx\Vivado\2019.1\lib\win64.o\librdi_hip_devdesign.dll
0x00007ff926090000 - 0x00007ff926152000 	C:\Xilinx\Vivado\2019.1\lib\win64.o\librdi_ipconfig_readwrite.dll
0x00007ff932990000 - 0x00007ff9329d3000 	C:\Xilinx\Vivado\2019.1\lib\win64.o\librdi_noc_frameworks.dll
0x00007ff889c80000 - 0x00007ff88a7c7000 	C:\Xilinx\Vivado\2019.1\lib\win64.o\libverific.dll
0x00007ff9075a0000 - 0x00007ff90763e000 	C:\Xilinx\Vivado\2019.1\lib\win64.o\libise.dll
0x00007ff886130000 - 0x00007ff886515000 	C:\Xilinx\Vivado\2019.1\lib\win64.o\librdi_hip_config.dll
0x00007ff885be0000 - 0x00007ff88612e000 	C:\Xilinx\Vivado\2019.1\lib\win64.o\librdi_xdm.dll
0x00007ff889680000 - 0x00007ff889c7c000 	C:\Xilinx\Vivado\2019.1\lib\win64.o\librdi_wavedata.dll
0x00007ff93f710000 - 0x00007ff93f750000 	C:\Xilinx\Vivado\2019.1\lib\win64.o\librdi_wavedata_SimpleApi.dll
0x00007ff8884f0000 - 0x00007ff88967d000 	C:\Xilinx\Vivado\2019.1\lib\win64.o\librdi_route.dll
0x00007ff92dec0000 - 0x00007ff92deff000 	C:\Xilinx\Vivado\2019.1\lib\win64.o\librdi_schedmon.dll
0x00007ff886520000 - 0x00007ff8884ed000 	C:\Xilinx\Vivado\2019.1\lib\win64.o\librdi_synth.dll

VM Arguments:
jvm_args: -Dsun.java2d.pmoffscreen=false -Dsun.java2d.xrender=false -Dsun.java2d.d3d=false -Dsun.awt.nopixfmt=true -Dsun.java2d.dpiaware=true -Dsun.java2d.uiScale.enabled=false -Xverify:none -Dswing.aatext=true -XX:-UsePerfData -Djdk.map.althashing.threshold=512 -XX:StringTableSize=4072 --add-opens=java.base/java.nio=ALL-UNNAMED --add-opens=java.desktop/sun.swing=ALL-UNNAMED --add-opens=java.desktop/javax.swing=ALL-UNNAMED --add-opens=java.desktop/javax.swing.tree=ALL-UNNAMED --add-opens=java.desktop/javax.swing.plaf.basic=ALL-UNNAMED --add-opens=java.desktop/javax.swing.plaf.synth=ALL-UNNAMED --add-opens=java.desktop/com.sun.awt=ALL-UNNAMED -XX:NewSize=60m -XX:MaxNewSize=60m -Xms128m -Xmx3072m -Xss5m 
java_command: <unknown>
java_class_path (initial): C:/Xilinx/Vivado/2019.1\lib\classes\alloy.jar;C:/Xilinx/Vivado/2019.1\lib\classes\autopilot.scelaborator.jar;C:/Xilinx/Vivado/2019.1\lib\classes\autopilot.sourceprocessor.jar;C:/Xilinx/Vivado/2019.1\lib\classes\autopilot.tbprocessor.jar;C:/Xilinx/Vivado/2019.1\lib\classes\batik-anim.jar;C:/Xilinx/Vivado/2019.1\lib\classes\batik-awt-util.jar;C:/Xilinx/Vivado/2019.1\lib\classes\batik-bridge.jar;C:/Xilinx/Vivado/2019.1\lib\classes\batik-codec.jar;C:/Xilinx/Vivado/2019.1\lib\classes\batik-css.jar;C:/Xilinx/Vivado/2019.1\lib\classes\batik-dom.jar;C:/Xilinx/Vivado/2019.1\lib\classes\batik-ext.jar;C:/Xilinx/Vivado/2019.1\lib\classes\batik-gui-util.jar;C:/Xilinx/Vivado/2019.1\lib\classes\batik-gvt.jar;C:/Xilinx/Vivado/2019.1\lib\classes\batik-parser.jar;C:/Xilinx/Vivado/2019.1\lib\classes\batik-script.jar;C:/Xilinx/Vivado/2019.1\lib\classes\batik-svg-dom.jar;C:/Xilinx/Vivado/2019.1\lib\classes\batik-swing.jar;C:/Xilinx/Vivado/2019.1\lib\classes\batik-transcoder.jar;C:/Xilinx/Vivado/2019.1\lib\classes\batik-util.jar;C:/Xilinx/Vivado/2019.1\lib\classes\batik-xml.jar;C:/Xilinx/Vivado/2019.1\lib\classes\com.google.gson_2.7.0.v20170129-0911.jar;C:/Xilinx/Vivado/2019.1\lib\classes\com.google.guava_21.0.0.v20170206-1425.jar;C:/Xilinx/Vivado/2019.1\lib\classes\com.google.inject_3.0.0.v201605172100.jar;C:/Xilinx/Vivado/2019.1\lib\classes\com.ibm.icu_4.4.2.v20110208.jar;C:/Xilinx/Vivado/2019.1\lib\classes\com.sigasi.hdt.annotations.runtime_4.3.0.201903071210.jar;C:/Xilinx/Vivado/2019.1\lib\classes\com.sigasi.hdt.blockdiagram.model_4.3.0.201903071210.jar;C:/Xilinx/Vivado/2019.1\lib\classes\com.sigasi.hdt.connection_4.3.0.201903071210.jar;C:/Xilinx/Vivado/2019.1\lib\classes\com.sigasi.hdt.dependencies.model_4.3.0.201903071210.jar;C:/Xilinx/Vivado/2019.1\lib\classes\com.sigasi.hdt.epl_4.3.0.201903071210.jar;C:/Xilinx/Vivado/2019.1\lib\classes\com.sigasi.hdt.graphics.model_4.3.0.201903071210.jar;C:/Xilinx/Vivado/2019.1\lib\classes\com.sigasi.hdt.project_4.3.0
Launcher Type: generic

Logging:
Log output configuration:
#0: stdout all=warning uptime,level,tags
#1: stderr all=off uptime,level,tags

Environment Variables:
PATH=C:/Xilinx/Vivado/2019.1/bin;C:/Xilinx/Vivado/2019.1/lib/win64.o;C:/Xilinx/Vivado/2019.1/tps/win64/jre9.0.4/bin/server;C:/Xilinx/Vivado/2019.1/tps/win64/jre9.0.4/bin;C:/Xilinx/Vivado/2019.1/ids_lite/ISE/bin/nt64;C:/Xilinx/Vivado/2019.1/ids_lite/ISE/lib/nt64;C:\Program Files (x86)\Common Files\Intel\Shared Libraries\redist\intel64\compiler;C:\ProgramData\Oracle\Java\javapath;C:\WINDOWS\system32;C:\WINDOWS;C:\WINDOWS\System32\Wbem;C:\WINDOWS\System32\WindowsPowerShell\v1.0\;C:\WINDOWS\System32\OpenSSH\;C:\Program Files\Polyspace\R2019a\runtime\win64;C:\Program Files\Polyspace\R2019a\bin;C:\Program Files\Polyspace\R2019a\polyspace\bin;C:\Program Files\Git\cmd;C:\Users\carlo\AppData\Local\Microsoft\WindowsApps;C:\Users\carlo\.dotnet\tools;C:\Program Files\Graphviz\bin;C:\Users\carlo\AppData\Local\GitHubDesktop\bin;C:/Xilinx/Vivado/2019.1\tps\mingw\6.2.0\win64.o\nt\bin;C:/Xilinx/Vivado/2019.1\tps\mingw\6.2.0\win64.o\nt\libexec\gcc\x86_64-w64-mingw32\6.2.0;C:/Xilinx/Vivado/2019.1\tps\win64\python-2.7.5;C:/Xilinx/Vivado/2019.1\tps\win64\python-2.7.5\lib;C:/Xilinx/Vivado/2019.1\tps\win64\python-2.7.5\Lib\lib-tk;C:/Xilinx/Vivado/2019.1\tps\win64\python-2.7.5\lib\site-packages
USERNAME=Andrey
OS=Windows_NT
PROCESSOR_IDENTIFIER=Intel64 Family 6 Model 142 Stepping 12, GenuineIntel



---------------  S Y S T E M  ---------------

OS: Windows 10 , 64 bit Build 22000 (10.0.22000.708)

CPU:total 8 (initial active 8) (4 cores per cpu, 2 threads per core) family 6 model 142 stepping 12, cmov, cx8, fxsr, mmx, sse, sse2, sse3, ssse3, sse4.1, sse4.2, popcnt, avx, avx2, aes, clmul, erms, 3dnowpref, lzcnt, ht, tsc, tscinvbit, bmi1, bmi2, adx, fma

Memory: 4k page, physical 8193768k(1656608k free), swap 20480108k(4553176k free)

vm_info: Java HotSpot(TM) 64-Bit Server VM (9.0.4+11) for windows-amd64 JRE (9.0.4+11), built on Dec 20 2017 02:18:54 by "mach5one" with MS VC++ 12.0 (VS2013)

END.
