#-----------------------------------------------------------
# Vivado v2019.1 (64-bit)
# SW Build 2552052 on Fri May 24 14:49:42 MDT 2019
# IP Build 2548770 on Fri May 24 18:01:18 MDT 2019
# Start of session at: Tue Oct  4 00:26:51 2022
# Process ID: 9976
# Current directory: C:/TDD/lab03spi-g03/Ejercicios/Proyectos/Ejercicio2
# Command line: vivado.exe -gui_launcher_event rodinguilauncherevent5564 C:\TDD\lab03spi-g03\Ejercicios\Proyectos\Ejercicio2\vivado_project.xpr
# Log file: C:/TDD/lab03spi-g03/Ejercicios/Proyectos/Ejercicio2/vivado.log
# Journal file: C:/TDD/lab03spi-g03/Ejercicios/Proyectos/Ejercicio2\vivado.jou
#-----------------------------------------------------------
start_gui
open_project C:/TDD/lab03spi-g03/Ejercicios/Proyectos/Ejercicio2/vivado_project.xpr
INFO: [Project 1-313] Project file moved from 'C:/Users/carlo/Andrey/TEC/Semestre_II_2022/Taller_Digitales/Laboratorios/Lab3/Respaldo/Ejercicios_v7/Proyectos/Ejercicio2' since last save.
Scanning sources...
Finished scanning sources
INFO: [IP_Flow 19-234] Refreshing IP repositories
INFO: [IP_Flow 19-1704] No user IP repositories specified
INFO: [IP_Flow 19-2313] Loaded Vivado IP repository 'C:/Xilinx/Vivado/2019.1/data/ip'.
open_project: Time (s): cpu = 00:00:23 ; elapsed = 00:00:14 . Memory (MB): peak = 691.078 ; gain = 64.273
update_compile_order -fileset sources_1
