#-----------------------------------------------------------
# Vivado v2019.1 (64-bit)
# SW Build 2552052 on Fri May 24 14:49:42 MDT 2019
# IP Build 2548770 on Fri May 24 18:01:18 MDT 2019
# Start of session at: Thu Oct  6 08:58:48 2022
# Process ID: 15776
# Current directory: C:/TDD/lab03spi-g03/Ejercicios/Proyectos/Ejercicio2
# Command line: vivado.exe -gui_launcher_event rodinguilauncherevent17060 C:\TDD\lab03spi-g03\Ejercicios\Proyectos\Ejercicio2\vivado_project.xpr
# Log file: C:/TDD/lab03spi-g03/Ejercicios/Proyectos/Ejercicio2/vivado.log
# Journal file: C:/TDD/lab03spi-g03/Ejercicios/Proyectos/Ejercicio2\vivado.jou
#-----------------------------------------------------------
start_gui
open_project C:/TDD/lab03spi-g03/Ejercicios/Proyectos/Ejercicio2/vivado_project.xpr
Scanning sources...
Finished scanning sources
INFO: [IP_Flow 19-234] Refreshing IP repositories
INFO: [IP_Flow 19-1704] No user IP repositories specified
INFO: [IP_Flow 19-2313] Loaded Vivado IP repository 'C:/Xilinx/Vivado/2019.1/data/ip'.
open_project: Time (s): cpu = 00:00:16 ; elapsed = 00:00:07 . Memory (MB): peak = 672.594 ; gain = 46.480
update_compile_order -fileset sources_1
exit
INFO: [Common 17-206] Exiting Vivado at Thu Oct  6 09:02:47 2022...
