#-----------------------------------------------------------
# Vivado v2019.1 (64-bit)
# SW Build 2552052 on Fri May 24 14:49:42 MDT 2019
# IP Build 2548770 on Fri May 24 18:01:18 MDT 2019
# Start of session at: Thu Oct  6 19:15:02 2022
# Process ID: 13848
# Current directory: C:/TDD/lab03spi-g03/Ejercicios/Proyectos/Ejercicio3
# Command line: vivado.exe -gui_launcher_event rodinguilauncherevent15184 C:\TDD\lab03spi-g03\Ejercicios\Proyectos\Ejercicio3\vivado_project.xpr
# Log file: C:/TDD/lab03spi-g03/Ejercicios/Proyectos/Ejercicio3/vivado.log
# Journal file: C:/TDD/lab03spi-g03/Ejercicios/Proyectos/Ejercicio3\vivado.jou
#-----------------------------------------------------------
start_gui
open_project C:/TDD/lab03spi-g03/Ejercicios/Proyectos/Ejercicio3/vivado_project.xpr
CRITICAL WARNING: [Project 1-19] Could not find the file 'C:/TDD/Repo/lab03spi-g03/Ejercicios/scr/xci/WCLK/WCLK.xci'.
Scanning sources...
Finished scanning sources
INFO: [IP_Flow 19-234] Refreshing IP repositories
INFO: [IP_Flow 19-1704] No user IP repositories specified
INFO: [IP_Flow 19-2313] Loaded Vivado IP repository 'C:/Xilinx/Vivado/2019.1/data/ip'.
ERROR: [IP_Flow 19-993] Could not find IP file for IP 'WCLK'.
CRITICAL WARNING: [IP_Flow 19-5097] Unable to determine VLNV from IP file; verify it has the correct syntax: 
open_project: Time (s): cpu = 00:00:18 ; elapsed = 00:00:07 . Memory (MB): peak = 693.445 ; gain = 61.512
ERROR: [Common 17-39] 'open_project' failed due to earlier errors.
update_compile_order -fileset sources_1
launch_simulation
INFO: [Vivado 12-5698] Checking validity of IPs in the design for the 'XSim' simulator...
INFO: [Vivado 12-5682] Launching behavioral simulation in 'C:/TDD/lab03spi-g03/Ejercicios/Proyectos/Ejercicio3/vivado_project.sim/sim_1/behav/xsim'
INFO: [Vivado 12-4795] Using compiled simulation libraries for IPs
INFO: [SIM-utils-51] Simulation object is 'sim_1'
INFO: [USF-XSim-7] Finding pre-compiled libraries...
INFO: [USF-XSim-11] File 'C:/Xilinx/Vivado/2019.1/data/xsim/xsim.ini' copied to run dir:'C:/TDD/lab03spi-g03/Ejercicios/Proyectos/Ejercicio3/vivado_project.sim/sim_1/behav/xsim'
INFO: [SIM-utils-54] Inspecting design source files for 'tb_spi_pmodALS' in fileset 'sim_1'...
INFO: [USF-XSim-97] Finding global include files...
INFO: [USF-XSim-98] Fetching design files from 'sim_1'...
INFO: [USF-XSim-2] XSim::Compile design
INFO: [USF-XSim-61] Executing 'COMPILE and ANALYZE' step in 'C:/TDD/lab03spi-g03/Ejercicios/Proyectos/Ejercicio3/vivado_project.sim/sim_1/behav/xsim'
"xvlog --incr --relax -prj tb_spi_pmodALS_vlog.prj"
INFO: [USF-XSim-69] 'compile' step finished in '2' seconds
INFO: [USF-XSim-3] XSim::Elaborate design
INFO: [USF-XSim-61] Executing 'ELABORATE' step in 'C:/TDD/lab03spi-g03/Ejercicios/Proyectos/Ejercicio3/vivado_project.sim/sim_1/behav/xsim'
"xelab -wto a9d15ee8a6084ca0b38595b14eb35717 --incr --debug typical --relax --mt 2 -L xil_defaultlib -L unisims_ver -L unimacro_ver -L secureip -L xpm --snapshot tb_spi_pmodALS_behav xil_defaultlib.tb_spi_pmodALS xil_defaultlib.glbl -log elaborate.log"
Vivado Simulator 2019.1
Copyright 1986-1999, 2001-2019 Xilinx, Inc. All Rights Reserved.
Running: C:/Xilinx/Vivado/2019.1/bin/unwrapped/win64.o/xelab.exe -wto a9d15ee8a6084ca0b38595b14eb35717 --incr --debug typical --relax --mt 2 -L xil_defaultlib -L unisims_ver -L unimacro_ver -L secureip -L xpm --snapshot tb_spi_pmodALS_behav xil_defaultlib.tb_spi_pmodALS xil_defaultlib.glbl -log elaborate.log 
Using 2 slave threads.
Starting static elaboration
WARNING: [VRFC 10-3091] actual bit length 7 differs from formal bit length 1 for port 'addr_pmod_i' [C:/TDD/lab03spi-g03/Ejercicios/Ejercicio3/top_pmodALS.sv:57]
WARNING: [VRFC 10-3091] actual bit length 1 differs from formal bit length 7 for port 'send_o' [C:/TDD/lab03spi-g03/Ejercicios/Ejercicio3/top_pmodALS.sv:68]
WARNING: [VRFC 10-3091] actual bit length 7 differs from formal bit length 1 for port 'addr_i' [C:/TDD/lab03spi-g03/Ejercicios/Ejercicio3/top_pmodALS.sv:84]
WARNING: [VRFC 10-3091] actual bit length 32 differs from formal bit length 8 for port 'dato_ram_i' [C:/TDD/lab03spi-g03/Ejercicios/Ejercicio3/top_pmodALS.sv:86]
WARNING: [VRFC 10-3091] actual bit length 32 differs from formal bit length 33 for port 'dato_pmod_o' [C:/TDD/lab03spi-g03/Ejercicios/Ejercicio3/top_pmodALS.sv:87]
WARNING: [VRFC 10-3091] actual bit length 32 differs from formal bit length 8 for port 'dato_in' [C:/TDD/lab03spi-g03/Ejercicios/Ejercicio2/top_interface_spi.sv:85]
WARNING: [VRFC 10-3091] actual bit length 8 differs from formal bit length 32 for port 'data_in_i' [C:/TDD/lab03spi-g03/Ejercicios/Ejercicio2/module_reg_datos.sv:77]
WARNING: [VRFC 10-3091] actual bit length 8 differs from formal bit length 32 for port 'rs1_o' [C:/TDD/lab03spi-g03/Ejercicios/Ejercicio2/module_reg_datos.sv:78]
Completed static elaboration
INFO: [XSIM 43-4323] No Change in HDL. Linking previously generated obj files to create kernel
INFO: [USF-XSim-69] 'elaborate' step finished in '3' seconds
INFO: [USF-XSim-4] XSim::Simulate design
INFO: [USF-XSim-61] Executing 'SIMULATE' step in 'C:/TDD/lab03spi-g03/Ejercicios/Proyectos/Ejercicio3/vivado_project.sim/sim_1/behav/xsim'
INFO: [USF-XSim-98] *** Running xsim
   with args "tb_spi_pmodALS_behav -key {Behavioral:sim_1:Functional:tb_spi_pmodALS} -tclbatch {tb_spi_pmodALS.tcl} -view {C:/TDD/lab03spi-g03/Ejercicios/Ejercicio3/tb_spi_pmodALS_behav.wcfg} -log {simulate.log}"
INFO: [USF-XSim-8] Loading simulator feature
Vivado Simulator 2019.1
Time resolution is 1 ps
open_wave_config C:/TDD/lab03spi-g03/Ejercicios/Ejercicio3/tb_spi_pmodALS_behav.wcfg
source tb_spi_pmodALS.tcl
# set curr_wave [current_wave_config]
# if { [string length $curr_wave] == 0 } {
#   if { [llength [get_objects]] > 0} {
#     add_wave /
#     set_property needs_save false [current_wave_config]
#   } else {
#      send_msg_id Add_Wave-1 WARNING "No top level signals found. Simulator will start without a wave window. If you want to open a wave window go to 'File->New Waveform Configuration' or type 'create_wave_config' in the TCL console."
#   }
# }
# run 1000ns
INFO: [USF-XSim-96] XSim completed. Design snapshot 'tb_spi_pmodALS_behav' loaded.
INFO: [USF-XSim-97] XSim simulation ran for 1000ns
launch_simulation: Time (s): cpu = 00:00:16 ; elapsed = 00:00:11 . Memory (MB): peak = 739.305 ; gain = 18.348
run all
run: Time (s): cpu = 00:00:04 ; elapsed = 00:00:11 . Memory (MB): peak = 739.305 ; gain = 0.000
close_sim
INFO: [Simtcl 6-16] Simulation closed
exit
INFO: [Common 17-206] Exiting Vivado at Thu Oct  6 19:16:10 2022...
