#-----------------------------------------------------------
# Vivado v2019.1 (64-bit)
# SW Build 2552052 on Fri May 24 14:49:42 MDT 2019
# IP Build 2548770 on Fri May 24 18:01:18 MDT 2019
# Start of session at: Thu Oct  6 18:40:07 2022
# Process ID: 3136
# Current directory: C:/TDD/lab03spi-g03/Ejercicios/Proyectos/Ejercicio3
# Command line: vivado.exe -gui_launcher_event rodinguilauncherevent9832 C:\TDD\lab03spi-g03\Ejercicios\Proyectos\Ejercicio3\vivado_project.xpr
# Log file: C:/TDD/lab03spi-g03/Ejercicios/Proyectos/Ejercicio3/vivado.log
# Journal file: C:/TDD/lab03spi-g03/Ejercicios/Proyectos/Ejercicio3\vivado.jou
#-----------------------------------------------------------
start_gui
open_project C:/TDD/lab03spi-g03/Ejercicios/Proyectos/Ejercicio3/vivado_project.xpr
CRITICAL WARNING: [Project 1-19] Could not find the file 'C:/TDD/Repo/lab03spi-g03/Ejercicios/scr/xci/WCLK/WCLK.xci'.
Scanning sources...
Finished scanning sources
INFO: [IP_Flow 19-234] Refreshing IP repositories
INFO: [IP_Flow 19-1704] No user IP repositories specified
INFO: [IP_Flow 19-2313] Loaded Vivado IP repository 'C:/Xilinx/Vivado/2019.1/data/ip'.
ERROR: [IP_Flow 19-993] Could not find IP file for IP 'WCLK'.
CRITICAL WARNING: [IP_Flow 19-5097] Unable to determine VLNV from IP file; verify it has the correct syntax: 
open_project: Time (s): cpu = 00:00:16 ; elapsed = 00:00:07 . Memory (MB): peak = 688.199 ; gain = 61.781
ERROR: [Common 17-39] 'open_project' failed due to earlier errors.
update_compile_order -fileset sources_1
exit
INFO: [Common 17-206] Exiting Vivado at Thu Oct  6 19:03:04 2022...
