#-----------------------------------------------------------
# Vivado v2019.1 (64-bit)
# SW Build 2552052 on Fri May 24 14:49:42 MDT 2019
# IP Build 2548770 on Fri May 24 18:01:18 MDT 2019
# Start of session at: Wed Sep 14 07:46:09 2022
# Process ID: 5844
# Current directory: C:/Users/carlo/Andrey/TEC/Semestre_II_2022/Taller_Digitales/Laboratorios/Lab3/Respaldo/Ejercicios_13_9_2022/Proyectos/Ejercicio1
# Command line: vivado.exe -gui_launcher_event rodinguilauncherevent2536 C:\Users\carlo\Andrey\TEC\Semestre_II_2022\Taller_Digitales\Laboratorios\Lab3\Respaldo\Ejercicios_13_9_2022\Proyectos\Ejercicio1\vivado_project.xpr
# Log file: C:/Users/carlo/Andrey/TEC/Semestre_II_2022/Taller_Digitales/Laboratorios/Lab3/Respaldo/Ejercicios_13_9_2022/Proyectos/Ejercicio1/vivado.log
# Journal file: C:/Users/carlo/Andrey/TEC/Semestre_II_2022/Taller_Digitales/Laboratorios/Lab3/Respaldo/Ejercicios_13_9_2022/Proyectos/Ejercicio1\vivado.jou
#-----------------------------------------------------------
Sourcing tcl script 'C:/Users/carlo/AppData/Roaming/Xilinx/Vivado/Vivado_init.tcl'
start_gui
open_project C:/Users/carlo/Andrey/TEC/Semestre_II_2022/Taller_Digitales/Laboratorios/Lab3/Respaldo/Ejercicios_13_9_2022/Proyectos/Ejercicio1/vivado_project.xpr
INFO: [ProjectBase 1-489] The host OS only allows 260 characters in a normal path. The project is stored in a path with more than 80 characters. If you experience issues with IP, Block Designs, or files not being found, please consider moving the project to a location with a shorter path. Alternately consider using the OS subst command to map part of the path to a drive letter.
Current project path is 'C:/Users/carlo/Andrey/TEC/Semestre_II_2022/Taller_Digitales/Laboratorios/Lab3/Respaldo/Ejercicios_13_9_2022/Proyectos/Ejercicio1'
CRITICAL WARNING: [Project 1-19] Could not find the file 'C:/Users/carlo/Andrey/TEC/Semestre_II_2022/Taller_Digitales/Laboratorios/Lab3/Respaldo/Ejercicios_13_9_2022/Compartido/xci/WCLK/WCLK.xci'.
Scanning sources...
Finished scanning sources
ERROR: [IP_Flow 19-993] Could not find IP file for IP 'WCLK'.
CRITICAL WARNING: [IP_Flow 19-5097] Unable to determine VLNV from IP file; verify it has the correct syntax: 
INFO: [IP_Flow 19-234] Refreshing IP repositories
INFO: [IP_Flow 19-1704] No user IP repositories specified
INFO: [IP_Flow 19-2313] Loaded Vivado IP repository 'C:/Xilinx/Vivado/2019.1/data/ip'.
open_project: Time (s): cpu = 00:00:16 ; elapsed = 00:00:06 . Memory (MB): peak = 721.039 ; gain = 93.121
ERROR: [Common 17-39] 'open_project' failed due to earlier errors.
update_compile_order -fileset sources_1
export_ip_user_files -of_objects  [get_files C:/Users/carlo/Andrey/TEC/Semestre_II_2022/Taller_Digitales/Laboratorios/Lab3/Respaldo/Ejercicios_13_9_2022/Compartido/xci/WCLK/WCLK.xci] -no_script -reset -force -quiet
remove_files  C:/Users/carlo/Andrey/TEC/Semestre_II_2022/Taller_Digitales/Laboratorios/Lab3/Respaldo/Ejercicios_13_9_2022/Compartido/xci/WCLK/WCLK.xci
add_files C:/Users/carlo/Andrey/TEC/Semestre_II_2022/Taller_Digitales/Laboratorios/Lab3/Respaldo/Ejercicios_13_9_2022/scr/xci/WCLK/WCLK.xci
export_ip_user_files -of_objects  [get_files  C:/Users/carlo/Andrey/TEC/Semestre_II_2022/Taller_Digitales/Laboratorios/Lab3/Respaldo/Ejercicios_13_9_2022/scr/xci/WCLK/WCLK.xci] -lib_map_path [list {modelsim=C:/Users/carlo/Andrey/TEC/Semestre_II_2022/Taller_Digitales/Laboratorios/Lab3/Respaldo/Ejercicios_13_9_2022/Proyectos/Ejercicio1/vivado_project.cache/compile_simlib/modelsim} {questa=C:/Users/carlo/Andrey/TEC/Semestre_II_2022/Taller_Digitales/Laboratorios/Lab3/Respaldo/Ejercicios_13_9_2022/Proyectos/Ejercicio1/vivado_project.cache/compile_simlib/questa} {riviera=C:/Users/carlo/Andrey/TEC/Semestre_II_2022/Taller_Digitales/Laboratorios/Lab3/Respaldo/Ejercicios_13_9_2022/Proyectos/Ejercicio1/vivado_project.cache/compile_simlib/riviera} {activehdl=C:/Users/carlo/Andrey/TEC/Semestre_II_2022/Taller_Digitales/Laboratorios/Lab3/Respaldo/Ejercicios_13_9_2022/Proyectos/Ejercicio1/vivado_project.cache/compile_simlib/activehdl}] -force -quiet
update_compile_order -fileset sources_1
reset_run synth_1
launch_runs impl_1 -to_step write_bitstream -jobs 4
INFO: [Vivado 12-4149] The synthesis checkpoint for IP 'C:/Users/carlo/Andrey/TEC/Semestre_II_2022/Taller_Digitales/Laboratorios/Lab3/Respaldo/Ejercicios_13_9_2022/scr/xci/WCLK/WCLK.xci' is already up-to-date
[Wed Sep 14 07:47:50 2022] Launched synth_1...
Run output will be captured here: C:/Users/carlo/Andrey/TEC/Semestre_II_2022/Taller_Digitales/Laboratorios/Lab3/Respaldo/Ejercicios_13_9_2022/Proyectos/Ejercicio1/vivado_project.runs/synth_1/runme.log
[Wed Sep 14 07:47:51 2022] Launched impl_1...
Run output will be captured here: C:/Users/carlo/Andrey/TEC/Semestre_II_2022/Taller_Digitales/Laboratorios/Lab3/Respaldo/Ejercicios_13_9_2022/Proyectos/Ejercicio1/vivado_project.runs/impl_1/runme.log
exit
INFO: [Common 17-206] Exiting Vivado at Wed Sep 14 07:59:47 2022...
