Vivado Simulator 2019.1
Copyright 1986-1999, 2001-2019 Xilinx, Inc. All Rights Reserved.
Running: C:/Xilinx/Vivado/2019.1/bin/unwrapped/win64.o/xelab.exe -wto 138f69d74fe1419f9b5513a152237c88 --incr --debug typical --relax --mt 2 -L xil_defaultlib -L unisims_ver -L unimacro_ver -L secureip -L xpm --snapshot prueba_behav xil_defaultlib.prueba xil_defaultlib.glbl -log elaborate.log 
Using 2 slave threads.
Starting static elaboration
Completed static elaboration
Starting simulation data flow analysis
Completed simulation data flow analysis
Time Resolution for simulation is 1ps
Compiling module unisims_ver.BUFG
Compiling module unisims_ver.IBUF
Compiling module unisims_ver.PLLE2_ADV(CLKFBOUT_MULT=41,CLKIN...
Compiling module xil_defaultlib.WCLK_WCLK_clk_wiz
Compiling module xil_defaultlib.WCLK
Compiling module xil_defaultlib.module_clock_mux_divider
Compiling module xil_defaultlib.module_pseudo_random
Compiling module xil_defaultlib.module_bebe_sweept
Compiling module xil_defaultlib.module_view_display
Compiling module xil_defaultlib.module_register_pp
Compiling module xil_defaultlib.module_registros
Compiling module xil_defaultlib.module_seg7_control
Compiling module xil_defaultlib.module_leds_rgb
Compiling module xil_defaultlib.module_control_led_rgb
Compiling module xil_defaultlib.top_module_7seg_v3
Compiling module xil_defaultlib.prueba
Compiling module xil_defaultlib.glbl
Built simulation snapshot prueba_behav
