INFO: [VRFC 10-2263] Analyzing Verilog file "C:/Users/carlo/Andrey/TEC/Semestre_II_2022/Taller_Digitales/Laboratorios/Lab3/Repo/lab03spi-g03/Ejercicios/scr/xci/WCLK/WCLK_sim_netlist.v" into library xil_defaultlib
INFO: [VRFC 10-311] analyzing module WCLK
INFO: [VRFC 10-311] analyzing module WCLK_WCLK_clk_wiz
INFO: [VRFC 10-311] analyzing module glbl
INFO: [VRFC 10-2263] Analyzing SystemVerilog file "C:/Users/carlo/Andrey/TEC/Semestre_II_2022/Taller_Digitales/Laboratorios/Lab3/Repo/lab03spi-g03/Ejercicios/Ejercicio1/module_bebe_sweept.sv" into library xil_defaultlib
INFO: [VRFC 10-311] analyzing module module_bebe_sweept
INFO: [VRFC 10-2263] Analyzing SystemVerilog file "C:/Users/carlo/Andrey/TEC/Semestre_II_2022/Taller_Digitales/Laboratorios/Lab3/Repo/lab03spi-g03/Ejercicios/Ejercicio1/module_clock_mux_divider.sv" into library xil_defaultlib
INFO: [VRFC 10-311] analyzing module module_clock_mux_divider
INFO: [VRFC 10-2263] Analyzing SystemVerilog file "C:/Users/carlo/Andrey/TEC/Semestre_II_2022/Taller_Digitales/Laboratorios/Lab3/Repo/lab03spi-g03/Ejercicios/Ejercicio1/module_control_led_rgb.sv" into library xil_defaultlib
INFO: [VRFC 10-311] analyzing module module_control_led_rgb
INFO: [VRFC 10-2263] Analyzing SystemVerilog file "C:/Users/carlo/Andrey/TEC/Semestre_II_2022/Taller_Digitales/Laboratorios/Lab3/Repo/lab03spi-g03/Ejercicios/Ejercicio1/module_leds_rgb.sv" into library xil_defaultlib
INFO: [VRFC 10-311] analyzing module module_leds_rgb
INFO: [VRFC 10-2263] Analyzing SystemVerilog file "C:/Users/carlo/Andrey/TEC/Semestre_II_2022/Taller_Digitales/Laboratorios/Lab3/Repo/lab03spi-g03/Ejercicios/Proyectos/Ejercicio1/vivado_project.srcs/sources_1/new/module_pseudo_random.sv" into library xil_defaultlib
INFO: [VRFC 10-311] analyzing module module_pseudo_random
INFO: [VRFC 10-2263] Analyzing SystemVerilog file "C:/Users/carlo/Andrey/TEC/Semestre_II_2022/Taller_Digitales/Laboratorios/Lab3/Repo/lab03spi-g03/Ejercicios/Ejercicio1/module_register_pp.sv" into library xil_defaultlib
INFO: [VRFC 10-311] analyzing module module_register_pp
INFO: [VRFC 10-2263] Analyzing SystemVerilog file "C:/Users/carlo/Andrey/TEC/Semestre_II_2022/Taller_Digitales/Laboratorios/Lab3/Repo/lab03spi-g03/Ejercicios/Ejercicio1/module_registros.sv" into library xil_defaultlib
INFO: [VRFC 10-311] analyzing module module_registros
INFO: [VRFC 10-2263] Analyzing SystemVerilog file "C:/Users/carlo/Andrey/TEC/Semestre_II_2022/Taller_Digitales/Laboratorios/Lab3/Repo/lab03spi-g03/Ejercicios/Ejercicio1/module_seg7_control.sv" into library xil_defaultlib
INFO: [VRFC 10-311] analyzing module module_seg7_control
INFO: [VRFC 10-2263] Analyzing SystemVerilog file "C:/Users/carlo/Andrey/TEC/Semestre_II_2022/Taller_Digitales/Laboratorios/Lab3/Repo/lab03spi-g03/Ejercicios/Ejercicio1/module_view_display.sv" into library xil_defaultlib
INFO: [VRFC 10-311] analyzing module module_view_display
INFO: [VRFC 10-2263] Analyzing SystemVerilog file "C:/Users/carlo/Andrey/TEC/Semestre_II_2022/Taller_Digitales/Laboratorios/Lab3/Repo/lab03spi-g03/Ejercicios/Ejercicio1/top_module_7seg_v3.sv" into library xil_defaultlib
INFO: [VRFC 10-311] analyzing module top_module_7seg_v3
INFO: [VRFC 10-2263] Analyzing SystemVerilog file "C:/Users/carlo/Andrey/TEC/Semestre_II_2022/Taller_Digitales/Laboratorios/Lab3/Repo/lab03spi-g03/Ejercicios/Ejercicio1/prueba.sv" into library xil_defaultlib
INFO: [VRFC 10-311] analyzing module prueba
INFO: [VRFC 10-2263] Analyzing Verilog file "C:/Users/carlo/Andrey/TEC/Semestre_II_2022/Taller_Digitales/Laboratorios/Lab3/Repo/lab03spi-g03/Ejercicios/Proyectos/Ejercicio1/vivado_project.sim/sim_1/behav/xsim/glbl.v" into library xil_defaultlib
INFO: [VRFC 10-311] analyzing module glbl
WARNING: [VRFC 10-3609] overwriting previous definition of module 'glbl' [C:/Users/carlo/Andrey/TEC/Semestre_II_2022/Taller_Digitales/Laboratorios/Lab3/Repo/lab03spi-g03/Ejercicios/Proyectos/Ejercicio1/vivado_project.sim/sim_1/behav/xsim/glbl.v:6]
