Vivado Simulator 2019.1
Copyright 1986-1999, 2001-2019 Xilinx, Inc. All Rights Reserved.
Running: D:/Xilinx/Vivado/2019.1/bin/unwrapped/win64.o/xelab.exe -wto 3213181789b34683a40c4a4d1327afb0 --incr --debug typical --relax --mt 2 -L xil_defaultlib -L unisims_ver -L unimacro_ver -L secureip -L xpm --snapshot tb_master_race_spi_behav xil_defaultlib.tb_master_race_spi xil_defaultlib.glbl -log elaborate.log 
Using 2 slave threads.
Starting static elaboration
WARNING: [VRFC 10-3091] actual bit length 32 differs from formal bit length 8 for port 'dato_in' [D:/Documentos/GitHub/lab02-g03/lab03spi-g03/Ejercicios/Ejercicio2/top_interface_spi.sv:81]
WARNING: [VRFC 10-3091] actual bit length 8 differs from formal bit length 32 for port 'data_in_i' [D:/Documentos/GitHub/lab02-g03/lab03spi-g03/Ejercicios/Ejercicio2/module_reg_datos.sv:77]
WARNING: [VRFC 10-3091] actual bit length 8 differs from formal bit length 32 for port 'rs1_o' [D:/Documentos/GitHub/lab02-g03/lab03spi-g03/Ejercicios/Ejercicio2/module_reg_datos.sv:78]
Completed static elaboration
Starting simulation data flow analysis
Completed simulation data flow analysis
Time Resolution for simulation is 1ps
Compiling package xil_defaultlib.pkg_global
Compiling module unisims_ver.IBUF
Compiling module unisims_ver.PLLE2_ADV(CLKFBOUT_MULT=41,CLKIN...
Compiling module unisims_ver.BUFG
Compiling module xil_defaultlib.WCLK_clk_wiz
Compiling module xil_defaultlib.WCLK
Compiling module xil_defaultlib.module_clock_divider(PERIODO=1.0...
Compiling module xil_defaultlib.module_mux_we
Compiling module xil_defaultlib.module_clk_divider_spi
Compiling module xil_defaultlib.module_state_machine_spi
Compiling module xil_defaultlib.module_control_spi
Compiling module xil_defaultlib.module_reg_mosi
Compiling module xil_defaultlib.module_reg_miso
Compiling module xil_defaultlib.top_master_race_spi
Compiling module xil_defaultlib.module_reg_control
Compiling module xil_defaultlib.module_memoria
Compiling module xil_defaultlib.module_reg_datos
Compiling module xil_defaultlib.module_mux_salida
Compiling module xil_defaultlib.top_interface_spi
Compiling module xil_defaultlib.module_seg7_control
Compiling module xil_defaultlib.top_tactico
Compiling module xil_defaultlib.tb_master_race_spi
Compiling module xil_defaultlib.glbl
Built simulation snapshot tb_master_race_spi_behav
